#
# There is insufficient memory for the Java Runtime Environment to continue.
# Native memory allocation (malloc) failed to allocate 1930736 bytes for Chunk::new
# Possible reasons:
#   The system is out of physical RAM or swap space
#   The process is running with CompressedOops enabled, and the Java Heap may be blocking the growth of the native heap
# Possible solutions:
#   Reduce memory load on the system
#   Increase physical memory or swap space
#   Check if swap backing store is full
#   Decrease Java heap size (-Xmx/-Xms)
#   Decrease number of Java threads
#   Decrease Java thread stack sizes (-Xss)
#   Set larger code cache with -XX:ReservedCodeCacheSize=
#   JVM is running with Zero Based Compressed Oops mode in which the Java heap is
#     placed in the first 32GB address space. The Java Heap base address is the
#     maximum limit for the native heap growth. Please use -XX:HeapBaseMinAddress
#     to set the Java Heap base and to place the Java Heap above 32GB virtual address.
# This output file may be truncated or incomplete.
#
#  Out of Memory Error (allocation.cpp:389), pid=13360, tid=0x0000000000001150
#
# JRE version: Java(TM) SE Runtime Environment (8.0_251-b08) (build 1.8.0_251-b08)
# Java VM: Java HotSpot(TM) 64-Bit Server VM (25.251-b08 mixed mode windows-amd64 compressed oops)
# Failed to write core dump. Minidumps are not enabled by default on client versions of Windows
#

---------------  T H R E A D  ---------------

Current thread (0x0000000023b3a800):  JavaThread "C2 CompilerThread0" daemon [_thread_in_native, id=4432, stack(0x0000000024180000,0x0000000024280000)]

Stack: [0x0000000024180000,0x0000000024280000]
[error occurred during error reporting (printing stack bounds), id 0xc0000005]

Native frames: (J=compiled Java code, j=interpreted, Vv=VM code, C=native code)


Current CompileTask:
C2: 392628 34751   !   4       net.minecraft.client.renderer.chunk.RenderChunk::func_178581_b (846 bytes)


---------------  P R O C E S S  ---------------

Java Threads: ( => current thread )
  0x00000000982da000 JavaThread "Chunk I/O Executor Thread-1" daemon [_thread_blocked, id=15452, stack(0x00000000bc4c0000,0x00000000bc5c0000)]
  0x000000008ca63800 JavaThread "pool-4-thread-1" [_thread_blocked, id=7768, stack(0x00000000bc3c0000,0x00000000bc4c0000)]
  0x000000008ca5e000 JavaThread "Chunk Batcher 5" daemon [_thread_blocked, id=14416, stack(0x0000000067410000,0x0000000067510000)]
  0x000000008ca62800 JavaThread "Chunk Batcher 4" daemon [_thread_blocked, id=17896, stack(0x0000000067310000,0x0000000067410000)]
  0x000000008ca5d800 JavaThread "Chunk Batcher 3" daemon [_thread_blocked, id=1476, stack(0x0000000067210000,0x0000000067310000)]
  0x000000008ca5f800 JavaThread "Chunk Batcher 2" daemon [_thread_blocked, id=13116, stack(0x0000000067110000,0x0000000067210000)]
  0x000000008ca62000 JavaThread "Chunk Batcher 1" daemon [_thread_blocked, id=9652, stack(0x0000000067010000,0x0000000067110000)]
  0x000000008ca5a800 JavaThread "Chunk Batcher 0" daemon [_thread_in_Java, id=6020, stack(0x0000000063b90000,0x0000000063c90000)]
  0x000000008ca60800 JavaThread "ModelCleanupTimer" daemon [_thread_blocked, id=10068, stack(0x0000000063a90000,0x0000000063b90000)]
  0x000000008ca55000 JavaThread "Netty Server IO #1" daemon [_thread_in_native, id=14560, stack(0x0000000063990000,0x0000000063a90000)]
  0x000000008ca5c000 JavaThread "Netty Local Client IO #0" daemon [_thread_blocked, id=14744, stack(0x0000000060110000,0x0000000060210000)]
  0x000000008ca58000 JavaThread "Netty Server IO #0" daemon [_thread_in_native, id=16548, stack(0x0000000053f70000,0x0000000054070000)]
  0x000000008ca56800 JavaThread "AE Compass Service" [_thread_blocked, id=17660, stack(0x0000000052630000,0x0000000052730000)]
  0x00000000281b3000 JavaThread "Timer-0" [_thread_blocked, id=8688, stack(0x000000005be30000,0x000000005bf30000)]
  0x0000000089dfc800 JavaThread "Server thread" [_thread_blocked, id=16716, stack(0x0000000061b60000,0x0000000061c60000)]
  0x0000000089df9800 JavaThread "Snooper Timer" daemon [_thread_blocked, id=10232, stack(0x00000000593b0000,0x00000000594b0000)]
  0x0000000089df5800 JavaThread "Narrator" daemon [_thread_blocked, id=5164, stack(0x000000004e7a0000,0x000000004e8a0000)]
  0x0000000089df2000 JavaThread "ResearchIOThread" daemon [_thread_blocked, id=7840, stack(0x00000000426f0000,0x00000000427f0000)]
  0x0000000089df1000 JavaThread "Ender IO Scheduler" [_thread_blocked, id=4444, stack(0x000000004b160000,0x000000004b260000)]
  0x0000000028a86000 JavaThread "Thread-25" [_thread_in_Java, id=13160, stack(0x00000000425f0000,0x00000000426f0000)]
  0x00000000281b0000 JavaThread "Thread-12" [_thread_blocked, id=16608, stack(0x0000000060900000,0x0000000060a00000)]
  0x00000000281af000 JavaThread "Thread-11" [_thread_blocked, id=13384, stack(0x000000003b9f0000,0x000000003baf0000)]
  0x00000000281a9000 JavaThread "File IO Thread" [_thread_blocked, id=9080, stack(0x000000003cff0000,0x000000003d0f0000)]
  0x00000000281ac000 JavaThread "I18n-download-info-Thread" [_thread_blocked, id=6064, stack(0x000000002ad00000,0x000000002ae00000)]
  0x0000000028a84000 JavaThread "LWJGL Timer" daemon [_thread_blocked, id=9456, stack(0x0000000039ee0000,0x0000000039fe0000)]
  0x000000002b7c5000 JavaThread "Java2D Disposer" daemon [_thread_blocked, id=11044, stack(0x000000002b000000,0x000000002b100000)]
  0x0000000025654800 JavaThread "Timer hack thread" daemon [_thread_blocked, id=17880, stack(0x000000002abe0000,0x000000002ace0000)]
  0x000000002525a000 JavaThread "Snooper Timer" daemon [_thread_blocked, id=10268, stack(0x000000002a6c0000,0x000000002a7c0000)]
  0x0000000023b7d800 JavaThread "Service Thread" daemon [_thread_blocked, id=15768, stack(0x0000000024980000,0x0000000024a80000)]
  0x0000000023b5a800 JavaThread "C1 CompilerThread3" daemon [_thread_blocked, id=13932, stack(0x0000000024480000,0x0000000024580000)]
  0x0000000023b56000 JavaThread "C2 CompilerThread2" daemon [_thread_in_native, id=17968, stack(0x0000000024380000,0x0000000024480000)]
  0x0000000023b3c800 JavaThread "C2 CompilerThread1" daemon [_thread_in_native, id=2288, stack(0x0000000024280000,0x0000000024380000)]
=>0x0000000023b3a800 JavaThread "C2 CompilerThread0" daemon [_thread_in_native, id=4432, stack(0x0000000024180000,0x0000000024280000)]
  0x0000000023b39800 JavaThread "Attach Listener" daemon [_thread_blocked, id=16272, stack(0x0000000024080000,0x0000000024180000)]
  0x0000000023b4f800 JavaThread "Signal Dispatcher" daemon [_thread_blocked, id=5940, stack(0x0000000023f80000,0x0000000024080000)]
  0x0000000023b4e800 JavaThread "Surrogate Locker Thread (Concurrent GC)" daemon [_thread_blocked, id=13040, stack(0x0000000023e80000,0x0000000023f80000)]
  0x0000000023ad2000 JavaThread "Finalizer" daemon [_thread_blocked, id=13604, stack(0x0000000023d80000,0x0000000023e80000)]
  0x0000000023aca800 JavaThread "Reference Handler" daemon [_thread_blocked, id=15828, stack(0x0000000023c80000,0x0000000023d80000)]
  0x0000000002875800 JavaThread "Client thread" [_thread_blocked, id=13152, stack(0x0000000002770000,0x0000000002870000)]

Other Threads:
  0x0000000023ac3800 VMThread [stack: 0x0000000023b80000,0x0000000023c80000] [id=16036]
  0x0000000023b6e000 WatcherThread [stack: 0x0000000024a80000,0x0000000024b80000] [id=16752]

VM state:not at safepoint (normal execution)

VM Mutex/Monitor currently owned by a thread: None

heap address: 0x0000000687000000, size: 5008 MB, Compressed Oops mode: Zero based, Oop shift amount: 3
Narrow klass base: 0x0000000000000000, Narrow klass shift: 3
Compressed class space size: 1073741824 Address: 0x00000007c0000000

Heap:
 garbage-first heap   total 5128192K, used 3005603K [0x0000000687000000, 0x00000006880009c8, 0x00000007c0000000)
  region size 16384K, 2 young (32768K), 1 survivors (16384K)
 Metaspace       used 208829K, capacity 216425K, committed 216700K, reserved 1230848K
  class space    used 32444K, capacity 34388K, committed 34432K, reserved 1048576K

Heap Regions: (Y=young(eden), SU=young(survivor), HS=humongous(starts), HC=humongous(continues), CS=collection set, F=free, TS=gc time stamp, PTAMS=previous top-at-mark-start, NTAMS=next top-at-mark-start)
AC   0  O    TS     0 PTAMS 0x0000000687fff268 NTAMS 0x0000000687fff268 space 16384K,  99% used [0x0000000687000000, 0x0000000688000000)
AC   0  O    TS     0 PTAMS 0x0000000688ffb640 NTAMS 0x0000000688ffb640 space 16384K,  99% used [0x0000000688000000, 0x0000000689000000)
AC   0  O    TS     0 PTAMS 0x0000000689ffdd98 NTAMS 0x0000000689ffdd98 space 16384K,  99% used [0x0000000689000000, 0x000000068a000000)
AC   0  O    TS     0 PTAMS 0x000000068afffe80 NTAMS 0x000000068afffe80 space 16384K,  99% used [0x000000068a000000, 0x000000068b000000)
AC   0 HS    TS     0 PTAMS 0x000000068c000010 NTAMS 0x000000068c000010 space 32768K,  50% used [0x000000068b000000, 0x000000068d000000)
AC   0 HC    TS     0 PTAMS 0x000000068c000000 NTAMS 0x000000068c000000 space 16384K,   0% used [0x000000068c000000, 0x000000068d000000)
AC   0  O    TS     0 PTAMS 0x000000068e000000 NTAMS 0x000000068e000000 space 16384K, 100% used [0x000000068d000000, 0x000000068e000000)
AC   0  O    TS     0 PTAMS 0x000000068efffff0 NTAMS 0x000000068efffff0 space 16384K,  99% used [0x000000068e000000, 0x000000068f000000)
AC   0  O    TS     0 PTAMS 0x000000068fffffc0 NTAMS 0x000000068fffffc0 space 16384K,  99% used [0x000000068f000000, 0x0000000690000000)
AC   0  O    TS     0 PTAMS 0x0000000690ffffc8 NTAMS 0x0000000690ffffc8 space 16384K,  99% used [0x0000000690000000, 0x0000000691000000)
AC   0  O    TS     0 PTAMS 0x0000000691fffff0 NTAMS 0x0000000691fffff0 space 16384K,  99% used [0x0000000691000000, 0x0000000692000000)
AC   0  O    TS     0 PTAMS 0x0000000692fffff8 NTAMS 0x0000000692fffff8 space 16384K,  99% used [0x0000000692000000, 0x0000000693000000)
AC   0  O    TS     0 PTAMS 0x0000000693ffffe8 NTAMS 0x0000000693ffffe8 space 16384K,  99% used [0x0000000693000000, 0x0000000694000000)
AC   0  O    TS     0 PTAMS 0x0000000694fffff0 NTAMS 0x0000000694fffff0 space 16384K,  99% used [0x0000000694000000, 0x0000000695000000)
AC   0  O    TS     0 PTAMS 0x0000000696000000 NTAMS 0x0000000696000000 space 16384K, 100% used [0x0000000695000000, 0x0000000696000000)
AC   0  O    TS     0 PTAMS 0x0000000696fffff8 NTAMS 0x0000000696fffff8 space 16384K,  99% used [0x0000000696000000, 0x0000000697000000)
AC   0  O    TS     0 PTAMS 0x0000000697fff838 NTAMS 0x0000000697fff838 space 16384K,  99% used [0x0000000697000000, 0x0000000698000000)
AC   0  O    TS     0 PTAMS 0x0000000698ff9d98 NTAMS 0x0000000698ff9d98 space 16384K,  99% used [0x0000000698000000, 0x0000000699000000)
AC   0  O    TS     0 PTAMS 0x0000000699ffffd8 NTAMS 0x0000000699ffffd8 space 16384K,  99% used [0x0000000699000000, 0x000000069a000000)
AC   0  O    TS     0 PTAMS 0x000000069b000000 NTAMS 0x000000069b000000 space 16384K, 100% used [0x000000069a000000, 0x000000069b000000)
AC   0  O    TS     0 PTAMS 0x000000069bffffe0 NTAMS 0x000000069bffffe0 space 16384K,  99% used [0x000000069b000000, 0x000000069c000000)
AC   0  O    TS     0 PTAMS 0x000000069cfffff0 NTAMS 0x000000069cfffff0 space 16384K,  99% used [0x000000069c000000, 0x000000069d000000)
AC   0  O    TS     0 PTAMS 0x000000069dfff678 NTAMS 0x000000069dfff678 space 16384K,  99% used [0x000000069d000000, 0x000000069e000000)
AC   0  O    TS     0 PTAMS 0x000000069efe4da8 NTAMS 0x000000069efe4da8 space 16384K,  99% used [0x000000069e000000, 0x000000069f000000)
AC   0  O    TS     0 PTAMS 0x000000069fffff48 NTAMS 0x000000069fffff48 space 16384K,  99% used [0x000000069f000000, 0x00000006a0000000)
AC   0  O    TS     0 PTAMS 0x00000006a0ffdc48 NTAMS 0x00000006a0ffdc48 space 16384K,  99% used [0x00000006a0000000, 0x00000006a1000000)
AC   0  O    TS     0 PTAMS 0x00000006a1fffff0 NTAMS 0x00000006a1fffff0 space 16384K,  99% used [0x00000006a1000000, 0x00000006a2000000)
AC   0  O    TS     0 PTAMS 0x00000006a3000000 NTAMS 0x00000006a3000000 space 16384K, 100% used [0x00000006a2000000, 0x00000006a3000000)
AC   0  O    TS     0 PTAMS 0x00000006a3ffffd8 NTAMS 0x00000006a3ffffd8 space 16384K,  99% used [0x00000006a3000000, 0x00000006a4000000)
AC   0  O    TS     0 PTAMS 0x00000006a4fff018 NTAMS 0x00000006a4fff018 space 16384K,  99% used [0x00000006a4000000, 0x00000006a5000000)
AC   0  O    TS     0 PTAMS 0x00000006a5fffff8 NTAMS 0x00000006a5fffff8 space 16384K,  99% used [0x00000006a5000000, 0x00000006a6000000)
AC   0  O    TS     0 PTAMS 0x00000006a7000000 NTAMS 0x00000006a7000000 space 16384K, 100% used [0x00000006a6000000, 0x00000006a7000000)
AC   0  O    TS     0 PTAMS 0x00000006a7ffac10 NTAMS 0x00000006a7ffac10 space 16384K,  99% used [0x00000006a7000000, 0x00000006a8000000)
AC   0  O    TS     0 PTAMS 0x00000006a8fffff8 NTAMS 0x00000006a8fffff8 space 16384K,  99% used [0x00000006a8000000, 0x00000006a9000000)
AC   0  O    TS     0 PTAMS 0x00000006a9fff640 NTAMS 0x00000006a9fff640 space 16384K,  99% used [0x00000006a9000000, 0x00000006aa000000)
AC   0  O    TS     0 PTAMS 0x00000006aaffffd8 NTAMS 0x00000006aaffffd8 space 16384K,  99% used [0x00000006aa000000, 0x00000006ab000000)
AC   0  O    TS     0 PTAMS 0x00000006abffef88 NTAMS 0x00000006abffef88 space 16384K,  99% used [0x00000006ab000000, 0x00000006ac000000)
AC   0  O    TS     0 PTAMS 0x00000006acffffd8 NTAMS 0x00000006acffffd8 space 16384K,  99% used [0x00000006ac000000, 0x00000006ad000000)
AC   0  O    TS     0 PTAMS 0x00000006ae000000 NTAMS 0x00000006ae000000 space 16384K, 100% used [0x00000006ad000000, 0x00000006ae000000)
AC   0  O    TS     0 PTAMS 0x00000006aefffc48 NTAMS 0x00000006aefffc48 space 16384K,  99% used [0x00000006ae000000, 0x00000006af000000)
AC   0  O    TS     0 PTAMS 0x00000006afffe638 NTAMS 0x00000006afffe638 space 16384K,  99% used [0x00000006af000000, 0x00000006b0000000)
AC   0  O    TS     0 PTAMS 0x00000006b0ffede0 NTAMS 0x00000006b0ffede0 space 16384K,  99% used [0x00000006b0000000, 0x00000006b1000000)
AC   0  O    TS     0 PTAMS 0x00000006b2000000 NTAMS 0x00000006b2000000 space 16384K, 100% used [0x00000006b1000000, 0x00000006b2000000)
AC   0  O    TS     0 PTAMS 0x00000006b2fffff0 NTAMS 0x00000006b2fffff0 space 16384K,  99% used [0x00000006b2000000, 0x00000006b3000000)
AC   0  O    TS     0 PTAMS 0x00000006b4000000 NTAMS 0x00000006b4000000 space 16384K, 100% used [0x00000006b3000000, 0x00000006b4000000)
AC   0  O    TS     0 PTAMS 0x00000006b4fe3a48 NTAMS 0x00000006b4fe3a48 space 16384K,  99% used [0x00000006b4000000, 0x00000006b5000000)
AC   0  O    TS     0 PTAMS 0x00000006b5ffffe8 NTAMS 0x00000006b5ffffe8 space 16384K,  99% used [0x00000006b5000000, 0x00000006b6000000)
AC   0  O    TS     0 PTAMS 0x00000006b7000000 NTAMS 0x00000006b7000000 space 16384K, 100% used [0x00000006b6000000, 0x00000006b7000000)
AC   0  O    TS     0 PTAMS 0x00000006b7ffffe8 NTAMS 0x00000006b7ffffe8 space 16384K,  99% used [0x00000006b7000000, 0x00000006b8000000)
AC   0  O    TS     0 PTAMS 0x00000006b8ffe020 NTAMS 0x00000006b8ffe020 space 16384K,  99% used [0x00000006b8000000, 0x00000006b9000000)
AC   0  O    TS     0 PTAMS 0x00000006b9ffe378 NTAMS 0x00000006b9ffe378 space 16384K,  99% used [0x00000006b9000000, 0x00000006ba000000)
AC   0  O    TS     0 PTAMS 0x00000006bafb61d8 NTAMS 0x00000006bafb61d8 space 16384K,  98% used [0x00000006ba000000, 0x00000006bb000000)
AC   0  O    TS     0 PTAMS 0x00000006bbffffd8 NTAMS 0x00000006bbffffd8 space 16384K,  99% used [0x00000006bb000000, 0x00000006bc000000)
AC   0  O    TS     0 PTAMS 0x00000006bcffd940 NTAMS 0x00000006bcffd940 space 16384K,  99% used [0x00000006bc000000, 0x00000006bd000000)
AC   0  O    TS     0 PTAMS 0x00000006bdfffff8 NTAMS 0x00000006bdfffff8 space 16384K,  99% used [0x00000006bd000000, 0x00000006be000000)
AC   0  O    TS     0 PTAMS 0x00000006beffffe8 NTAMS 0x00000006beffffe8 space 16384K,  99% used [0x00000006be000000, 0x00000006bf000000)
AC   0  O    TS     0 PTAMS 0x00000006bffffdc0 NTAMS 0x00000006bffffdc0 space 16384K,  99% used [0x00000006bf000000, 0x00000006c0000000)
AC   0  O    TS     0 PTAMS 0x00000006c0fffff8 NTAMS 0x00000006c0fffff8 space 16384K,  99% used [0x00000006c0000000, 0x00000006c1000000)
AC   0  O    TS     0 PTAMS 0x00000006c1ffffe8 NTAMS 0x00000006c1ffffe8 space 16384K,  99% used [0x00000006c1000000, 0x00000006c2000000)
AC   0  O    TS     0 PTAMS 0x00000006c3000000 NTAMS 0x00000006c3000000 space 16384K, 100% used [0x00000006c2000000, 0x00000006c3000000)
AC   0  O    TS     0 PTAMS 0x00000006c3fffff0 NTAMS 0x00000006c3fffff0 space 16384K,  99% used [0x00000006c3000000, 0x00000006c4000000)
AC   0  O    TS     0 PTAMS 0x00000006c5000000 NTAMS 0x00000006c5000000 space 16384K, 100% used [0x00000006c4000000, 0x00000006c5000000)
AC   0  O    TS     0 PTAMS 0x00000006c5ffffe8 NTAMS 0x00000006c5ffffe8 space 16384K,  99% used [0x00000006c5000000, 0x00000006c6000000)
AC   0  O    TS     0 PTAMS 0x00000006c6ffff68 NTAMS 0x00000006c6ffff68 space 16384K,  99% used [0x00000006c6000000, 0x00000006c7000000)
AC   0  O    TS     0 PTAMS 0x00000006c7fffff0 NTAMS 0x00000006c7fffff0 space 16384K,  99% used [0x00000006c7000000, 0x00000006c8000000)
AC   0  O    TS     0 PTAMS 0x00000006c8fffff8 NTAMS 0x00000006c8fffff8 space 16384K,  99% used [0x00000006c8000000, 0x00000006c9000000)
AC   0  O    TS     0 PTAMS 0x00000006c9ffffe8 NTAMS 0x00000006c9ffffe8 space 16384K,  99% used [0x00000006c9000000, 0x00000006ca000000)
AC   0  O    TS     0 PTAMS 0x00000006cafffff8 NTAMS 0x00000006cafffff8 space 16384K,  99% used [0x00000006ca000000, 0x00000006cb000000)
AC   0  O    TS     0 PTAMS 0x00000006cbfffff8 NTAMS 0x00000006cbfffff8 space 16384K,  99% used [0x00000006cb000000, 0x00000006cc000000)
AC   0  O    TS     0 PTAMS 0x00000006ccfffff0 NTAMS 0x00000006ccfffff0 space 16384K,  99% used [0x00000006cc000000, 0x00000006cd000000)
AC   0  O    TS     0 PTAMS 0x00000006ce000000 NTAMS 0x00000006ce000000 space 16384K, 100% used [0x00000006cd000000, 0x00000006ce000000)
AC   0  O    TS     0 PTAMS 0x00000006cf000000 NTAMS 0x00000006cf000000 space 16384K, 100% used [0x00000006ce000000, 0x00000006cf000000)
AC   0  O    TS     0 PTAMS 0x00000006cfffffd0 NTAMS 0x00000006cfffffd0 space 16384K,  99% used [0x00000006cf000000, 0x00000006d0000000)
AC   0  O    TS     0 PTAMS 0x00000006d0fffff0 NTAMS 0x00000006d0fffff0 space 16384K,  99% used [0x00000006d0000000, 0x00000006d1000000)
AC   0  O    TS     0 PTAMS 0x00000006d1ffffe8 NTAMS 0x00000006d1ffffe8 space 16384K,  99% used [0x00000006d1000000, 0x00000006d2000000)
AC   0  O    TS     0 PTAMS 0x00000006d3000000 NTAMS 0x00000006d3000000 space 16384K, 100% used [0x00000006d2000000, 0x00000006d3000000)
AC   0  O    TS     0 PTAMS 0x00000006d3fffff0 NTAMS 0x00000006d3fffff0 space 16384K,  99% used [0x00000006d3000000, 0x00000006d4000000)
AC   0  O    TS     0 PTAMS 0x00000006d4fffff8 NTAMS 0x00000006d4fffff8 space 16384K,  99% used [0x00000006d4000000, 0x00000006d5000000)
AC   0  O    TS     0 PTAMS 0x00000006d5fffff8 NTAMS 0x00000006d5fffff8 space 16384K,  99% used [0x00000006d5000000, 0x00000006d6000000)
AC   0  O    TS     0 PTAMS 0x00000006d6ffbf78 NTAMS 0x00000006d6ffbf78 space 16384K,  99% used [0x00000006d6000000, 0x00000006d7000000)
AC   0  O    TS     0 PTAMS 0x00000006d8000000 NTAMS 0x00000006d8000000 space 16384K, 100% used [0x00000006d7000000, 0x00000006d8000000)
AC   0  O    TS     0 PTAMS 0x00000006d9000000 NTAMS 0x00000006d9000000 space 16384K, 100% used [0x00000006d8000000, 0x00000006d9000000)
AC   0  O    TS     0 PTAMS 0x00000006d9ffffe8 NTAMS 0x00000006d9ffffe8 space 16384K,  99% used [0x00000006d9000000, 0x00000006da000000)
AC   0  O    TS     0 PTAMS 0x00000006dafffff0 NTAMS 0x00000006dafffff0 space 16384K,  99% used [0x00000006da000000, 0x00000006db000000)
AC   0  O    TS     0 PTAMS 0x00000006dbfffff0 NTAMS 0x00000006dbfffff0 space 16384K,  99% used [0x00000006db000000, 0x00000006dc000000)
AC   0  O    TS     0 PTAMS 0x00000006dcffffe8 NTAMS 0x00000006dcffffe8 space 16384K,  99% used [0x00000006dc000000, 0x00000006dd000000)
AC   0  O    TS     0 PTAMS 0x00000006ddffffe8 NTAMS 0x00000006ddffffe8 space 16384K,  99% used [0x00000006dd000000, 0x00000006de000000)
AC   0  O    TS     0 PTAMS 0x00000006defff850 NTAMS 0x00000006defff850 space 16384K,  99% used [0x00000006de000000, 0x00000006df000000)
AC   0  O    TS     0 PTAMS 0x00000006dffffff0 NTAMS 0x00000006dffffff0 space 16384K,  99% used [0x00000006df000000, 0x00000006e0000000)
AC   0  O    TS     0 PTAMS 0x00000006e0fffff8 NTAMS 0x00000006e0fffff8 space 16384K,  99% used [0x00000006e0000000, 0x00000006e1000000)
AC   0  O    TS     0 PTAMS 0x00000006e1ffffb8 NTAMS 0x00000006e1ffffb8 space 16384K,  99% used [0x00000006e1000000, 0x00000006e2000000)
AC   0  O    TS     0 PTAMS 0x00000006e2ff8418 NTAMS 0x00000006e2ff8418 space 16384K,  99% used [0x00000006e2000000, 0x00000006e3000000)
AC   0  O    TS     0 PTAMS 0x00000006e4000000 NTAMS 0x00000006e4000000 space 16384K, 100% used [0x00000006e3000000, 0x00000006e4000000)
AC   0  O    TS     0 PTAMS 0x00000006e4ffffe8 NTAMS 0x00000006e4ffffe8 space 16384K,  99% used [0x00000006e4000000, 0x00000006e5000000)
AC   0  O    TS     0 PTAMS 0x00000006e5fffe50 NTAMS 0x00000006e5fffe50 space 16384K,  99% used [0x00000006e5000000, 0x00000006e6000000)
AC   0  O    TS     0 PTAMS 0x00000006e6ff7880 NTAMS 0x00000006e6ff7880 space 16384K,  99% used [0x00000006e6000000, 0x00000006e7000000)
AC   0  O    TS     0 PTAMS 0x00000006e7fffff0 NTAMS 0x00000006e7fffff0 space 16384K,  99% used [0x00000006e7000000, 0x00000006e8000000)
AC   0  O    TS     0 PTAMS 0x00000006e8ffffc0 NTAMS 0x00000006e8ffffc0 space 16384K,  99% used [0x00000006e8000000, 0x00000006e9000000)
AC   0  O    TS     0 PTAMS 0x00000006e9ffffe8 NTAMS 0x00000006e9ffffe8 space 16384K,  99% used [0x00000006e9000000, 0x00000006ea000000)
AC   0  O    TS     0 PTAMS 0x00000006eb000000 NTAMS 0x00000006eb000000 space 16384K, 100% used [0x00000006ea000000, 0x00000006eb000000)
AC   0  O    TS     0 PTAMS 0x00000006ebfce000 NTAMS 0x00000006ebfce000 space 16384K,  98% used [0x00000006eb000000, 0x00000006ec000000)
AC   0  O    TS     0 PTAMS 0x00000006ecfffff0 NTAMS 0x00000006ecfffff0 space 16384K,  99% used [0x00000006ec000000, 0x00000006ed000000)
AC   0  O    TS     0 PTAMS 0x00000006ee000000 NTAMS 0x00000006ee000000 space 16384K, 100% used [0x00000006ed000000, 0x00000006ee000000)
AC   0  O    TS     0 PTAMS 0x00000006eeffffc8 NTAMS 0x00000006eeffffc8 space 16384K,  99% used [0x00000006ee000000, 0x00000006ef000000)
AC   0  O    TS     0 PTAMS 0x00000006effff630 NTAMS 0x00000006effff630 space 16384K,  99% used [0x00000006ef000000, 0x00000006f0000000)
AC   0  O    TS     0 PTAMS 0x00000006f0fffff0 NTAMS 0x00000006f0fffff0 space 16384K,  99% used [0x00000006f0000000, 0x00000006f1000000)
AC   0  O    TS     0 PTAMS 0x00000006f1fffff0 NTAMS 0x00000006f1fffff0 space 16384K,  99% used [0x00000006f1000000, 0x00000006f2000000)
AC   0  O    TS     0 PTAMS 0x00000006f2ffffe8 NTAMS 0x00000006f2ffffe8 space 16384K,  99% used [0x00000006f2000000, 0x00000006f3000000)
AC   0  O    TS     0 PTAMS 0x00000006f3fffff0 NTAMS 0x00000006f3fffff0 space 16384K,  99% used [0x00000006f3000000, 0x00000006f4000000)
AC   0  O    TS     0 PTAMS 0x00000006f4fffff8 NTAMS 0x00000006f4fffff8 space 16384K,  99% used [0x00000006f4000000, 0x00000006f5000000)
AC   0  O    TS     0 PTAMS 0x00000006f5fffd28 NTAMS 0x00000006f5fffd28 space 16384K,  99% used [0x00000006f5000000, 0x00000006f6000000)
AC   0  O    TS     0 PTAMS 0x00000006f6fffd90 NTAMS 0x00000006f6fffd90 space 16384K,  99% used [0x00000006f6000000, 0x00000006f7000000)
AC   0  O    TS     0 PTAMS 0x00000006f7fff4b0 NTAMS 0x00000006f7fff4b0 space 16384K,  99% used [0x00000006f7000000, 0x00000006f8000000)
AC   0  O    TS     0 PTAMS 0x00000006f8fffff0 NTAMS 0x00000006f8fffff0 space 16384K,  99% used [0x00000006f8000000, 0x00000006f9000000)
AC   0  O    TS     0 PTAMS 0x00000006fa000000 NTAMS 0x00000006fa000000 space 16384K, 100% used [0x00000006f9000000, 0x00000006fa000000)
AC   0  O    TS     0 PTAMS 0x00000006faffffe8 NTAMS 0x00000006faffffe8 space 16384K,  99% used [0x00000006fa000000, 0x00000006fb000000)
AC   0  O    TS     0 PTAMS 0x00000006fbffffc0 NTAMS 0x00000006fbffffc0 space 16384K,  99% used [0x00000006fb000000, 0x00000006fc000000)
AC   0  O    TS     0 PTAMS 0x00000006fcffffd8 NTAMS 0x00000006fcffffd8 space 16384K,  99% used [0x00000006fc000000, 0x00000006fd000000)
AC   0  O    TS     0 PTAMS 0x00000006fdfffff8 NTAMS 0x00000006fdfffff8 space 16384K,  99% used [0x00000006fd000000, 0x00000006fe000000)
AC   0  O    TS     0 PTAMS 0x00000006fefffff8 NTAMS 0x00000006fefffff8 space 16384K,  99% used [0x00000006fe000000, 0x00000006ff000000)
AC   0  O    TS     0 PTAMS 0x00000006fffffff0 NTAMS 0x00000006fffffff0 space 16384K,  99% used [0x00000006ff000000, 0x0000000700000000)
AC   0  O    TS     0 PTAMS 0x0000000700fffff8 NTAMS 0x0000000700fffff8 space 16384K,  99% used [0x0000000700000000, 0x0000000701000000)
AC   0  O    TS     0 PTAMS 0x0000000701ffffc8 NTAMS 0x0000000701ffffc8 space 16384K,  99% used [0x0000000701000000, 0x0000000702000000)
AC   0  O    TS     0 PTAMS 0x0000000703000000 NTAMS 0x0000000703000000 space 16384K, 100% used [0x0000000702000000, 0x0000000703000000)
AC   0  O    TS     0 PTAMS 0x0000000704000000 NTAMS 0x0000000704000000 space 16384K, 100% used [0x0000000703000000, 0x0000000704000000)
AC   0  O    TS     0 PTAMS 0x0000000704ffffc0 NTAMS 0x0000000704ffffc0 space 16384K,  99% used [0x0000000704000000, 0x0000000705000000)
AC   0  O    TS     0 PTAMS 0x0000000705fc6918 NTAMS 0x0000000705fc6918 space 16384K,  98% used [0x0000000705000000, 0x0000000706000000)
AC   0  O    TS     0 PTAMS 0x0000000706ffffe0 NTAMS 0x0000000706ffffe0 space 16384K,  99% used [0x0000000706000000, 0x0000000707000000)
AC   0  O    TS     0 PTAMS 0x0000000708000000 NTAMS 0x0000000708000000 space 16384K, 100% used [0x0000000707000000, 0x0000000708000000)
AC   0  O    TS     0 PTAMS 0x0000000708fffff8 NTAMS 0x0000000708fffff8 space 16384K,  99% used [0x0000000708000000, 0x0000000709000000)
AC   0  O    TS     0 PTAMS 0x000000070a000000 NTAMS 0x000000070a000000 space 16384K, 100% used [0x0000000709000000, 0x000000070a000000)
AC   0  O    TS     0 PTAMS 0x000000070affff98 NTAMS 0x000000070affff98 space 16384K,  99% used [0x000000070a000000, 0x000000070b000000)
AC   0  O    TS     0 PTAMS 0x000000070bffee40 NTAMS 0x000000070bffee40 space 16384K,  99% used [0x000000070b000000, 0x000000070c000000)
AC   0  O    TS     0 PTAMS 0x000000070cfffff0 NTAMS 0x000000070cfffff0 space 16384K,  99% used [0x000000070c000000, 0x000000070d000000)
AC   0  O    TS     0 PTAMS 0x000000070e000000 NTAMS 0x000000070e000000 space 16384K, 100% used [0x000000070d000000, 0x000000070e000000)
AC   0  O    TS     0 PTAMS 0x000000070efffff0 NTAMS 0x000000070efffff0 space 16384K,  99% used [0x000000070e000000, 0x000000070f000000)
AC   0  O    TS     0 PTAMS 0x000000070fffffd0 NTAMS 0x000000070fffffd0 space 16384K,  99% used [0x000000070f000000, 0x0000000710000000)
AC   0  O    TS     0 PTAMS 0x0000000711000000 NTAMS 0x0000000711000000 space 16384K, 100% used [0x0000000710000000, 0x0000000711000000)
AC   0  O    TS     0 PTAMS 0x0000000711ffffc0 NTAMS 0x0000000711ffffc0 space 16384K,  99% used [0x0000000711000000, 0x0000000712000000)
AC   0  O    TS     0 PTAMS 0x0000000712fffff0 NTAMS 0x0000000712fffff0 space 16384K,  99% used [0x0000000712000000, 0x0000000713000000)
AC   0  O    TS     0 PTAMS 0x0000000713fff838 NTAMS 0x0000000713fff838 space 16384K,  99% used [0x0000000713000000, 0x0000000714000000)
AC   0  O    TS     0 PTAMS 0x0000000714ffffe8 NTAMS 0x0000000714ffffe8 space 16384K,  99% used [0x0000000714000000, 0x0000000715000000)
AC   0  O    TS     0 PTAMS 0x0000000715ffff88 NTAMS 0x0000000715ffff88 space 16384K,  99% used [0x0000000715000000, 0x0000000716000000)
AC   0  O    TS     0 PTAMS 0x0000000716ffffe8 NTAMS 0x0000000716ffffe8 space 16384K,  99% used [0x0000000716000000, 0x0000000717000000)
AC   0  O    TS     0 PTAMS 0x0000000717ffff98 NTAMS 0x0000000717ffff98 space 16384K,  99% used [0x0000000717000000, 0x0000000718000000)
AC   0  O    TS     0 PTAMS 0x0000000718ffffe0 NTAMS 0x0000000718ffffe0 space 16384K,  99% used [0x0000000718000000, 0x0000000719000000)
AC   0  O    TS     0 PTAMS 0x0000000719ffffc8 NTAMS 0x0000000719ffffc8 space 16384K,  99% used [0x0000000719000000, 0x000000071a000000)
AC   0  O    TS     0 PTAMS 0x000000071b000000 NTAMS 0x000000071b000000 space 16384K, 100% used [0x000000071a000000, 0x000000071b000000)
AC   0  O    TS     0 PTAMS 0x000000071c000000 NTAMS 0x000000071c000000 space 16384K, 100% used [0x000000071b000000, 0x000000071c000000)
AC   0  O    TS     0 PTAMS 0x000000071cffffe8 NTAMS 0x000000071cffffe8 space 16384K,  99% used [0x000000071c000000, 0x000000071d000000)
AC   0  O    TS     0 PTAMS 0x000000071dfffff0 NTAMS 0x000000071dfffff0 space 16384K,  99% used [0x000000071d000000, 0x000000071e000000)
AC   0  O    TS     0 PTAMS 0x000000071effffc0 NTAMS 0x000000071effffc0 space 16384K,  99% used [0x000000071e000000, 0x000000071f000000)
AC   0  O    TS     0 PTAMS 0x000000071ffffff0 NTAMS 0x000000071ffffff0 space 16384K,  99% used [0x000000071f000000, 0x0000000720000000)
AC   0  O    TS     0 PTAMS 0x0000000720ffffc0 NTAMS 0x0000000720ffffc0 space 16384K,  99% used [0x0000000720000000, 0x0000000721000000)
AC   0  O    TS     0 PTAMS 0x0000000722000000 NTAMS 0x0000000722000000 space 16384K, 100% used [0x0000000721000000, 0x0000000722000000)
AC   0  O    TS     0 PTAMS 0x0000000722ffffe8 NTAMS 0x0000000722ffffe8 space 16384K,  99% used [0x0000000722000000, 0x0000000723000000)
AC   0  O    TS     0 PTAMS 0x0000000723ffffc8 NTAMS 0x0000000723ffffc8 space 16384K,  99% used [0x0000000723000000, 0x0000000724000000)
AC   0  O    TS     0 PTAMS 0x0000000725000000 NTAMS 0x0000000725000000 space 16384K, 100% used [0x0000000724000000, 0x0000000725000000)
AC   0  O    TS     0 PTAMS 0x0000000725fffff0 NTAMS 0x0000000725fffff0 space 16384K,  99% used [0x0000000725000000, 0x0000000726000000)
AC   0  O    TS     0 PTAMS 0x0000000726ff1c18 NTAMS 0x0000000726ff1c18 space 16384K,  99% used [0x0000000726000000, 0x0000000727000000)
AC   0  O    TS     0 PTAMS 0x0000000728000000 NTAMS 0x0000000728000000 space 16384K, 100% used [0x0000000727000000, 0x0000000728000000)
AC   0  O    TS     0 PTAMS 0x0000000728fffff8 NTAMS 0x0000000728fffff8 space 16384K,  99% used [0x0000000728000000, 0x0000000729000000)
AC   0  O    TS     0 PTAMS 0x0000000729fffce8 NTAMS 0x0000000729fffce8 space 16384K,  99% used [0x0000000729000000, 0x000000072a000000)
AC   0  O    TS     0 PTAMS 0x000000072afffb80 NTAMS 0x000000072afffb80 space 16384K,  99% used [0x000000072a000000, 0x000000072b000000)
AC   0  O    TS     0 PTAMS 0x000000072bfffd20 NTAMS 0x000000072bfffd20 space 16384K,  99% used [0x000000072b000000, 0x000000072c000000)
AC   0  O    TS     0 PTAMS 0x000000072cff93d8 NTAMS 0x000000072cff93d8 space 16384K,  99% used [0x000000072c000000, 0x000000072d000000)
AC   0  O    TS     0 PTAMS 0x000000072dfffdb8 NTAMS 0x000000072dfffdb8 space 16384K,  99% used [0x000000072d000000, 0x000000072e000000)
AC   0  O    TS     0 PTAMS 0x000000072efffff0 NTAMS 0x000000072efffff0 space 16384K,  99% used [0x000000072e000000, 0x000000072f000000)
AC   0  O    TS     0 PTAMS 0x000000072f06d8a0 NTAMS 0x000000072f06d8a0 space 16384K,   2% used [0x000000072f000000, 0x0000000730000000)
AC   0  O    TS     0 PTAMS 0x0000000731000000 NTAMS 0x0000000731000000 space 16384K, 100% used [0x0000000730000000, 0x0000000731000000)
AC   0  O    TS     0 PTAMS 0x0000000732000000 NTAMS 0x0000000732000000 space 16384K, 100% used [0x0000000731000000, 0x0000000732000000)
AC   0  O    TS     0 PTAMS 0x0000000733000000 NTAMS 0x0000000733000000 space 16384K, 100% used [0x0000000732000000, 0x0000000733000000)
AC   0  O    TS     0 PTAMS 0x0000000734000000 NTAMS 0x0000000734000000 space 16384K, 100% used [0x0000000733000000, 0x0000000734000000)
AC   0  O    TS     0 PTAMS 0x0000000735000000 NTAMS 0x0000000735000000 space 16384K, 100% used [0x0000000734000000, 0x0000000735000000)
AC   0  O    TS     0 PTAMS 0x0000000736000000 NTAMS 0x0000000736000000 space 16384K, 100% used [0x0000000735000000, 0x0000000736000000)
AC   0  O    TS     0 PTAMS 0x0000000737000000 NTAMS 0x0000000737000000 space 16384K, 100% used [0x0000000736000000, 0x0000000737000000)
AC   0  O    TS     0 PTAMS 0x0000000738000000 NTAMS 0x0000000738000000 space 16384K, 100% used [0x0000000737000000, 0x0000000738000000)
AC   0  O    TS     0 PTAMS 0x0000000739000000 NTAMS 0x0000000739000000 space 16384K, 100% used [0x0000000738000000, 0x0000000739000000)
AC   0  O    TS     0 PTAMS 0x000000073a000000 NTAMS 0x000000073a000000 space 16384K, 100% used [0x0000000739000000, 0x000000073a000000)
AC   0  O    TS     0 PTAMS 0x000000073b000000 NTAMS 0x000000073b000000 space 16384K, 100% used [0x000000073a000000, 0x000000073b000000)
AC   0  O    TS     0 PTAMS 0x000000073c000000 NTAMS 0x000000073c000000 space 16384K, 100% used [0x000000073b000000, 0x000000073c000000)
AC   0  O    TS     0 PTAMS 0x000000073d000000 NTAMS 0x000000073d000000 space 16384K, 100% used [0x000000073c000000, 0x000000073d000000)
AC   0  O    TS     0 PTAMS 0x000000073e000000 NTAMS 0x000000073e000000 space 16384K, 100% used [0x000000073d000000, 0x000000073e000000)
AC   0  O    TS     9 PTAMS 0x000000073e326800 NTAMS 0x000000073e326800 space 16384K, 100% used [0x000000073e000000, 0x000000073f000000)
AC   0  O    TS    11 PTAMS 0x000000073f000000 NTAMS 0x000000073f000000 space 16384K, 100% used [0x000000073f000000, 0x0000000740000000)
AC   0  O    TS    15 PTAMS 0x0000000740000000 NTAMS 0x0000000740000000 space 16384K,  33% used [0x0000000740000000, 0x0000000741000000)
AC   0  F    TS     0 PTAMS 0x0000000741000000 NTAMS 0x0000000741000000 space 16384K,   0% used [0x0000000741000000, 0x0000000742000000)
AC   0  F    TS     0 PTAMS 0x0000000742000000 NTAMS 0x0000000742000000 space 16384K,   0% used [0x0000000742000000, 0x0000000743000000)
AC   0  F    TS     0 PTAMS 0x0000000743000000 NTAMS 0x0000000743000000 space 16384K,   0% used [0x0000000743000000, 0x0000000744000000)
AC   0  F    TS     0 PTAMS 0x0000000744000000 NTAMS 0x0000000744000000 space 16384K,   0% used [0x0000000744000000, 0x0000000745000000)
AC   0  F    TS     0 PTAMS 0x0000000745000000 NTAMS 0x0000000745000000 space 16384K,   0% used [0x0000000745000000, 0x0000000746000000)
AC   0  F    TS     0 PTAMS 0x0000000746000000 NTAMS 0x0000000746000000 space 16384K,   0% used [0x0000000746000000, 0x0000000747000000)
AC   0  F    TS     0 PTAMS 0x0000000747000000 NTAMS 0x0000000747000000 space 16384K,   0% used [0x0000000747000000, 0x0000000748000000)
AC   0  F    TS     0 PTAMS 0x0000000748000000 NTAMS 0x0000000748000000 space 16384K,   0% used [0x0000000748000000, 0x0000000749000000)
AC   0  F    TS     0 PTAMS 0x0000000749000000 NTAMS 0x0000000749000000 space 16384K,   0% used [0x0000000749000000, 0x000000074a000000)
AC   0  F    TS     0 PTAMS 0x000000074a000000 NTAMS 0x000000074a000000 space 16384K,   0% used [0x000000074a000000, 0x000000074b000000)
AC   0  F    TS     0 PTAMS 0x000000074b000000 NTAMS 0x000000074b000000 space 16384K,   0% used [0x000000074b000000, 0x000000074c000000)
AC   0  F    TS     0 PTAMS 0x000000074c000000 NTAMS 0x000000074c000000 space 16384K,   0% used [0x000000074c000000, 0x000000074d000000)
AC   0  F    TS     0 PTAMS 0x000000074d000000 NTAMS 0x000000074d000000 space 16384K,   0% used [0x000000074d000000, 0x000000074e000000)
AC   0  F    TS     0 PTAMS 0x000000074e000000 NTAMS 0x000000074e000000 space 16384K,   0% used [0x000000074e000000, 0x000000074f000000)
AC   0  F    TS     0 PTAMS 0x000000074f000000 NTAMS 0x000000074f000000 space 16384K,   0% used [0x000000074f000000, 0x0000000750000000)
AC   0  F    TS     0 PTAMS 0x0000000750000000 NTAMS 0x0000000750000000 space 16384K,   0% used [0x0000000750000000, 0x0000000751000000)
AC   0  F    TS     0 PTAMS 0x0000000751000000 NTAMS 0x0000000751000000 space 16384K,   0% used [0x0000000751000000, 0x0000000752000000)
AC   0  F    TS     0 PTAMS 0x0000000752000000 NTAMS 0x0000000752000000 space 16384K,   0% used [0x0000000752000000, 0x0000000753000000)
AC   0  F    TS     0 PTAMS 0x0000000753000000 NTAMS 0x0000000753000000 space 16384K,   0% used [0x0000000753000000, 0x0000000754000000)
AC   0  F    TS     0 PTAMS 0x0000000754000000 NTAMS 0x0000000754000000 space 16384K,   0% used [0x0000000754000000, 0x0000000755000000)
AC   0  F    TS     0 PTAMS 0x0000000755000000 NTAMS 0x0000000755000000 space 16384K,   0% used [0x0000000755000000, 0x0000000756000000)
AC   0  F    TS     0 PTAMS 0x0000000756000000 NTAMS 0x0000000756000000 space 16384K,   0% used [0x0000000756000000, 0x0000000757000000)
AC   0  F    TS     0 PTAMS 0x0000000757000000 NTAMS 0x0000000757000000 space 16384K,   0% used [0x0000000757000000, 0x0000000758000000)
AC   0  F    TS     0 PTAMS 0x0000000758000000 NTAMS 0x0000000758000000 space 16384K,   0% used [0x0000000758000000, 0x0000000759000000)
AC   0  F    TS     0 PTAMS 0x0000000759000000 NTAMS 0x0000000759000000 space 16384K,   0% used [0x0000000759000000, 0x000000075a000000)
AC   0  F    TS     0 PTAMS 0x000000075a000000 NTAMS 0x000000075a000000 space 16384K,   0% used [0x000000075a000000, 0x000000075b000000)
AC   0  F    TS     0 PTAMS 0x000000075b000000 NTAMS 0x000000075b000000 space 16384K,   0% used [0x000000075b000000, 0x000000075c000000)
AC   0  F    TS     0 PTAMS 0x000000075c000000 NTAMS 0x000000075c000000 space 16384K,   0% used [0x000000075c000000, 0x000000075d000000)
AC   0  F    TS     0 PTAMS 0x000000075d000000 NTAMS 0x000000075d000000 space 16384K,   0% used [0x000000075d000000, 0x000000075e000000)
AC   0  F    TS     0 PTAMS 0x000000075e000000 NTAMS 0x000000075e000000 space 16384K,   0% used [0x000000075e000000, 0x000000075f000000)
AC   0  F    TS     0 PTAMS 0x000000075f000000 NTAMS 0x000000075f000000 space 16384K,   0% used [0x000000075f000000, 0x0000000760000000)
AC   0  F    TS     0 PTAMS 0x0000000760000000 NTAMS 0x0000000760000000 space 16384K,   0% used [0x0000000760000000, 0x0000000761000000)
AC   0  F    TS     0 PTAMS 0x0000000761000000 NTAMS 0x0000000761000000 space 16384K,   0% used [0x0000000761000000, 0x0000000762000000)
AC   0  F    TS     0 PTAMS 0x0000000762000000 NTAMS 0x0000000762000000 space 16384K,   0% used [0x0000000762000000, 0x0000000763000000)
AC   0  F    TS     0 PTAMS 0x0000000763000000 NTAMS 0x0000000763000000 space 16384K,   0% used [0x0000000763000000, 0x0000000764000000)
AC   0  F    TS     0 PTAMS 0x0000000764000000 NTAMS 0x0000000764000000 space 16384K,   0% used [0x0000000764000000, 0x0000000765000000)
AC   0  F    TS     0 PTAMS 0x0000000765000000 NTAMS 0x0000000765000000 space 16384K,   0% used [0x0000000765000000, 0x0000000766000000)
AC   0  F    TS     0 PTAMS 0x0000000766000000 NTAMS 0x0000000766000000 space 16384K,   0% used [0x0000000766000000, 0x0000000767000000)
AC   0  F    TS     0 PTAMS 0x0000000767000000 NTAMS 0x0000000767000000 space 16384K,   0% used [0x0000000767000000, 0x0000000768000000)
AC   0  F    TS     0 PTAMS 0x0000000768000000 NTAMS 0x0000000768000000 space 16384K,   0% used [0x0000000768000000, 0x0000000769000000)
AC   0  F    TS     0 PTAMS 0x0000000769000000 NTAMS 0x0000000769000000 space 16384K,   0% used [0x0000000769000000, 0x000000076a000000)
AC   0  F    TS     0 PTAMS 0x000000076a000000 NTAMS 0x000000076a000000 space 16384K,   0% used [0x000000076a000000, 0x000000076b000000)
AC   0  F    TS     0 PTAMS 0x000000076b000000 NTAMS 0x000000076b000000 space 16384K,   0% used [0x000000076b000000, 0x000000076c000000)
AC   0  F    TS     0 PTAMS 0x000000076c000000 NTAMS 0x000000076c000000 space 16384K,   0% used [0x000000076c000000, 0x000000076d000000)
AC   0  F    TS     0 PTAMS 0x000000076d000000 NTAMS 0x000000076d000000 space 16384K,   0% used [0x000000076d000000, 0x000000076e000000)
AC   0  F    TS     0 PTAMS 0x000000076e000000 NTAMS 0x000000076e000000 space 16384K,   0% used [0x000000076e000000, 0x000000076f000000)
AC   0  F    TS     0 PTAMS 0x000000076f000000 NTAMS 0x000000076f000000 space 16384K,   0% used [0x000000076f000000, 0x0000000770000000)
AC   0  F    TS     0 PTAMS 0x0000000770000000 NTAMS 0x0000000770000000 space 16384K,   0% used [0x0000000770000000, 0x0000000771000000)
AC   0  F    TS     0 PTAMS 0x0000000771000000 NTAMS 0x0000000771000000 space 16384K,   0% used [0x0000000771000000, 0x0000000772000000)
AC   0  F    TS     0 PTAMS 0x0000000772000000 NTAMS 0x0000000772000000 space 16384K,   0% used [0x0000000772000000, 0x0000000773000000)
AC   0  F    TS     0 PTAMS 0x0000000773000000 NTAMS 0x0000000773000000 space 16384K,   0% used [0x0000000773000000, 0x0000000774000000)
AC   0  F    TS     0 PTAMS 0x0000000774000000 NTAMS 0x0000000774000000 space 16384K,   0% used [0x0000000774000000, 0x0000000775000000)
AC   0  F    TS     0 PTAMS 0x0000000775000000 NTAMS 0x0000000775000000 space 16384K,   0% used [0x0000000775000000, 0x0000000776000000)
AC   0  F    TS     0 PTAMS 0x0000000776000000 NTAMS 0x0000000776000000 space 16384K,   0% used [0x0000000776000000, 0x0000000777000000)
AC   0  F    TS     0 PTAMS 0x0000000777000000 NTAMS 0x0000000777000000 space 16384K,   0% used [0x0000000777000000, 0x0000000778000000)
AC   0  F    TS     0 PTAMS 0x0000000778000000 NTAMS 0x0000000778000000 space 16384K,   0% used [0x0000000778000000, 0x0000000779000000)
AC   0  F    TS     0 PTAMS 0x0000000779000000 NTAMS 0x0000000779000000 space 16384K,   0% used [0x0000000779000000, 0x000000077a000000)
AC   0  F    TS     0 PTAMS 0x000000077a000000 NTAMS 0x000000077a000000 space 16384K,   0% used [0x000000077a000000, 0x000000077b000000)
AC   0  F    TS     0 PTAMS 0x000000077b000000 NTAMS 0x000000077b000000 space 16384K,   0% used [0x000000077b000000, 0x000000077c000000)
AC   0  F    TS     0 PTAMS 0x000000077c000000 NTAMS 0x000000077c000000 space 16384K,   0% used [0x000000077c000000, 0x000000077d000000)
AC   0  F    TS     0 PTAMS 0x000000077d000000 NTAMS 0x000000077d000000 space 16384K,   0% used [0x000000077d000000, 0x000000077e000000)
AC   0  F    TS     0 PTAMS 0x000000077e000000 NTAMS 0x000000077e000000 space 16384K,   0% used [0x000000077e000000, 0x000000077f000000)
AC   0  F    TS     0 PTAMS 0x000000077f000000 NTAMS 0x000000077f000000 space 16384K,   0% used [0x000000077f000000, 0x0000000780000000)
AC   0  F    TS     0 PTAMS 0x0000000780000000 NTAMS 0x0000000780000000 space 16384K,   0% used [0x0000000780000000, 0x0000000781000000)
AC   0  F    TS     0 PTAMS 0x0000000781000000 NTAMS 0x0000000781000000 space 16384K,   0% used [0x0000000781000000, 0x0000000782000000)
AC   0  F    TS     0 PTAMS 0x0000000782000000 NTAMS 0x0000000782000000 space 16384K,   0% used [0x0000000782000000, 0x0000000783000000)
AC   0  F    TS     0 PTAMS 0x0000000783000000 NTAMS 0x0000000783000000 space 16384K,   0% used [0x0000000783000000, 0x0000000784000000)
AC   0  F    TS     0 PTAMS 0x0000000784000000 NTAMS 0x0000000784000000 space 16384K,   0% used [0x0000000784000000, 0x0000000785000000)
AC   0  F    TS     0 PTAMS 0x0000000785000000 NTAMS 0x0000000785000000 space 16384K,   0% used [0x0000000785000000, 0x0000000786000000)
AC   0  F    TS     0 PTAMS 0x0000000786000000 NTAMS 0x0000000786000000 space 16384K,   0% used [0x0000000786000000, 0x0000000787000000)
AC   0  F    TS     0 PTAMS 0x0000000787000000 NTAMS 0x0000000787000000 space 16384K,   0% used [0x0000000787000000, 0x0000000788000000)
AC   0  F    TS     0 PTAMS 0x0000000788000000 NTAMS 0x0000000788000000 space 16384K,   0% used [0x0000000788000000, 0x0000000789000000)
AC   0  F    TS     0 PTAMS 0x0000000789000000 NTAMS 0x0000000789000000 space 16384K,   0% used [0x0000000789000000, 0x000000078a000000)
AC   0  F    TS     0 PTAMS 0x000000078a000000 NTAMS 0x000000078a000000 space 16384K,   0% used [0x000000078a000000, 0x000000078b000000)
AC   0  F    TS     0 PTAMS 0x000000078b000000 NTAMS 0x000000078b000000 space 16384K,   0% used [0x000000078b000000, 0x000000078c000000)
AC   0  F    TS     0 PTAMS 0x000000078c000000 NTAMS 0x000000078c000000 space 16384K,   0% used [0x000000078c000000, 0x000000078d000000)
AC   0  F    TS     0 PTAMS 0x000000078d000000 NTAMS 0x000000078d000000 space 16384K,   0% used [0x000000078d000000, 0x000000078e000000)
AC   0  F    TS     0 PTAMS 0x000000078e000000 NTAMS 0x000000078e000000 space 16384K,   0% used [0x000000078e000000, 0x000000078f000000)
AC   0  F    TS     0 PTAMS 0x000000078f000000 NTAMS 0x000000078f000000 space 16384K,   0% used [0x000000078f000000, 0x0000000790000000)
AC   0  F    TS     0 PTAMS 0x0000000790000000 NTAMS 0x0000000790000000 space 16384K,   0% used [0x0000000790000000, 0x0000000791000000)
AC   0  F    TS     0 PTAMS 0x0000000791000000 NTAMS 0x0000000791000000 space 16384K,   0% used [0x0000000791000000, 0x0000000792000000)
AC   0  F    TS     0 PTAMS 0x0000000792000000 NTAMS 0x0000000792000000 space 16384K,   0% used [0x0000000792000000, 0x0000000793000000)
AC   0  F    TS     0 PTAMS 0x0000000793000000 NTAMS 0x0000000793000000 space 16384K,   0% used [0x0000000793000000, 0x0000000794000000)
AC   0  F    TS     0 PTAMS 0x0000000794000000 NTAMS 0x0000000794000000 space 16384K,   0% used [0x0000000794000000, 0x0000000795000000)
AC   0  F    TS     0 PTAMS 0x0000000795000000 NTAMS 0x0000000795000000 space 16384K,   0% used [0x0000000795000000, 0x0000000796000000)
AC   0  F    TS     0 PTAMS 0x0000000796000000 NTAMS 0x0000000796000000 space 16384K,   0% used [0x0000000796000000, 0x0000000797000000)
AC   0  F    TS     0 PTAMS 0x0000000797000000 NTAMS 0x0000000797000000 space 16384K,   0% used [0x0000000797000000, 0x0000000798000000)
AC   0  F    TS     0 PTAMS 0x0000000798000000 NTAMS 0x0000000798000000 space 16384K,   0% used [0x0000000798000000, 0x0000000799000000)
AC   0  F    TS     0 PTAMS 0x0000000799000000 NTAMS 0x0000000799000000 space 16384K,   0% used [0x0000000799000000, 0x000000079a000000)
AC   0  F    TS     0 PTAMS 0x000000079a000000 NTAMS 0x000000079a000000 space 16384K,   0% used [0x000000079a000000, 0x000000079b000000)
AC   0  F    TS     0 PTAMS 0x000000079b000000 NTAMS 0x000000079b000000 space 16384K,   0% used [0x000000079b000000, 0x000000079c000000)
AC   0  F    TS     0 PTAMS 0x000000079c000000 NTAMS 0x000000079c000000 space 16384K,   0% used [0x000000079c000000, 0x000000079d000000)
AC   0  F    TS     0 PTAMS 0x000000079d000000 NTAMS 0x000000079d000000 space 16384K,   0% used [0x000000079d000000, 0x000000079e000000)
AC   0  F    TS     0 PTAMS 0x000000079e000000 NTAMS 0x000000079e000000 space 16384K,   0% used [0x000000079e000000, 0x000000079f000000)
AC   0  F    TS     0 PTAMS 0x000000079f000000 NTAMS 0x000000079f000000 space 16384K,   0% used [0x000000079f000000, 0x00000007a0000000)
AC   0  F    TS     0 PTAMS 0x00000007a0000000 NTAMS 0x00000007a0000000 space 16384K,   0% used [0x00000007a0000000, 0x00000007a1000000)
AC   0  F    TS     0 PTAMS 0x00000007a1000000 NTAMS 0x00000007a1000000 space 16384K,   0% used [0x00000007a1000000, 0x00000007a2000000)
AC   0  F    TS     0 PTAMS 0x00000007a2000000 NTAMS 0x00000007a2000000 space 16384K,   0% used [0x00000007a2000000, 0x00000007a3000000)
AC   0  F    TS     0 PTAMS 0x00000007a3000000 NTAMS 0x00000007a3000000 space 16384K,   0% used [0x00000007a3000000, 0x00000007a4000000)
AC   0  F    TS     0 PTAMS 0x00000007a4000000 NTAMS 0x00000007a4000000 space 16384K,   0% used [0x00000007a4000000, 0x00000007a5000000)
AC   0  F    TS     0 PTAMS 0x00000007a5000000 NTAMS 0x00000007a5000000 space 16384K,   0% used [0x00000007a5000000, 0x00000007a6000000)
AC   0  F    TS     0 PTAMS 0x00000007a6000000 NTAMS 0x00000007a6000000 space 16384K,   0% used [0x00000007a6000000, 0x00000007a7000000)
AC   0  F    TS     0 PTAMS 0x00000007a7000000 NTAMS 0x00000007a7000000 space 16384K,   0% used [0x00000007a7000000, 0x00000007a8000000)
AC   0  F    TS     0 PTAMS 0x00000007a8000000 NTAMS 0x00000007a8000000 space 16384K,   0% used [0x00000007a8000000, 0x00000007a9000000)
AC   0  F    TS     0 PTAMS 0x00000007a9000000 NTAMS 0x00000007a9000000 space 16384K,   0% used [0x00000007a9000000, 0x00000007aa000000)
AC   0  F    TS     0 PTAMS 0x00000007aa000000 NTAMS 0x00000007aa000000 space 16384K,   0% used [0x00000007aa000000, 0x00000007ab000000)
AC   0  F    TS     0 PTAMS 0x00000007ab000000 NTAMS 0x00000007ab000000 space 16384K,   0% used [0x00000007ab000000, 0x00000007ac000000)
AC   0  F    TS     0 PTAMS 0x00000007ac000000 NTAMS 0x00000007ac000000 space 16384K,   0% used [0x00000007ac000000, 0x00000007ad000000)
AC   0  F    TS     0 PTAMS 0x00000007ad000000 NTAMS 0x00000007ad000000 space 16384K,   0% used [0x00000007ad000000, 0x00000007ae000000)
AC   0  F    TS     0 PTAMS 0x00000007ae000000 NTAMS 0x00000007ae000000 space 16384K,   0% used [0x00000007ae000000, 0x00000007af000000)
AC   0  F    TS     0 PTAMS 0x00000007af000000 NTAMS 0x00000007af000000 space 16384K,   0% used [0x00000007af000000, 0x00000007b0000000)
AC   0  F    TS     0 PTAMS 0x00000007b0000000 NTAMS 0x00000007b0000000 space 16384K,   0% used [0x00000007b0000000, 0x00000007b1000000)
AC   0  F    TS     0 PTAMS 0x00000007b1000000 NTAMS 0x00000007b1000000 space 16384K,   0% used [0x00000007b1000000, 0x00000007b2000000)
AC   0  F    TS     0 PTAMS 0x00000007b2000000 NTAMS 0x00000007b2000000 space 16384K,   0% used [0x00000007b2000000, 0x00000007b3000000)
AC   0  F    TS     0 PTAMS 0x00000007b3000000 NTAMS 0x00000007b3000000 space 16384K,   0% used [0x00000007b3000000, 0x00000007b4000000)
AC   0  F    TS     0 PTAMS 0x00000007b4000000 NTAMS 0x00000007b4000000 space 16384K,   0% used [0x00000007b4000000, 0x00000007b5000000)
AC   0  F    TS     0 PTAMS 0x00000007b5000000 NTAMS 0x00000007b5000000 space 16384K,   0% used [0x00000007b5000000, 0x00000007b6000000)
AC   0  F    TS     9 PTAMS 0x00000007b6000000 NTAMS 0x00000007b6000000 space 16384K,   0% used [0x00000007b6000000, 0x00000007b7000000)
AC   0  F    TS    13 PTAMS 0x00000007b7000000 NTAMS 0x00000007b7000000 space 16384K,   0% used [0x00000007b7000000, 0x00000007b8000000)
AC   0  S CS TS    15 PTAMS 0x00000007b8000000 NTAMS 0x00000007b8000000 space 16384K,  16% used [0x00000007b8000000, 0x00000007b9000000)
AC   0  F    TS     0 PTAMS 0x00000007b9000000 NTAMS 0x00000007b9000000 space 16384K,   0% used [0x00000007b9000000, 0x00000007ba000000)
AC   0  F    TS     0 PTAMS 0x00000007ba000000 NTAMS 0x00000007ba000000 space 16384K,   0% used [0x00000007ba000000, 0x00000007bb000000)
AC   0  F    TS     0 PTAMS 0x00000007bb000000 NTAMS 0x00000007bb000000 space 16384K,   0% used [0x00000007bb000000, 0x00000007bc000000)
AC   0  F    TS     0 PTAMS 0x00000007bc000000 NTAMS 0x00000007bc000000 space 16384K,   0% used [0x00000007bc000000, 0x00000007bd000000)
AC   0  F    TS     0 PTAMS 0x00000007bd000000 NTAMS 0x00000007bd000000 space 16384K,   0% used [0x00000007bd000000, 0x00000007be000000)
AC   0  F    TS     0 PTAMS 0x00000007be000000 NTAMS 0x00000007be000000 space 16384K,   0% used [0x00000007be000000, 0x00000007bf000000)
AC   0  E    TS     0 PTAMS 0x00000007bf000000 NTAMS 0x00000007bf000000 space 16384K,  87% used [0x00000007bf000000, 0x00000007c0000000)

Card table byte_map: [0x0000000014a50000,0x0000000015420000] byte_map_base: 0x0000000011618000

Marking Bits (Prev, Next): (CMBitMap*) 0x00000000028e6090, (CMBitMap*) 0x00000000028e6038
 Prev Bits: [0x000000001ac30000, 0x000000001fa70000)
 Next Bits: [0x0000000015df0000, 0x000000001ac30000)

Polling page: 0x0000000000a70000

CodeCache: size=245760Kb used=100807Kb max_used=100917Kb free=144953Kb
 bounds [0x0000000002970000, 0x0000000008d00000, 0x0000000011970000]
 total_blobs=25276 nmethods=23634 adapters=1551
 compilation: enabled

Compilation events (10 events):
Event: 392.342 Thread 0x0000000023b5a800 34832       3       net.minecraft.util.math.BlockPos$PooledMutableBlockPos::func_189532_c (12 bytes)
Event: 392.343 Thread 0x0000000023b5a800 nmethod 34832 0x0000000008002a90 code [0x0000000008002c40, 0x0000000008003208]
Event: 392.343 Thread 0x0000000023b5a800 34833       3       net.minecraft.util.math.BlockPos$MutableBlockPos::func_189532_c (18 bytes)
Event: 392.344 Thread 0x0000000023b5a800 nmethod 34833 0x000000000854f150 code [0x000000000854f300, 0x000000000854f808]
Event: 392.375 Thread 0x0000000023b5a800 34835       3       gnu.trove.map.hash.TIntObjectHashMap$ValueView$TIntObjectValueHashIterator::next (17 bytes)
Event: 392.377 Thread 0x0000000023b5a800 nmethod 34835 0x0000000007b804d0 code [0x0000000007b80660, 0x0000000007b80a78]
Event: 392.557 Thread 0x0000000023b5a800 34836       3       buildcraft.lib.marker.MarkerCache::getSubCache (48 bytes)
Event: 392.558 Thread 0x0000000023b5a800 nmethod 34836 0x0000000007b0fdd0 code [0x0000000007b0ffc0, 0x0000000007b10a08]
Event: 392.595 Thread 0x0000000023b5a800 34837       3       net.minecraft.client.renderer.chunk.CompiledChunk::<init> (59 bytes)
Event: 392.597 Thread 0x0000000023b5a800 nmethod 34837 0x0000000004580290 code [0x0000000004580460, 0x0000000004580d70]

GC Heap History (10 events):
Event: 390.592 GC heap before
{Heap before GC invocations=733 (full 3):
 garbage-first heap   total 5128192K, used 3095344K [0x0000000687000000, 0x00000006880009c8, 0x00000007c0000000)
  region size 16384K, 8 young (131072K), 1 survivors (16384K)
 Metaspace       used 208617K, capacity 216275K, committed 216444K, reserved 1230848K
  class space    used 32432K, capacity 34381K, committed 34432K, reserved 1048576K
Event: 390.607 GC heap after
Heap after GC invocations=734 (full 3):
 garbage-first heap   total 5128192K, used 2987825K [0x0000000687000000, 0x00000006880009c8, 0x00000007c0000000)
  region size 16384K, 1 young (16384K), 1 survivors (16384K)
 Metaspace       used 208617K, capacity 216275K, committed 216444K, reserved 1230848K
  class space    used 32432K, capacity 34381K, committed 34432K, reserved 1048576K
}
Event: 391.341 GC heap before
{Heap before GC invocations=734 (full 3):
 garbage-first heap   total 5128192K, used 3102513K [0x0000000687000000, 0x00000006880009c8, 0x00000007c0000000)
  region size 16384K, 9 young (147456K), 1 survivors (16384K)
 Metaspace       used 208768K, capacity 216425K, committed 216700K, reserved 1230848K
  class space    used 32443K, capacity 34388K, committed 34432K, reserved 1048576K
Event: 391.362 GC heap after
Heap after GC invocations=735 (full 3):
 garbage-first heap   total 5128192K, used 3000546K [0x0000000687000000, 0x00000006880009c8, 0x00000007c0000000)
  region size 16384K, 1 young (16384K), 1 survivors (16384K)
 Metaspace       used 208768K, capacity 216425K, committed 216700K, reserved 1230848K
  class space    used 32443K, capacity 34388K, committed 34432K, reserved 1048576K
}
Event: 391.860 GC heap before
{Heap before GC invocations=735 (full 3):
 garbage-first heap   total 5128192K, used 3115234K [0x0000000687000000, 0x00000006880009c8, 0x00000007c0000000)
  region size 16384K, 8 young (131072K), 1 survivors (16384K)
 Metaspace       used 208820K, capacity 216425K, committed 216700K, reserved 1230848K
  class space    used 32444K, capacity 34388K, committed 34432K, reserved 1048576K
Event: 391.875 GC heap after
Heap after GC invocations=736 (full 3):
 garbage-first heap   total 5128192K, used 3017012K [0x0000000687000000, 0x00000006880009c8, 0x00000007c0000000)
  region size 16384K, 1 young (16384K), 1 survivors (16384K)
 Metaspace       used 208820K, capacity 216425K, committed 216700K, reserved 1230848K
  class space    used 32444K, capacity 34388K, committed 34432K, reserved 1048576K
}
Event: 392.205 GC heap before
{Heap before GC invocations=736 (full 3):
 garbage-first heap   total 5128192K, used 3131700K [0x0000000687000000, 0x00000006880009c8, 0x00000007c0000000)
  region size 16384K, 8 young (131072K), 1 survivors (16384K)
 Metaspace       used 208827K, capacity 216425K, committed 216700K, reserved 1230848K
  class space    used 32444K, capacity 34388K, committed 34432K, reserved 1048576K
Event: 392.212 GC heap after
Heap after GC invocations=737 (full 3):
 garbage-first heap   total 5128192K, used 3007099K [0x0000000687000000, 0x00000006880009c8, 0x00000007c0000000)
  region size 16384K, 1 young (16384K), 1 survivors (16384K)
 Metaspace       used 208827K, capacity 216425K, committed 216700K, reserved 1230848K
  class space    used 32444K, capacity 34388K, committed 34432K, reserved 1048576K
}
Event: 392.606 GC heap before
{Heap before GC invocations=737 (full 3):
 garbage-first heap   total 5128192K, used 3121787K [0x0000000687000000, 0x00000006880009c8, 0x00000007c0000000)
  region size 16384K, 8 young (131072K), 1 survivors (16384K)
 Metaspace       used 208829K, capacity 216425K, committed 216700K, reserved 1230848K
  class space    used 32444K, capacity 34388K, committed 34432K, reserved 1048576K
Event: 392.612 GC heap after
Heap after GC invocations=738 (full 3):
 garbage-first heap   total 5128192K, used 3005603K [0x0000000687000000, 0x00000006880009c8, 0x00000007c0000000)
  region size 16384K, 1 young (16384K), 1 survivors (16384K)
 Metaspace       used 208829K, capacity 216425K, committed 216700K, reserved 1230848K
  class space    used 32444K, capacity 34388K, committed 34432K, reserved 1048576K
}

Deoptimization events (10 events):
Event: 391.233 Thread 0x000000008ca62000 Uncommon trap: reason=bimorphic action=maybe_recompile pc=0x0000000007d1fc38 method=sun.reflect.GeneratedMethodAccessor59.invoke(Ljava/lang/Object;[Ljava/lang/Object;)Ljava/lang/Object; @ 52
Event: 391.233 Thread 0x000000008ca62000 Uncommon trap: reason=unstable_if action=reinterpret pc=0x0000000007c74494 method=net.minecraft.client.renderer.BlockModelShapes.func_178125_b(Lnet/minecraft/block/state/IBlockState;)Lnet/minecraft/client/renderer/block/model/IBakedModel; @ 15
Event: 391.234 Thread 0x000000008ca62000 Uncommon trap: reason=bimorphic action=maybe_recompile pc=0x0000000007d1fc38 method=sun.reflect.GeneratedMethodAccessor59.invoke(Ljava/lang/Object;[Ljava/lang/Object;)Ljava/lang/Object; @ 52
Event: 391.404 Thread 0x0000000089dfc800 Uncommon trap: reason=unstable_if action=reinterpret pc=0x0000000008c5e7a0 method=net.minecraft.world.World.func_175636_b(DDDD)Z @ 72
Event: 391.405 Thread 0x0000000002875800 Uncommon trap: reason=unstable_if action=reinterpret pc=0x0000000003a7b310 method=net.minecraft.client.renderer.chunk.RenderChunk.getBoundingBoxParent()Lnet/optifine/render/AabbFrame; @ 117
Event: 391.406 Thread 0x0000000002875800 Uncommon trap: reason=unstable_if action=reinterpret pc=0x0000000005b67934 method=net.minecraft.client.renderer.RenderGlobal.getRenderChunkOffset(Lnet/minecraft/util/math/BlockPos;Lnet/minecraft/client/renderer/chunk/RenderChunk;Lnet/minecraft/util/EnumFa
Event: 391.624 Thread 0x0000000002875800 Uncommon trap: reason=unstable_if action=reinterpret pc=0x000000000433845c method=net.minecraft.client.renderer.culling.ClippingHelper.func_78553_b(DDDDDD)Z @ 177
Event: 391.648 Thread 0x000000008ca62000 Uncommon trap: reason=array_check action=maybe_recompile pc=0x0000000006207ca0 method=java.util.TimSort.mergeHi(IIII)V @ 282
Event: 391.992 Thread 0x0000000002875800 Uncommon trap: reason=unstable_if action=reinterpret pc=0x0000000008bf1f1c method=net.optifine.render.CloudRenderer.shouldUpdateGlList()Z @ 33
Event: 392.059 Thread 0x0000000002875800 Uncommon trap: reason=unstable_if action=reinterpret pc=0x00000000089e60dc method=net.minecraft.world.World.func_147447_a(Lnet/minecraft/util/math/Vec3d;Lnet/minecraft/util/math/Vec3d;ZZZ)Lnet/minecraft/util/math/RayTraceResult; @ 326

Classes redefined (0 events):
No events

Internal exceptions (10 events):
Event: 392.464 Thread 0x00000000281af000 Exception <a 'java/lang/InterruptedException': sleep interrupted> (0x00000007bf52f7d0) thrown at [C:\jenkins\workspace\8-2-build-windows-amd64-cygwin\jdk8u251\737\hotspot\src\share\vm\prims\jvm.cpp, line 3336]
Event: 392.482 Thread 0x00000000281af000 Exception <a 'java/lang/InterruptedException': sleep interrupted> (0x00000007bf52fa28) thrown at [C:\jenkins\workspace\8-2-build-windows-amd64-cygwin\jdk8u251\737\hotspot\src\share\vm\prims\jvm.cpp, line 3336]
Event: 392.499 Thread 0x00000000281af000 Exception <a 'java/lang/InterruptedException': sleep interrupted> (0x00000007bf52fc80) thrown at [C:\jenkins\workspace\8-2-build-windows-amd64-cygwin\jdk8u251\737\hotspot\src\share\vm\prims\jvm.cpp, line 3336]
Event: 392.512 Thread 0x00000000281af000 Exception <a 'java/lang/InterruptedException': sleep interrupted> (0x00000007bf52fed8) thrown at [C:\jenkins\workspace\8-2-build-windows-amd64-cygwin\jdk8u251\737\hotspot\src\share\vm\prims\jvm.cpp, line 3336]
Event: 392.513 Thread 0x00000000281af000 Exception <a 'java/lang/InterruptedException': sleep interrupted> (0x00000007bf530130) thrown at [C:\jenkins\workspace\8-2-build-windows-amd64-cygwin\jdk8u251\737\hotspot\src\share\vm\prims\jvm.cpp, line 3336]
Event: 392.533 Thread 0x00000000281af000 Exception <a 'java/lang/InterruptedException': sleep interrupted> (0x00000007bf530388) thrown at [C:\jenkins\workspace\8-2-build-windows-amd64-cygwin\jdk8u251\737\hotspot\src\share\vm\prims\jvm.cpp, line 3336]
Event: 392.547 Thread 0x00000000281af000 Exception <a 'java/lang/InterruptedException': sleep interrupted> (0x00000007ba9d2f38) thrown at [C:\jenkins\workspace\8-2-build-windows-amd64-cygwin\jdk8u251\737\hotspot\src\share\vm\prims\jvm.cpp, line 3336]
Event: 392.562 Thread 0x00000000281af000 Exception <a 'java/lang/InterruptedException': sleep interrupted> (0x00000007ba9d3190) thrown at [C:\jenkins\workspace\8-2-build-windows-amd64-cygwin\jdk8u251\737\hotspot\src\share\vm\prims\jvm.cpp, line 3336]
Event: 392.582 Thread 0x00000000281af000 Exception <a 'java/lang/InterruptedException': sleep interrupted> (0x00000007ba9d33e8) thrown at [C:\jenkins\workspace\8-2-build-windows-amd64-cygwin\jdk8u251\737\hotspot\src\share\vm\prims\jvm.cpp, line 3336]
Event: 392.597 Thread 0x00000000281af000 Exception <a 'java/lang/InterruptedException': sleep interrupted> (0x00000007ba9d3640) thrown at [C:\jenkins\workspace\8-2-build-windows-amd64-cygwin\jdk8u251\737\hotspot\src\share\vm\prims\jvm.cpp, line 3336]

Events (10 events):
Event: 392.561 Thread 0x000000008ca5d800 DEOPT PACKING pc=0x0000000008c41be7 sp=0x000000006730ec00
Event: 392.561 Thread 0x000000008ca5d800 DEOPT UNPACKING pc=0x00000000029b7890 sp=0x000000006730ea58 mode 0
Event: 392.575 Thread 0x000000008ca5d800 DEOPT PACKING pc=0x0000000008c41be7 sp=0x000000006730ec00
Event: 392.575 Thread 0x000000008ca5d800 DEOPT UNPACKING pc=0x00000000029b7890 sp=0x000000006730ea58 mode 0
Event: 392.585 Thread 0x000000008ca5a800 DEOPT PACKING pc=0x0000000008c41be7 sp=0x0000000063c8e9c0
Event: 392.585 Thread 0x000000008ca5a800 DEOPT UNPACKING pc=0x00000000029b7890 sp=0x0000000063c8e818 mode 0
Event: 392.600 Thread 0x000000008ca5a800 DEOPT PACKING pc=0x0000000008c41be7 sp=0x0000000063c8e9c0
Event: 392.600 Thread 0x000000008ca5a800 DEOPT UNPACKING pc=0x00000000029b7890 sp=0x0000000063c8e818 mode 0
Event: 392.603 Executing VM operation: G1IncCollectionPause
Event: 392.612 Executing VM operation: G1IncCollectionPause done


Dynamic libraries:
0x00007ff6e1e50000 - 0x00007ff6e1e87000 	C:\Program Files\Java\jdk1.8.0_251\jre\bin\java.exe
0x00007ffce31e0000 - 0x00007ffce33d0000 	C:\WINDOWS\SYSTEM32\ntdll.dll
0x00007ffce2c40000 - 0x00007ffce2cf2000 	C:\WINDOWS\System32\KERNEL32.DLL
0x00007ffce0fe0000 - 0x00007ffce1284000 	C:\WINDOWS\System32\KERNELBASE.dll
0x00007ffce2610000 - 0x00007ffce26b3000 	C:\WINDOWS\System32\ADVAPI32.dll
0x00007ffce2d00000 - 0x00007ffce2d9e000 	C:\WINDOWS\System32\msvcrt.dll
0x00007ffce1de0000 - 0x00007ffce1e77000 	C:\WINDOWS\System32\sechost.dll
0x00007ffce2fd0000 - 0x00007ffce30f0000 	C:\WINDOWS\System32\RPCRT4.dll
0x00007ffce1aa0000 - 0x00007ffce1c34000 	C:\WINDOWS\System32\USER32.dll
0x00007ffce0a50000 - 0x00007ffce0a71000 	C:\WINDOWS\System32\win32u.dll
0x00007ffce1e80000 - 0x00007ffce1ea6000 	C:\WINDOWS\System32\GDI32.dll
0x00007ffce0d20000 - 0x00007ffce0eb6000 	C:\WINDOWS\System32\gdi32full.dll
0x00007ffce0ef0000 - 0x00007ffce0f8e000 	C:\WINDOWS\System32\msvcp_win.dll
0x00007ffce0950000 - 0x00007ffce0a4a000 	C:\WINDOWS\System32\ucrtbase.dll
0x00007ffcd2420000 - 0x00007ffcd26a4000 	C:\WINDOWS\WinSxS\amd64_microsoft.windows.common-controls_6595b64144ccf1df_6.0.18362.959_none_e6c7bbbf130c62bb\COMCTL32.dll
0x00007ffce27e0000 - 0x00007ffce2b15000 	C:\WINDOWS\System32\combase.dll
0x00007ffce0a80000 - 0x00007ffce0b00000 	C:\WINDOWS\System32\bcryptPrimitives.dll
0x00007ffce27b0000 - 0x00007ffce27de000 	C:\WINDOWS\System32\IMM32.DLL
0x0000000061c70000 - 0x0000000061d42000 	C:\Program Files\Java\jdk1.8.0_251\jre\bin\msvcr100.dll
0x0000000060a40000 - 0x00000000612eb000 	C:\Program Files\Java\jdk1.8.0_251\jre\bin\server\jvm.dll
0x00007ffce1360000 - 0x00007ffce1368000 	C:\WINDOWS\System32\PSAPI.DLL
0x00007ffcdddb0000 - 0x00007ffcdddd4000 	C:\WINDOWS\SYSTEM32\WINMM.dll
0x00007ffcc2950000 - 0x00007ffcc2959000 	C:\WINDOWS\SYSTEM32\WSOCK32.dll
0x00007ffcd7d90000 - 0x00007ffcd7d9a000 	C:\WINDOWS\SYSTEM32\VERSION.dll
0x00007ffce25a0000 - 0x00007ffce260f000 	C:\WINDOWS\System32\WS2_32.dll
0x00007ffcdd930000 - 0x00007ffcdd95d000 	C:\WINDOWS\SYSTEM32\WINMMBASE.dll
0x00007ffce0f90000 - 0x00007ffce0fda000 	C:\WINDOWS\System32\cfgmgr32.dll
0x00007ffcddf60000 - 0x00007ffcddf6f000 	C:\Program Files\Java\jdk1.8.0_251\jre\bin\verify.dll
0x00007ffcc0510000 - 0x00007ffcc0539000 	C:\Program Files\Java\jdk1.8.0_251\jre\bin\java.dll
0x00007ffcdaae0000 - 0x00007ffcdaaf6000 	C:\Program Files\Java\jdk1.8.0_251\jre\bin\zip.dll
0x00007ffce1eb0000 - 0x00007ffce2596000 	C:\WINDOWS\System32\SHELL32.dll
0x00007ffce19f0000 - 0x00007ffce1a99000 	C:\WINDOWS\System32\shcore.dll
0x00007ffce0160000 - 0x00007ffce08e2000 	C:\WINDOWS\System32\windows.storage.dll
0x00007ffce0130000 - 0x00007ffce0153000 	C:\WINDOWS\System32\profapi.dll
0x00007ffce00c0000 - 0x00007ffce010a000 	C:\WINDOWS\System32\powrprof.dll
0x00007ffce0090000 - 0x00007ffce00a0000 	C:\WINDOWS\System32\UMPDC.dll
0x00007ffce1d80000 - 0x00007ffce1dd2000 	C:\WINDOWS\System32\shlwapi.dll
0x00007ffce00a0000 - 0x00007ffce00b1000 	C:\WINDOWS\System32\kernel.appcore.dll
0x00007ffce0d00000 - 0x00007ffce0d17000 	C:\WINDOWS\System32\cryptsp.dll
0x00007ffcda990000 - 0x00007ffcda99d000 	C:\Program Files\Java\jdk1.8.0_251\jre\bin\management.dll
0x00007ffcd1a50000 - 0x00007ffcd1a6a000 	C:\Program Files\Java\jdk1.8.0_251\jre\bin\net.dll
0x00007ffcdf900000 - 0x00007ffcdf967000 	C:\WINDOWS\system32\mswsock.dll
0x00007ffcb7450000 - 0x00007ffcb7466000 	C:\WINDOWS\system32\napinsp.dll
0x00007ffcb6420000 - 0x00007ffcb643a000 	C:\WINDOWS\system32\pnrpnsp.dll
0x00007ffcdf650000 - 0x00007ffcdf71b000 	C:\WINDOWS\SYSTEM32\DNSAPI.dll
0x00007ffce2ba0000 - 0x00007ffce2ba8000 	C:\WINDOWS\System32\NSI.dll
0x00007ffcdf610000 - 0x00007ffcdf64a000 	C:\WINDOWS\SYSTEM32\IPHLPAPI.DLL
0x00007ffcca8a0000 - 0x00007ffcca8ae000 	C:\WINDOWS\System32\winrnr.dll
0x00007ffcdbd80000 - 0x00007ffcdbd9c000 	C:\WINDOWS\system32\NLAapi.dll
0x00007ffcdc1e0000 - 0x00007ffcdc1f5000 	C:\WINDOWS\system32\wshbth.dll
0x00007ffcd8d90000 - 0x00007ffcd8d9a000 	C:\Windows\System32\rasadhlp.dll
0x00007ffcd4360000 - 0x00007ffcd43d7000 	C:\WINDOWS\System32\fwpuclnt.dll
0x00007ffce0ec0000 - 0x00007ffce0ee6000 	C:\WINDOWS\System32\bcrypt.dll
0x00007ffcd0990000 - 0x00007ffcd09a2000 	C:\Program Files\Java\jdk1.8.0_251\jre\bin\nio.dll
0x00007ffcbda30000 - 0x00007ffcbda54000 	C:\Program Files\Java\jdk1.8.0_251\jre\bin\sunec.dll
0x00007ffcbff40000 - 0x00007ffcbff57000 	C:\Program Files\Java\jdk1.8.0_251\jre\bin\unpack.dll
0x00007ffcd48e0000 - 0x00007ffcd48f6000 	C:\WINDOWS\SYSTEM32\dhcpcsvc6.DLL
0x00007ffcd4ad0000 - 0x00007ffcd4aec000 	C:\WINDOWS\SYSTEM32\dhcpcsvc.DLL
0x00007ffcdf470000 - 0x00007ffcdf4a3000 	C:\WINDOWS\system32\rsaenh.dll
0x00007ffcdff80000 - 0x00007ffcdffa5000 	C:\WINDOWS\SYSTEM32\USERENV.dll
0x00007ffcdfad0000 - 0x00007ffcdfadc000 	C:\WINDOWS\SYSTEM32\CRYPTBASE.dll
0x00007ffcda760000 - 0x00007ffcda76c000 	C:\Program Files\Java\jdk1.8.0_251\jre\bin\sunmscapi.dll
0x00007ffce0bb0000 - 0x00007ffce0cf9000 	C:\WINDOWS\System32\CRYPT32.dll
0x00007ffce0110000 - 0x00007ffce0122000 	C:\WINDOWS\System32\MSASN1.dll
0x00007ffcdfbd0000 - 0x00007ffcdfbf6000 	C:\WINDOWS\SYSTEM32\ncrypt.dll
0x00007ffcdfb90000 - 0x00007ffcdfbcb000 	C:\WINDOWS\SYSTEM32\NTASN1.dll
0x0000000180000000 - 0x0000000180053000 	C:\Users\\Desktop\lxr\mc\\.minecraft\versions\1.12.2\1.12.2-natives\lwjgl64.dll
0x00007ffcb6b60000 - 0x00007ffcb6cb6000 	C:\WINDOWS\SYSTEM32\OPENGL32.dll
0x00007ffcd8390000 - 0x00007ffcd83bc000 	C:\WINDOWS\SYSTEM32\GLU32.dll
0x00007ffcded00000 - 0x00007ffcded20000 	C:\WINDOWS\SYSTEM32\dxcore.dll
0x00007ffc9a930000 - 0x00007ffc9aaca000 	C:\Program Files\Java\jdk1.8.0_251\jre\bin\awt.dll
0x00007ffce2da0000 - 0x00007ffce2e65000 	C:\WINDOWS\System32\OLEAUT32.dll
0x00007ffcde080000 - 0x00007ffcde10f000 	C:\WINDOWS\SYSTEM32\apphelp.dll
0x00007ffcdb020000 - 0x00007ffcdb0ce000 	C:\WINDOWS\SYSTEM32\mscms.dll
0x00007ffcdafa0000 - 0x00007ffcdafb7000 	C:\WINDOWS\SYSTEM32\ColorAdapterClient.dll
0x00007ffce30f0000 - 0x00007ffce3192000 	C:\WINDOWS\System32\clbcatq.dll
0x00007ffcd8d70000 - 0x00007ffcd8d8a000 	C:\Windows\System32\Windows.Internal.Graphics.Display.DisplayColorManagement.dll
0x00007ffcde180000 - 0x00007ffcde219000 	C:\WINDOWS\system32\uxtheme.dll
0x00007ffce1c40000 - 0x00007ffce1d75000 	C:\WINDOWS\System32\MSCTF.dll
0x00007ffc7b9c0000 - 0x00007ffc7c899000 	C:\WINDOWS\System32\DriverStore\FileRepository\igdlh64.inf_amd64_34608ea80420afa7\ig9icd64.dll
0x00007ffcdc910000 - 0x00007ffcdc923000 	C:\WINDOWS\SYSTEM32\WTSAPI32.dll
0x00007ffcde5b0000 - 0x00007ffcde5dd000 	C:\WINDOWS\SYSTEM32\dwmapi.dll
0x00007ffcded90000 - 0x00007ffcdee7b000 	C:\WINDOWS\SYSTEM32\dxgi.dll
0x00007ffcad450000 - 0x00007ffcad493000 	C:\WINDOWS\SYSTEM32\icm32.dll
0x00007ffcd4b80000 - 0x00007ffcd6182000 	C:\WINDOWS\System32\DriverStore\FileRepository\igdlh64.inf_amd64_34608ea80420afa7\igc64.dll
0x00007ffca9880000 - 0x00007ffca98c2000 	C:\Users\\AppData\Local\Temp\jna-24253310\jna5164100101644857791.dll
0x00007ffcb69d0000 - 0x00007ffcb6a01000 	C:\Program Files\Java\jdk1.8.0_251\jre\bin\jpeg.dll
0x0000000061af0000 - 0x0000000061b54000 	C:\Users\\Desktop\lxr\mc\\.minecraft\versions\1.12.2\1.12.2-natives\OpenAL64.dll
0x00007ffce2e70000 - 0x00007ffce2fc7000 	C:\WINDOWS\System32\ole32.dll
0x00007ffcd9150000 - 0x00007ffcd91c2000 	C:\WINDOWS\System32\MMDevApi.dll
0x00007ffcdfe90000 - 0x00007ffcdfeba000 	C:\WINDOWS\System32\DEVOBJ.dll
0x00007ffcbeab0000 - 0x00007ffcbeb49000 	C:\WINDOWS\SYSTEM32\dsound.dll
0x00007ffcd92e0000 - 0x00007ffcd943d000 	C:\WINDOWS\SYSTEM32\AUDIOSES.DLL
0x00007ffcdc200000 - 0x00007ffcdc353000 	C:\WINDOWS\SYSTEM32\wintypes.dll
0x00007ffcde4c0000 - 0x00007ffcde4d4000 	C:\WINDOWS\SYSTEM32\resourcepolicyclient.dll
0x00007ffcbd4a0000 - 0x00007ffcbd4ba000 	C:\Users\\Desktop\lxr\mc\\.minecraft\versions\1.12.2\1.12.2-natives\SAPIWrapper_x64.dll
0x00007ffcbb690000 - 0x00007ffcbb72e000 	C:\WINDOWS\System32\TextInputFramework.dll
0x00007ffcdb910000 - 0x00007ffcdbc3a000 	C:\WINDOWS\System32\CoreUIComponents.dll
0x00007ffcdf0f0000 - 0x00007ffcdf121000 	C:\WINDOWS\SYSTEM32\ntmarta.dll
0x00007ffcddcd0000 - 0x00007ffcddda4000 	C:\WINDOWS\System32\CoreMessaging.dll
0x00007ffccf280000 - 0x00007ffccf526000 	C:\WINDOWS\System32\iertutil.dll

VM Arguments:
jvm_args: -Dminecraft.client.jar=.minecraft\versions\1.12.2\1.12.2.jar -XX:+UnlockExperimentalVMOptions -XX:+UseG1GC -XX:G1NewSizePercent=20 -XX:G1ReservePercent=20 -XX:MaxGCPauseMillis=50 -XX:G1HeapRegionSize=16M -XX:-UseAdaptiveSizePolicy -XX:-OmitStackTraceInFastThrow -Xmn128m -Xmx5000m -Dfml.ignoreInvalidMinecraftCertificates=true -Dfml.ignorePatchDiscrepancies=true -XX:HeapDumpPath=MojangTricksIntelDriversForPerformance_javaw.exe_minecraft.exe.heapdump -Djava.library.path=C:\Users\\Desktop\lxr\mc\\.minecraft\versions\1.12.2\1.12.2-natives -Dminecraft.launcher.brand=HMCL -Dminecraft.launcher.version=3.2.130 
java_command: net.minecraft.launchwrapper.Launch --width 854 --height 480 --username dd3xp --version HMCL 3.2.130 --gameDir C:\Users\\Desktop\lxr\mc\\.minecraft --assetsDir C:\Users\\Desktop\lxr\mc\\.minecraft\assets --assetIndex 1.12 --uuid a94c26187c23342099cee428fb817ebe --accessToken 6e65a385bef541f0918c89c6e4a58c43 --userType mojang --tweakClass net.minecraftforge.fml.common.launcher.FMLTweaker --versionType Forge --tweakClass optifine.OptiFineForgeTweaker
java_class_path (initial): C:\Users\\Desktop\lxr\mc\\.minecraft\libraries\com\google\code\gson\gson\2.8.0\gson-2.8.0.jar;C:\Users\\Desktop\lxr\mc\\.minecraft\libraries\com\google\guava\guava\21.0\guava-21.0.jar;C:\Users\\Desktop\lxr\mc\\.minecraft\libraries\com\ibm\icu\icu4j-core-mojang\51.2\icu4j-core-mojang-51.2.jar;C:\Users\\Desktop\lxr\mc\\.minecraft\libraries\com\mojang\authlib\1.5.25\authlib-1.5.25.jar;C:\Users\\Desktop\lxr\mc\\.minecraft\libraries\com\mojang\patchy\1.1\patchy-1.1.jar;C:\Users\\Desktop\lxr\mc\\.minecraft\libraries\com\mojang\realms\1.10.22\realms-1.10.22.jar;C:\Users\\Desktop\lxr\mc\\.minecraft\libraries\com\mojang\text2speech\1.10.3\text2speech-1.10.3.jar;C:\Users\\Desktop\lxr\mc\\.minecraft\libraries\com\paulscode\codecjorbis\20101023\codecjorbis-20101023.jar;C:\Users\\Desktop\lxr\mc\\.minecraft\libraries\com\paulscode\codecwav\20101023\codecwav-20101023.jar;C:\Users\\Desktop\lxr\mc\\.minecraft\libraries\com\paulscode\libraryjavasound\20101123\libraryjavasound-20101123.jar;C:\Users\\Desktop\lxr\mc\\.minecraft\libraries\com\paulscode\librarylwjglopenal\20100824\librarylwjglopenal-20100824.jar;C:\Users\\Desktop\lxr\mc\\.minecraft\libraries\com\paulscode\soundsystem\20120107\soundsystem-20120107.jar;C:\Users\\Desktop\lxr\mc\\.minecraft\libraries\com\typesafe\akka\akka-actor_2.11\2.3.3\akka-actor_2.11-2.3.3.jar;C:\Users\\Desktop\lxr\mc\\.minecraft\libraries\com\typesafe\config\1.2.1\config-1.2.1.jar;C:\Users\\Desktop\lxr\mc\\.minecraft\libraries\commons-codec\commons-codec\1.10\commons-codec-1.10.jar;C:\Users\\Desktop\lxr\mc\\.minecraft\libraries\commons-io\commons-io\2.5\commons-io-2.5.jar;C:\Users\\Desktop\lxr\mc\
Launcher Type: SUN_STANDARD

Environment Variables:
JAVA_HOME=C:\Program Files\Java\jdk1.8.0_251
PATH=C:\Program Files (x86)\Common Files\Oracle\Java\javapath;C:\ProgramData\Oracle\Java\javapath;C:\Program Files (x86)\Intel\iCLS Client\;C:\Program Files\Intel\iCLS Client\;C:\Windows\system32;C:\Windows;C:\Windows\System32\Wbem;C:\Windows\System32\WindowsPowerShell\v1.0\;C:\Program Files (x86)\Intel\Intel(R) Management Engine Components\DAL;C:\Program Files\Intel\Intel(R) Management Engine Components\DAL;C:\Program Files (x86)\Intel\Intel(R) Management Engine Components\IPT;C:\Program Files\Intel\Intel(R) Management Engine Components\IPT;C:\WINDOWS\system32;C:\WINDOWS;C:\WINDOWS\System32\Wbem;C:\WINDOWS\System32\WindowsPowerShell\v1.0\;C:\WINDOWS\System32\OpenSSH\;C:\Program Files\Intel\WiFi\bin\;C:\Program Files\Common Files\Intel\WirelessCommon\;C:\Program Files\NVIDIA Corporation\NVIDIA NvDLISR;C:\Program Files (x86)\NVIDIA Corporation\PhysX\Common;C:\Program Files\Java\jdk1.8.0_251\bin;C:\Users\\AppData\Local\Microsoft\WindowsApps;
USERNAME=
OS=Windows_NT
PROCESSOR_IDENTIFIER=Intel64 Family 6 Model 142 Stepping 10, GenuineIntel



---------------  S Y S T E M  ---------------

OS: Windows 10.0 , 64 bit Build 18362 (10.0.18362.959)

CPU:total 8 (initial active 8) (4 cores per cpu, 2 threads per core) family 6 model 142 stepping 10, cmov, cx8, fxsr, mmx, sse, sse2, sse3, ssse3, sse4.1, sse4.2, popcnt, avx, avx2, aes, clmul, erms, 3dnowpref, lzcnt, ht, tsc, tscinvbit, bmi1, bmi2, adx

Memory: 4k page, physical 8269924k(642480k free), swap 14565916k(7600k free)

vm_info: Java HotSpot(TM) 64-Bit Server VM (25.251-b08) for windows-amd64 JRE (1.8.0_251-b08), built on Mar 12 2020 06:31:49 by "" with MS VC++ 10.0 (VS2010)

time: Tue Aug 04 05:25:28 2020
timezone: 
elapsed time: 392 seconds (0d 0h 6m 32s)

