#
# There is insufficient memory for the Java Runtime Environment to continue.
# Native memory allocation (malloc) failed to allocate 32744 bytes for ChunkPool::allocate
# Possible reasons:
#   The system is out of physical RAM or swap space
#   The process is running with CompressedOops enabled, and the Java Heap may be blocking the growth of the native heap
# Possible solutions:
#   Reduce memory load on the system
#   Increase physical memory or swap space
#   Check if swap backing store is full
#   Decrease Java heap size (-Xmx/-Xms)
#   Decrease number of Java threads
#   Decrease Java thread stack sizes (-Xss)
#   Set larger code cache with -XX:ReservedCodeCacheSize=
#   JVM is running with Zero Based Compressed Oops mode in which the Java heap is
#     placed in the first 32GB address space. The Java Heap base address is the
#     maximum limit for the native heap growth. Please use -XX:HeapBaseMinAddress
#     to set the Java Heap base and to place the Java Heap above 32GB virtual address.
# This output file may be truncated or incomplete.
#
#  Out of Memory Error (allocation.cpp:272), pid=11428, tid=0x00000000000028dc
#
# JRE version: Java(TM) SE Runtime Environment (8.0_251-b08) (build 1.8.0_251-b08)
# Java VM: Java HotSpot(TM) 64-Bit Server VM (25.251-b08 mixed mode windows-amd64 compressed oops)
# Failed to write core dump. Minidumps are not enabled by default on client versions of Windows
#

---------------  T H R E A D  ---------------

Current thread (0x0000000023d6e000):  JavaThread "C1 CompilerThread3" daemon [_thread_in_native, id=10460, stack(0x00000000246f0000,0x00000000247f0000)]

Stack: [0x00000000246f0000,0x00000000247f0000]
[error occurred during error reporting (printing stack bounds), id 0xc0000005]

Native frames: (J=compiled Java code, j=interpreted, Vv=VM code, C=native code)


Current CompileTask:
C1:1083790 44225       3       vazkii.neat.HealthBarRenderer::renderHealthBar (1856 bytes)


---------------  P R O C E S S  ---------------

Java Threads: ( => current thread )
  0x000000002636b800 JavaThread "Chunk Batcher 11" daemon [_thread_in_Java, id=13732, stack(0x0000000068a50000,0x0000000068b50000)]
  0x000000002636b000 JavaThread "Chunk Batcher 10" daemon [_thread_in_Java, id=11828, stack(0x0000000068950000,0x0000000068a50000)]
  0x0000000026363800 JavaThread "Chunk Batcher 9" daemon [_thread_blocked, id=1580, stack(0x0000000068850000,0x0000000068950000)]
  0x0000000026362000 JavaThread "Chunk Batcher 8" daemon [_thread_blocked, id=11144, stack(0x0000000068750000,0x0000000068850000)]
  0x000000002635f800 JavaThread "Chunk Batcher 7" daemon [_thread_in_Java, id=6488, stack(0x0000000067610000,0x0000000067710000)]
  0x0000000040b24800 JavaThread "Chunk Batcher 6" daemon [_thread_in_Java, id=7292, stack(0x0000000067510000,0x0000000067610000)]
  0x0000000040b27800 JavaThread "Netty Server IO #1" daemon [_thread_in_native, id=12112, stack(0x0000000066f10000,0x0000000067010000)]
  0x0000000040b23000 JavaThread "Netty Local Client IO #0" daemon [_thread_blocked, id=16072, stack(0x0000000066e10000,0x0000000066f10000)]
  0x0000000040b26800 JavaThread "Netty Server IO #0" daemon [_thread_in_native, id=14784, stack(0x000000003a580000,0x000000003a680000)]
  0x0000000040b25000 JavaThread "AE Compass Service" [_thread_blocked, id=11996, stack(0x0000000063b90000,0x0000000063c90000)]
  0x0000000040b19000 JavaThread "Timer-0" [_thread_blocked, id=10100, stack(0x0000000063890000,0x0000000063990000)]
  0x0000000040b1e800 JavaThread "Server thread" [_thread_in_Java, id=6352, stack(0x0000000063790000,0x0000000063890000)]
  0x0000000040b1d800 JavaThread "Snooper Timer" daemon [_thread_blocked, id=7832, stack(0x0000000000110000,0x0000000000210000)]
  0x0000000040b1a800 JavaThread "Netty Client IO #2" daemon [_thread_in_native, id=9024, stack(0x00000000543d0000,0x00000000544d0000)]
  0x0000000040b1d000 JavaThread "Server Pinger #1" daemon [_thread_blocked, id=15084, stack(0x0000000000210000,0x0000000000310000)]
  0x0000000026365000 JavaThread "Narrator" daemon [_thread_blocked, id=2008, stack(0x0000000000010000,0x0000000000110000)]
  0x0000000024eb6000 JavaThread "ModelCleanupTimer" daemon [_thread_blocked, id=11120, stack(0x000000004ec90000,0x000000004ed90000)]
  0x0000000024eba800 JavaThread "Netty Client IO #1" daemon [_thread_in_native, id=11716, stack(0x000000005c290000,0x000000005c390000)]
  0x0000000024eb9800 JavaThread "threadDeathWatcher-2-1" daemon [_thread_blocked, id=5720, stack(0x0000000059810000,0x0000000059910000)]
  0x0000000024eb8000 JavaThread "Netty Client IO #0" daemon [_thread_in_native, id=13028, stack(0x0000000056fd0000,0x00000000570d0000)]
  0x0000000024eaf000 JavaThread "Server Pinger #0" daemon [_thread_blocked, id=10728, stack(0x0000000052a90000,0x0000000052b90000)]
  0x0000000024eb6800 JavaThread "Narrator" daemon [_thread_blocked, id=15692, stack(0x000000004b5c0000,0x000000004b6c0000)]
  0x0000000024eae800 JavaThread "ResearchIOThread" daemon [_thread_blocked, id=7040, stack(0x0000000044450000,0x0000000044550000)]
  0x0000000024eb0000 JavaThread "Ender IO Scheduler" [_thread_blocked, id=7548, stack(0x000000004b4c0000,0x000000004b5c0000)]
  0x000000002524a000 JavaThread "Thread-25" [_thread_blocked, id=11284, stack(0x000000004b0c0000,0x000000004b1c0000)]
  0x0000000025bf2000 JavaThread "Thread-12" [_thread_blocked, id=260, stack(0x0000000071c20000,0x0000000071d20000)]
  0x0000000025bf6800 JavaThread "Thread-11" [_thread_blocked, id=3312, stack(0x0000000071b20000,0x0000000071c20000)]
  0x0000000025bf5800 JavaThread "File IO Thread" [_thread_in_Java, id=12028, stack(0x000000003a7f0000,0x000000003a8f0000)]
  0x0000000025bf5000 JavaThread "I18n-download-info-Thread" [_thread_blocked, id=5716, stack(0x000000002a800000,0x000000002a900000)]
  0x0000000025249000 JavaThread "LWJGL Timer" daemon [_thread_blocked, id=5304, stack(0x00000000369b0000,0x0000000036ab0000)]
  0x0000000025247800 JavaThread "Java2D Disposer" daemon [_thread_blocked, id=15816, stack(0x000000002cbe0000,0x000000002cce0000)]
  0x0000000025246000 JavaThread "Timer hack thread" daemon [_thread_blocked, id=940, stack(0x000000002c660000,0x000000002c760000)]
  0x0000000025247000 JavaThread "Snooper Timer" daemon [_thread_blocked, id=16296, stack(0x000000002aee0000,0x000000002afe0000)]
  0x000000002485e800 JavaThread "Service Thread" daemon [_thread_blocked, id=10776, stack(0x0000000024bf0000,0x0000000024cf0000)]
=>0x0000000023d6e000 JavaThread "C1 CompilerThread3" daemon [_thread_in_native, id=10460, stack(0x00000000246f0000,0x00000000247f0000)]
  0x0000000023d69800 JavaThread "C2 CompilerThread2" daemon [_thread_in_native, id=2124, stack(0x00000000245f0000,0x00000000246f0000)]
  0x0000000023d68800 JavaThread "C2 CompilerThread1" daemon [_thread_in_native, id=3048, stack(0x00000000244f0000,0x00000000245f0000)]
  0x0000000023d67000 JavaThread "C2 CompilerThread0" daemon [_thread_in_native, id=7276, stack(0x00000000243f0000,0x00000000244f0000)]
  0x0000000023d66000 JavaThread "Attach Listener" daemon [_thread_blocked, id=2476, stack(0x00000000242f0000,0x00000000243f0000)]
  0x0000000023d4e000 JavaThread "Signal Dispatcher" daemon [_thread_blocked, id=12736, stack(0x00000000241f0000,0x00000000242f0000)]
  0x0000000023d4d800 JavaThread "Surrogate Locker Thread (Concurrent GC)" daemon [_thread_blocked, id=13288, stack(0x00000000240f0000,0x00000000241f0000)]
  0x0000000023ce3800 JavaThread "Finalizer" daemon [_thread_blocked, id=13648, stack(0x0000000023f90000,0x0000000024090000)]
  0x0000000023cdc800 JavaThread "Reference Handler" daemon [_thread_blocked, id=10540, stack(0x0000000023e90000,0x0000000023f90000)]
  0x0000000002a65800 JavaThread "Client thread" [_thread_in_native, id=9272, stack(0x0000000002960000,0x0000000002a60000)]

Other Threads:
  0x0000000023cd4800 VMThread [stack: 0x0000000023d90000,0x0000000023e90000] [id=12972]
  0x000000002487d000 WatcherThread [stack: 0x0000000024cf0000,0x0000000024df0000] [id=7348]

VM state:not at safepoint (normal execution)

VM Mutex/Monitor currently owned by a thread: None

heap address: 0x0000000687000000, size: 5008 MB, Compressed Oops mode: Zero based, Oop shift amount: 3
Narrow klass base: 0x0000000000000000, Narrow klass shift: 3
Compressed class space size: 1073741824 Address: 0x00000007c0000000

Heap:
 garbage-first heap   total 5128192K, used 3049618K [0x0000000687000000, 0x00000006880009c8, 0x00000007c0000000)
  region size 16384K, 4 young (65536K), 1 survivors (16384K)
 Metaspace       used 213817K, capacity 221957K, committed 222204K, reserved 1236992K
  class space    used 32755K, capacity 34732K, committed 34816K, reserved 1048576K

Heap Regions: (Y=young(eden), SU=young(survivor), HS=humongous(starts), HC=humongous(continues), CS=collection set, F=free, TS=gc time stamp, PTAMS=previous top-at-mark-start, NTAMS=next top-at-mark-start)
AC   0  O    TS     0 PTAMS 0x0000000687ffd658 NTAMS 0x0000000687ffd658 space 16384K,  99% used [0x0000000687000000, 0x0000000688000000)
AC   0 HS    TS     0 PTAMS 0x0000000689000010 NTAMS 0x0000000689000010 space 32768K,  50% used [0x0000000688000000, 0x000000068a000000)
AC   0 HC    TS     0 PTAMS 0x0000000689000000 NTAMS 0x0000000689000000 space 16384K,   0% used [0x0000000689000000, 0x000000068a000000)
AC   0  O    TS     0 PTAMS 0x000000068afffff8 NTAMS 0x000000068afffff8 space 16384K,  99% used [0x000000068a000000, 0x000000068b000000)
AC   0  O    TS     0 PTAMS 0x000000068bfffca0 NTAMS 0x000000068bfffca0 space 16384K,  99% used [0x000000068b000000, 0x000000068c000000)
AC   0  O    TS     0 PTAMS 0x000000068cfffff0 NTAMS 0x000000068cfffff0 space 16384K,  99% used [0x000000068c000000, 0x000000068d000000)
AC   0  O    TS     0 PTAMS 0x000000068e000000 NTAMS 0x000000068e000000 space 16384K, 100% used [0x000000068d000000, 0x000000068e000000)
AC   0  O    TS     0 PTAMS 0x000000068f000000 NTAMS 0x000000068f000000 space 16384K, 100% used [0x000000068e000000, 0x000000068f000000)
AC   0  O    TS     0 PTAMS 0x000000068ffffff8 NTAMS 0x000000068ffffff8 space 16384K,  99% used [0x000000068f000000, 0x0000000690000000)
AC   0  O    TS     0 PTAMS 0x0000000691000000 NTAMS 0x0000000691000000 space 16384K, 100% used [0x0000000690000000, 0x0000000691000000)
AC   0  O    TS     0 PTAMS 0x0000000691fffff0 NTAMS 0x0000000691fffff0 space 16384K,  99% used [0x0000000691000000, 0x0000000692000000)
AC   0  O    TS     0 PTAMS 0x0000000693000000 NTAMS 0x0000000693000000 space 16384K, 100% used [0x0000000692000000, 0x0000000693000000)
AC   0  O    TS     0 PTAMS 0x0000000693ffffe8 NTAMS 0x0000000693ffffe8 space 16384K,  99% used [0x0000000693000000, 0x0000000694000000)
AC   0  O    TS     0 PTAMS 0x0000000694fffff8 NTAMS 0x0000000694fffff8 space 16384K,  99% used [0x0000000694000000, 0x0000000695000000)
AC   0  O    TS     0 PTAMS 0x0000000695ffffd0 NTAMS 0x0000000695ffffd0 space 16384K,  99% used [0x0000000695000000, 0x0000000696000000)
AC   0  O    TS     0 PTAMS 0x0000000696fffff0 NTAMS 0x0000000696fffff0 space 16384K,  99% used [0x0000000696000000, 0x0000000697000000)
AC   0  O    TS     0 PTAMS 0x0000000697ffffb8 NTAMS 0x0000000697ffffb8 space 16384K,  99% used [0x0000000697000000, 0x0000000698000000)
AC   0  O    TS     0 PTAMS 0x0000000699000000 NTAMS 0x0000000699000000 space 16384K, 100% used [0x0000000698000000, 0x0000000699000000)
AC   0  O    TS     0 PTAMS 0x000000069a000000 NTAMS 0x000000069a000000 space 16384K, 100% used [0x0000000699000000, 0x000000069a000000)
AC   0  O    TS     0 PTAMS 0x000000069afffff8 NTAMS 0x000000069afffff8 space 16384K,  99% used [0x000000069a000000, 0x000000069b000000)
AC   0  O    TS     0 PTAMS 0x000000069bfffff0 NTAMS 0x000000069bfffff0 space 16384K,  99% used [0x000000069b000000, 0x000000069c000000)
AC   0  O    TS     0 PTAMS 0x000000069d000000 NTAMS 0x000000069d000000 space 16384K, 100% used [0x000000069c000000, 0x000000069d000000)
AC   0  O    TS     0 PTAMS 0x000000069dfffff8 NTAMS 0x000000069dfffff8 space 16384K,  99% used [0x000000069d000000, 0x000000069e000000)
AC   0  O    TS     0 PTAMS 0x000000069efffff8 NTAMS 0x000000069efffff8 space 16384K,  99% used [0x000000069e000000, 0x000000069f000000)
AC   0  O    TS     0 PTAMS 0x000000069ffffff8 NTAMS 0x000000069ffffff8 space 16384K,  99% used [0x000000069f000000, 0x00000006a0000000)
AC   0  O    TS     0 PTAMS 0x00000006a0fffff8 NTAMS 0x00000006a0fffff8 space 16384K,  99% used [0x00000006a0000000, 0x00000006a1000000)
AC   0  O    TS     0 PTAMS 0x00000006a1ffffe8 NTAMS 0x00000006a1ffffe8 space 16384K,  99% used [0x00000006a1000000, 0x00000006a2000000)
AC   0  O    TS     0 PTAMS 0x00000006a2fffd88 NTAMS 0x00000006a2fffd88 space 16384K,  99% used [0x00000006a2000000, 0x00000006a3000000)
AC   0  O    TS     0 PTAMS 0x00000006a3ffffe0 NTAMS 0x00000006a3ffffe0 space 16384K,  99% used [0x00000006a3000000, 0x00000006a4000000)
AC   0  O    TS     0 PTAMS 0x00000006a4fffff8 NTAMS 0x00000006a4fffff8 space 16384K,  99% used [0x00000006a4000000, 0x00000006a5000000)
AC   0  O    TS     0 PTAMS 0x00000006a5ffffe8 NTAMS 0x00000006a5ffffe8 space 16384K,  99% used [0x00000006a5000000, 0x00000006a6000000)
AC   0  O    TS     0 PTAMS 0x00000006a6fffff8 NTAMS 0x00000006a6fffff8 space 16384K,  99% used [0x00000006a6000000, 0x00000006a7000000)
AC   0  O    TS     0 PTAMS 0x00000006a7fffff8 NTAMS 0x00000006a7fffff8 space 16384K,  99% used [0x00000006a7000000, 0x00000006a8000000)
AC   0  O    TS     0 PTAMS 0x00000006a8ffe958 NTAMS 0x00000006a8ffe958 space 16384K,  99% used [0x00000006a8000000, 0x00000006a9000000)
AC   0  O    TS     0 PTAMS 0x00000006a9ffffc8 NTAMS 0x00000006a9ffffc8 space 16384K,  99% used [0x00000006a9000000, 0x00000006aa000000)
AC   0  O    TS     0 PTAMS 0x00000006aafffff0 NTAMS 0x00000006aafffff0 space 16384K,  99% used [0x00000006aa000000, 0x00000006ab000000)
AC   0  O    TS     0 PTAMS 0x00000006abfffff8 NTAMS 0x00000006abfffff8 space 16384K,  99% used [0x00000006ab000000, 0x00000006ac000000)
AC   0  O    TS     0 PTAMS 0x00000006acfffff8 NTAMS 0x00000006acfffff8 space 16384K,  99% used [0x00000006ac000000, 0x00000006ad000000)
AC   0  O    TS     0 PTAMS 0x00000006adffffe8 NTAMS 0x00000006adffffe8 space 16384K,  99% used [0x00000006ad000000, 0x00000006ae000000)
AC   0  O    TS     0 PTAMS 0x00000006aefffff0 NTAMS 0x00000006aefffff0 space 16384K,  99% used [0x00000006ae000000, 0x00000006af000000)
AC   0  O    TS     0 PTAMS 0x00000006b0000000 NTAMS 0x00000006b0000000 space 16384K, 100% used [0x00000006af000000, 0x00000006b0000000)
AC   0  O    TS     0 PTAMS 0x00000006b0ffb0e0 NTAMS 0x00000006b0ffb0e0 space 16384K,  99% used [0x00000006b0000000, 0x00000006b1000000)
AC   0  O    TS     0 PTAMS 0x00000006b1fffff0 NTAMS 0x00000006b1fffff0 space 16384K,  99% used [0x00000006b1000000, 0x00000006b2000000)
AC   0  O    TS     0 PTAMS 0x00000006b2fffff0 NTAMS 0x00000006b2fffff0 space 16384K,  99% used [0x00000006b2000000, 0x00000006b3000000)
AC   0  O    TS     0 PTAMS 0x00000006b3ffffe0 NTAMS 0x00000006b3ffffe0 space 16384K,  99% used [0x00000006b3000000, 0x00000006b4000000)
AC   0  O    TS     0 PTAMS 0x00000006b4ffe8c0 NTAMS 0x00000006b4ffe8c0 space 16384K,  99% used [0x00000006b4000000, 0x00000006b5000000)
AC   0  O    TS     0 PTAMS 0x00000006b5fffff8 NTAMS 0x00000006b5fffff8 space 16384K,  99% used [0x00000006b5000000, 0x00000006b6000000)
AC   0  O    TS     0 PTAMS 0x00000006b7000000 NTAMS 0x00000006b7000000 space 16384K, 100% used [0x00000006b6000000, 0x00000006b7000000)
AC   0  O    TS     0 PTAMS 0x00000006b7ffead0 NTAMS 0x00000006b7ffead0 space 16384K,  99% used [0x00000006b7000000, 0x00000006b8000000)
AC   0  O    TS     0 PTAMS 0x00000006b8ffffd0 NTAMS 0x00000006b8ffffd0 space 16384K,  99% used [0x00000006b8000000, 0x00000006b9000000)
AC   0  O    TS     0 PTAMS 0x00000006ba000000 NTAMS 0x00000006ba000000 space 16384K, 100% used [0x00000006b9000000, 0x00000006ba000000)
AC   0  O    TS     0 PTAMS 0x00000006bafffff0 NTAMS 0x00000006bafffff0 space 16384K,  99% used [0x00000006ba000000, 0x00000006bb000000)
AC   0  O    TS     0 PTAMS 0x00000006bbffffe0 NTAMS 0x00000006bbffffe0 space 16384K,  99% used [0x00000006bb000000, 0x00000006bc000000)
AC   0  O    TS     0 PTAMS 0x00000006bcffffa0 NTAMS 0x00000006bcffffa0 space 16384K,  99% used [0x00000006bc000000, 0x00000006bd000000)
AC   0  O    TS     0 PTAMS 0x00000006be000000 NTAMS 0x00000006be000000 space 16384K, 100% used [0x00000006bd000000, 0x00000006be000000)
AC   0  O    TS     0 PTAMS 0x00000006bf000000 NTAMS 0x00000006bf000000 space 16384K, 100% used [0x00000006be000000, 0x00000006bf000000)
AC   0  O    TS     0 PTAMS 0x00000006bffffff0 NTAMS 0x00000006bffffff0 space 16384K,  99% used [0x00000006bf000000, 0x00000006c0000000)
AC   0  O    TS     0 PTAMS 0x00000006c1000000 NTAMS 0x00000006c1000000 space 16384K, 100% used [0x00000006c0000000, 0x00000006c1000000)
AC   0  O    TS     0 PTAMS 0x00000006c1ffff90 NTAMS 0x00000006c1ffff90 space 16384K,  99% used [0x00000006c1000000, 0x00000006c2000000)
AC   0  O    TS     0 PTAMS 0x00000006c2fffbe8 NTAMS 0x00000006c2fffbe8 space 16384K,  99% used [0x00000006c2000000, 0x00000006c3000000)
AC   0  O    TS     0 PTAMS 0x00000006c3ffffe0 NTAMS 0x00000006c3ffffe0 space 16384K,  99% used [0x00000006c3000000, 0x00000006c4000000)
AC   0  O    TS     0 PTAMS 0x00000006c4fffff8 NTAMS 0x00000006c4fffff8 space 16384K,  99% used [0x00000006c4000000, 0x00000006c5000000)
AC   0  O    TS     0 PTAMS 0x00000006c5ffc6c8 NTAMS 0x00000006c5ffc6c8 space 16384K,  99% used [0x00000006c5000000, 0x00000006c6000000)
AC   0  O    TS     0 PTAMS 0x00000006c6ffffe8 NTAMS 0x00000006c6ffffe8 space 16384K,  99% used [0x00000006c6000000, 0x00000006c7000000)
AC   0  O    TS     0 PTAMS 0x00000006c7ffffa0 NTAMS 0x00000006c7ffffa0 space 16384K,  99% used [0x00000006c7000000, 0x00000006c8000000)
AC   0  O    TS     0 PTAMS 0x00000006c9000000 NTAMS 0x00000006c9000000 space 16384K, 100% used [0x00000006c8000000, 0x00000006c9000000)
AC   0  O    TS     0 PTAMS 0x00000006c9fffff0 NTAMS 0x00000006c9fffff0 space 16384K,  99% used [0x00000006c9000000, 0x00000006ca000000)
AC   0  O    TS     0 PTAMS 0x00000006cafffff0 NTAMS 0x00000006cafffff0 space 16384K,  99% used [0x00000006ca000000, 0x00000006cb000000)
AC   0  O    TS     0 PTAMS 0x00000006cbfffdf0 NTAMS 0x00000006cbfffdf0 space 16384K,  99% used [0x00000006cb000000, 0x00000006cc000000)
AC   0  O    TS     0 PTAMS 0x00000006ccfffff0 NTAMS 0x00000006ccfffff0 space 16384K,  99% used [0x00000006cc000000, 0x00000006cd000000)
AC   0  O    TS     0 PTAMS 0x00000006ce000000 NTAMS 0x00000006ce000000 space 16384K, 100% used [0x00000006cd000000, 0x00000006ce000000)
AC   0  O    TS     0 PTAMS 0x00000006cefffff0 NTAMS 0x00000006cefffff0 space 16384K,  99% used [0x00000006ce000000, 0x00000006cf000000)
AC   0  O    TS     0 PTAMS 0x00000006d0000000 NTAMS 0x00000006d0000000 space 16384K, 100% used [0x00000006cf000000, 0x00000006d0000000)
AC   0  O    TS     0 PTAMS 0x00000006d0fffff8 NTAMS 0x00000006d0fffff8 space 16384K,  99% used [0x00000006d0000000, 0x00000006d1000000)
AC   0  O    TS     0 PTAMS 0x00000006d1fffff8 NTAMS 0x00000006d1fffff8 space 16384K,  99% used [0x00000006d1000000, 0x00000006d2000000)
AC   0  O    TS     0 PTAMS 0x00000006d2ffffe8 NTAMS 0x00000006d2ffffe8 space 16384K,  99% used [0x00000006d2000000, 0x00000006d3000000)
AC   0  O    TS     0 PTAMS 0x00000006d3fffff8 NTAMS 0x00000006d3fffff8 space 16384K,  99% used [0x00000006d3000000, 0x00000006d4000000)
AC   0  O    TS     0 PTAMS 0x00000006d4fffff0 NTAMS 0x00000006d4fffff0 space 16384K,  99% used [0x00000006d4000000, 0x00000006d5000000)
AC   0  O    TS     0 PTAMS 0x00000006d5fffff8 NTAMS 0x00000006d5fffff8 space 16384K,  99% used [0x00000006d5000000, 0x00000006d6000000)
AC   0  O    TS     0 PTAMS 0x00000006d6ffffe0 NTAMS 0x00000006d6ffffe0 space 16384K,  99% used [0x00000006d6000000, 0x00000006d7000000)
AC   0  O    TS     0 PTAMS 0x00000006d7ffffb8 NTAMS 0x00000006d7ffffb8 space 16384K,  99% used [0x00000006d7000000, 0x00000006d8000000)
AC   0  O    TS     0 PTAMS 0x00000006d8ffffe0 NTAMS 0x00000006d8ffffe0 space 16384K,  99% used [0x00000006d8000000, 0x00000006d9000000)
AC   0  O    TS     0 PTAMS 0x00000006d9fffc10 NTAMS 0x00000006d9fffc10 space 16384K,  99% used [0x00000006d9000000, 0x00000006da000000)
AC   0  O    TS     0 PTAMS 0x00000006db000000 NTAMS 0x00000006db000000 space 16384K, 100% used [0x00000006da000000, 0x00000006db000000)
AC   0  O    TS     0 PTAMS 0x00000006dc000000 NTAMS 0x00000006dc000000 space 16384K, 100% used [0x00000006db000000, 0x00000006dc000000)
AC   0  O    TS     0 PTAMS 0x00000006dcffffd0 NTAMS 0x00000006dcffffd0 space 16384K,  99% used [0x00000006dc000000, 0x00000006dd000000)
AC   0  O    TS     0 PTAMS 0x00000006de000000 NTAMS 0x00000006de000000 space 16384K, 100% used [0x00000006dd000000, 0x00000006de000000)
AC   0  O    TS     0 PTAMS 0x00000006deffffc8 NTAMS 0x00000006deffffc8 space 16384K,  99% used [0x00000006de000000, 0x00000006df000000)
AC   0  O    TS     0 PTAMS 0x00000006dffffff0 NTAMS 0x00000006dffffff0 space 16384K,  99% used [0x00000006df000000, 0x00000006e0000000)
AC   0  O    TS     0 PTAMS 0x00000006e0feed88 NTAMS 0x00000006e0feed88 space 16384K,  99% used [0x00000006e0000000, 0x00000006e1000000)
AC   0  O    TS     0 PTAMS 0x00000006e1fff320 NTAMS 0x00000006e1fff320 space 16384K,  99% used [0x00000006e1000000, 0x00000006e2000000)
AC   0  O    TS     0 PTAMS 0x00000006e2ffffe8 NTAMS 0x00000006e2ffffe8 space 16384K,  99% used [0x00000006e2000000, 0x00000006e3000000)
AC   0  O    TS     0 PTAMS 0x00000006e4000000 NTAMS 0x00000006e4000000 space 16384K, 100% used [0x00000006e3000000, 0x00000006e4000000)
AC   0  O    TS     0 PTAMS 0x00000006e4ffffe8 NTAMS 0x00000006e4ffffe8 space 16384K,  99% used [0x00000006e4000000, 0x00000006e5000000)
AC   0  O    TS     0 PTAMS 0x00000006e5ffff08 NTAMS 0x00000006e5ffff08 space 16384K,  99% used [0x00000006e5000000, 0x00000006e6000000)
AC   0  O    TS     0 PTAMS 0x00000006e7000000 NTAMS 0x00000006e7000000 space 16384K, 100% used [0x00000006e6000000, 0x00000006e7000000)
AC   0  O    TS     0 PTAMS 0x00000006e7ff6448 NTAMS 0x00000006e7ff6448 space 16384K,  99% used [0x00000006e7000000, 0x00000006e8000000)
AC   0  O    TS     0 PTAMS 0x00000006e8fff068 NTAMS 0x00000006e8fff068 space 16384K,  99% used [0x00000006e8000000, 0x00000006e9000000)
AC   0  O    TS     0 PTAMS 0x00000006e9fffff0 NTAMS 0x00000006e9fffff0 space 16384K,  99% used [0x00000006e9000000, 0x00000006ea000000)
AC   0  O    TS     0 PTAMS 0x00000006eaffffb0 NTAMS 0x00000006eaffffb0 space 16384K,  99% used [0x00000006ea000000, 0x00000006eb000000)
AC   0  O    TS     0 PTAMS 0x00000006ebfffff0 NTAMS 0x00000006ebfffff0 space 16384K,  99% used [0x00000006eb000000, 0x00000006ec000000)
AC   0  O    TS     0 PTAMS 0x00000006ecffffd8 NTAMS 0x00000006ecffffd8 space 16384K,  99% used [0x00000006ec000000, 0x00000006ed000000)
AC   0  O    TS     0 PTAMS 0x00000006ee000000 NTAMS 0x00000006ee000000 space 16384K, 100% used [0x00000006ed000000, 0x00000006ee000000)
AC   0  O    TS     0 PTAMS 0x00000006eefffff8 NTAMS 0x00000006eefffff8 space 16384K,  99% used [0x00000006ee000000, 0x00000006ef000000)
AC   0  O    TS     0 PTAMS 0x00000006effffff8 NTAMS 0x00000006effffff8 space 16384K,  99% used [0x00000006ef000000, 0x00000006f0000000)
AC   0  O    TS     0 PTAMS 0x00000006f0fffff8 NTAMS 0x00000006f0fffff8 space 16384K,  99% used [0x00000006f0000000, 0x00000006f1000000)
AC   0  O    TS     0 PTAMS 0x00000006f1fffff8 NTAMS 0x00000006f1fffff8 space 16384K,  99% used [0x00000006f1000000, 0x00000006f2000000)
AC   0  O    TS     0 PTAMS 0x00000006f3000000 NTAMS 0x00000006f3000000 space 16384K, 100% used [0x00000006f2000000, 0x00000006f3000000)
AC   0  O    TS     0 PTAMS 0x00000006f3fc9e20 NTAMS 0x00000006f3fc9e20 space 16384K,  98% used [0x00000006f3000000, 0x00000006f4000000)
AC   0  O    TS     0 PTAMS 0x00000006f4fffff8 NTAMS 0x00000006f4fffff8 space 16384K,  99% used [0x00000006f4000000, 0x00000006f5000000)
AC   0  O    TS     0 PTAMS 0x00000006f6000000 NTAMS 0x00000006f6000000 space 16384K, 100% used [0x00000006f5000000, 0x00000006f6000000)
AC   0  O    TS     0 PTAMS 0x00000006f6fffeb0 NTAMS 0x00000006f6fffeb0 space 16384K,  99% used [0x00000006f6000000, 0x00000006f7000000)
AC   0  O    TS     0 PTAMS 0x00000006f8000000 NTAMS 0x00000006f8000000 space 16384K, 100% used [0x00000006f7000000, 0x00000006f8000000)
AC   0  O    TS     0 PTAMS 0x00000006f9000000 NTAMS 0x00000006f9000000 space 16384K, 100% used [0x00000006f8000000, 0x00000006f9000000)
AC   0  O    TS     0 PTAMS 0x00000006fa000000 NTAMS 0x00000006fa000000 space 16384K, 100% used [0x00000006f9000000, 0x00000006fa000000)
AC   0  O    TS     0 PTAMS 0x00000006fb000000 NTAMS 0x00000006fb000000 space 16384K, 100% used [0x00000006fa000000, 0x00000006fb000000)
AC   0  O    TS     0 PTAMS 0x00000006fbffffe0 NTAMS 0x00000006fbffffe0 space 16384K,  99% used [0x00000006fb000000, 0x00000006fc000000)
AC   0  O    TS     0 PTAMS 0x00000006fcfffff0 NTAMS 0x00000006fcfffff0 space 16384K,  99% used [0x00000006fc000000, 0x00000006fd000000)
AC   0  O    TS     0 PTAMS 0x00000006fdfffff8 NTAMS 0x00000006fdfffff8 space 16384K,  99% used [0x00000006fd000000, 0x00000006fe000000)
AC   0  O    TS     0 PTAMS 0x00000006ff000000 NTAMS 0x00000006ff000000 space 16384K, 100% used [0x00000006fe000000, 0x00000006ff000000)
AC   0  O    TS     0 PTAMS 0x00000006fffffff0 NTAMS 0x00000006fffffff0 space 16384K,  99% used [0x00000006ff000000, 0x0000000700000000)
AC   0  O    TS     0 PTAMS 0x0000000700fffff0 NTAMS 0x0000000700fffff0 space 16384K,  99% used [0x0000000700000000, 0x0000000701000000)
AC   0  O    TS     0 PTAMS 0x0000000701fffff0 NTAMS 0x0000000701fffff0 space 16384K,  99% used [0x0000000701000000, 0x0000000702000000)
AC   0  O    TS     0 PTAMS 0x0000000703000000 NTAMS 0x0000000703000000 space 16384K, 100% used [0x0000000702000000, 0x0000000703000000)
AC   0  O    TS     0 PTAMS 0x0000000703fffff0 NTAMS 0x0000000703fffff0 space 16384K,  99% used [0x0000000703000000, 0x0000000704000000)
AC   0  O    TS     0 PTAMS 0x0000000704fffff8 NTAMS 0x0000000704fffff8 space 16384K,  99% used [0x0000000704000000, 0x0000000705000000)
AC   0  O    TS     0 PTAMS 0x0000000706000000 NTAMS 0x0000000706000000 space 16384K, 100% used [0x0000000705000000, 0x0000000706000000)
AC   0  O    TS     0 PTAMS 0x0000000706fffff0 NTAMS 0x0000000706fffff0 space 16384K,  99% used [0x0000000706000000, 0x0000000707000000)
AC   0  O    TS     0 PTAMS 0x0000000708000000 NTAMS 0x0000000708000000 space 16384K, 100% used [0x0000000707000000, 0x0000000708000000)
AC   0  O    TS     0 PTAMS 0x0000000708fffff8 NTAMS 0x0000000708fffff8 space 16384K,  99% used [0x0000000708000000, 0x0000000709000000)
AC   0  O    TS     0 PTAMS 0x0000000709fffff0 NTAMS 0x0000000709fffff0 space 16384K,  99% used [0x0000000709000000, 0x000000070a000000)
AC   0  O    TS     0 PTAMS 0x000000070afffff8 NTAMS 0x000000070afffff8 space 16384K,  99% used [0x000000070a000000, 0x000000070b000000)
AC   0  O    TS     0 PTAMS 0x000000070bffff98 NTAMS 0x000000070bffff98 space 16384K,  99% used [0x000000070b000000, 0x000000070c000000)
AC   0  O    TS     0 PTAMS 0x000000070cffffe8 NTAMS 0x000000070cffffe8 space 16384K,  99% used [0x000000070c000000, 0x000000070d000000)
AC   0  O    TS     0 PTAMS 0x000000070dfffff8 NTAMS 0x000000070dfffff8 space 16384K,  99% used [0x000000070d000000, 0x000000070e000000)
AC   0  O    TS     0 PTAMS 0x000000070effffe0 NTAMS 0x000000070effffe0 space 16384K,  99% used [0x000000070e000000, 0x000000070f000000)
AC   0  O    TS     0 PTAMS 0x000000070fffffe0 NTAMS 0x000000070fffffe0 space 16384K,  99% used [0x000000070f000000, 0x0000000710000000)
AC   0  O    TS     0 PTAMS 0x0000000710fffff0 NTAMS 0x0000000710fffff0 space 16384K,  99% used [0x0000000710000000, 0x0000000711000000)
AC   0  O    TS     0 PTAMS 0x0000000711fffff0 NTAMS 0x0000000711fffff0 space 16384K,  99% used [0x0000000711000000, 0x0000000712000000)
AC   0  O    TS     0 PTAMS 0x0000000712fff848 NTAMS 0x0000000712fff848 space 16384K,  99% used [0x0000000712000000, 0x0000000713000000)
AC   0  O    TS     0 PTAMS 0x0000000713fffff0 NTAMS 0x0000000713fffff0 space 16384K,  99% used [0x0000000713000000, 0x0000000714000000)
AC   0  O    TS     0 PTAMS 0x0000000714fffff8 NTAMS 0x0000000714fffff8 space 16384K,  99% used [0x0000000714000000, 0x0000000715000000)
AC   0  O    TS     0 PTAMS 0x0000000715ffffd8 NTAMS 0x0000000715ffffd8 space 16384K,  99% used [0x0000000715000000, 0x0000000716000000)
AC   0  O    TS     0 PTAMS 0x0000000716ffffd8 NTAMS 0x0000000716ffffd8 space 16384K,  99% used [0x0000000716000000, 0x0000000717000000)
AC   0  O    TS     0 PTAMS 0x0000000717ffffe8 NTAMS 0x0000000717ffffe8 space 16384K,  99% used [0x0000000717000000, 0x0000000718000000)
AC   0  O    TS     0 PTAMS 0x0000000718ffffe0 NTAMS 0x0000000718ffffe0 space 16384K,  99% used [0x0000000718000000, 0x0000000719000000)
AC   0  O    TS     0 PTAMS 0x0000000719fffff8 NTAMS 0x0000000719fffff8 space 16384K,  99% used [0x0000000719000000, 0x000000071a000000)
AC   0  O    TS     0 PTAMS 0x000000071affffd0 NTAMS 0x000000071affffd0 space 16384K,  99% used [0x000000071a000000, 0x000000071b000000)
AC   0  O    TS     0 PTAMS 0x000000071bfffff0 NTAMS 0x000000071bfffff0 space 16384K,  99% used [0x000000071b000000, 0x000000071c000000)
AC   0  O    TS     0 PTAMS 0x000000071d000000 NTAMS 0x000000071d000000 space 16384K, 100% used [0x000000071c000000, 0x000000071d000000)
AC   0  O    TS     0 PTAMS 0x000000071dffffc0 NTAMS 0x000000071dffffc0 space 16384K,  99% used [0x000000071d000000, 0x000000071e000000)
AC   0  O    TS     0 PTAMS 0x000000071f000000 NTAMS 0x000000071f000000 space 16384K, 100% used [0x000000071e000000, 0x000000071f000000)
AC   0  O    TS     0 PTAMS 0x000000071fffffd8 NTAMS 0x000000071fffffd8 space 16384K,  99% used [0x000000071f000000, 0x0000000720000000)
AC   0  O    TS     0 PTAMS 0x0000000720ffff18 NTAMS 0x0000000720ffff18 space 16384K,  99% used [0x0000000720000000, 0x0000000721000000)
AC   0  O    TS     0 PTAMS 0x0000000721fc4590 NTAMS 0x0000000721fc4590 space 16384K,  98% used [0x0000000721000000, 0x0000000722000000)
AC   0  O    TS     0 PTAMS 0x0000000722ffe2a8 NTAMS 0x0000000722ffe2a8 space 16384K,  99% used [0x0000000722000000, 0x0000000723000000)
AC   0  O    TS     0 PTAMS 0x0000000723ffff70 NTAMS 0x0000000723ffff70 space 16384K,  99% used [0x0000000723000000, 0x0000000724000000)
AC   0  O    TS     0 PTAMS 0x0000000724fff888 NTAMS 0x0000000724fff888 space 16384K,  99% used [0x0000000724000000, 0x0000000725000000)
AC   0  O    TS     0 PTAMS 0x0000000725fffff8 NTAMS 0x0000000725fffff8 space 16384K,  99% used [0x0000000725000000, 0x0000000726000000)
AC   0  O    TS     0 PTAMS 0x0000000726fffff8 NTAMS 0x0000000726fffff8 space 16384K,  99% used [0x0000000726000000, 0x0000000727000000)
AC   0  O    TS     0 PTAMS 0x0000000728000000 NTAMS 0x0000000728000000 space 16384K, 100% used [0x0000000727000000, 0x0000000728000000)
AC   0  O    TS     0 PTAMS 0x0000000728fffff8 NTAMS 0x0000000728fffff8 space 16384K,  99% used [0x0000000728000000, 0x0000000729000000)
AC   0  O    TS     0 PTAMS 0x0000000729fffff0 NTAMS 0x0000000729fffff0 space 16384K,  99% used [0x0000000729000000, 0x000000072a000000)
AC   0  O    TS     0 PTAMS 0x000000072afffff8 NTAMS 0x000000072afffff8 space 16384K,  99% used [0x000000072a000000, 0x000000072b000000)
AC   0  O    TS     0 PTAMS 0x000000072c000000 NTAMS 0x000000072c000000 space 16384K, 100% used [0x000000072b000000, 0x000000072c000000)
AC   0  O    TS     0 PTAMS 0x000000072cfffff0 NTAMS 0x000000072cfffff0 space 16384K,  99% used [0x000000072c000000, 0x000000072d000000)
AC   0  O    TS     0 PTAMS 0x000000072e000000 NTAMS 0x000000072e000000 space 16384K, 100% used [0x000000072d000000, 0x000000072e000000)
AC   0  O    TS     0 PTAMS 0x000000072efffa28 NTAMS 0x000000072efffa28 space 16384K,  99% used [0x000000072e000000, 0x000000072f000000)
AC   0  O    TS     0 PTAMS 0x000000072ffffdd8 NTAMS 0x000000072ffffdd8 space 16384K,  99% used [0x000000072f000000, 0x0000000730000000)
AC   0  O    TS     0 PTAMS 0x0000000730ffffe0 NTAMS 0x0000000730ffffe0 space 16384K,  99% used [0x0000000730000000, 0x0000000731000000)
AC   0  O    TS     0 PTAMS 0x0000000731ffffa0 NTAMS 0x0000000731ffffa0 space 16384K,  99% used [0x0000000731000000, 0x0000000732000000)
AC   0  O    TS     0 PTAMS 0x0000000732313fe8 NTAMS 0x0000000732313fe8 space 16384K,  19% used [0x0000000732000000, 0x0000000733000000)
AC   0  O    TS     0 PTAMS 0x0000000734000000 NTAMS 0x0000000734000000 space 16384K, 100% used [0x0000000733000000, 0x0000000734000000)
AC   0  O    TS     0 PTAMS 0x0000000735000000 NTAMS 0x0000000735000000 space 16384K, 100% used [0x0000000734000000, 0x0000000735000000)
AC   0  O    TS     0 PTAMS 0x0000000736000000 NTAMS 0x0000000736000000 space 16384K, 100% used [0x0000000735000000, 0x0000000736000000)
AC   0  O    TS     0 PTAMS 0x0000000737000000 NTAMS 0x0000000737000000 space 16384K, 100% used [0x0000000736000000, 0x0000000737000000)
AC   0  O    TS     0 PTAMS 0x0000000738000000 NTAMS 0x0000000738000000 space 16384K, 100% used [0x0000000737000000, 0x0000000738000000)
AC   0  O    TS     0 PTAMS 0x0000000739000000 NTAMS 0x0000000739000000 space 16384K, 100% used [0x0000000738000000, 0x0000000739000000)
AC   0  O    TS     0 PTAMS 0x000000073a000000 NTAMS 0x000000073a000000 space 16384K, 100% used [0x0000000739000000, 0x000000073a000000)
AC   0  O    TS     0 PTAMS 0x000000073b000000 NTAMS 0x000000073b000000 space 16384K, 100% used [0x000000073a000000, 0x000000073b000000)
AC   0  O    TS     0 PTAMS 0x000000073c000000 NTAMS 0x000000073c000000 space 16384K, 100% used [0x000000073b000000, 0x000000073c000000)
AC   0  O    TS     0 PTAMS 0x000000073d000000 NTAMS 0x000000073d000000 space 16384K, 100% used [0x000000073c000000, 0x000000073d000000)
AC   0  F    TS     0 PTAMS 0x000000073d000000 NTAMS 0x000000073d000000 space 16384K,   0% used [0x000000073d000000, 0x000000073e000000)
AC   0  O    TS     0 PTAMS 0x000000073f000000 NTAMS 0x000000073f000000 space 16384K, 100% used [0x000000073e000000, 0x000000073f000000)
AC   0  O    TS     0 PTAMS 0x0000000740000000 NTAMS 0x0000000740000000 space 16384K, 100% used [0x000000073f000000, 0x0000000740000000)
AC   0  O    TS     0 PTAMS 0x0000000741000000 NTAMS 0x0000000741000000 space 16384K, 100% used [0x0000000740000000, 0x0000000741000000)
AC   0  O    TS    15 PTAMS 0x00000007413d5600 NTAMS 0x0000000741486000 space 16384K,  70% used [0x0000000741000000, 0x0000000742000000)
AC   0  F    TS     0 PTAMS 0x0000000742000000 NTAMS 0x0000000742000000 space 16384K,   0% used [0x0000000742000000, 0x0000000743000000)
AC   0  F    TS     0 PTAMS 0x0000000743000000 NTAMS 0x0000000743000000 space 16384K,   0% used [0x0000000743000000, 0x0000000744000000)
AC   0  F    TS     0 PTAMS 0x0000000744000000 NTAMS 0x0000000744000000 space 16384K,   0% used [0x0000000744000000, 0x0000000745000000)
AC   0  F    TS     0 PTAMS 0x0000000745000000 NTAMS 0x0000000745000000 space 16384K,   0% used [0x0000000745000000, 0x0000000746000000)
AC   0  F    TS     0 PTAMS 0x0000000746000000 NTAMS 0x0000000746000000 space 16384K,   0% used [0x0000000746000000, 0x0000000747000000)
AC   0  F    TS     0 PTAMS 0x0000000747000000 NTAMS 0x0000000747000000 space 16384K,   0% used [0x0000000747000000, 0x0000000748000000)
AC   0  F    TS     0 PTAMS 0x0000000748000000 NTAMS 0x0000000748000000 space 16384K,   0% used [0x0000000748000000, 0x0000000749000000)
AC   0  F    TS     0 PTAMS 0x0000000749000000 NTAMS 0x0000000749000000 space 16384K,   0% used [0x0000000749000000, 0x000000074a000000)
AC   0  F    TS     0 PTAMS 0x000000074a000000 NTAMS 0x000000074a000000 space 16384K,   0% used [0x000000074a000000, 0x000000074b000000)
AC   0  F    TS     0 PTAMS 0x000000074b000000 NTAMS 0x000000074b000000 space 16384K,   0% used [0x000000074b000000, 0x000000074c000000)
AC   0  F    TS     0 PTAMS 0x000000074c000000 NTAMS 0x000000074c000000 space 16384K,   0% used [0x000000074c000000, 0x000000074d000000)
AC   0  F    TS     0 PTAMS 0x000000074d000000 NTAMS 0x000000074d000000 space 16384K,   0% used [0x000000074d000000, 0x000000074e000000)
AC   0  F    TS     0 PTAMS 0x000000074e000000 NTAMS 0x000000074e000000 space 16384K,   0% used [0x000000074e000000, 0x000000074f000000)
AC   0  F    TS     0 PTAMS 0x000000074f000000 NTAMS 0x000000074f000000 space 16384K,   0% used [0x000000074f000000, 0x0000000750000000)
AC   0  F    TS     0 PTAMS 0x0000000750000000 NTAMS 0x0000000750000000 space 16384K,   0% used [0x0000000750000000, 0x0000000751000000)
AC   0  F    TS     0 PTAMS 0x0000000751000000 NTAMS 0x0000000751000000 space 16384K,   0% used [0x0000000751000000, 0x0000000752000000)
AC   0  F    TS     0 PTAMS 0x0000000752000000 NTAMS 0x0000000752000000 space 16384K,   0% used [0x0000000752000000, 0x0000000753000000)
AC   0  F    TS     0 PTAMS 0x0000000753000000 NTAMS 0x0000000753000000 space 16384K,   0% used [0x0000000753000000, 0x0000000754000000)
AC   0  F    TS     0 PTAMS 0x0000000754000000 NTAMS 0x0000000754000000 space 16384K,   0% used [0x0000000754000000, 0x0000000755000000)
AC   0  F    TS     0 PTAMS 0x0000000755000000 NTAMS 0x0000000755000000 space 16384K,   0% used [0x0000000755000000, 0x0000000756000000)
AC   0  F    TS     0 PTAMS 0x0000000756000000 NTAMS 0x0000000756000000 space 16384K,   0% used [0x0000000756000000, 0x0000000757000000)
AC   0  F    TS     0 PTAMS 0x0000000757000000 NTAMS 0x0000000757000000 space 16384K,   0% used [0x0000000757000000, 0x0000000758000000)
AC   0  F    TS     0 PTAMS 0x0000000758000000 NTAMS 0x0000000758000000 space 16384K,   0% used [0x0000000758000000, 0x0000000759000000)
AC   0  F    TS     0 PTAMS 0x0000000759000000 NTAMS 0x0000000759000000 space 16384K,   0% used [0x0000000759000000, 0x000000075a000000)
AC   0  F    TS     0 PTAMS 0x000000075a000000 NTAMS 0x000000075a000000 space 16384K,   0% used [0x000000075a000000, 0x000000075b000000)
AC   0  F    TS     0 PTAMS 0x000000075b000000 NTAMS 0x000000075b000000 space 16384K,   0% used [0x000000075b000000, 0x000000075c000000)
AC   0  F    TS     0 PTAMS 0x000000075c000000 NTAMS 0x000000075c000000 space 16384K,   0% used [0x000000075c000000, 0x000000075d000000)
AC   0  F    TS     0 PTAMS 0x000000075d000000 NTAMS 0x000000075d000000 space 16384K,   0% used [0x000000075d000000, 0x000000075e000000)
AC   0  F    TS     0 PTAMS 0x000000075e000000 NTAMS 0x000000075e000000 space 16384K,   0% used [0x000000075e000000, 0x000000075f000000)
AC   0  F    TS     0 PTAMS 0x000000075f000000 NTAMS 0x000000075f000000 space 16384K,   0% used [0x000000075f000000, 0x0000000760000000)
AC   0  F    TS     0 PTAMS 0x0000000760000000 NTAMS 0x0000000760000000 space 16384K,   0% used [0x0000000760000000, 0x0000000761000000)
AC   0  F    TS     0 PTAMS 0x0000000761000000 NTAMS 0x0000000761000000 space 16384K,   0% used [0x0000000761000000, 0x0000000762000000)
AC   0  F    TS     0 PTAMS 0x0000000762000000 NTAMS 0x0000000762000000 space 16384K,   0% used [0x0000000762000000, 0x0000000763000000)
AC   0  F    TS     0 PTAMS 0x0000000763000000 NTAMS 0x0000000763000000 space 16384K,   0% used [0x0000000763000000, 0x0000000764000000)
AC   0  F    TS     0 PTAMS 0x0000000764000000 NTAMS 0x0000000764000000 space 16384K,   0% used [0x0000000764000000, 0x0000000765000000)
AC   0  F    TS     0 PTAMS 0x0000000765000000 NTAMS 0x0000000765000000 space 16384K,   0% used [0x0000000765000000, 0x0000000766000000)
AC   0  F    TS     0 PTAMS 0x0000000766000000 NTAMS 0x0000000766000000 space 16384K,   0% used [0x0000000766000000, 0x0000000767000000)
AC   0  F    TS     0 PTAMS 0x0000000767000000 NTAMS 0x0000000767000000 space 16384K,   0% used [0x0000000767000000, 0x0000000768000000)
AC   0  F    TS     0 PTAMS 0x0000000768000000 NTAMS 0x0000000768000000 space 16384K,   0% used [0x0000000768000000, 0x0000000769000000)
AC   0  F    TS     0 PTAMS 0x0000000769000000 NTAMS 0x0000000769000000 space 16384K,   0% used [0x0000000769000000, 0x000000076a000000)
AC   0  F    TS     0 PTAMS 0x000000076a000000 NTAMS 0x000000076a000000 space 16384K,   0% used [0x000000076a000000, 0x000000076b000000)
AC   0  F    TS     0 PTAMS 0x000000076b000000 NTAMS 0x000000076b000000 space 16384K,   0% used [0x000000076b000000, 0x000000076c000000)
AC   0  F    TS     0 PTAMS 0x000000076c000000 NTAMS 0x000000076c000000 space 16384K,   0% used [0x000000076c000000, 0x000000076d000000)
AC   0  F    TS     0 PTAMS 0x000000076d000000 NTAMS 0x000000076d000000 space 16384K,   0% used [0x000000076d000000, 0x000000076e000000)
AC   0  F    TS     0 PTAMS 0x000000076e000000 NTAMS 0x000000076e000000 space 16384K,   0% used [0x000000076e000000, 0x000000076f000000)
AC   0  F    TS     0 PTAMS 0x000000076f000000 NTAMS 0x000000076f000000 space 16384K,   0% used [0x000000076f000000, 0x0000000770000000)
AC   0  F    TS     0 PTAMS 0x0000000770000000 NTAMS 0x0000000770000000 space 16384K,   0% used [0x0000000770000000, 0x0000000771000000)
AC   0  F    TS     0 PTAMS 0x0000000771000000 NTAMS 0x0000000771000000 space 16384K,   0% used [0x0000000771000000, 0x0000000772000000)
AC   0  F    TS     0 PTAMS 0x0000000772000000 NTAMS 0x0000000772000000 space 16384K,   0% used [0x0000000772000000, 0x0000000773000000)
AC   0  F    TS     0 PTAMS 0x0000000773000000 NTAMS 0x0000000773000000 space 16384K,   0% used [0x0000000773000000, 0x0000000774000000)
AC   0  F    TS     0 PTAMS 0x0000000774000000 NTAMS 0x0000000774000000 space 16384K,   0% used [0x0000000774000000, 0x0000000775000000)
AC   0  F    TS     0 PTAMS 0x0000000775000000 NTAMS 0x0000000775000000 space 16384K,   0% used [0x0000000775000000, 0x0000000776000000)
AC   0  F    TS     0 PTAMS 0x0000000776000000 NTAMS 0x0000000776000000 space 16384K,   0% used [0x0000000776000000, 0x0000000777000000)
AC   0  F    TS     0 PTAMS 0x0000000777000000 NTAMS 0x0000000777000000 space 16384K,   0% used [0x0000000777000000, 0x0000000778000000)
AC   0  F    TS     0 PTAMS 0x0000000778000000 NTAMS 0x0000000778000000 space 16384K,   0% used [0x0000000778000000, 0x0000000779000000)
AC   0  F    TS     0 PTAMS 0x0000000779000000 NTAMS 0x0000000779000000 space 16384K,   0% used [0x0000000779000000, 0x000000077a000000)
AC   0  F    TS     0 PTAMS 0x000000077a000000 NTAMS 0x000000077a000000 space 16384K,   0% used [0x000000077a000000, 0x000000077b000000)
AC   0  F    TS     0 PTAMS 0x000000077b000000 NTAMS 0x000000077b000000 space 16384K,   0% used [0x000000077b000000, 0x000000077c000000)
AC   0  F    TS     0 PTAMS 0x000000077c000000 NTAMS 0x000000077c000000 space 16384K,   0% used [0x000000077c000000, 0x000000077d000000)
AC   0  F    TS     0 PTAMS 0x000000077d000000 NTAMS 0x000000077d000000 space 16384K,   0% used [0x000000077d000000, 0x000000077e000000)
AC   0  F    TS     0 PTAMS 0x000000077e000000 NTAMS 0x000000077e000000 space 16384K,   0% used [0x000000077e000000, 0x000000077f000000)
AC   0  F    TS     0 PTAMS 0x000000077f000000 NTAMS 0x000000077f000000 space 16384K,   0% used [0x000000077f000000, 0x0000000780000000)
AC   0  F    TS     0 PTAMS 0x0000000780000000 NTAMS 0x0000000780000000 space 16384K,   0% used [0x0000000780000000, 0x0000000781000000)
AC   0  F    TS     0 PTAMS 0x0000000781000000 NTAMS 0x0000000781000000 space 16384K,   0% used [0x0000000781000000, 0x0000000782000000)
AC   0  F    TS     0 PTAMS 0x0000000782000000 NTAMS 0x0000000782000000 space 16384K,   0% used [0x0000000782000000, 0x0000000783000000)
AC   0  F    TS     0 PTAMS 0x0000000783000000 NTAMS 0x0000000783000000 space 16384K,   0% used [0x0000000783000000, 0x0000000784000000)
AC   0  F    TS     0 PTAMS 0x0000000784000000 NTAMS 0x0000000784000000 space 16384K,   0% used [0x0000000784000000, 0x0000000785000000)
AC   0  F    TS     0 PTAMS 0x0000000785000000 NTAMS 0x0000000785000000 space 16384K,   0% used [0x0000000785000000, 0x0000000786000000)
AC   0  F    TS     0 PTAMS 0x0000000786000000 NTAMS 0x0000000786000000 space 16384K,   0% used [0x0000000786000000, 0x0000000787000000)
AC   0  F    TS     0 PTAMS 0x0000000787000000 NTAMS 0x0000000787000000 space 16384K,   0% used [0x0000000787000000, 0x0000000788000000)
AC   0  F    TS     0 PTAMS 0x0000000788000000 NTAMS 0x0000000788000000 space 16384K,   0% used [0x0000000788000000, 0x0000000789000000)
AC   0  F    TS     0 PTAMS 0x0000000789000000 NTAMS 0x0000000789000000 space 16384K,   0% used [0x0000000789000000, 0x000000078a000000)
AC   0  F    TS     0 PTAMS 0x000000078a000000 NTAMS 0x000000078a000000 space 16384K,   0% used [0x000000078a000000, 0x000000078b000000)
AC   0  F    TS     0 PTAMS 0x000000078b000000 NTAMS 0x000000078b000000 space 16384K,   0% used [0x000000078b000000, 0x000000078c000000)
AC   0  F    TS     0 PTAMS 0x000000078c000000 NTAMS 0x000000078c000000 space 16384K,   0% used [0x000000078c000000, 0x000000078d000000)
AC   0  F    TS     0 PTAMS 0x000000078d000000 NTAMS 0x000000078d000000 space 16384K,   0% used [0x000000078d000000, 0x000000078e000000)
AC   0  F    TS     0 PTAMS 0x000000078e000000 NTAMS 0x000000078e000000 space 16384K,   0% used [0x000000078e000000, 0x000000078f000000)
AC   0  F    TS     0 PTAMS 0x000000078f000000 NTAMS 0x000000078f000000 space 16384K,   0% used [0x000000078f000000, 0x0000000790000000)
AC   0  F    TS     0 PTAMS 0x0000000790000000 NTAMS 0x0000000790000000 space 16384K,   0% used [0x0000000790000000, 0x0000000791000000)
AC   0  F    TS     0 PTAMS 0x0000000791000000 NTAMS 0x0000000791000000 space 16384K,   0% used [0x0000000791000000, 0x0000000792000000)
AC   0  F    TS     0 PTAMS 0x0000000792000000 NTAMS 0x0000000792000000 space 16384K,   0% used [0x0000000792000000, 0x0000000793000000)
AC   0  F    TS     0 PTAMS 0x0000000793000000 NTAMS 0x0000000793000000 space 16384K,   0% used [0x0000000793000000, 0x0000000794000000)
AC   0  F    TS     0 PTAMS 0x0000000794000000 NTAMS 0x0000000794000000 space 16384K,   0% used [0x0000000794000000, 0x0000000795000000)
AC   0  F    TS     0 PTAMS 0x0000000795000000 NTAMS 0x0000000795000000 space 16384K,   0% used [0x0000000795000000, 0x0000000796000000)
AC   0  F    TS     0 PTAMS 0x0000000796000000 NTAMS 0x0000000796000000 space 16384K,   0% used [0x0000000796000000, 0x0000000797000000)
AC   0  F    TS     0 PTAMS 0x0000000797000000 NTAMS 0x0000000797000000 space 16384K,   0% used [0x0000000797000000, 0x0000000798000000)
AC   0  F    TS     0 PTAMS 0x0000000798000000 NTAMS 0x0000000798000000 space 16384K,   0% used [0x0000000798000000, 0x0000000799000000)
AC   0  F    TS     0 PTAMS 0x0000000799000000 NTAMS 0x0000000799000000 space 16384K,   0% used [0x0000000799000000, 0x000000079a000000)
AC   0  F    TS     0 PTAMS 0x000000079a000000 NTAMS 0x000000079a000000 space 16384K,   0% used [0x000000079a000000, 0x000000079b000000)
AC   0  F    TS     0 PTAMS 0x000000079b000000 NTAMS 0x000000079b000000 space 16384K,   0% used [0x000000079b000000, 0x000000079c000000)
AC   0  F    TS     0 PTAMS 0x000000079c000000 NTAMS 0x000000079c000000 space 16384K,   0% used [0x000000079c000000, 0x000000079d000000)
AC   0  F    TS     0 PTAMS 0x000000079d000000 NTAMS 0x000000079d000000 space 16384K,   0% used [0x000000079d000000, 0x000000079e000000)
AC   0  F    TS     0 PTAMS 0x000000079e000000 NTAMS 0x000000079e000000 space 16384K,   0% used [0x000000079e000000, 0x000000079f000000)
AC   0  F    TS     0 PTAMS 0x000000079f000000 NTAMS 0x000000079f000000 space 16384K,   0% used [0x000000079f000000, 0x00000007a0000000)
AC   0  F    TS     0 PTAMS 0x00000007a0000000 NTAMS 0x00000007a0000000 space 16384K,   0% used [0x00000007a0000000, 0x00000007a1000000)
AC   0  F    TS     0 PTAMS 0x00000007a1000000 NTAMS 0x00000007a1000000 space 16384K,   0% used [0x00000007a1000000, 0x00000007a2000000)
AC   0  F    TS     0 PTAMS 0x00000007a2000000 NTAMS 0x00000007a2000000 space 16384K,   0% used [0x00000007a2000000, 0x00000007a3000000)
AC   0  F    TS     0 PTAMS 0x00000007a3000000 NTAMS 0x00000007a3000000 space 16384K,   0% used [0x00000007a3000000, 0x00000007a4000000)
AC   0  F    TS     0 PTAMS 0x00000007a4000000 NTAMS 0x00000007a4000000 space 16384K,   0% used [0x00000007a4000000, 0x00000007a5000000)
AC   0  F    TS     0 PTAMS 0x00000007a5000000 NTAMS 0x00000007a5000000 space 16384K,   0% used [0x00000007a5000000, 0x00000007a6000000)
AC   0  F    TS     0 PTAMS 0x00000007a6000000 NTAMS 0x00000007a6000000 space 16384K,   0% used [0x00000007a6000000, 0x00000007a7000000)
AC   0  F    TS     0 PTAMS 0x00000007a7000000 NTAMS 0x00000007a7000000 space 16384K,   0% used [0x00000007a7000000, 0x00000007a8000000)
AC   0  F    TS     0 PTAMS 0x00000007a8000000 NTAMS 0x00000007a8000000 space 16384K,   0% used [0x00000007a8000000, 0x00000007a9000000)
AC   0  F    TS     0 PTAMS 0x00000007a9000000 NTAMS 0x00000007a9000000 space 16384K,   0% used [0x00000007a9000000, 0x00000007aa000000)
AC   0  F    TS     0 PTAMS 0x00000007aa000000 NTAMS 0x00000007aa000000 space 16384K,   0% used [0x00000007aa000000, 0x00000007ab000000)
AC   0  F    TS     0 PTAMS 0x00000007ab000000 NTAMS 0x00000007ab000000 space 16384K,   0% used [0x00000007ab000000, 0x00000007ac000000)
AC   0  F    TS     0 PTAMS 0x00000007ac000000 NTAMS 0x00000007ac000000 space 16384K,   0% used [0x00000007ac000000, 0x00000007ad000000)
AC   0  F    TS     0 PTAMS 0x00000007ad000000 NTAMS 0x00000007ad000000 space 16384K,   0% used [0x00000007ad000000, 0x00000007ae000000)
AC   0  F    TS     0 PTAMS 0x00000007ae000000 NTAMS 0x00000007ae000000 space 16384K,   0% used [0x00000007ae000000, 0x00000007af000000)
AC   0  F    TS     0 PTAMS 0x00000007af000000 NTAMS 0x00000007af000000 space 16384K,   0% used [0x00000007af000000, 0x00000007b0000000)
AC   0  F    TS     0 PTAMS 0x00000007b0000000 NTAMS 0x00000007b0000000 space 16384K,   0% used [0x00000007b0000000, 0x00000007b1000000)
AC   0  F    TS     0 PTAMS 0x00000007b1000000 NTAMS 0x00000007b1000000 space 16384K,   0% used [0x00000007b1000000, 0x00000007b2000000)
AC   0  F    TS     0 PTAMS 0x00000007b2000000 NTAMS 0x00000007b2000000 space 16384K,   0% used [0x00000007b2000000, 0x00000007b3000000)
AC   0  F    TS     0 PTAMS 0x00000007b3000000 NTAMS 0x00000007b3000000 space 16384K,   0% used [0x00000007b3000000, 0x00000007b4000000)
AC   0  F    TS     0 PTAMS 0x00000007b4000000 NTAMS 0x00000007b4000000 space 16384K,   0% used [0x00000007b4000000, 0x00000007b5000000)
AC   0  F    TS     0 PTAMS 0x00000007b5000000 NTAMS 0x00000007b5000000 space 16384K,   0% used [0x00000007b5000000, 0x00000007b6000000)
AC   0  F    TS     0 PTAMS 0x00000007b6000000 NTAMS 0x00000007b6000000 space 16384K,   0% used [0x00000007b6000000, 0x00000007b7000000)
AC   0  F    TS    13 PTAMS 0x00000007b7000000 NTAMS 0x00000007b7000000 space 16384K,   0% used [0x00000007b7000000, 0x00000007b8000000)
AC   0  S CS TS    15 PTAMS 0x00000007b8000000 NTAMS 0x00000007b8000000 space 16384K,  27% used [0x00000007b8000000, 0x00000007b9000000)
AC   0  F    TS     0 PTAMS 0x00000007b9000000 NTAMS 0x00000007b9000000 space 16384K,   0% used [0x00000007b9000000, 0x00000007ba000000)
AC   0  F    TS     0 PTAMS 0x00000007ba000000 NTAMS 0x00000007ba000000 space 16384K,   0% used [0x00000007ba000000, 0x00000007bb000000)
AC   0  F    TS     0 PTAMS 0x00000007bb000000 NTAMS 0x00000007bb000000 space 16384K,   0% used [0x00000007bb000000, 0x00000007bc000000)
AC   0  F    TS     0 PTAMS 0x00000007bc000000 NTAMS 0x00000007bc000000 space 16384K,   0% used [0x00000007bc000000, 0x00000007bd000000)
AC   0  E    TS     0 PTAMS 0x00000007bd000000 NTAMS 0x00000007bd000000 space 16384K,  34% used [0x00000007bd000000, 0x00000007be000000)
AC   0  E CS TS     0 PTAMS 0x00000007be000000 NTAMS 0x00000007be000000 space 16384K, 100% used [0x00000007be000000, 0x00000007bf000000)
AC   0  E CS TS     0 PTAMS 0x00000007bf000000 NTAMS 0x00000007bf000000 space 16384K, 100% used [0x00000007bf000000, 0x00000007c0000000)

Card table byte_map: [0x0000000014c40000,0x0000000015610000] byte_map_base: 0x0000000011808000

Marking Bits (Prev, Next): (CMBitMap*) 0x0000000002acf3a0, (CMBitMap*) 0x0000000002acf348
 Prev Bits: [0x000000001ae20000, 0x000000001fc60000)
 Next Bits: [0x0000000015fe0000, 0x000000001ae20000)

Polling page: 0x0000000000740000

CodeCache: size=245760Kb used=119841Kb max_used=119861Kb free=125918Kb
 bounds [0x0000000002b60000, 0x000000000a120000, 0x0000000011b60000]
 total_blobs=29413 nmethods=27751 adapters=1571
 compilation: enabled

Compilation events (10 events):
Event: 1083.626 Thread 0x0000000023d6e000 nmethod 44219 0x000000000a0e4610 code [0x000000000a0e47a0, 0x000000000a0e4b28]
Event: 1083.626 Thread 0x0000000023d6e000 44220       3       net.unladenswallow.minecraft.autofish.events.EventListener::func_72703_a (33 bytes)
Event: 1083.627 Thread 0x0000000023d6e000 nmethod 44220 0x000000000a0e4090 code [0x000000000a0e4200, 0x000000000a0e4528]
Event: 1083.627 Thread 0x0000000023d6e000 44221       3       net.minecraft.client.renderer.RenderGlobal::func_72703_a (20 bytes)
Event: 1083.629 Thread 0x0000000023d6e000 nmethod 44221 0x000000000a0e3ad0 code [0x000000000a0e3c40, 0x000000000a0e3f48]
Event: 1083.629 Thread 0x0000000023d6e000 44222       3       net.optifine.DynamicLights::entityAdded (1 bytes)
Event: 1083.629 Thread 0x0000000023d6e000 nmethod 44222 0x0000000009da7310 code [0x0000000009da7460, 0x0000000009da7590]
Event: 1083.639 Thread 0x0000000023d69800 nmethod 44212 0x000000000a114690 code [0x000000000a114a80, 0x000000000a116d70]
Event: 1083.640 Thread 0x0000000023d69800 44218 % !   4       net.minecraft.client.renderer.chunk.RenderChunk::func_178581_b @ 343 (846 bytes)
Event: 1083.743 Thread 0x0000000023d6e000 44225       3       vazkii.neat.HealthBarRenderer::renderHealthBar (1856 bytes)

GC Heap History (10 events):
Event: 1082.166 GC heap before
{Heap before GC invocations=987 (full 6):
 garbage-first heap   total 5128192K, used 3127501K [0x0000000687000000, 0x00000006880009c8, 0x00000007c0000000)
  region size 16384K, 8 young (131072K), 1 survivors (16384K)
 Metaspace       used 213807K, capacity 221957K, committed 222204K, reserved 1236992K
  class space    used 32755K, capacity 34732K, committed 34816K, reserved 1048576K
Event: 1082.180 GC heap after
Heap after GC invocations=988 (full 6):
 garbage-first heap   total 5128192K, used 3015003K [0x0000000687000000, 0x00000006880009c8, 0x00000007c0000000)
  region size 16384K, 1 young (16384K), 1 survivors (16384K)
 Metaspace       used 213807K, capacity 221957K, committed 222204K, reserved 1236992K
  class space    used 32755K, capacity 34732K, committed 34816K, reserved 1048576K
}
Event: 1082.525 GC heap before
{Heap before GC invocations=988 (full 6):
 garbage-first heap   total 5128192K, used 3129691K [0x0000000687000000, 0x00000006880009c8, 0x00000007c0000000)
  region size 16384K, 8 young (131072K), 1 survivors (16384K)
 Metaspace       used 213807K, capacity 221957K, committed 222204K, reserved 1236992K
  class space    used 32755K, capacity 34732K, committed 34816K, reserved 1048576K
Event: 1082.533 GC heap after
Heap after GC invocations=989 (full 6):
 garbage-first heap   total 5128192K, used 3017847K [0x0000000687000000, 0x00000006880009c8, 0x00000007c0000000)
  region size 16384K, 1 young (16384K), 1 survivors (16384K)
 Metaspace       used 213807K, capacity 221957K, committed 222204K, reserved 1236992K
  class space    used 32755K, capacity 34732K, committed 34816K, reserved 1048576K
}
Event: 1082.755 GC heap before
{Heap before GC invocations=989 (full 6):
 garbage-first heap   total 5128192K, used 3132535K [0x0000000687000000, 0x00000006880009c8, 0x00000007c0000000)
  region size 16384K, 8 young (131072K), 1 survivors (16384K)
 Metaspace       used 213807K, capacity 221957K, committed 222204K, reserved 1236992K
  class space    used 32755K, capacity 34732K, committed 34816K, reserved 1048576K
Event: 1082.765 GC heap after
Heap after GC invocations=990 (full 6):
 garbage-first heap   total 5128192K, used 3018912K [0x0000000687000000, 0x00000006880009c8, 0x00000007c0000000)
  region size 16384K, 1 young (16384K), 1 survivors (16384K)
 Metaspace       used 213807K, capacity 221957K, committed 222204K, reserved 1236992K
  class space    used 32755K, capacity 34732K, committed 34816K, reserved 1048576K
}
Event: 1083.236 GC heap before
{Heap before GC invocations=990 (full 6):
 garbage-first heap   total 5128192K, used 3133600K [0x0000000687000000, 0x00000006880009c8, 0x00000007c0000000)
  region size 16384K, 8 young (131072K), 1 survivors (16384K)
 Metaspace       used 213807K, capacity 221957K, committed 222204K, reserved 1236992K
  class space    used 32755K, capacity 34732K, committed 34816K, reserved 1048576K
Event: 1083.246 GC heap after
Heap after GC invocations=991 (full 6):
 garbage-first heap   total 5128192K, used 3021934K [0x0000000687000000, 0x00000006880009c8, 0x00000007c0000000)
  region size 16384K, 1 young (16384K), 1 survivors (16384K)
 Metaspace       used 213807K, capacity 221957K, committed 222204K, reserved 1236992K
  class space    used 32755K, capacity 34732K, committed 34816K, reserved 1048576K
}
Event: 1083.648 GC heap before
{Heap before GC invocations=991 (full 6):
 garbage-first heap   total 5128192K, used 3136622K [0x0000000687000000, 0x00000006880009c8, 0x00000007c0000000)
  region size 16384K, 8 young (131072K), 1 survivors (16384K)
 Metaspace       used 213817K, capacity 221957K, committed 222204K, reserved 1236992K
  class space    used 32755K, capacity 34732K, committed 34816K, reserved 1048576K
Event: 1083.656 GC heap after
Heap after GC invocations=992 (full 6):
 garbage-first heap   total 5128192K, used 3016850K [0x0000000687000000, 0x00000006880009c8, 0x00000007c0000000)
  region size 16384K, 1 young (16384K), 1 survivors (16384K)
 Metaspace       used 213817K, capacity 221957K, committed 222204K, reserved 1236992K
  class space    used 32755K, capacity 34732K, committed 34816K, reserved 1048576K
}

Deoptimization events (10 events):
Event: 1083.482 Thread 0x0000000040b1e800 Uncommon trap: reason=unstable_if action=reinterpret pc=0x0000000009cacca4 method=net.minecraft.server.management.PlayerChunkMap$3.computeNext()Lnet/minecraft/world/chunk/Chunk; @ 57
Event: 1083.482 Thread 0x0000000040b1e800 Uncommon trap: reason=unstable_if action=reinterpret pc=0x000000000510fdf8 method=net.minecraft.server.management.PlayerChunkMap$3.computeNext()Lnet/minecraft/world/chunk/Chunk; @ 57
Event: 1083.482 Thread 0x0000000040b1e800 Uncommon trap: reason=unstable_if action=reinterpret pc=0x00000000050ccb38 method=net.minecraft.server.management.PlayerChunkMap$3.computeNext()Lnet/minecraft/world/chunk/Chunk; @ 57
Event: 1083.553 Thread 0x0000000040b27800 Uncommon trap: reason=unstable_if action=reinterpret pc=0x00000000049d4fe0 method=io.netty.channel.nio.NioEventLoop.select(Z)V @ 122
Event: 1083.566 Thread 0x000000002636b800 Uncommon trap: reason=class_check action=maybe_recompile pc=0x00000000083c3bbc method=net.minecraft.world.ChunkCache.<init>(Lnet/minecraft/world/World;Lnet/minecraft/util/math/BlockPos;Lnet/minecraft/util/math/BlockPos;I)V @ 229
Event: 1083.586 Thread 0x000000002636b800 Uncommon trap: reason=class_check action=maybe_recompile pc=0x00000000083c3bbc method=net.minecraft.world.ChunkCache.<init>(Lnet/minecraft/world/World;Lnet/minecraft/util/math/BlockPos;Lnet/minecraft/util/math/BlockPos;I)V @ 229
Event: 1083.593 Thread 0x0000000026362000 Uncommon trap: reason=class_check action=maybe_recompile pc=0x00000000083c3bbc method=net.minecraft.world.ChunkCache.<init>(Lnet/minecraft/world/World;Lnet/minecraft/util/math/BlockPos;Lnet/minecraft/util/math/BlockPos;I)V @ 229
Event: 1083.603 Thread 0x0000000002a65800 Uncommon trap: reason=unstable_if action=reinterpret pc=0x00000000078d1120 method=net.minecraft.client.entity.EntityPlayerSP.func_175161_p()V @ 71
Event: 1083.616 Thread 0x0000000002a65800 Uncommon trap: reason=unstable_if action=reinterpret pc=0x0000000008d56858 method=net.minecraft.client.entity.EntityPlayerSP.func_70093_af()Z @ 14
Event: 1083.618 Thread 0x0000000002a65800 Uncommon trap: reason=unstable_if action=reinterpret pc=0x0000000008d3c55c method=net.minecraft.client.entity.EntityPlayerSP.func_70093_af()Z @ 14

Classes redefined (0 events):
No events

Internal exceptions (10 events):
Event: 1083.563 Thread 0x0000000025bf6800 Exception <a 'java/lang/InterruptedException': sleep interrupted> (0x00000007bbf047b0) thrown at [C:\jenkins\workspace\8-2-build-windows-amd64-cygwin\jdk8u251\737\hotspot\src\share\vm\prims\jvm.cpp, line 3336]
Event: 1083.578 Thread 0x0000000025bf6800 Exception <a 'java/lang/InterruptedException': sleep interrupted> (0x00000007bbf04a08) thrown at [C:\jenkins\workspace\8-2-build-windows-amd64-cygwin\jdk8u251\737\hotspot\src\share\vm\prims\jvm.cpp, line 3336]
Event: 1083.606 Thread 0x0000000025bf6800 Exception <a 'java/lang/InterruptedException': sleep interrupted> (0x00000007bbf04c60) thrown at [C:\jenkins\workspace\8-2-build-windows-amd64-cygwin\jdk8u251\737\hotspot\src\share\vm\prims\jvm.cpp, line 3336]
Event: 1083.626 Thread 0x0000000025bf6800 Exception <a 'java/lang/InterruptedException': sleep interrupted> (0x00000007bbf04eb8) thrown at [C:\jenkins\workspace\8-2-build-windows-amd64-cygwin\jdk8u251\737\hotspot\src\share\vm\prims\jvm.cpp, line 3336]
Event: 1083.666 Thread 0x0000000025bf6800 Exception <a 'java/lang/InterruptedException': sleep interrupted> (0x00000007bf3f7ab8) thrown at [C:\jenkins\workspace\8-2-build-windows-amd64-cygwin\jdk8u251\737\hotspot\src\share\vm\prims\jvm.cpp, line 3336]
Event: 1083.695 Thread 0x0000000025bf6800 Exception <a 'java/lang/InterruptedException': sleep interrupted> (0x00000007bf3f7d10) thrown at [C:\jenkins\workspace\8-2-build-windows-amd64-cygwin\jdk8u251\737\hotspot\src\share\vm\prims\jvm.cpp, line 3336]
Event: 1083.719 Thread 0x0000000025bf6800 Exception <a 'java/lang/InterruptedException': sleep interrupted> (0x00000007bf3f7f68) thrown at [C:\jenkins\workspace\8-2-build-windows-amd64-cygwin\jdk8u251\737\hotspot\src\share\vm\prims\jvm.cpp, line 3336]
Event: 1083.730 Thread 0x0000000025bf6800 Exception <a 'java/lang/InterruptedException': sleep interrupted> (0x00000007bf3f81c0) thrown at [C:\jenkins\workspace\8-2-build-windows-amd64-cygwin\jdk8u251\737\hotspot\src\share\vm\prims\jvm.cpp, line 3336]
Event: 1083.753 Thread 0x0000000025bf6800 Exception <a 'java/lang/InterruptedException': sleep interrupted> (0x00000007bedb79f8) thrown at [C:\jenkins\workspace\8-2-build-windows-amd64-cygwin\jdk8u251\737\hotspot\src\share\vm\prims\jvm.cpp, line 3336]
Event: 1083.768 Thread 0x0000000025bf6800 Exception <a 'java/lang/InterruptedException': sleep interrupted> (0x00000007bedb7c50) thrown at [C:\jenkins\workspace\8-2-build-windows-amd64-cygwin\jdk8u251\737\hotspot\src\share\vm\prims\jvm.cpp, line 3336]

Events (10 events):
Event: 1083.616 Thread 0x0000000002a65800 Uncommon trap: trap_request=0xffffff65 fr.pc=0x0000000008d56858
Event: 1083.616 Thread 0x0000000002a65800 DEOPT PACKING pc=0x0000000008d56858 sp=0x0000000002a5ded0
Event: 1083.616 Thread 0x0000000002a65800 DEOPT UNPACKING pc=0x0000000002ba583b sp=0x0000000002a5dc78 mode 2
Event: 1083.618 Thread 0x0000000002a65800 Uncommon trap: trap_request=0xffffff65 fr.pc=0x0000000008d3c55c
Event: 1083.618 Thread 0x0000000002a65800 DEOPT PACKING pc=0x0000000008d3c55c sp=0x0000000002a5de90
Event: 1083.619 Thread 0x0000000002a65800 DEOPT UNPACKING pc=0x0000000002ba583b sp=0x0000000002a5de00 mode 2
Event: 1083.648 Executing VM operation: G1IncCollectionPause
Event: 1083.656 Executing VM operation: G1IncCollectionPause done
Event: 1083.701 Thread 0x0000000040b1e800 DEOPT PACKING pc=0x0000000009cf44ec sp=0x000000006388ea20
Event: 1083.701 Thread 0x0000000040b1e800 DEOPT UNPACKING pc=0x0000000002ba7890 sp=0x000000006388e920 mode 0


Dynamic libraries:
0x00007ff6e1e50000 - 0x00007ff6e1e87000 	C:\Program Files\Java\jdk1.8.0_251\jre\bin\java.exe
0x00007ffce31e0000 - 0x00007ffce33d0000 	C:\WINDOWS\SYSTEM32\ntdll.dll
0x00007ffce2c40000 - 0x00007ffce2cf2000 	C:\WINDOWS\System32\KERNEL32.DLL
0x00007ffce0fe0000 - 0x00007ffce1284000 	C:\WINDOWS\System32\KERNELBASE.dll
0x00007ffce2610000 - 0x00007ffce26b3000 	C:\WINDOWS\System32\ADVAPI32.dll
0x00007ffce2d00000 - 0x00007ffce2d9e000 	C:\WINDOWS\System32\msvcrt.dll
0x00007ffce1de0000 - 0x00007ffce1e77000 	C:\WINDOWS\System32\sechost.dll
0x00007ffce2fd0000 - 0x00007ffce30f0000 	C:\WINDOWS\System32\RPCRT4.dll
0x00007ffce1aa0000 - 0x00007ffce1c34000 	C:\WINDOWS\System32\USER32.dll
0x00007ffce0a50000 - 0x00007ffce0a71000 	C:\WINDOWS\System32\win32u.dll
0x00007ffce1e80000 - 0x00007ffce1ea6000 	C:\WINDOWS\System32\GDI32.dll
0x00007ffce0d20000 - 0x00007ffce0eb6000 	C:\WINDOWS\System32\gdi32full.dll
0x00007ffce0ef0000 - 0x00007ffce0f8e000 	C:\WINDOWS\System32\msvcp_win.dll
0x00007ffce0950000 - 0x00007ffce0a4a000 	C:\WINDOWS\System32\ucrtbase.dll
0x00007ffcd2420000 - 0x00007ffcd26a4000 	C:\WINDOWS\WinSxS\amd64_microsoft.windows.common-controls_6595b64144ccf1df_6.0.18362.959_none_e6c7bbbf130c62bb\COMCTL32.dll
0x00007ffce27e0000 - 0x00007ffce2b15000 	C:\WINDOWS\System32\combase.dll
0x00007ffce0a80000 - 0x00007ffce0b00000 	C:\WINDOWS\System32\bcryptPrimitives.dll
0x00007ffce27b0000 - 0x00007ffce27de000 	C:\WINDOWS\System32\IMM32.DLL
0x0000000061c70000 - 0x0000000061d42000 	C:\Program Files\Java\jdk1.8.0_251\jre\bin\msvcr100.dll
0x0000000060a40000 - 0x00000000612eb000 	C:\Program Files\Java\jdk1.8.0_251\jre\bin\server\jvm.dll
0x00007ffce1360000 - 0x00007ffce1368000 	C:\WINDOWS\System32\PSAPI.DLL
0x00007ffcd7d90000 - 0x00007ffcd7d9a000 	C:\WINDOWS\SYSTEM32\VERSION.dll
0x00007ffcc2950000 - 0x00007ffcc2959000 	C:\WINDOWS\SYSTEM32\WSOCK32.dll
0x00007ffcdddb0000 - 0x00007ffcdddd4000 	C:\WINDOWS\SYSTEM32\WINMM.dll
0x00007ffce25a0000 - 0x00007ffce260f000 	C:\WINDOWS\System32\WS2_32.dll
0x00007ffcdd930000 - 0x00007ffcdd95d000 	C:\WINDOWS\SYSTEM32\winmmbase.dll
0x00007ffce0f90000 - 0x00007ffce0fda000 	C:\WINDOWS\System32\cfgmgr32.dll
0x00007ffcddf60000 - 0x00007ffcddf6f000 	C:\Program Files\Java\jdk1.8.0_251\jre\bin\verify.dll
0x00007ffcbc560000 - 0x00007ffcbc589000 	C:\Program Files\Java\jdk1.8.0_251\jre\bin\java.dll
0x00007ffcdaae0000 - 0x00007ffcdaaf6000 	C:\Program Files\Java\jdk1.8.0_251\jre\bin\zip.dll
0x00007ffce1eb0000 - 0x00007ffce2596000 	C:\WINDOWS\System32\SHELL32.dll
0x00007ffce19f0000 - 0x00007ffce1a99000 	C:\WINDOWS\System32\shcore.dll
0x00007ffce0160000 - 0x00007ffce08e2000 	C:\WINDOWS\System32\windows.storage.dll
0x00007ffce0130000 - 0x00007ffce0153000 	C:\WINDOWS\System32\profapi.dll
0x00007ffce00c0000 - 0x00007ffce010a000 	C:\WINDOWS\System32\powrprof.dll
0x00007ffce0090000 - 0x00007ffce00a0000 	C:\WINDOWS\System32\UMPDC.dll
0x00007ffce1d80000 - 0x00007ffce1dd2000 	C:\WINDOWS\System32\shlwapi.dll
0x00007ffce00a0000 - 0x00007ffce00b1000 	C:\WINDOWS\System32\kernel.appcore.dll
0x00007ffce0d00000 - 0x00007ffce0d17000 	C:\WINDOWS\System32\cryptsp.dll
0x00007ffcda990000 - 0x00007ffcda99d000 	C:\Program Files\Java\jdk1.8.0_251\jre\bin\management.dll
0x00007ffcd1a50000 - 0x00007ffcd1a6a000 	C:\Program Files\Java\jdk1.8.0_251\jre\bin\net.dll
0x00007ffcdf900000 - 0x00007ffcdf967000 	C:\WINDOWS\system32\mswsock.dll
0x00007ffcb7450000 - 0x00007ffcb7466000 	C:\WINDOWS\system32\napinsp.dll
0x00007ffcb6420000 - 0x00007ffcb643a000 	C:\WINDOWS\system32\pnrpnsp.dll
0x00007ffcdf650000 - 0x00007ffcdf71b000 	C:\WINDOWS\SYSTEM32\DNSAPI.dll
0x00007ffce2ba0000 - 0x00007ffce2ba8000 	C:\WINDOWS\System32\NSI.dll
0x00007ffcdf610000 - 0x00007ffcdf64a000 	C:\WINDOWS\SYSTEM32\IPHLPAPI.DLL
0x00007ffcca8a0000 - 0x00007ffcca8ae000 	C:\WINDOWS\System32\winrnr.dll
0x00007ffcdbd80000 - 0x00007ffcdbd9c000 	C:\WINDOWS\system32\NLAapi.dll
0x00007ffcdc1e0000 - 0x00007ffcdc1f5000 	C:\WINDOWS\system32\wshbth.dll
0x00007ffcd8d90000 - 0x00007ffcd8d9a000 	C:\Windows\System32\rasadhlp.dll
0x00007ffcd4360000 - 0x00007ffcd43d7000 	C:\WINDOWS\System32\fwpuclnt.dll
0x00007ffce0ec0000 - 0x00007ffce0ee6000 	C:\WINDOWS\System32\bcrypt.dll
0x00007ffcd1370000 - 0x00007ffcd1382000 	C:\Program Files\Java\jdk1.8.0_251\jre\bin\nio.dll
0x00007ffcb9120000 - 0x00007ffcb9144000 	C:\Program Files\Java\jdk1.8.0_251\jre\bin\sunec.dll
0x00007ffcbff40000 - 0x00007ffcbff57000 	C:\Program Files\Java\jdk1.8.0_251\jre\bin\unpack.dll
0x00007ffcd48e0000 - 0x00007ffcd48f6000 	C:\WINDOWS\SYSTEM32\dhcpcsvc6.DLL
0x00007ffcd4ad0000 - 0x00007ffcd4aec000 	C:\WINDOWS\SYSTEM32\dhcpcsvc.DLL
0x00007ffcdf470000 - 0x00007ffcdf4a3000 	C:\WINDOWS\system32\rsaenh.dll
0x00007ffcdff80000 - 0x00007ffcdffa5000 	C:\WINDOWS\SYSTEM32\USERENV.dll
0x00007ffcdfad0000 - 0x00007ffcdfadc000 	C:\WINDOWS\SYSTEM32\CRYPTBASE.dll
0x00007ffcda760000 - 0x00007ffcda76c000 	C:\Program Files\Java\jdk1.8.0_251\jre\bin\sunmscapi.dll
0x00007ffce0bb0000 - 0x00007ffce0cf9000 	C:\WINDOWS\System32\CRYPT32.dll
0x00007ffce0110000 - 0x00007ffce0122000 	C:\WINDOWS\System32\MSASN1.dll
0x00007ffcdfbd0000 - 0x00007ffcdfbf6000 	C:\WINDOWS\SYSTEM32\ncrypt.dll
0x00007ffcdfb90000 - 0x00007ffcdfbcb000 	C:\WINDOWS\SYSTEM32\NTASN1.dll
0x0000000180000000 - 0x0000000180053000 	C:\Users\\Desktop\lxr\mc\\.minecraft\versions\1.12.2\1.12.2-natives\lwjgl64.dll
0x00007ffcb6b60000 - 0x00007ffcb6cb6000 	C:\WINDOWS\SYSTEM32\OPENGL32.dll
0x00007ffcd8390000 - 0x00007ffcd83bc000 	C:\WINDOWS\SYSTEM32\GLU32.dll
0x00007ffcded00000 - 0x00007ffcded20000 	C:\WINDOWS\SYSTEM32\dxcore.dll
0x00007ffc9a830000 - 0x00007ffc9a9ca000 	C:\Program Files\Java\jdk1.8.0_251\jre\bin\awt.dll
0x00007ffce2da0000 - 0x00007ffce2e65000 	C:\WINDOWS\System32\OLEAUT32.dll
0x00007ffcde080000 - 0x00007ffcde10f000 	C:\WINDOWS\SYSTEM32\apphelp.dll
0x00007ffcdb020000 - 0x00007ffcdb0ce000 	C:\WINDOWS\SYSTEM32\mscms.dll
0x00007ffcdafa0000 - 0x00007ffcdafb7000 	C:\WINDOWS\SYSTEM32\ColorAdapterClient.dll
0x00007ffce30f0000 - 0x00007ffce3192000 	C:\WINDOWS\System32\clbcatq.dll
0x00007ffcd8d70000 - 0x00007ffcd8d8a000 	C:\Windows\System32\Windows.Internal.Graphics.Display.DisplayColorManagement.dll
0x00007ffcde180000 - 0x00007ffcde219000 	C:\WINDOWS\system32\uxtheme.dll
0x00007ffce1c40000 - 0x00007ffce1d75000 	C:\WINDOWS\System32\MSCTF.dll
0x00007ffc7b9c0000 - 0x00007ffc7c899000 	C:\WINDOWS\System32\DriverStore\FileRepository\igdlh64.inf_amd64_34608ea80420afa7\ig9icd64.dll
0x00007ffcde5b0000 - 0x00007ffcde5dd000 	C:\WINDOWS\SYSTEM32\dwmapi.dll
0x00007ffcded90000 - 0x00007ffcdee7b000 	C:\WINDOWS\SYSTEM32\dxgi.dll
0x00007ffcdc910000 - 0x00007ffcdc923000 	C:\WINDOWS\SYSTEM32\WTSAPI32.dll
0x00007ffcb0ad0000 - 0x00007ffcb0b13000 	C:\WINDOWS\SYSTEM32\icm32.dll
0x00007ffcd4b80000 - 0x00007ffcd6182000 	C:\WINDOWS\System32\DriverStore\FileRepository\igdlh64.inf_amd64_34608ea80420afa7\igc64.dll
0x00007ffcb0390000 - 0x00007ffcb03d2000 	C:\Users\\AppData\Local\Temp\jna-24253310\jna484096260781324982.dll
0x00007ffcb38b0000 - 0x00007ffcb38e1000 	C:\Program Files\Java\jdk1.8.0_251\jre\bin\jpeg.dll
0x00007ffcbb690000 - 0x00007ffcbb72e000 	C:\WINDOWS\System32\TextInputFramework.dll
0x00007ffcdb910000 - 0x00007ffcdbc3a000 	C:\WINDOWS\System32\CoreUIComponents.dll
0x00007ffcddcd0000 - 0x00007ffcddda4000 	C:\WINDOWS\System32\CoreMessaging.dll
0x00007ffcdf0f0000 - 0x00007ffcdf121000 	C:\WINDOWS\SYSTEM32\ntmarta.dll
0x00007ffcdc200000 - 0x00007ffcdc353000 	C:\WINDOWS\SYSTEM32\wintypes.dll
0x00007ffccf280000 - 0x00007ffccf526000 	C:\WINDOWS\System32\iertutil.dll
0x000000003a680000 - 0x000000003a6e4000 	C:\Users\\Desktop\lxr\mc\\.minecraft\versions\1.12.2\1.12.2-natives\OpenAL64.dll
0x00007ffce2e70000 - 0x00007ffce2fc7000 	C:\WINDOWS\System32\ole32.dll
0x00007ffcd9150000 - 0x00007ffcd91c2000 	C:\WINDOWS\System32\MMDevApi.dll
0x00007ffcdfe90000 - 0x00007ffcdfeba000 	C:\WINDOWS\System32\DEVOBJ.dll
0x00007ffcbeab0000 - 0x00007ffcbeb49000 	C:\WINDOWS\SYSTEM32\dsound.dll
0x00007ffcd92e0000 - 0x00007ffcd943d000 	C:\WINDOWS\SYSTEM32\AUDIOSES.DLL
0x00007ffcde4c0000 - 0x00007ffcde4d4000 	C:\WINDOWS\SYSTEM32\resourcepolicyclient.dll
0x00007ffcbb460000 - 0x00007ffcbb47a000 	C:\Users\\Desktop\lxr\mc\\.minecraft\versions\1.12.2\1.12.2-natives\SAPIWrapper_x64.dll
0x00007ffca0240000 - 0x00007ffca0429000 	C:\WINDOWS\system32\sogoutsf.ime
0x00007ffcd2860000 - 0x00007ffcd2867000 	C:\WINDOWS\system32\MSIMG32.dll
0x00007ffc9eb10000 - 0x00007ffc9f387000 	C:\WINDOWS\system32\SogouPy.ime
0x00007ffcd30e0000 - 0x00007ffcd31d0000 	C:\WINDOWS\SYSTEM32\WINHTTP.dll
0x00007ffcd2320000 - 0x00007ffcd2385000 	C:\WINDOWS\SYSTEM32\OLEACC.dll
0x00000000c9890000 - 0x00000000c99cc000 	C:\Program Files (x86)\SogouInput\9.3.0.3129\Resource.dll
0x00007ffc9fc90000 - 0x00007ffc9fef9000 	C:\Program Files (x86)\SogouInput\Components\PicFace\1.1.0.1859\PicFace64.dll
0x00007ffce1290000 - 0x00007ffce1360000 	C:\WINDOWS\System32\COMDLG32.dll
0x00007ffcd7160000 - 0x00007ffcd7178000 	C:\Program Files (x86)\SogouInput\Components\VoiceInput\1.0.0.162\VoiceInput64.dll
0x00007ffcd26b0000 - 0x00007ffcd2853000 	C:\WINDOWS\WinSxS\amd64_microsoft.windows.gdiplus_6595b64144ccf1df_1.1.18362.959_none_17b2aea46d9edc89\gdiplus.dll
0x00007ffcdb270000 - 0x00007ffcdb41f000 	C:\WINDOWS\SYSTEM32\WindowsCodecs.dll

VM Arguments:
jvm_args: -Dminecraft.client.jar=.minecraft\versions\1.12.2\1.12.2.jar -XX:+UnlockExperimentalVMOptions -XX:+UseG1GC -XX:G1NewSizePercent=20 -XX:G1ReservePercent=20 -XX:MaxGCPauseMillis=50 -XX:G1HeapRegionSize=16M -XX:-UseAdaptiveSizePolicy -XX:-OmitStackTraceInFastThrow -Xmn128m -Xmx5000m -Dfml.ignoreInvalidMinecraftCertificates=true -Dfml.ignorePatchDiscrepancies=true -XX:HeapDumpPath=MojangTricksIntelDriversForPerformance_javaw.exe_minecraft.exe.heapdump -Djava.library.path=C:\Users\\Desktop\lxr\mc\\.minecraft\versions\1.12.2\1.12.2-natives -Dminecraft.launcher.brand=HMCL -Dminecraft.launcher.version=3.2.130 
java_command: net.minecraft.launchwrapper.Launch --width 854 --height 480 --username dd3xp --version HMCL 3.2.130 --gameDir C:\Users\\Desktop\lxr\mc\\.minecraft --assetsDir C:\Users\\Desktop\lxr\mc\\.minecraft\assets --assetIndex 1.12 --uuid e88efc507ade4c5a9b9a43d65691c9fd --accessToken eyJhbGciOiJIUzI1NiJ9.eyJzdWIiOiI1MWMyNWI1N2I3ODc0MzMxYTgxYmJkMDU3NjMxMTA3MCIsInlnZ3QiOiIxZGFiMDFmOGM3OGI0ZjgzYjY2NmE0OTA3ZmQ0MTNhMSIsInNwciI6ImU4OGVmYzUwN2FkZTRjNWE5YjlhNDNkNjU2OTFjOWZkIiwiaXNzIjoiWWdnZHJhc2lsLUF1dGgiLCJleHAiOjE1OTY3MTQyMzEsImlhdCI6MTU5NjU0MTQzMX0.YXcQa_klUY6nsQuj8JxS0j1XWRzSFtSzEvKBw6loXyc --userType mojang --tweakClass net.minecraftforge.fml.common.launcher.FMLTweaker --versionType Forge --tweakClass optifine.OptiFineForgeTweaker
java_class_path (initial): C:\Users\\Desktop\lxr\mc\\.minecraft\libraries\com\google\code\gson\gson\2.8.0\gson-2.8.0.jar;C:\Users\\Desktop\lxr\mc\\.minecraft\libraries\com\google\guava\guava\21.0\guava-21.0.jar;C:\Users\\Desktop\lxr\mc\\.minecraft\libraries\com\ibm\icu\icu4j-core-mojang\51.2\icu4j-core-mojang-51.2.jar;C:\Users\\Desktop\lxr\mc\\.minecraft\libraries\com\mojang\authlib\1.5.25\authlib-1.5.25.jar;C:\Users\\Desktop\lxr\mc\\.minecraft\libraries\com\mojang\patchy\1.1\patchy-1.1.jar;C:\Users\\Desktop\lxr\mc\\.minecraft\libraries\com\mojang\realms\1.10.22\realms-1.10.22.jar;C:\Users\\Desktop\lxr\mc\\.minecraft\libraries\com\mojang\text2speech\1.10.3\text2speech-1.10.3.jar;C:\Users\\Desktop\lxr\mc\\.minecraft\libraries\com\paulscode\codecjorbis\20101023\codecjorbis-20101023.jar;C:\Users\\Desktop\lxr\mc\\.minecraft\libraries\com\paulscode\codecwav\20101023\codecwav-20101023.jar;C:\Users\\Desktop\lxr\mc\\.minecraft\libraries\com\paulscode\libraryjavasound\20101123\libraryjavasound-20101123.jar;C:\Users\\Desktop\lxr\mc\\.minecraft\libraries\com\paulscode\librarylwjglopenal\20100824\librarylwjglopenal-20100824.jar;C:\Users\\Desktop\lxr\mc\\.minecraft\libraries\com\paulscode\soundsystem\20120107\soundsystem-20120107.jar;C:\Users\\Desktop\lxr\mc\\.minecraft\libraries\com\typesafe\akka\akka-actor_2.11\2.3.3\akka-actor_2.11-2.3.3.jar;C:\Users\\Desktop\lxr\mc\\.minecraft\libraries\com\typesafe\config\1.2.1\config-1.2.1.jar;C:\Users\\Desktop\lxr\mc\\.minecraft\libraries\commons-codec\commons-codec\1.10\commons-codec-1.10.jar;C:\Users\\Desktop\lxr\mc\\.minecraft\libraries\commons-io\commons-io\2.5\commons-io-2.5.jar;C:\Users\\Desktop\lxr\mc\
Launcher Type: SUN_STANDARD

Environment Variables:
JAVA_HOME=C:\Program Files\Java\jdk1.8.0_251
PATH=C:\Program Files (x86)\Common Files\Oracle\Java\javapath;C:\ProgramData\Oracle\Java\javapath;C:\Program Files (x86)\Intel\iCLS Client\;C:\Program Files\Intel\iCLS Client\;C:\Windows\system32;C:\Windows;C:\Windows\System32\Wbem;C:\Windows\System32\WindowsPowerShell\v1.0\;C:\Program Files (x86)\Intel\Intel(R) Management Engine Components\DAL;C:\Program Files\Intel\Intel(R) Management Engine Components\DAL;C:\Program Files (x86)\Intel\Intel(R) Management Engine Components\IPT;C:\Program Files\Intel\Intel(R) Management Engine Components\IPT;C:\WINDOWS\system32;C:\WINDOWS;C:\WINDOWS\System32\Wbem;C:\WINDOWS\System32\WindowsPowerShell\v1.0\;C:\WINDOWS\System32\OpenSSH\;C:\Program Files\Intel\WiFi\bin\;C:\Program Files\Common Files\Intel\WirelessCommon\;C:\Program Files\NVIDIA Corporation\NVIDIA NvDLISR;C:\Program Files (x86)\NVIDIA Corporation\PhysX\Common;C:\Program Files\Java\jdk1.8.0_251\bin;C:\Users\\AppData\Local\Microsoft\WindowsApps;
USERNAME=
OS=Windows_NT
PROCESSOR_IDENTIFIER=Intel64 Family 6 Model 142 Stepping 10, GenuineIntel



---------------  S Y S T E M  ---------------

OS: Windows 10.0 , 64 bit Build 18362 (10.0.18362.959)

CPU:total 8 (initial active 8) (4 cores per cpu, 2 threads per core) family 6 model 142 stepping 10, cmov, cx8, fxsr, mmx, sse, sse2, sse3, ssse3, sse4.1, sse4.2, popcnt, avx, avx2, aes, clmul, erms, 3dnowpref, lzcnt, ht, tsc, tscinvbit, bmi1, bmi2, adx

Memory: 4k page, physical 8269924k(433748k free), swap 14281384k(5680k free)

vm_info: Java HotSpot(TM) 64-Bit Server VM (25.251-b08) for windows-amd64 JRE (1.8.0_251-b08), built on Mar 12 2020 06:31:49 by "" with MS VC++ 10.0 (VS2010)

time: Tue Aug 04 08:00:09 2020
timezone: 
elapsed time: 1083 seconds (0d 0h 18m 3s)

