#
# A fatal error has been detected by the Java Runtime Environment:
#
#  EXCEPTION_ACCESS_VIOLATION (0xc0000005) at pc=0x00007ffe4cc3c0ad, pid=9600, tid=0x0000000000000208
#
# JRE version: Java(TM) SE Runtime Environment (8.0_251-b08) (build 1.8.0_251-b08)
# Java VM: Java HotSpot(TM) 64-Bit Server VM (25.251-b08 mixed mode windows-amd64 compressed oops)
# Problematic frame:
# C  [ig9icd64.dll+0x56c0ad]
#
# Failed to write core dump. Minidumps are not enabled by default on client versions of Windows
#
# If you would like to submit a bug report, please visit:
#   http://bugreport.java.com/bugreport/crash.jsp
# The crash happened outside the Java Virtual Machine in native code.
# See problematic frame for where to report the bug.
#

---------------  T H R E A D  ---------------

Current thread (0x0000000003245000):  JavaThread "Client thread" [_thread_in_native, id=520, stack(0x0000000003140000,0x0000000003240000)]

siginfo: ExceptionCode=0xc0000005, reading address 0x0000000000000110

Registers:
RAX=0x0000000000000000, RBX=0x0000000145326730, RCX=0x0000000000f17d10, RDX=0x0000000145326730
RSP=0x000000000323dbd0, RBP=0x0000000000ef93b0, RSI=0x0000000030830080, RDI=0x0000000000f17d10
R8 =0x0000000145326730, R9 =0x000000000323dae9, R10=0x0000000000000000, R11=0x0000000000000246
R12=0x00000000074cd24d, R13=0x0000000031610000, R14=0x0000000030850358, R15=0x00000000308300f0
RIP=0x00007ffe4cc3c0ad, EFLAGS=0x0000000000010202

Top of Stack: (sp=0x000000000323dbd0)
0x000000000323dbd0:   0000000145323700 0000000030830080
0x000000000323dbe0:   0000b8022efb0000 000000000323dc48
0x000000000323dbf0:   fffffffffffffffe 0000000100000000
0x000000000323dc00:   00000000308300f0 0000000030850358
0x000000000323dc10:   0000000145326730 0000000030830080
0x000000000323dc20:   0000000000ef93b0 00007ffe4cc2f049
0x000000000323dc30:   00000001453237c0 0000000000f17d10
0x000000000323dc40:   0000000030830080 0000000000000000
0x000000000323dc50:   0000000000000001 0000000000000000
0x000000000323dc60:   0000000000000000 00007ffe4cc2d861
0x000000000323dc70:   0000000000000001 0000000000ef93b0
0x000000000323dc80:   0000000030830080 0000000000000000
0x000000000323dc90:   0000000000000001 0000000000000000
0x000000000323dca0:   0000000000000000 0000000000000000
0x000000000323dcb0:   000000000323de00 00007ffe4cc2f230
0x000000000323dcc0:   0000000030830080 0000000000000000 

Instructions: (pc=0x00007ffe4cc3c0ad)
0x00007ffe4cc3c08d:   90 48 8b 86 d0 03 02 00 48 89 83 e8 03 00 00 48
0x00007ffe4cc3c09d:   89 9e d0 03 02 00 ff 86 d8 03 02 00 48 8b 43 08
0x00007ffe4cc3c0ad:   48 8b 88 10 01 00 00 48 01 8e e0 03 02 00 48 8b
0x00007ffe4cc3c0bd:   8e e0 03 02 00 48 03 8e 40 04 02 00 48 8b 05 c0 


Register to memory mapping:

RAX=0x0000000000000000 is an unknown value
RBX=0x0000000145326730 is an unknown value
RCX=0x0000000000f17d10 is an unknown value
RDX=0x0000000145326730 is an unknown value
RSP=0x000000000323dbd0 is pointing into the stack for thread: 0x0000000003245000
RBP=0x0000000000ef93b0 is an unknown value
RSI=0x0000000030830080 is an unknown value
RDI=0x0000000000f17d10 is an unknown value
R8 =0x0000000145326730 is an unknown value
R9 =0x000000000323dae9 is pointing into the stack for thread: 0x0000000003245000
R10=0x0000000000000000 is an unknown value
R11=0x0000000000000246 is an unknown value
R12=0x00000000074cd24d is at entry_point+18797 in (nmethod*)0x00000000074c84d0
R13=0x0000000031610000 is an unknown value
R14=0x0000000030850358 is an unknown value
R15=0x00000000308300f0 is an unknown value


Stack: [0x0000000003140000,0x0000000003240000],  sp=0x000000000323dbd0,  free space=1014k
Native frames: (J=compiled Java code, j=interpreted, Vv=VM code, C=native code)
C  [ig9icd64.dll+0x56c0ad]
C  [ig9icd64.dll+0x55f049]
C  [ig9icd64.dll+0x55d861]
C  [ig9icd64.dll+0x55f230]
C  [ig9icd64.dll+0x55c0d1]
C  [ig9icd64.dll+0x7c60d]
C  [ig9icd64.dll+0x7d568]
C  [ig9icd64.dll+0xeb28f]
C  [ig9icd64.dll+0xebe13]
C  [ig9icd64.dll+0x508f74]
C  [ig9icd64.dll+0x2b597a]
C  [ig9icd64.dll+0x2b5562]
C  [ig9icd64.dll+0x19bee8]
C  [ig9icd64.dll+0x420585]
C  0x0000000003f8fb33

Java frames: (J=compiled Java code, j=interpreted, Vv=VM code)
J 5943  org.lwjgl.opengl.GL11.nglScalef(FFFJ)V (0 bytes) @ 0x0000000003f8fa91 [0x0000000003f8fa40+0x51]
J 19432 C2 org.lwjgl.opengl.GL11.glScalef(FFF)V (24 bytes) @ 0x0000000003fa3a00 [0x0000000003fa3980+0x80]
J 38507 C2 xaero.common.minimap.render.MinimapRenderer.renderMinimap(Lxaero/common/minimap/MinimapProcessor;IIIIIIF)V (1989 bytes) @ 0x0000000009850e1c [0x000000000984eec0+0x1f5c]
J 38563 C2 xaero.common.minimap.MinimapInterface.drawInterface(IIIF)V (34 bytes) @ 0x00000000084bdd60 [0x00000000084bdb60+0x200]
J 33773 C2 xaero.common.events.ForgeEventHandler.handleRenderGameOverlayEventPreOverridable(Lnet/minecraftforge/client/event/RenderGameOverlayEvent$Pre;)V (81 bytes) @ 0x000000000893ef94 [0x000000000893e340+0xc54]
J 40248 C2 net.minecraftforge.fml.common.eventhandler.ASMEventHandler_1862_ForgeEventHandler_handleRenderGameOverlayEventPre_Pre.invoke(Lnet/minecraftforge/fml/common/eventhandler/Event;)V (15 bytes) @ 0x0000000009c9508c [0x0000000009c94f60+0x12c]
J 11259 C2 net.minecraftforge.fml.common.eventhandler.ASMEventHandler.invoke(Lnet/minecraftforge/fml/common/eventhandler/Event;)V (110 bytes) @ 0x0000000004fb5b50 [0x0000000004fb5a80+0xd0]
J 39818 C2 net.minecraftforge.client.GuiIngameForge.func_175180_a(F)V (629 bytes) @ 0x0000000009909cdc [0x0000000009908ae0+0x11fc]
J 42630 C2 net.minecraft.client.renderer.EntityRenderer.func_181560_a(FJ)V (1118 bytes) @ 0x0000000009f79344 [0x0000000009f786e0+0xc64]
J 40577 C2 net.minecraft.client.Minecraft.func_71411_J()V (948 bytes) @ 0x00000000099363f8 [0x00000000099353a0+0x1058]
J 42616% C2 net.minecraft.client.Minecraft.func_99999_d()V (210 bytes) @ 0x000000000423033c [0x00000000042302e0+0x5c]
j  net.minecraft.client.main.Main.main([Ljava/lang/String;)V+1094
v  ~StubRoutines::call_stub
j  sun.reflect.NativeMethodAccessorImpl.invoke0(Ljava/lang/reflect/Method;Ljava/lang/Object;[Ljava/lang/Object;)Ljava/lang/Object;+0
j  sun.reflect.NativeMethodAccessorImpl.invoke(Ljava/lang/Object;[Ljava/lang/Object;)Ljava/lang/Object;+100
j  sun.reflect.DelegatingMethodAccessorImpl.invoke(Ljava/lang/Object;[Ljava/lang/Object;)Ljava/lang/Object;+6
j  java.lang.reflect.Method.invoke(Ljava/lang/Object;[Ljava/lang/Object;)Ljava/lang/Object;+56
j  net.minecraft.launchwrapper.Launch.launch([Ljava/lang/String;)V+661
j  net.minecraft.launchwrapper.Launch.main([Ljava/lang/String;)V+8
v  ~StubRoutines::call_stub

---------------  P R O C E S S  ---------------

Java Threads: ( => current thread )
  0x000000007741e800 JavaThread "Narrator" daemon [_thread_blocked, id=7108, stack(0x0000000000010000,0x0000000000110000)]
  0x000000007cfb5000 JavaThread "Chunk Batcher 5" daemon [_thread_blocked, id=3604, stack(0x0000000065940000,0x0000000065a40000)]
  0x000000007cfbb800 JavaThread "Chunk Batcher 4" daemon [_thread_blocked, id=11992, stack(0x0000000064100000,0x0000000064200000)]
  0x000000007cfbb000 JavaThread "Chunk Batcher 3" daemon [_thread_blocked, id=3336, stack(0x0000000064000000,0x0000000064100000)]
  0x000000007cfba000 JavaThread "Chunk Batcher 2" daemon [_thread_blocked, id=1160, stack(0x0000000063f00000,0x0000000064000000)]
  0x000000007cfb8000 JavaThread "Chunk Batcher 1" daemon [_thread_blocked, id=1180, stack(0x0000000063e00000,0x0000000063f00000)]
  0x000000007cfb2800 JavaThread "Chunk Batcher 0" daemon [_thread_blocked, id=9124, stack(0x00000000582b0000,0x00000000583b0000)]
  0x000000007cfb6800 JavaThread "ModelCleanupTimer" daemon [_thread_blocked, id=12252, stack(0x0000000053d60000,0x0000000053e60000)]
  0x000000007cfb9800 JavaThread "Netty Client IO #1" daemon [_thread_in_native, id=8564, stack(0x0000000061840000,0x0000000061940000)]
  0x000000007cfb8800 JavaThread "threadDeathWatcher-2-1" daemon [_thread_blocked, id=2564, stack(0x000000005d560000,0x000000005d660000)]
  0x000000007cfb5800 JavaThread "Netty Client IO #0" daemon [_thread_in_native, id=9836, stack(0x000000005aae0000,0x000000005abe0000)]
  0x000000007cfb0800 JavaThread "Server Pinger #0" daemon [_thread_blocked, id=2184, stack(0x00000000556a0000,0x00000000557a0000)]
  0x000000007cfb1000 JavaThread "Narrator" daemon [_thread_blocked, id=9048, stack(0x000000004fed0000,0x000000004ffd0000)]
  0x0000000077413000 JavaThread "ResearchIOThread" daemon [_thread_blocked, id=2568, stack(0x0000000045020000,0x0000000045120000)]
  0x0000000077412000 JavaThread "Ender IO Scheduler" [_thread_blocked, id=13484, stack(0x000000004c890000,0x000000004c990000)]
  0x0000000077411800 JavaThread "Thread-25" [_thread_blocked, id=896, stack(0x0000000044f20000,0x0000000045020000)]
  0x000000002db68000 JavaThread "Thread-12" [_thread_blocked, id=3720, stack(0x000000003d080000,0x000000003d180000)]
  0x000000002db5f000 JavaThread "Thread-11" [_thread_blocked, id=8584, stack(0x000000003c830000,0x000000003c930000)]
  0x000000002db5f800 JavaThread "Keep-Alive-SocketCleaner" daemon [_thread_blocked, id=8028, stack(0x000000006faf0000,0x000000006fbf0000)]
  0x000000002db65800 JavaThread "File IO Thread" [_thread_blocked, id=10372, stack(0x000000003a320000,0x000000003a420000)]
  0x000000002db5c800 JavaThread "I18n-download-info-Thread" [_thread_blocked, id=1784, stack(0x000000003cf80000,0x000000003d080000)]
  0x000000002db5d800 JavaThread "LWJGL Timer" daemon [_thread_blocked, id=832, stack(0x000000003a420000,0x000000003a520000)]
  0x0000000025e4b800 JavaThread "Java2D Disposer" daemon [_thread_blocked, id=3196, stack(0x000000002f970000,0x000000002fa70000)]
  0x0000000025e49000 JavaThread "Timer hack thread" daemon [_thread_blocked, id=15108, stack(0x000000002b700000,0x000000002b800000)]
  0x0000000025e4c000 JavaThread "Snooper Timer" daemon [_thread_blocked, id=9812, stack(0x000000002b060000,0x000000002b160000)]
  0x000000002453e800 JavaThread "Service Thread" daemon [_thread_blocked, id=13468, stack(0x0000000025340000,0x0000000025440000)]
  0x0000000024513800 JavaThread "C1 CompilerThread3" daemon [_thread_blocked, id=4336, stack(0x0000000024e40000,0x0000000024f40000)]
  0x000000002450f800 JavaThread "C2 CompilerThread2" daemon [_thread_blocked, id=13404, stack(0x0000000024d40000,0x0000000024e40000)]
  0x000000002450e000 JavaThread "C2 CompilerThread1" daemon [_thread_blocked, id=5268, stack(0x0000000024c40000,0x0000000024d40000)]
  0x00000000244f8000 JavaThread "C2 CompilerThread0" daemon [_thread_blocked, id=9728, stack(0x0000000024b40000,0x0000000024c40000)]
  0x00000000244f7800 JavaThread "Attach Listener" daemon [_thread_blocked, id=5204, stack(0x0000000024a40000,0x0000000024b40000)]
  0x000000002450c800 JavaThread "Signal Dispatcher" daemon [_thread_blocked, id=5336, stack(0x0000000024940000,0x0000000024a40000)]
  0x000000002450b800 JavaThread "Surrogate Locker Thread (Concurrent GC)" daemon [_thread_blocked, id=15112, stack(0x0000000024840000,0x0000000024940000)]
  0x000000002448e800 JavaThread "Finalizer" daemon [_thread_blocked, id=472, stack(0x0000000024740000,0x0000000024840000)]
  0x0000000024487800 JavaThread "Reference Handler" daemon [_thread_blocked, id=6036, stack(0x0000000024640000,0x0000000024740000)]
=>0x0000000003245000 JavaThread "Client thread" [_thread_in_native, id=520, stack(0x0000000003140000,0x0000000003240000)]

Other Threads:
  0x000000000333e800 VMThread [stack: 0x0000000024540000,0x0000000024640000] [id=2520]
  0x0000000024fbd800 WatcherThread [stack: 0x0000000025440000,0x0000000025540000] [id=12864]

VM state:not at safepoint (normal execution)

VM Mutex/Monitor currently owned by a thread: None

heap address: 0x0000000687000000, size: 5008 MB, Compressed Oops mode: Zero based, Oop shift amount: 3
Narrow klass base: 0x0000000000000000, Narrow klass shift: 3
Compressed class space size: 1073741824 Address: 0x00000007c0000000

Heap:
 garbage-first heap   total 5128192K, used 2834449K [0x0000000687000000, 0x00000006880009c8, 0x00000007c0000000)
  region size 16384K, 5 young (81920K), 1 survivors (16384K)
 Metaspace       used 208184K, capacity 215869K, committed 216832K, reserved 1232896K
  class space    used 31983K, capacity 33840K, committed 34048K, reserved 1048576K

Heap Regions: (Y=young(eden), SU=young(survivor), HS=humongous(starts), HC=humongous(continues), CS=collection set, F=free, TS=gc time stamp, PTAMS=previous top-at-mark-start, NTAMS=next top-at-mark-start)
AC   0  O    TS     0 PTAMS 0x0000000687fffaf0 NTAMS 0x0000000687fffaf0 space 16384K,  99% used [0x0000000687000000, 0x0000000688000000)
AC   0  O    TS     0 PTAMS 0x0000000688ffff88 NTAMS 0x0000000688ffff88 space 16384K,  99% used [0x0000000688000000, 0x0000000689000000)
AC   0  O    TS     0 PTAMS 0x0000000689fffff8 NTAMS 0x0000000689fffff8 space 16384K,  99% used [0x0000000689000000, 0x000000068a000000)
AC   0  O    TS     0 PTAMS 0x000000068b000000 NTAMS 0x000000068b000000 space 16384K, 100% used [0x000000068a000000, 0x000000068b000000)
AC   0  O    TS     0 PTAMS 0x000000068bfffff0 NTAMS 0x000000068bfffff0 space 16384K,  99% used [0x000000068b000000, 0x000000068c000000)
AC   0  O    TS     0 PTAMS 0x000000068cffffe8 NTAMS 0x000000068cffffe8 space 16384K,  99% used [0x000000068c000000, 0x000000068d000000)
AC   0  O    TS     0 PTAMS 0x000000068dffffb0 NTAMS 0x000000068dffffb0 space 16384K,  99% used [0x000000068d000000, 0x000000068e000000)
AC   0  O    TS     0 PTAMS 0x000000068effffe8 NTAMS 0x000000068effffe8 space 16384K,  99% used [0x000000068e000000, 0x000000068f000000)
AC   0  O    TS     0 PTAMS 0x000000068fffffa8 NTAMS 0x000000068fffffa8 space 16384K,  99% used [0x000000068f000000, 0x0000000690000000)
AC   0  O    TS     0 PTAMS 0x0000000690fffff0 NTAMS 0x0000000690fffff0 space 16384K,  99% used [0x0000000690000000, 0x0000000691000000)
AC   0  O    TS     0 PTAMS 0x0000000691fffff8 NTAMS 0x0000000691fffff8 space 16384K,  99% used [0x0000000691000000, 0x0000000692000000)
AC   0  O    TS     0 PTAMS 0x0000000692fff320 NTAMS 0x0000000692fff320 space 16384K,  99% used [0x0000000692000000, 0x0000000693000000)
AC   0 HS    TS     0 PTAMS 0x0000000694000010 NTAMS 0x0000000694000010 space 32768K,  50% used [0x0000000693000000, 0x0000000695000000)
AC   0 HC    TS     0 PTAMS 0x0000000694000000 NTAMS 0x0000000694000000 space 16384K,   0% used [0x0000000694000000, 0x0000000695000000)
AC   0  O    TS     0 PTAMS 0x0000000695fffff0 NTAMS 0x0000000695fffff0 space 16384K,  99% used [0x0000000695000000, 0x0000000696000000)
AC   0  O    TS     0 PTAMS 0x0000000696fffff8 NTAMS 0x0000000696fffff8 space 16384K,  99% used [0x0000000696000000, 0x0000000697000000)
AC   0  O    TS     0 PTAMS 0x0000000697fffff0 NTAMS 0x0000000697fffff0 space 16384K,  99% used [0x0000000697000000, 0x0000000698000000)
AC   0  O    TS     0 PTAMS 0x0000000699000000 NTAMS 0x0000000699000000 space 16384K, 100% used [0x0000000698000000, 0x0000000699000000)
AC   0  O    TS     0 PTAMS 0x0000000699fffff8 NTAMS 0x0000000699fffff8 space 16384K,  99% used [0x0000000699000000, 0x000000069a000000)
AC   0  O    TS     0 PTAMS 0x000000069b000000 NTAMS 0x000000069b000000 space 16384K, 100% used [0x000000069a000000, 0x000000069b000000)
AC   0  O    TS     0 PTAMS 0x000000069bffe738 NTAMS 0x000000069bffe738 space 16384K,  99% used [0x000000069b000000, 0x000000069c000000)
AC   0  O    TS     0 PTAMS 0x000000069cffffa8 NTAMS 0x000000069cffffa8 space 16384K,  99% used [0x000000069c000000, 0x000000069d000000)
AC   0  O    TS     0 PTAMS 0x000000069dffe398 NTAMS 0x000000069dffe398 space 16384K,  99% used [0x000000069d000000, 0x000000069e000000)
AC   0  O    TS     0 PTAMS 0x000000069efffc60 NTAMS 0x000000069efffc60 space 16384K,  99% used [0x000000069e000000, 0x000000069f000000)
AC   0  O    TS     0 PTAMS 0x000000069ffff3d8 NTAMS 0x000000069ffff3d8 space 16384K,  99% used [0x000000069f000000, 0x00000006a0000000)
AC   0  O    TS     0 PTAMS 0x00000006a1000000 NTAMS 0x00000006a1000000 space 16384K, 100% used [0x00000006a0000000, 0x00000006a1000000)
AC   0  O    TS     0 PTAMS 0x00000006a1fffe50 NTAMS 0x00000006a1fffe50 space 16384K,  99% used [0x00000006a1000000, 0x00000006a2000000)
AC   0  O    TS     0 PTAMS 0x00000006a2fffff0 NTAMS 0x00000006a2fffff0 space 16384K,  99% used [0x00000006a2000000, 0x00000006a3000000)
AC   0  O    TS     0 PTAMS 0x00000006a3fffff8 NTAMS 0x00000006a3fffff8 space 16384K,  99% used [0x00000006a3000000, 0x00000006a4000000)
AC   0  O    TS     0 PTAMS 0x00000006a4fffff0 NTAMS 0x00000006a4fffff0 space 16384K,  99% used [0x00000006a4000000, 0x00000006a5000000)
AC   0  O    TS     0 PTAMS 0x00000006a5fff4b8 NTAMS 0x00000006a5fff4b8 space 16384K,  99% used [0x00000006a5000000, 0x00000006a6000000)
AC   0  O    TS     0 PTAMS 0x00000006a6fffff8 NTAMS 0x00000006a6fffff8 space 16384K,  99% used [0x00000006a6000000, 0x00000006a7000000)
AC   0  O    TS     0 PTAMS 0x00000006a7ffffb0 NTAMS 0x00000006a7ffffb0 space 16384K,  99% used [0x00000006a7000000, 0x00000006a8000000)
AC   0  O    TS     0 PTAMS 0x00000006a8ffffe0 NTAMS 0x00000006a8ffffe0 space 16384K,  99% used [0x00000006a8000000, 0x00000006a9000000)
AC   0  O    TS     0 PTAMS 0x00000006a9fffff8 NTAMS 0x00000006a9fffff8 space 16384K,  99% used [0x00000006a9000000, 0x00000006aa000000)
AC   0  O    TS     0 PTAMS 0x00000006aafffbd0 NTAMS 0x00000006aafffbd0 space 16384K,  99% used [0x00000006aa000000, 0x00000006ab000000)
AC   0  O    TS     0 PTAMS 0x00000006abffffe8 NTAMS 0x00000006abffffe8 space 16384K,  99% used [0x00000006ab000000, 0x00000006ac000000)
AC   0  O    TS     0 PTAMS 0x00000006acfffff0 NTAMS 0x00000006acfffff0 space 16384K,  99% used [0x00000006ac000000, 0x00000006ad000000)
AC   0  O    TS     0 PTAMS 0x00000006adfffff8 NTAMS 0x00000006adfffff8 space 16384K,  99% used [0x00000006ad000000, 0x00000006ae000000)
AC   0  O    TS     0 PTAMS 0x00000006aefffff0 NTAMS 0x00000006aefffff0 space 16384K,  99% used [0x00000006ae000000, 0x00000006af000000)
AC   0  O    TS     0 PTAMS 0x00000006affff9d8 NTAMS 0x00000006affff9d8 space 16384K,  99% used [0x00000006af000000, 0x00000006b0000000)
AC   0  O    TS     0 PTAMS 0x00000006b0ffffe0 NTAMS 0x00000006b0ffffe0 space 16384K,  99% used [0x00000006b0000000, 0x00000006b1000000)
AC   0  O    TS     0 PTAMS 0x00000006b1fffff8 NTAMS 0x00000006b1fffff8 space 16384K,  99% used [0x00000006b1000000, 0x00000006b2000000)
AC   0  O    TS     0 PTAMS 0x00000006b2ffffe0 NTAMS 0x00000006b2ffffe0 space 16384K,  99% used [0x00000006b2000000, 0x00000006b3000000)
AC   0  O    TS     0 PTAMS 0x00000006b3fffff8 NTAMS 0x00000006b3fffff8 space 16384K,  99% used [0x00000006b3000000, 0x00000006b4000000)
AC   0  O    TS     0 PTAMS 0x00000006b4ffffe0 NTAMS 0x00000006b4ffffe0 space 16384K,  99% used [0x00000006b4000000, 0x00000006b5000000)
AC   0  O    TS     0 PTAMS 0x00000006b5ffe2a0 NTAMS 0x00000006b5ffe2a0 space 16384K,  99% used [0x00000006b5000000, 0x00000006b6000000)
AC   0  O    TS     0 PTAMS 0x00000006b7000000 NTAMS 0x00000006b7000000 space 16384K, 100% used [0x00000006b6000000, 0x00000006b7000000)
AC   0  O    TS     0 PTAMS 0x00000006b7ff99a8 NTAMS 0x00000006b7ff99a8 space 16384K,  99% used [0x00000006b7000000, 0x00000006b8000000)
AC   0  O    TS     0 PTAMS 0x00000006b8ffffe8 NTAMS 0x00000006b8ffffe8 space 16384K,  99% used [0x00000006b8000000, 0x00000006b9000000)
AC   0  O    TS     0 PTAMS 0x00000006b9ffff80 NTAMS 0x00000006b9ffff80 space 16384K,  99% used [0x00000006b9000000, 0x00000006ba000000)
AC   0  O    TS     0 PTAMS 0x00000006bafffff8 NTAMS 0x00000006bafffff8 space 16384K,  99% used [0x00000006ba000000, 0x00000006bb000000)
AC   0  O    TS     0 PTAMS 0x00000006bbfffcf0 NTAMS 0x00000006bbfffcf0 space 16384K,  99% used [0x00000006bb000000, 0x00000006bc000000)
AC   0  O    TS     0 PTAMS 0x00000006bcffffa8 NTAMS 0x00000006bcffffa8 space 16384K,  99% used [0x00000006bc000000, 0x00000006bd000000)
AC   0  O    TS     0 PTAMS 0x00000006bdffffd0 NTAMS 0x00000006bdffffd0 space 16384K,  99% used [0x00000006bd000000, 0x00000006be000000)
AC   0  O    TS     0 PTAMS 0x00000006befff658 NTAMS 0x00000006befff658 space 16384K,  99% used [0x00000006be000000, 0x00000006bf000000)
AC   0  O    TS     0 PTAMS 0x00000006bffffff8 NTAMS 0x00000006bffffff8 space 16384K,  99% used [0x00000006bf000000, 0x00000006c0000000)
AC   0  O    TS     0 PTAMS 0x00000006c0ffedd8 NTAMS 0x00000006c0ffedd8 space 16384K,  99% used [0x00000006c0000000, 0x00000006c1000000)
AC   0  O    TS     0 PTAMS 0x00000006c1fffff0 NTAMS 0x00000006c1fffff0 space 16384K,  99% used [0x00000006c1000000, 0x00000006c2000000)
AC   0  O    TS     0 PTAMS 0x00000006c2fffff8 NTAMS 0x00000006c2fffff8 space 16384K,  99% used [0x00000006c2000000, 0x00000006c3000000)
AC   0  O    TS     0 PTAMS 0x00000006c3fffff0 NTAMS 0x00000006c3fffff0 space 16384K,  99% used [0x00000006c3000000, 0x00000006c4000000)
AC   0  O    TS     0 PTAMS 0x00000006c4fffff0 NTAMS 0x00000006c4fffff0 space 16384K,  99% used [0x00000006c4000000, 0x00000006c5000000)
AC   0  O    TS     0 PTAMS 0x00000006c5ffffe8 NTAMS 0x00000006c5ffffe8 space 16384K,  99% used [0x00000006c5000000, 0x00000006c6000000)
AC   0  O    TS     0 PTAMS 0x00000006c6ffffe8 NTAMS 0x00000006c6ffffe8 space 16384K,  99% used [0x00000006c6000000, 0x00000006c7000000)
AC   0  O    TS     0 PTAMS 0x00000006c8000000 NTAMS 0x00000006c8000000 space 16384K, 100% used [0x00000006c7000000, 0x00000006c8000000)
AC   0  O    TS     0 PTAMS 0x00000006c8ffffe8 NTAMS 0x00000006c8ffffe8 space 16384K,  99% used [0x00000006c8000000, 0x00000006c9000000)
AC   0  O    TS     0 PTAMS 0x00000006c9fffff8 NTAMS 0x00000006c9fffff8 space 16384K,  99% used [0x00000006c9000000, 0x00000006ca000000)
AC   0  O    TS     0 PTAMS 0x00000006caffffd0 NTAMS 0x00000006caffffd0 space 16384K,  99% used [0x00000006ca000000, 0x00000006cb000000)
AC   0  O    TS     0 PTAMS 0x00000006cbfffff8 NTAMS 0x00000006cbfffff8 space 16384K,  99% used [0x00000006cb000000, 0x00000006cc000000)
AC   0  O    TS     0 PTAMS 0x00000006ccffffe0 NTAMS 0x00000006ccffffe0 space 16384K,  99% used [0x00000006cc000000, 0x00000006cd000000)
AC   0  O    TS     0 PTAMS 0x00000006cdfffff8 NTAMS 0x00000006cdfffff8 space 16384K,  99% used [0x00000006cd000000, 0x00000006ce000000)
AC   0  O    TS     0 PTAMS 0x00000006cefffff8 NTAMS 0x00000006cefffff8 space 16384K,  99% used [0x00000006ce000000, 0x00000006cf000000)
AC   0  O    TS     0 PTAMS 0x00000006cfffff88 NTAMS 0x00000006cfffff88 space 16384K,  99% used [0x00000006cf000000, 0x00000006d0000000)
AC   0  O    TS     0 PTAMS 0x00000006d0fffff8 NTAMS 0x00000006d0fffff8 space 16384K,  99% used [0x00000006d0000000, 0x00000006d1000000)
AC   0  O    TS     0 PTAMS 0x00000006d1fffff8 NTAMS 0x00000006d1fffff8 space 16384K,  99% used [0x00000006d1000000, 0x00000006d2000000)
AC   0  O    TS     0 PTAMS 0x00000006d2fffff8 NTAMS 0x00000006d2fffff8 space 16384K,  99% used [0x00000006d2000000, 0x00000006d3000000)
AC   0  O    TS     0 PTAMS 0x00000006d3fffdd8 NTAMS 0x00000006d3fffdd8 space 16384K,  99% used [0x00000006d3000000, 0x00000006d4000000)
AC   0  O    TS     0 PTAMS 0x00000006d4ffffa0 NTAMS 0x00000006d4ffffa0 space 16384K,  99% used [0x00000006d4000000, 0x00000006d5000000)
AC   0  O    TS     0 PTAMS 0x00000006d5fffff8 NTAMS 0x00000006d5fffff8 space 16384K,  99% used [0x00000006d5000000, 0x00000006d6000000)
AC   0  O    TS     0 PTAMS 0x00000006d7000000 NTAMS 0x00000006d7000000 space 16384K, 100% used [0x00000006d6000000, 0x00000006d7000000)
AC   0  O    TS     0 PTAMS 0x00000006d7fffff8 NTAMS 0x00000006d7fffff8 space 16384K,  99% used [0x00000006d7000000, 0x00000006d8000000)
AC   0  O    TS     0 PTAMS 0x00000006d8ffffe8 NTAMS 0x00000006d8ffffe8 space 16384K,  99% used [0x00000006d8000000, 0x00000006d9000000)
AC   0  O    TS     0 PTAMS 0x00000006d9ffffd8 NTAMS 0x00000006d9ffffd8 space 16384K,  99% used [0x00000006d9000000, 0x00000006da000000)
AC   0  O    TS     0 PTAMS 0x00000006db000000 NTAMS 0x00000006db000000 space 16384K, 100% used [0x00000006da000000, 0x00000006db000000)
AC   0  O    TS     0 PTAMS 0x00000006dbff9060 NTAMS 0x00000006dbff9060 space 16384K,  99% used [0x00000006db000000, 0x00000006dc000000)
AC   0  O    TS     0 PTAMS 0x00000006dcfffff8 NTAMS 0x00000006dcfffff8 space 16384K,  99% used [0x00000006dc000000, 0x00000006dd000000)
AC   0  O    TS     0 PTAMS 0x00000006ddfffff0 NTAMS 0x00000006ddfffff0 space 16384K,  99% used [0x00000006dd000000, 0x00000006de000000)
AC   0  O    TS     0 PTAMS 0x00000006deffffd0 NTAMS 0x00000006deffffd0 space 16384K,  99% used [0x00000006de000000, 0x00000006df000000)
AC   0  O    TS     0 PTAMS 0x00000006dffffff0 NTAMS 0x00000006dffffff0 space 16384K,  99% used [0x00000006df000000, 0x00000006e0000000)
AC   0  O    TS     0 PTAMS 0x00000006e0fffff8 NTAMS 0x00000006e0fffff8 space 16384K,  99% used [0x00000006e0000000, 0x00000006e1000000)
AC   0  O    TS     0 PTAMS 0x00000006e1fffff8 NTAMS 0x00000006e1fffff8 space 16384K,  99% used [0x00000006e1000000, 0x00000006e2000000)
AC   0  O    TS     0 PTAMS 0x00000006e2fffff8 NTAMS 0x00000006e2fffff8 space 16384K,  99% used [0x00000006e2000000, 0x00000006e3000000)
AC   0  O    TS     0 PTAMS 0x00000006e3fff2e0 NTAMS 0x00000006e3fff2e0 space 16384K,  99% used [0x00000006e3000000, 0x00000006e4000000)
AC   0  O    TS     0 PTAMS 0x00000006e4fff2c0 NTAMS 0x00000006e4fff2c0 space 16384K,  99% used [0x00000006e4000000, 0x00000006e5000000)
AC   0  O    TS     0 PTAMS 0x00000006e5ffff00 NTAMS 0x00000006e5ffff00 space 16384K,  99% used [0x00000006e5000000, 0x00000006e6000000)
AC   0  O    TS     0 PTAMS 0x00000006e6fe2450 NTAMS 0x00000006e6fe2450 space 16384K,  99% used [0x00000006e6000000, 0x00000006e7000000)
AC   0  O    TS     0 PTAMS 0x00000006e8000000 NTAMS 0x00000006e8000000 space 16384K, 100% used [0x00000006e7000000, 0x00000006e8000000)
AC   0  O    TS     0 PTAMS 0x00000006e8fffff0 NTAMS 0x00000006e8fffff0 space 16384K,  99% used [0x00000006e8000000, 0x00000006e9000000)
AC   0  O    TS     0 PTAMS 0x00000006e9ffffe8 NTAMS 0x00000006e9ffffe8 space 16384K,  99% used [0x00000006e9000000, 0x00000006ea000000)
AC   0  O    TS     0 PTAMS 0x00000006eafffff8 NTAMS 0x00000006eafffff8 space 16384K,  99% used [0x00000006ea000000, 0x00000006eb000000)
AC   0  O    TS     0 PTAMS 0x00000006ebfffff0 NTAMS 0x00000006ebfffff0 space 16384K,  99% used [0x00000006eb000000, 0x00000006ec000000)
AC   0  O    TS     0 PTAMS 0x00000006ecfffff8 NTAMS 0x00000006ecfffff8 space 16384K,  99% used [0x00000006ec000000, 0x00000006ed000000)
AC   0  O    TS     0 PTAMS 0x00000006edfff7a8 NTAMS 0x00000006edfff7a8 space 16384K,  99% used [0x00000006ed000000, 0x00000006ee000000)
AC   0  O    TS     0 PTAMS 0x00000006eefff7b8 NTAMS 0x00000006eefff7b8 space 16384K,  99% used [0x00000006ee000000, 0x00000006ef000000)
AC   0  O    TS     0 PTAMS 0x00000006efffffa0 NTAMS 0x00000006efffffa0 space 16384K,  99% used [0x00000006ef000000, 0x00000006f0000000)
AC   0  O    TS     0 PTAMS 0x00000006f0fffff0 NTAMS 0x00000006f0fffff0 space 16384K,  99% used [0x00000006f0000000, 0x00000006f1000000)
AC   0  O    TS     0 PTAMS 0x00000006f1ffffd0 NTAMS 0x00000006f1ffffd0 space 16384K,  99% used [0x00000006f1000000, 0x00000006f2000000)
AC   0  O    TS     0 PTAMS 0x00000006f3000000 NTAMS 0x00000006f3000000 space 16384K, 100% used [0x00000006f2000000, 0x00000006f3000000)
AC   0  O    TS     0 PTAMS 0x00000006f3fd8af0 NTAMS 0x00000006f3fd8af0 space 16384K,  99% used [0x00000006f3000000, 0x00000006f4000000)
AC   0  O    TS     0 PTAMS 0x00000006f4fffff8 NTAMS 0x00000006f4fffff8 space 16384K,  99% used [0x00000006f4000000, 0x00000006f5000000)
AC   0  O    TS     0 PTAMS 0x00000006f5fffff8 NTAMS 0x00000006f5fffff8 space 16384K,  99% used [0x00000006f5000000, 0x00000006f6000000)
AC   0  O    TS     0 PTAMS 0x00000006f6fffdc8 NTAMS 0x00000006f6fffdc8 space 16384K,  99% used [0x00000006f6000000, 0x00000006f7000000)
AC   0  O    TS     0 PTAMS 0x00000006f7fffff0 NTAMS 0x00000006f7fffff0 space 16384K,  99% used [0x00000006f7000000, 0x00000006f8000000)
AC   0  O    TS     0 PTAMS 0x00000006f8fffff0 NTAMS 0x00000006f8fffff0 space 16384K,  99% used [0x00000006f8000000, 0x00000006f9000000)
AC   0  O    TS     0 PTAMS 0x00000006f9fffff8 NTAMS 0x00000006f9fffff8 space 16384K,  99% used [0x00000006f9000000, 0x00000006fa000000)
AC   0  O    TS     0 PTAMS 0x00000006fafffff0 NTAMS 0x00000006fafffff0 space 16384K,  99% used [0x00000006fa000000, 0x00000006fb000000)
AC   0  O    TS     0 PTAMS 0x00000006fbffffc8 NTAMS 0x00000006fbffffc8 space 16384K,  99% used [0x00000006fb000000, 0x00000006fc000000)
AC   0  O    TS     0 PTAMS 0x00000006fcffffc8 NTAMS 0x00000006fcffffc8 space 16384K,  99% used [0x00000006fc000000, 0x00000006fd000000)
AC   0  O    TS     0 PTAMS 0x00000006fdffffc8 NTAMS 0x00000006fdffffc8 space 16384K,  99% used [0x00000006fd000000, 0x00000006fe000000)
AC   0  O    TS     0 PTAMS 0x00000006ff000000 NTAMS 0x00000006ff000000 space 16384K, 100% used [0x00000006fe000000, 0x00000006ff000000)
AC   0  O    TS     0 PTAMS 0x00000006fffffff8 NTAMS 0x00000006fffffff8 space 16384K,  99% used [0x00000006ff000000, 0x0000000700000000)
AC   0  O    TS     0 PTAMS 0x0000000700ffffe8 NTAMS 0x0000000700ffffe8 space 16384K,  99% used [0x0000000700000000, 0x0000000701000000)
AC   0  O    TS     0 PTAMS 0x0000000701fffff8 NTAMS 0x0000000701fffff8 space 16384K,  99% used [0x0000000701000000, 0x0000000702000000)
AC   0  O    TS     0 PTAMS 0x0000000702ffffe8 NTAMS 0x0000000702ffffe8 space 16384K,  99% used [0x0000000702000000, 0x0000000703000000)
AC   0  O    TS     0 PTAMS 0x0000000704000000 NTAMS 0x0000000704000000 space 16384K, 100% used [0x0000000703000000, 0x0000000704000000)
AC   0  O    TS     0 PTAMS 0x0000000704fffff0 NTAMS 0x0000000704fffff0 space 16384K,  99% used [0x0000000704000000, 0x0000000705000000)
AC   0  O    TS     0 PTAMS 0x0000000705ffffd8 NTAMS 0x0000000705ffffd8 space 16384K,  99% used [0x0000000705000000, 0x0000000706000000)
AC   0  O    TS     0 PTAMS 0x0000000706fffff8 NTAMS 0x0000000706fffff8 space 16384K,  99% used [0x0000000706000000, 0x0000000707000000)
AC   0  O    TS     0 PTAMS 0x0000000707fffff0 NTAMS 0x0000000707fffff0 space 16384K,  99% used [0x0000000707000000, 0x0000000708000000)
AC   0  O    TS     0 PTAMS 0x0000000708ffffb8 NTAMS 0x0000000708ffffb8 space 16384K,  99% used [0x0000000708000000, 0x0000000709000000)
AC   0  O    TS     0 PTAMS 0x0000000709fffff8 NTAMS 0x0000000709fffff8 space 16384K,  99% used [0x0000000709000000, 0x000000070a000000)
AC   0  O    TS     0 PTAMS 0x000000070affffe8 NTAMS 0x000000070affffe8 space 16384K,  99% used [0x000000070a000000, 0x000000070b000000)
AC   0  O    TS     0 PTAMS 0x000000070bf306e0 NTAMS 0x000000070bf306e0 space 16384K,  94% used [0x000000070b000000, 0x000000070c000000)
AC   0  O    TS     0 PTAMS 0x000000070cfffff0 NTAMS 0x000000070cfffff0 space 16384K,  99% used [0x000000070c000000, 0x000000070d000000)
AC   0  O    TS     0 PTAMS 0x000000070dffffe8 NTAMS 0x000000070dffffe8 space 16384K,  99% used [0x000000070d000000, 0x000000070e000000)
AC   0  O    TS     0 PTAMS 0x000000070effffb8 NTAMS 0x000000070effffb8 space 16384K,  99% used [0x000000070e000000, 0x000000070f000000)
AC   0  O    TS     0 PTAMS 0x000000070fffffd0 NTAMS 0x000000070fffffd0 space 16384K,  99% used [0x000000070f000000, 0x0000000710000000)
AC   0  O    TS     0 PTAMS 0x0000000711000000 NTAMS 0x0000000711000000 space 16384K, 100% used [0x0000000710000000, 0x0000000711000000)
AC   0  O    TS     0 PTAMS 0x0000000712000000 NTAMS 0x0000000712000000 space 16384K, 100% used [0x0000000711000000, 0x0000000712000000)
AC   0  O    TS     0 PTAMS 0x0000000712ffff98 NTAMS 0x0000000712ffff98 space 16384K,  99% used [0x0000000712000000, 0x0000000713000000)
AC   0  O    TS     0 PTAMS 0x0000000713ffff30 NTAMS 0x0000000713ffff30 space 16384K,  99% used [0x0000000713000000, 0x0000000714000000)
AC   0  O    TS     0 PTAMS 0x0000000714fffff0 NTAMS 0x0000000714fffff0 space 16384K,  99% used [0x0000000714000000, 0x0000000715000000)
AC   0  O    TS     0 PTAMS 0x0000000716000000 NTAMS 0x0000000716000000 space 16384K, 100% used [0x0000000715000000, 0x0000000716000000)
AC   0  O    TS     0 PTAMS 0x0000000716ffffd8 NTAMS 0x0000000716ffffd8 space 16384K,  99% used [0x0000000716000000, 0x0000000717000000)
AC   0  O    TS     0 PTAMS 0x0000000717ffff88 NTAMS 0x0000000717ffff88 space 16384K,  99% used [0x0000000717000000, 0x0000000718000000)
AC   0  O    TS     0 PTAMS 0x0000000718fffff8 NTAMS 0x0000000718fffff8 space 16384K,  99% used [0x0000000718000000, 0x0000000719000000)
AC   0  O    TS     0 PTAMS 0x0000000719ffffc8 NTAMS 0x0000000719ffffc8 space 16384K,  99% used [0x0000000719000000, 0x000000071a000000)
AC   0  O    TS     0 PTAMS 0x000000071affffe0 NTAMS 0x000000071affffe0 space 16384K,  99% used [0x000000071a000000, 0x000000071b000000)
AC   0  O    TS     0 PTAMS 0x000000071bff74b0 NTAMS 0x000000071bff74b0 space 16384K,  99% used [0x000000071b000000, 0x000000071c000000)
AC   0  O    TS     0 PTAMS 0x000000071cfff120 NTAMS 0x000000071cfff120 space 16384K,  99% used [0x000000071c000000, 0x000000071d000000)
AC   0  O    TS     0 PTAMS 0x000000071dfffff0 NTAMS 0x000000071dfffff0 space 16384K,  99% used [0x000000071d000000, 0x000000071e000000)
AC   0  O    TS     0 PTAMS 0x000000071effffd8 NTAMS 0x000000071effffd8 space 16384K,  99% used [0x000000071e000000, 0x000000071f000000)
AC   0  O    TS     0 PTAMS 0x000000071ffffd20 NTAMS 0x000000071ffffd20 space 16384K,  99% used [0x000000071f000000, 0x0000000720000000)
AC   0  O    TS     0 PTAMS 0x0000000720ffffe8 NTAMS 0x0000000720ffffe8 space 16384K,  99% used [0x0000000720000000, 0x0000000721000000)
AC   0  O    TS     0 PTAMS 0x0000000721fffff0 NTAMS 0x0000000721fffff0 space 16384K,  99% used [0x0000000721000000, 0x0000000722000000)
AC   0  O    TS     0 PTAMS 0x0000000722ffff98 NTAMS 0x0000000722ffff98 space 16384K,  99% used [0x0000000722000000, 0x0000000723000000)
AC   0  O    TS     0 PTAMS 0x0000000723fffff8 NTAMS 0x0000000723fffff8 space 16384K,  99% used [0x0000000723000000, 0x0000000724000000)
AC   0  O    TS     0 PTAMS 0x0000000724fffff8 NTAMS 0x0000000724fffff8 space 16384K,  99% used [0x0000000724000000, 0x0000000725000000)
AC   0  O    TS     0 PTAMS 0x0000000725ffca70 NTAMS 0x0000000725ffca70 space 16384K,  99% used [0x0000000725000000, 0x0000000726000000)
AC   0  O    TS     0 PTAMS 0x0000000726ffffe8 NTAMS 0x0000000726ffffe8 space 16384K,  99% used [0x0000000726000000, 0x0000000727000000)
AC   0  O    TS     0 PTAMS 0x0000000727fffff8 NTAMS 0x0000000727fffff8 space 16384K,  99% used [0x0000000727000000, 0x0000000728000000)
AC   0  O    TS     0 PTAMS 0x0000000728c527b0 NTAMS 0x0000000728c527b0 space 16384K,  77% used [0x0000000728000000, 0x0000000729000000)
AC   0  O    TS     0 PTAMS 0x000000072a000000 NTAMS 0x000000072a000000 space 16384K, 100% used [0x0000000729000000, 0x000000072a000000)
AC   0  O    TS     0 PTAMS 0x000000072b000000 NTAMS 0x000000072b000000 space 16384K, 100% used [0x000000072a000000, 0x000000072b000000)
AC   0  O    TS     0 PTAMS 0x000000072c000000 NTAMS 0x000000072c000000 space 16384K, 100% used [0x000000072b000000, 0x000000072c000000)
AC   0  O    TS     0 PTAMS 0x000000072d000000 NTAMS 0x000000072d000000 space 16384K, 100% used [0x000000072c000000, 0x000000072d000000)
AC   0  O    TS     0 PTAMS 0x000000072e000000 NTAMS 0x000000072e000000 space 16384K, 100% used [0x000000072d000000, 0x000000072e000000)
AC   0  O    TS     0 PTAMS 0x000000072f000000 NTAMS 0x000000072f000000 space 16384K, 100% used [0x000000072e000000, 0x000000072f000000)
AC   0  O    TS     0 PTAMS 0x0000000730000000 NTAMS 0x0000000730000000 space 16384K, 100% used [0x000000072f000000, 0x0000000730000000)
AC   0  O    TS     0 PTAMS 0x0000000731000000 NTAMS 0x0000000731000000 space 16384K, 100% used [0x0000000730000000, 0x0000000731000000)
AC   0  O    TS     0 PTAMS 0x0000000732000000 NTAMS 0x0000000732000000 space 16384K, 100% used [0x0000000731000000, 0x0000000732000000)
AC   0  O    TS     3 PTAMS 0x000000073244b000 NTAMS 0x000000073244b000 space 16384K,  26% used [0x0000000732000000, 0x0000000733000000)
AC   0  F    TS     0 PTAMS 0x0000000733000000 NTAMS 0x0000000733000000 space 16384K,   0% used [0x0000000733000000, 0x0000000734000000)
AC   0  F    TS     0 PTAMS 0x0000000734000000 NTAMS 0x0000000734000000 space 16384K,   0% used [0x0000000734000000, 0x0000000735000000)
AC   0  F    TS     0 PTAMS 0x0000000735000000 NTAMS 0x0000000735000000 space 16384K,   0% used [0x0000000735000000, 0x0000000736000000)
AC   0  F    TS     0 PTAMS 0x0000000736000000 NTAMS 0x0000000736000000 space 16384K,   0% used [0x0000000736000000, 0x0000000737000000)
AC   0  F    TS     0 PTAMS 0x0000000737000000 NTAMS 0x0000000737000000 space 16384K,   0% used [0x0000000737000000, 0x0000000738000000)
AC   0  F    TS     0 PTAMS 0x0000000738000000 NTAMS 0x0000000738000000 space 16384K,   0% used [0x0000000738000000, 0x0000000739000000)
AC   0  F    TS     0 PTAMS 0x0000000739000000 NTAMS 0x0000000739000000 space 16384K,   0% used [0x0000000739000000, 0x000000073a000000)
AC   0  F    TS     0 PTAMS 0x000000073a000000 NTAMS 0x000000073a000000 space 16384K,   0% used [0x000000073a000000, 0x000000073b000000)
AC   0  F    TS     0 PTAMS 0x000000073b000000 NTAMS 0x000000073b000000 space 16384K,   0% used [0x000000073b000000, 0x000000073c000000)
AC   0  F    TS     0 PTAMS 0x000000073c000000 NTAMS 0x000000073c000000 space 16384K,   0% used [0x000000073c000000, 0x000000073d000000)
AC   0  F    TS     0 PTAMS 0x000000073d000000 NTAMS 0x000000073d000000 space 16384K,   0% used [0x000000073d000000, 0x000000073e000000)
AC   0  F    TS     0 PTAMS 0x000000073e000000 NTAMS 0x000000073e000000 space 16384K,   0% used [0x000000073e000000, 0x000000073f000000)
AC   0  F    TS     0 PTAMS 0x000000073f000000 NTAMS 0x000000073f000000 space 16384K,   0% used [0x000000073f000000, 0x0000000740000000)
AC   0  F    TS     0 PTAMS 0x0000000740000000 NTAMS 0x0000000740000000 space 16384K,   0% used [0x0000000740000000, 0x0000000741000000)
AC   0  F    TS     0 PTAMS 0x0000000741000000 NTAMS 0x0000000741000000 space 16384K,   0% used [0x0000000741000000, 0x0000000742000000)
AC   0  F    TS     0 PTAMS 0x0000000742000000 NTAMS 0x0000000742000000 space 16384K,   0% used [0x0000000742000000, 0x0000000743000000)
AC   0  F    TS     0 PTAMS 0x0000000743000000 NTAMS 0x0000000743000000 space 16384K,   0% used [0x0000000743000000, 0x0000000744000000)
AC   0  F    TS     0 PTAMS 0x0000000744000000 NTAMS 0x0000000744000000 space 16384K,   0% used [0x0000000744000000, 0x0000000745000000)
AC   0  F    TS     0 PTAMS 0x0000000745000000 NTAMS 0x0000000745000000 space 16384K,   0% used [0x0000000745000000, 0x0000000746000000)
AC   0  F    TS     0 PTAMS 0x0000000746000000 NTAMS 0x0000000746000000 space 16384K,   0% used [0x0000000746000000, 0x0000000747000000)
AC   0  F    TS     0 PTAMS 0x0000000747000000 NTAMS 0x0000000747000000 space 16384K,   0% used [0x0000000747000000, 0x0000000748000000)
AC   0  F    TS     0 PTAMS 0x0000000748000000 NTAMS 0x0000000748000000 space 16384K,   0% used [0x0000000748000000, 0x0000000749000000)
AC   0  F    TS     0 PTAMS 0x0000000749000000 NTAMS 0x0000000749000000 space 16384K,   0% used [0x0000000749000000, 0x000000074a000000)
AC   0  F    TS     0 PTAMS 0x000000074a000000 NTAMS 0x000000074a000000 space 16384K,   0% used [0x000000074a000000, 0x000000074b000000)
AC   0  F    TS     0 PTAMS 0x000000074b000000 NTAMS 0x000000074b000000 space 16384K,   0% used [0x000000074b000000, 0x000000074c000000)
AC   0  F    TS     0 PTAMS 0x000000074c000000 NTAMS 0x000000074c000000 space 16384K,   0% used [0x000000074c000000, 0x000000074d000000)
AC   0  F    TS     0 PTAMS 0x000000074d000000 NTAMS 0x000000074d000000 space 16384K,   0% used [0x000000074d000000, 0x000000074e000000)
AC   0  F    TS     0 PTAMS 0x000000074e000000 NTAMS 0x000000074e000000 space 16384K,   0% used [0x000000074e000000, 0x000000074f000000)
AC   0  F    TS     0 PTAMS 0x000000074f000000 NTAMS 0x000000074f000000 space 16384K,   0% used [0x000000074f000000, 0x0000000750000000)
AC   0  F    TS     0 PTAMS 0x0000000750000000 NTAMS 0x0000000750000000 space 16384K,   0% used [0x0000000750000000, 0x0000000751000000)
AC   0  F    TS     0 PTAMS 0x0000000751000000 NTAMS 0x0000000751000000 space 16384K,   0% used [0x0000000751000000, 0x0000000752000000)
AC   0  F    TS     0 PTAMS 0x0000000752000000 NTAMS 0x0000000752000000 space 16384K,   0% used [0x0000000752000000, 0x0000000753000000)
AC   0  F    TS     0 PTAMS 0x0000000753000000 NTAMS 0x0000000753000000 space 16384K,   0% used [0x0000000753000000, 0x0000000754000000)
AC   0  F    TS     0 PTAMS 0x0000000754000000 NTAMS 0x0000000754000000 space 16384K,   0% used [0x0000000754000000, 0x0000000755000000)
AC   0  F    TS     0 PTAMS 0x0000000755000000 NTAMS 0x0000000755000000 space 16384K,   0% used [0x0000000755000000, 0x0000000756000000)
AC   0  F    TS     0 PTAMS 0x0000000756000000 NTAMS 0x0000000756000000 space 16384K,   0% used [0x0000000756000000, 0x0000000757000000)
AC   0  F    TS     0 PTAMS 0x0000000757000000 NTAMS 0x0000000757000000 space 16384K,   0% used [0x0000000757000000, 0x0000000758000000)
AC   0  F    TS     0 PTAMS 0x0000000758000000 NTAMS 0x0000000758000000 space 16384K,   0% used [0x0000000758000000, 0x0000000759000000)
AC   0  F    TS     0 PTAMS 0x0000000759000000 NTAMS 0x0000000759000000 space 16384K,   0% used [0x0000000759000000, 0x000000075a000000)
AC   0  F    TS     0 PTAMS 0x000000075a000000 NTAMS 0x000000075a000000 space 16384K,   0% used [0x000000075a000000, 0x000000075b000000)
AC   0  F    TS     0 PTAMS 0x000000075b000000 NTAMS 0x000000075b000000 space 16384K,   0% used [0x000000075b000000, 0x000000075c000000)
AC   0  F    TS     0 PTAMS 0x000000075c000000 NTAMS 0x000000075c000000 space 16384K,   0% used [0x000000075c000000, 0x000000075d000000)
AC   0  F    TS     0 PTAMS 0x000000075d000000 NTAMS 0x000000075d000000 space 16384K,   0% used [0x000000075d000000, 0x000000075e000000)
AC   0  F    TS     0 PTAMS 0x000000075e000000 NTAMS 0x000000075e000000 space 16384K,   0% used [0x000000075e000000, 0x000000075f000000)
AC   0  F    TS     0 PTAMS 0x000000075f000000 NTAMS 0x000000075f000000 space 16384K,   0% used [0x000000075f000000, 0x0000000760000000)
AC   0  F    TS     0 PTAMS 0x0000000760000000 NTAMS 0x0000000760000000 space 16384K,   0% used [0x0000000760000000, 0x0000000761000000)
AC   0  F    TS     0 PTAMS 0x0000000761000000 NTAMS 0x0000000761000000 space 16384K,   0% used [0x0000000761000000, 0x0000000762000000)
AC   0  F    TS     0 PTAMS 0x0000000762000000 NTAMS 0x0000000762000000 space 16384K,   0% used [0x0000000762000000, 0x0000000763000000)
AC   0  F    TS     0 PTAMS 0x0000000763000000 NTAMS 0x0000000763000000 space 16384K,   0% used [0x0000000763000000, 0x0000000764000000)
AC   0  F    TS     0 PTAMS 0x0000000764000000 NTAMS 0x0000000764000000 space 16384K,   0% used [0x0000000764000000, 0x0000000765000000)
AC   0  F    TS     0 PTAMS 0x0000000765000000 NTAMS 0x0000000765000000 space 16384K,   0% used [0x0000000765000000, 0x0000000766000000)
AC   0  F    TS     0 PTAMS 0x0000000766000000 NTAMS 0x0000000766000000 space 16384K,   0% used [0x0000000766000000, 0x0000000767000000)
AC   0  F    TS     0 PTAMS 0x0000000767000000 NTAMS 0x0000000767000000 space 16384K,   0% used [0x0000000767000000, 0x0000000768000000)
AC   0  F    TS     0 PTAMS 0x0000000768000000 NTAMS 0x0000000768000000 space 16384K,   0% used [0x0000000768000000, 0x0000000769000000)
AC   0  F    TS     0 PTAMS 0x0000000769000000 NTAMS 0x0000000769000000 space 16384K,   0% used [0x0000000769000000, 0x000000076a000000)
AC   0  F    TS     0 PTAMS 0x000000076a000000 NTAMS 0x000000076a000000 space 16384K,   0% used [0x000000076a000000, 0x000000076b000000)
AC   0  F    TS     0 PTAMS 0x000000076b000000 NTAMS 0x000000076b000000 space 16384K,   0% used [0x000000076b000000, 0x000000076c000000)
AC   0  F    TS     0 PTAMS 0x000000076c000000 NTAMS 0x000000076c000000 space 16384K,   0% used [0x000000076c000000, 0x000000076d000000)
AC   0  F    TS     0 PTAMS 0x000000076d000000 NTAMS 0x000000076d000000 space 16384K,   0% used [0x000000076d000000, 0x000000076e000000)
AC   0  F    TS     0 PTAMS 0x000000076e000000 NTAMS 0x000000076e000000 space 16384K,   0% used [0x000000076e000000, 0x000000076f000000)
AC   0  F    TS     0 PTAMS 0x000000076f000000 NTAMS 0x000000076f000000 space 16384K,   0% used [0x000000076f000000, 0x0000000770000000)
AC   0  F    TS     0 PTAMS 0x0000000770000000 NTAMS 0x0000000770000000 space 16384K,   0% used [0x0000000770000000, 0x0000000771000000)
AC   0  F    TS     0 PTAMS 0x0000000771000000 NTAMS 0x0000000771000000 space 16384K,   0% used [0x0000000771000000, 0x0000000772000000)
AC   0  F    TS     0 PTAMS 0x0000000772000000 NTAMS 0x0000000772000000 space 16384K,   0% used [0x0000000772000000, 0x0000000773000000)
AC   0  F    TS     0 PTAMS 0x0000000773000000 NTAMS 0x0000000773000000 space 16384K,   0% used [0x0000000773000000, 0x0000000774000000)
AC   0  F    TS     0 PTAMS 0x0000000774000000 NTAMS 0x0000000774000000 space 16384K,   0% used [0x0000000774000000, 0x0000000775000000)
AC   0  F    TS     0 PTAMS 0x0000000775000000 NTAMS 0x0000000775000000 space 16384K,   0% used [0x0000000775000000, 0x0000000776000000)
AC   0  F    TS     0 PTAMS 0x0000000776000000 NTAMS 0x0000000776000000 space 16384K,   0% used [0x0000000776000000, 0x0000000777000000)
AC   0  F    TS     0 PTAMS 0x0000000777000000 NTAMS 0x0000000777000000 space 16384K,   0% used [0x0000000777000000, 0x0000000778000000)
AC   0  F    TS     0 PTAMS 0x0000000778000000 NTAMS 0x0000000778000000 space 16384K,   0% used [0x0000000778000000, 0x0000000779000000)
AC   0  F    TS     0 PTAMS 0x0000000779000000 NTAMS 0x0000000779000000 space 16384K,   0% used [0x0000000779000000, 0x000000077a000000)
AC   0  F    TS     0 PTAMS 0x000000077a000000 NTAMS 0x000000077a000000 space 16384K,   0% used [0x000000077a000000, 0x000000077b000000)
AC   0  F    TS     0 PTAMS 0x000000077b000000 NTAMS 0x000000077b000000 space 16384K,   0% used [0x000000077b000000, 0x000000077c000000)
AC   0  F    TS     0 PTAMS 0x000000077c000000 NTAMS 0x000000077c000000 space 16384K,   0% used [0x000000077c000000, 0x000000077d000000)
AC   0  F    TS     0 PTAMS 0x000000077d000000 NTAMS 0x000000077d000000 space 16384K,   0% used [0x000000077d000000, 0x000000077e000000)
AC   0  F    TS     0 PTAMS 0x000000077e000000 NTAMS 0x000000077e000000 space 16384K,   0% used [0x000000077e000000, 0x000000077f000000)
AC   0  F    TS     0 PTAMS 0x000000077f000000 NTAMS 0x000000077f000000 space 16384K,   0% used [0x000000077f000000, 0x0000000780000000)
AC   0  F    TS     0 PTAMS 0x0000000780000000 NTAMS 0x0000000780000000 space 16384K,   0% used [0x0000000780000000, 0x0000000781000000)
AC   0  F    TS     0 PTAMS 0x0000000781000000 NTAMS 0x0000000781000000 space 16384K,   0% used [0x0000000781000000, 0x0000000782000000)
AC   0  F    TS     0 PTAMS 0x0000000782000000 NTAMS 0x0000000782000000 space 16384K,   0% used [0x0000000782000000, 0x0000000783000000)
AC   0  F    TS     0 PTAMS 0x0000000783000000 NTAMS 0x0000000783000000 space 16384K,   0% used [0x0000000783000000, 0x0000000784000000)
AC   0  F    TS     0 PTAMS 0x0000000784000000 NTAMS 0x0000000784000000 space 16384K,   0% used [0x0000000784000000, 0x0000000785000000)
AC   0  F    TS     0 PTAMS 0x0000000785000000 NTAMS 0x0000000785000000 space 16384K,   0% used [0x0000000785000000, 0x0000000786000000)
AC   0  F    TS     0 PTAMS 0x0000000786000000 NTAMS 0x0000000786000000 space 16384K,   0% used [0x0000000786000000, 0x0000000787000000)
AC   0  F    TS     0 PTAMS 0x0000000787000000 NTAMS 0x0000000787000000 space 16384K,   0% used [0x0000000787000000, 0x0000000788000000)
AC   0  F    TS     0 PTAMS 0x0000000788000000 NTAMS 0x0000000788000000 space 16384K,   0% used [0x0000000788000000, 0x0000000789000000)
AC   0  F    TS     0 PTAMS 0x0000000789000000 NTAMS 0x0000000789000000 space 16384K,   0% used [0x0000000789000000, 0x000000078a000000)
AC   0  F    TS     0 PTAMS 0x000000078a000000 NTAMS 0x000000078a000000 space 16384K,   0% used [0x000000078a000000, 0x000000078b000000)
AC   0  F    TS     0 PTAMS 0x000000078b000000 NTAMS 0x000000078b000000 space 16384K,   0% used [0x000000078b000000, 0x000000078c000000)
AC   0  F    TS     0 PTAMS 0x000000078c000000 NTAMS 0x000000078c000000 space 16384K,   0% used [0x000000078c000000, 0x000000078d000000)
AC   0  F    TS     0 PTAMS 0x000000078d000000 NTAMS 0x000000078d000000 space 16384K,   0% used [0x000000078d000000, 0x000000078e000000)
AC   0  F    TS     0 PTAMS 0x000000078e000000 NTAMS 0x000000078e000000 space 16384K,   0% used [0x000000078e000000, 0x000000078f000000)
AC   0  F    TS     0 PTAMS 0x000000078f000000 NTAMS 0x000000078f000000 space 16384K,   0% used [0x000000078f000000, 0x0000000790000000)
AC   0  F    TS     0 PTAMS 0x0000000790000000 NTAMS 0x0000000790000000 space 16384K,   0% used [0x0000000790000000, 0x0000000791000000)
AC   0  F    TS     0 PTAMS 0x0000000791000000 NTAMS 0x0000000791000000 space 16384K,   0% used [0x0000000791000000, 0x0000000792000000)
AC   0  F    TS     0 PTAMS 0x0000000792000000 NTAMS 0x0000000792000000 space 16384K,   0% used [0x0000000792000000, 0x0000000793000000)
AC   0  F    TS     0 PTAMS 0x0000000793000000 NTAMS 0x0000000793000000 space 16384K,   0% used [0x0000000793000000, 0x0000000794000000)
AC   0  F    TS     0 PTAMS 0x0000000794000000 NTAMS 0x0000000794000000 space 16384K,   0% used [0x0000000794000000, 0x0000000795000000)
AC   0  F    TS     0 PTAMS 0x0000000795000000 NTAMS 0x0000000795000000 space 16384K,   0% used [0x0000000795000000, 0x0000000796000000)
AC   0  F    TS     0 PTAMS 0x0000000796000000 NTAMS 0x0000000796000000 space 16384K,   0% used [0x0000000796000000, 0x0000000797000000)
AC   0  F    TS     0 PTAMS 0x0000000797000000 NTAMS 0x0000000797000000 space 16384K,   0% used [0x0000000797000000, 0x0000000798000000)
AC   0  F    TS     0 PTAMS 0x0000000798000000 NTAMS 0x0000000798000000 space 16384K,   0% used [0x0000000798000000, 0x0000000799000000)
AC   0  F    TS     0 PTAMS 0x0000000799000000 NTAMS 0x0000000799000000 space 16384K,   0% used [0x0000000799000000, 0x000000079a000000)
AC   0  F    TS     0 PTAMS 0x000000079a000000 NTAMS 0x000000079a000000 space 16384K,   0% used [0x000000079a000000, 0x000000079b000000)
AC   0  F    TS     0 PTAMS 0x000000079b000000 NTAMS 0x000000079b000000 space 16384K,   0% used [0x000000079b000000, 0x000000079c000000)
AC   0  F    TS     0 PTAMS 0x000000079c000000 NTAMS 0x000000079c000000 space 16384K,   0% used [0x000000079c000000, 0x000000079d000000)
AC   0  F    TS     0 PTAMS 0x000000079d000000 NTAMS 0x000000079d000000 space 16384K,   0% used [0x000000079d000000, 0x000000079e000000)
AC   0  F    TS     0 PTAMS 0x000000079e000000 NTAMS 0x000000079e000000 space 16384K,   0% used [0x000000079e000000, 0x000000079f000000)
AC   0  F    TS     0 PTAMS 0x000000079f000000 NTAMS 0x000000079f000000 space 16384K,   0% used [0x000000079f000000, 0x00000007a0000000)
AC   0  F    TS     0 PTAMS 0x00000007a0000000 NTAMS 0x00000007a0000000 space 16384K,   0% used [0x00000007a0000000, 0x00000007a1000000)
AC   0  F    TS     0 PTAMS 0x00000007a1000000 NTAMS 0x00000007a1000000 space 16384K,   0% used [0x00000007a1000000, 0x00000007a2000000)
AC   0  F    TS     0 PTAMS 0x00000007a2000000 NTAMS 0x00000007a2000000 space 16384K,   0% used [0x00000007a2000000, 0x00000007a3000000)
AC   0  F    TS     0 PTAMS 0x00000007a3000000 NTAMS 0x00000007a3000000 space 16384K,   0% used [0x00000007a3000000, 0x00000007a4000000)
AC   0  F    TS     0 PTAMS 0x00000007a4000000 NTAMS 0x00000007a4000000 space 16384K,   0% used [0x00000007a4000000, 0x00000007a5000000)
AC   0  F    TS     0 PTAMS 0x00000007a5000000 NTAMS 0x00000007a5000000 space 16384K,   0% used [0x00000007a5000000, 0x00000007a6000000)
AC   0  F    TS     0 PTAMS 0x00000007a6000000 NTAMS 0x00000007a6000000 space 16384K,   0% used [0x00000007a6000000, 0x00000007a7000000)
AC   0  F    TS     0 PTAMS 0x00000007a7000000 NTAMS 0x00000007a7000000 space 16384K,   0% used [0x00000007a7000000, 0x00000007a8000000)
AC   0  F    TS     0 PTAMS 0x00000007a8000000 NTAMS 0x00000007a8000000 space 16384K,   0% used [0x00000007a8000000, 0x00000007a9000000)
AC   0  F    TS     0 PTAMS 0x00000007a9000000 NTAMS 0x00000007a9000000 space 16384K,   0% used [0x00000007a9000000, 0x00000007aa000000)
AC   0  F    TS     0 PTAMS 0x00000007aa000000 NTAMS 0x00000007aa000000 space 16384K,   0% used [0x00000007aa000000, 0x00000007ab000000)
AC   0  F    TS     0 PTAMS 0x00000007ab000000 NTAMS 0x00000007ab000000 space 16384K,   0% used [0x00000007ab000000, 0x00000007ac000000)
AC   0  F    TS     0 PTAMS 0x00000007ac000000 NTAMS 0x00000007ac000000 space 16384K,   0% used [0x00000007ac000000, 0x00000007ad000000)
AC   0  F    TS     0 PTAMS 0x00000007ad000000 NTAMS 0x00000007ad000000 space 16384K,   0% used [0x00000007ad000000, 0x00000007ae000000)
AC   0  F    TS     0 PTAMS 0x00000007ae000000 NTAMS 0x00000007ae000000 space 16384K,   0% used [0x00000007ae000000, 0x00000007af000000)
AC   0  F    TS     0 PTAMS 0x00000007af000000 NTAMS 0x00000007af000000 space 16384K,   0% used [0x00000007af000000, 0x00000007b0000000)
AC   0  F    TS     0 PTAMS 0x00000007b0000000 NTAMS 0x00000007b0000000 space 16384K,   0% used [0x00000007b0000000, 0x00000007b1000000)
AC   0  F    TS     0 PTAMS 0x00000007b1000000 NTAMS 0x00000007b1000000 space 16384K,   0% used [0x00000007b1000000, 0x00000007b2000000)
AC   0  F    TS     0 PTAMS 0x00000007b2000000 NTAMS 0x00000007b2000000 space 16384K,   0% used [0x00000007b2000000, 0x00000007b3000000)
AC   0  F    TS     0 PTAMS 0x00000007b3000000 NTAMS 0x00000007b3000000 space 16384K,   0% used [0x00000007b3000000, 0x00000007b4000000)
AC   0  F    TS     0 PTAMS 0x00000007b4000000 NTAMS 0x00000007b4000000 space 16384K,   0% used [0x00000007b4000000, 0x00000007b5000000)
AC   0  F    TS     0 PTAMS 0x00000007b5000000 NTAMS 0x00000007b5000000 space 16384K,   0% used [0x00000007b5000000, 0x00000007b6000000)
AC   0  F    TS     0 PTAMS 0x00000007b6000000 NTAMS 0x00000007b6000000 space 16384K,   0% used [0x00000007b6000000, 0x00000007b7000000)
AC   0  S CS TS     3 PTAMS 0x00000007b7000000 NTAMS 0x00000007b7000000 space 16384K,   4% used [0x00000007b7000000, 0x00000007b8000000)
AC   0  F    TS     1 PTAMS 0x00000007b8000000 NTAMS 0x00000007b8000000 space 16384K,   0% used [0x00000007b8000000, 0x00000007b9000000)
AC   0  F    TS     0 PTAMS 0x00000007b9000000 NTAMS 0x00000007b9000000 space 16384K,   0% used [0x00000007b9000000, 0x00000007ba000000)
AC   0  F    TS     0 PTAMS 0x00000007ba000000 NTAMS 0x00000007ba000000 space 16384K,   0% used [0x00000007ba000000, 0x00000007bb000000)
AC   0  F    TS     0 PTAMS 0x00000007bb000000 NTAMS 0x00000007bb000000 space 16384K,   0% used [0x00000007bb000000, 0x00000007bc000000)
AC   0  E    TS     0 PTAMS 0x00000007bc000000 NTAMS 0x00000007bc000000 space 16384K,  95% used [0x00000007bc000000, 0x00000007bd000000)
AC   0  E CS TS     0 PTAMS 0x00000007bd000000 NTAMS 0x00000007bd000000 space 16384K, 100% used [0x00000007bd000000, 0x00000007be000000)
AC   0  E CS TS     0 PTAMS 0x00000007be000000 NTAMS 0x00000007be000000 space 16384K, 100% used [0x00000007be000000, 0x00000007bf000000)
AC   0  E CS TS     0 PTAMS 0x00000007bf000000 NTAMS 0x00000007bf000000 space 16384K, 100% used [0x00000007bf000000, 0x00000007c0000000)

Card table byte_map: [0x0000000015430000,0x0000000015e00000] byte_map_base: 0x0000000011ff8000

Marking Bits (Prev, Next): (CMBitMap*) 0x00000000032b5840, (CMBitMap*) 0x00000000032b57e8
 Prev Bits: [0x000000001b610000, 0x0000000020450000)
 Next Bits: [0x00000000167d0000, 0x000000001b610000)

Polling page: 0x0000000000e00000

CodeCache: size=245760Kb used=115140Kb max_used=116855Kb free=130619Kb
 bounds [0x0000000003340000, 0x000000000a6d0000, 0x0000000012340000]
 total_blobs=28973 nmethods=27309 adapters=1569
 compilation: enabled

Compilation events (10 events):
Event: 2565.093 Thread 0x0000000024513800 42725       3       paulscode.sound.Library::setListenerOrientation (84 bytes)
Event: 2565.094 Thread 0x0000000024513800 nmethod 42725 0x0000000008e78c10 code [0x0000000008e78e00, 0x0000000008e79748]
Event: 2565.550 Thread 0x000000002450e000 42726       4       paulscode.sound.libraries.SourceLWJGLOpenAL::positionChanged (92 bytes)
Event: 2565.557 Thread 0x000000002450e000 nmethod 42726 0x00000000098b1a50 code [0x00000000098b1cc0, 0x00000000098b25a8]
Event: 2579.246 Thread 0x0000000024513800 42727   !   3       paulscode.sound.SoundSystem::removeTemporarySources (31 bytes)
Event: 2579.247 Thread 0x0000000024513800 nmethod 42727 0x000000000959c190 code [0x000000000959c300, 0x000000000959c708]
Event: 2593.149 Thread 0x0000000024513800 42728       1       net.minecraft.entity.monster.EntitySpider::func_70042_X (9 bytes)
Event: 2593.149 Thread 0x0000000024513800 nmethod 42728 0x0000000009b40cd0 code [0x0000000009b40e40, 0x0000000009b40f70]
Event: 2595.146 Thread 0x00000000244f8000 42729       4       net.minecraft.network.play.server.SPacketSoundEffect::func_148833_a (9 bytes)
Event: 2595.153 Thread 0x00000000244f8000 nmethod 42729 0x00000000082d61d0 code [0x00000000082d63a0, 0x00000000082d69a8]

GC Heap History (10 events):
Event: 2571.387 GC heap before
{Heap before GC invocations=1512 (full 2):
 garbage-first heap   total 5128192K, used 2900645K [0x0000000687000000, 0x00000006880009c8, 0x00000007c0000000)
  region size 16384K, 8 young (131072K), 1 survivors (16384K)
 Metaspace       used 208184K, capacity 215869K, committed 216832K, reserved 1232896K
  class space    used 31983K, capacity 33840K, committed 34048K, reserved 1048576K
Event: 2571.396 GC heap after
Heap after GC invocations=1513 (full 2):
 garbage-first heap   total 5128192K, used 2785363K [0x0000000687000000, 0x00000006880009c8, 0x00000007c0000000)
  region size 16384K, 1 young (16384K), 1 survivors (16384K)
 Metaspace       used 208184K, capacity 215869K, committed 216832K, reserved 1232896K
  class space    used 31983K, capacity 33840K, committed 34048K, reserved 1048576K
}
Event: 2578.656 GC heap before
{Heap before GC invocations=1513 (full 2):
 garbage-first heap   total 5128192K, used 2900051K [0x0000000687000000, 0x00000006880009c8, 0x00000007c0000000)
  region size 16384K, 8 young (131072K), 1 survivors (16384K)
 Metaspace       used 208184K, capacity 215869K, committed 216832K, reserved 1232896K
  class space    used 31983K, capacity 33840K, committed 34048K, reserved 1048576K
Event: 2578.664 GC heap after
Heap after GC invocations=1514 (full 2):
 garbage-first heap   total 5128192K, used 2785162K [0x0000000687000000, 0x00000006880009c8, 0x00000007c0000000)
  region size 16384K, 1 young (16384K), 1 survivors (16384K)
 Metaspace       used 208184K, capacity 215869K, committed 216832K, reserved 1232896K
  class space    used 31983K, capacity 33840K, committed 34048K, reserved 1048576K
}
Event: 2585.970 GC heap before
{Heap before GC invocations=1514 (full 2):
 garbage-first heap   total 5128192K, used 2899850K [0x0000000687000000, 0x00000006880009c8, 0x00000007c0000000)
  region size 16384K, 8 young (131072K), 1 survivors (16384K)
 Metaspace       used 208184K, capacity 215869K, committed 216832K, reserved 1232896K
  class space    used 31983K, capacity 33840K, committed 34048K, reserved 1048576K
Event: 2585.978 GC heap after
Heap after GC invocations=1515 (full 2):
 garbage-first heap   total 5128192K, used 2785284K [0x0000000687000000, 0x00000006880009c8, 0x00000007c0000000)
  region size 16384K, 1 young (16384K), 1 survivors (16384K)
 Metaspace       used 208184K, capacity 215869K, committed 216832K, reserved 1232896K
  class space    used 31983K, capacity 33840K, committed 34048K, reserved 1048576K
}
Event: 2590.916 GC heap before
{Heap before GC invocations=1516 (full 2):
 garbage-first heap   total 5128192K, used 2899972K [0x0000000687000000, 0x00000006880009c8, 0x00000007c0000000)
  region size 16384K, 8 young (131072K), 1 survivors (16384K)
 Metaspace       used 208184K, capacity 215869K, committed 216832K, reserved 1232896K
  class space    used 31983K, capacity 33840K, committed 34048K, reserved 1048576K
Event: 2590.923 GC heap after
Heap after GC invocations=1517 (full 2):
 garbage-first heap   total 5128192K, used 2785323K [0x0000000687000000, 0x00000006880009c8, 0x00000007c0000000)
  region size 16384K, 1 young (16384K), 1 survivors (16384K)
 Metaspace       used 208184K, capacity 215869K, committed 216832K, reserved 1232896K
  class space    used 31983K, capacity 33840K, committed 34048K, reserved 1048576K
}
Event: 2595.184 GC heap before
{Heap before GC invocations=1517 (full 2):
 garbage-first heap   total 5128192K, used 2900011K [0x0000000687000000, 0x00000006880009c8, 0x00000007c0000000)
  region size 16384K, 8 young (131072K), 1 survivors (16384K)
 Metaspace       used 208184K, capacity 215869K, committed 216832K, reserved 1232896K
  class space    used 31983K, capacity 33840K, committed 34048K, reserved 1048576K
Event: 2595.190 GC heap after
Heap after GC invocations=1518 (full 2):
 garbage-first heap   total 5128192K, used 2785297K [0x0000000687000000, 0x00000006880009c8, 0x00000007c0000000)
  region size 16384K, 1 young (16384K), 1 survivors (16384K)
 Metaspace       used 208184K, capacity 215869K, committed 216832K, reserved 1232896K
  class space    used 31983K, capacity 33840K, committed 34048K, reserved 1048576K
}

Deoptimization events (10 events):
Event: 2305.077 Thread 0x0000000003245000 Uncommon trap: reason=unstable_if action=reinterpret pc=0x00000000090b4380 method=net.minecraft.block.Block.func_176214_u(Lnet/minecraft/block/state/IBlockState;)Z @ 19
Event: 2305.077 Thread 0x0000000003245000 Uncommon trap: reason=unstable_if action=reinterpret pc=0x0000000009015ff4 method=net.minecraft.entity.Entity.func_70094_T()Z @ 160
Event: 2305.077 Thread 0x0000000003245000 Uncommon trap: reason=unstable_if action=reinterpret pc=0x000000000832cb14 method=net.minecraft.entity.player.EntityPlayer.func_70094_T()Z @ 11
Event: 2305.077 Thread 0x0000000003245000 Uncommon trap: reason=unstable_if action=reinterpret pc=0x00000000097ccc1c method=net.minecraft.entity.EntityLivingBase.func_70030_z()V @ 41
Event: 2418.632 Thread 0x0000000003245000 Uncommon trap: reason=unstable_if action=reinterpret pc=0x00000000086fa57c method=hellfirepvp.astralsorcery.common.util.PlayerActivityManager.checkMs()V @ 12
Event: 2564.750 Thread 0x000000002db5f000 Uncommon trap: reason=unstable_if action=reinterpret pc=0x0000000005d7efd8 method=paulscode.sound.Library.getNextChannel(Lpaulscode/sound/Source;)Lpaulscode/sound/Channel; @ 118
Event: 2564.753 Thread 0x000000002db5f000 Uncommon trap: reason=unstable_if action=reinterpret pc=0x00000000099a86cc method=paulscode.sound.libraries.SourceLWJGLOpenAL.positionChanged()V @ 23
Event: 2564.753 Thread 0x000000002db5f000 Uncommon trap: reason=unstable_if action=reinterpret pc=0x000000000892e5c8 method=paulscode.sound.libraries.SourceLWJGLOpenAL.positionChanged()V @ 23
Event: 2564.753 Thread 0x000000002db5f000 Uncommon trap: reason=unstable_if action=reinterpret pc=0x00000000099fb5cc method=paulscode.sound.libraries.SourceLWJGLOpenAL.positionChanged()V @ 23
Event: 2580.432 Thread 0x0000000003245000 Uncommon trap: reason=class_check action=maybe_recompile pc=0x0000000005e0865c method=net.minecraft.entity.Entity.func_184215_y(Lnet/minecraft/entity/Entity;)Z @ 25

Classes redefined (0 events):
No events

Internal exceptions (10 events):
Event: 2596.782 Thread 0x000000002db5f000 Exception <a 'java/lang/InterruptedException': sleep interrupted> (0x00000007bc6fbe78) thrown at [C:\jenkins\workspace\8-2-build-windows-amd64-cygwin\jdk8u251\737\hotspot\src\share\vm\prims\jvm.cpp, line 3336]
Event: 2596.799 Thread 0x000000002db5f000 Exception <a 'java/lang/InterruptedException': sleep interrupted> (0x00000007bc6fc120) thrown at [C:\jenkins\workspace\8-2-build-windows-amd64-cygwin\jdk8u251\737\hotspot\src\share\vm\prims\jvm.cpp, line 3336]
Event: 2596.799 Thread 0x000000002db5f000 Exception <a 'java/lang/InterruptedException': sleep interrupted> (0x00000007bc8c61c0) thrown at [C:\jenkins\workspace\8-2-build-windows-amd64-cygwin\jdk8u251\737\hotspot\src\share\vm\prims\jvm.cpp, line 3288]
Event: 2596.799 Thread 0x000000002db5f000 Exception <a 'java/lang/InterruptedException': sleep interrupted> (0x00000007bc8c6418) thrown at [C:\jenkins\workspace\8-2-build-windows-amd64-cygwin\jdk8u251\737\hotspot\src\share\vm\prims\jvm.cpp, line 3336]
Event: 2596.815 Thread 0x000000002db5f000 Exception <a 'java/lang/InterruptedException': sleep interrupted> (0x00000007bc8c66c0) thrown at [C:\jenkins\workspace\8-2-build-windows-amd64-cygwin\jdk8u251\737\hotspot\src\share\vm\prims\jvm.cpp, line 3336]
Event: 2596.847 Thread 0x000000002db5f000 Exception <a 'java/lang/InterruptedException': sleep interrupted> (0x00000007bc8c6968) thrown at [C:\jenkins\workspace\8-2-build-windows-amd64-cygwin\jdk8u251\737\hotspot\src\share\vm\prims\jvm.cpp, line 3336]
Event: 2596.862 Thread 0x000000002db5f000 Exception <a 'java/lang/InterruptedException': sleep interrupted> (0x00000007bc8c6c10) thrown at [C:\jenkins\workspace\8-2-build-windows-amd64-cygwin\jdk8u251\737\hotspot\src\share\vm\prims\jvm.cpp, line 3336]
Event: 2596.881 Thread 0x000000002db5f000 Exception <a 'java/lang/InterruptedException': sleep interrupted> (0x00000007bc8c6eb8) thrown at [C:\jenkins\workspace\8-2-build-windows-amd64-cygwin\jdk8u251\737\hotspot\src\share\vm\prims\jvm.cpp, line 3336]
Event: 2596.882 Thread 0x000000002db5f000 Exception <a 'java/lang/InterruptedException': sleep interrupted> (0x00000007bc8c7110) thrown at [C:\jenkins\workspace\8-2-build-windows-amd64-cygwin\jdk8u251\737\hotspot\src\share\vm\prims\jvm.cpp, line 3336]
Event: 2596.903 Thread 0x000000002db5f000 Exception <a 'java/lang/InterruptedException': sleep interrupted> (0x00000007bcf346e0) thrown at [C:\jenkins\workspace\8-2-build-windows-amd64-cygwin\jdk8u251\737\hotspot\src\share\vm\prims\jvm.cpp, line 3336]

Events (10 events):
Event: 2585.970 Executing VM operation: G1IncCollectionPause
Event: 2585.978 Executing VM operation: G1IncCollectionPause done
Event: 2588.427 Executing VM operation: CGC_Operation
Event: 2588.461 Executing VM operation: CGC_Operation done
Event: 2588.461 Executing VM operation: CGC_Operation
Event: 2588.469 Executing VM operation: CGC_Operation done
Event: 2590.916 Executing VM operation: G1IncCollectionPause
Event: 2590.923 Executing VM operation: G1IncCollectionPause done
Event: 2595.184 Executing VM operation: G1IncCollectionPause
Event: 2595.190 Executing VM operation: G1IncCollectionPause done


Dynamic libraries:
0x00007ff6aedb0000 - 0x00007ff6aede7000 	C:\Program Files\Java\jdk1.8.0_251\jre\bin\java.exe
0x00007ffe8e780000 - 0x00007ffe8e970000 	C:\WINDOWS\SYSTEM32\ntdll.dll
0x00007ffe8e4a0000 - 0x00007ffe8e552000 	C:\WINDOWS\System32\KERNEL32.DLL
0x00007ffe8b750000 - 0x00007ffe8b9f4000 	C:\WINDOWS\System32\KERNELBASE.dll
0x00007ffe8cd50000 - 0x00007ffe8cdf3000 	C:\WINDOWS\System32\ADVAPI32.dll
0x00007ffe8ca40000 - 0x00007ffe8cade000 	C:\WINDOWS\System32\msvcrt.dll
0x00007ffe8df50000 - 0x00007ffe8dfe7000 	C:\WINDOWS\System32\sechost.dll
0x00007ffe8e370000 - 0x00007ffe8e490000 	C:\WINDOWS\System32\RPCRT4.dll
0x00007ffe8e5a0000 - 0x00007ffe8e734000 	C:\WINDOWS\System32\USER32.dll
0x00007ffe8c5d0000 - 0x00007ffe8c5f1000 	C:\WINDOWS\System32\win32u.dll
0x00007ffe8e560000 - 0x00007ffe8e586000 	C:\WINDOWS\System32\GDI32.dll
0x00007ffe8c1e0000 - 0x00007ffe8c376000 	C:\WINDOWS\System32\gdi32full.dll
0x00007ffe8c600000 - 0x00007ffe8c69e000 	C:\WINDOWS\System32\msvcp_win.dll
0x00007ffe8c380000 - 0x00007ffe8c47a000 	C:\WINDOWS\System32\ucrtbase.dll
0x00007ffe7b1d0000 - 0x00007ffe7b454000 	C:\WINDOWS\WinSxS\amd64_microsoft.windows.common-controls_6595b64144ccf1df_6.0.18362.959_none_e6c7bbbf130c62bb\COMCTL32.dll
0x00007ffe8ce80000 - 0x00007ffe8d1b5000 	C:\WINDOWS\System32\combase.dll
0x00007ffe8c7b0000 - 0x00007ffe8c830000 	C:\WINDOWS\System32\bcryptPrimitives.dll
0x00007ffe8d630000 - 0x00007ffe8d65e000 	C:\WINDOWS\System32\IMM32.DLL
0x0000000074bd0000 - 0x0000000074ca2000 	C:\Program Files\Java\jdk1.8.0_251\jre\bin\msvcr100.dll
0x0000000073c20000 - 0x00000000744cb000 	C:\Program Files\Java\jdk1.8.0_251\jre\bin\server\jvm.dll
0x00007ffe8e590000 - 0x00007ffe8e598000 	C:\WINDOWS\System32\PSAPI.DLL
0x00007ffe6f970000 - 0x00007ffe6f979000 	C:\WINDOWS\SYSTEM32\WSOCK32.dll
0x00007ffe82fd0000 - 0x00007ffe82fda000 	C:\WINDOWS\SYSTEM32\VERSION.dll
0x00007ffe89350000 - 0x00007ffe89374000 	C:\WINDOWS\SYSTEM32\WINMM.dll
0x00007ffe8e010000 - 0x00007ffe8e07f000 	C:\WINDOWS\System32\WS2_32.dll
0x00007ffe88ed0000 - 0x00007ffe88efd000 	C:\WINDOWS\SYSTEM32\WINMMBASE.dll
0x00007ffe8c190000 - 0x00007ffe8c1da000 	C:\WINDOWS\System32\cfgmgr32.dll
0x00007ffe5eec0000 - 0x00007ffe5eecf000 	C:\Program Files\Java\jdk1.8.0_251\jre\bin\verify.dll
0x00007ffe39820000 - 0x00007ffe39849000 	C:\Program Files\Java\jdk1.8.0_251\jre\bin\java.dll
0x00007ffe3bfa0000 - 0x00007ffe3bfb6000 	C:\Program Files\Java\jdk1.8.0_251\jre\bin\zip.dll
0x00007ffe8d660000 - 0x00007ffe8dd46000 	C:\WINDOWS\System32\SHELL32.dll
0x00007ffe8cca0000 - 0x00007ffe8cd49000 	C:\WINDOWS\System32\shcore.dll
0x00007ffe8ba00000 - 0x00007ffe8c182000 	C:\WINDOWS\System32\windows.storage.dll
0x00007ffe8b660000 - 0x00007ffe8b683000 	C:\WINDOWS\System32\profapi.dll
0x00007ffe8b690000 - 0x00007ffe8b6da000 	C:\WINDOWS\System32\powrprof.dll
0x00007ffe8b630000 - 0x00007ffe8b640000 	C:\WINDOWS\System32\UMPDC.dll
0x00007ffe8cc40000 - 0x00007ffe8cc92000 	C:\WINDOWS\System32\shlwapi.dll
0x00007ffe8b640000 - 0x00007ffe8b651000 	C:\WINDOWS\System32\kernel.appcore.dll
0x00007ffe8b700000 - 0x00007ffe8b717000 	C:\WINDOWS\System32\cryptsp.dll
0x00007ffe50f30000 - 0x00007ffe50f3d000 	C:\Program Files\Java\jdk1.8.0_251\jre\bin\management.dll
0x00007ffe39800000 - 0x00007ffe3981a000 	C:\Program Files\Java\jdk1.8.0_251\jre\bin\net.dll
0x00007ffe8aea0000 - 0x00007ffe8af07000 	C:\WINDOWS\system32\mswsock.dll
0x00007ffe7fc20000 - 0x00007ffe7fc36000 	C:\WINDOWS\system32\napinsp.dll
0x00007ffe7fa50000 - 0x00007ffe7fa6a000 	C:\WINDOWS\system32\pnrpnsp.dll
0x00007ffe8abf0000 - 0x00007ffe8acbb000 	C:\WINDOWS\SYSTEM32\DNSAPI.dll
0x00007ffe8e490000 - 0x00007ffe8e498000 	C:\WINDOWS\System32\NSI.dll
0x00007ffe8abb0000 - 0x00007ffe8abea000 	C:\WINDOWS\SYSTEM32\IPHLPAPI.DLL
0x00007ffe7fc10000 - 0x00007ffe7fc1e000 	C:\WINDOWS\System32\winrnr.dll
0x00007ffe87a40000 - 0x00007ffe87a5c000 	C:\WINDOWS\system32\NLAapi.dll
0x00007ffe86ff0000 - 0x00007ffe87005000 	C:\WINDOWS\system32\wshbth.dll
0x00007ffe84640000 - 0x00007ffe8464a000 	C:\Windows\System32\rasadhlp.dll
0x00007ffe7f5e0000 - 0x00007ffe7f657000 	C:\WINDOWS\System32\fwpuclnt.dll
0x00007ffe8b720000 - 0x00007ffe8b746000 	C:\WINDOWS\System32\bcrypt.dll
0x00007ffe38fd0000 - 0x00007ffe38fe2000 	C:\Program Files\Java\jdk1.8.0_251\jre\bin\nio.dll
0x00007ffe38fa0000 - 0x00007ffe38fc4000 	C:\Program Files\Java\jdk1.8.0_251\jre\bin\sunec.dll
0x00007ffe79fa0000 - 0x00007ffe79fb7000 	C:\Program Files\Java\jdk1.8.0_251\jre\bin\unpack.dll
0x00007ffe7fb80000 - 0x00007ffe7fb96000 	C:\WINDOWS\SYSTEM32\dhcpcsvc6.DLL
0x00007ffe817d0000 - 0x00007ffe817ec000 	C:\WINDOWS\SYSTEM32\dhcpcsvc.DLL
0x00007ffe8aa10000 - 0x00007ffe8aa43000 	C:\WINDOWS\system32\rsaenh.dll
0x00007ffe8b550000 - 0x00007ffe8b575000 	C:\WINDOWS\SYSTEM32\USERENV.dll
0x00007ffe8b070000 - 0x00007ffe8b07c000 	C:\WINDOWS\SYSTEM32\CRYPTBASE.dll
0x00007ffe89540000 - 0x00007ffe8954c000 	C:\Program Files\Java\jdk1.8.0_251\jre\bin\sunmscapi.dll
0x00007ffe8c480000 - 0x00007ffe8c5c9000 	C:\WINDOWS\System32\CRYPT32.dll
0x00007ffe8b6e0000 - 0x00007ffe8b6f2000 	C:\WINDOWS\System32\MSASN1.dll
0x00007ffe8b170000 - 0x00007ffe8b196000 	C:\WINDOWS\SYSTEM32\ncrypt.dll
0x00007ffe8b130000 - 0x00007ffe8b16b000 	C:\WINDOWS\SYSTEM32\NTASN1.dll
0x0000000180000000 - 0x0000000180053000 	C:\Users\\Desktop\lxr\mc\\.minecraft\versions\1.12.2\1.12.2-natives\lwjgl64.dll
0x00007ffe59500000 - 0x00007ffe59656000 	C:\WINDOWS\SYSTEM32\OPENGL32.dll
0x00007ffe59490000 - 0x00007ffe594bc000 	C:\WINDOWS\SYSTEM32\GLU32.dll
0x00007ffe8a2a0000 - 0x00007ffe8a2c0000 	C:\WINDOWS\SYSTEM32\dxcore.dll
0x00007ffe684f0000 - 0x00007ffe6868a000 	C:\Program Files\Java\jdk1.8.0_251\jre\bin\awt.dll
0x00007ffe8e1c0000 - 0x00007ffe8e285000 	C:\WINDOWS\System32\OLEAUT32.dll
0x00007ffe89620000 - 0x00007ffe896af000 	C:\WINDOWS\SYSTEM32\apphelp.dll
0x00007ffe86280000 - 0x00007ffe8632e000 	C:\WINDOWS\SYSTEM32\mscms.dll
0x00007ffe860e0000 - 0x00007ffe860f7000 	C:\WINDOWS\SYSTEM32\ColorAdapterClient.dll
0x00007ffe8dea0000 - 0x00007ffe8df42000 	C:\WINDOWS\System32\clbcatq.dll
0x00007ffe83fb0000 - 0x00007ffe83fca000 	C:\Windows\System32\Windows.Internal.Graphics.Display.DisplayColorManagement.dll
0x00007ffe89720000 - 0x00007ffe897b9000 	C:\WINDOWS\system32\uxtheme.dll
0x00007ffe8e080000 - 0x00007ffe8e1b5000 	C:\WINDOWS\System32\MSCTF.dll
0x00007ffe7f540000 - 0x00007ffe7f5de000 	C:\WINDOWS\System32\TextInputFramework.dll
0x00007ffe89270000 - 0x00007ffe89344000 	C:\WINDOWS\System32\CoreMessaging.dll
0x00007ffe868a0000 - 0x00007ffe86bca000 	C:\WINDOWS\System32\CoreUIComponents.dll
0x00007ffe8a690000 - 0x00007ffe8a6c1000 	C:\WINDOWS\SYSTEM32\ntmarta.dll
0x00007ffe870a0000 - 0x00007ffe871f3000 	C:\WINDOWS\SYSTEM32\wintypes.dll
0x00007ffe7da80000 - 0x00007ffe7dd26000 	C:\WINDOWS\System32\iertutil.dll
0x00007ffe4c6d0000 - 0x00007ffe4d5a9000 	C:\WINDOWS\System32\DriverStore\FileRepository\igdlh64.inf_amd64_34608ea80420afa7\ig9icd64.dll
0x00007ffe8a330000 - 0x00007ffe8a41b000 	C:\WINDOWS\SYSTEM32\dxgi.dll
0x00007ffe87eb0000 - 0x00007ffe87ec3000 	C:\WINDOWS\SYSTEM32\WTSAPI32.dll
0x00007ffe89b50000 - 0x00007ffe89b7d000 	C:\WINDOWS\SYSTEM32\dwmapi.dll
0x00007ffe65d40000 - 0x00007ffe65d83000 	C:\WINDOWS\SYSTEM32\icm32.dll
0x00007ffe7ffc0000 - 0x00007ffe815c2000 	C:\WINDOWS\System32\DriverStore\FileRepository\igdlh64.inf_amd64_34608ea80420afa7\igc64.dll
0x00007ffe658d0000 - 0x00007ffe65912000 	C:\Users\\AppData\Local\Temp\jna-24253310\jna4173447059644251701.dll
0x00007ffe686a0000 - 0x00007ffe686d1000 	C:\Program Files\Java\jdk1.8.0_251\jre\bin\jpeg.dll
0x000000003d180000 - 0x000000003d1e4000 	C:\Users\\Desktop\lxr\mc\\.minecraft\versions\1.12.2\1.12.2-natives\OpenAL64.dll
0x00007ffe8cae0000 - 0x00007ffe8cc37000 	C:\WINDOWS\System32\ole32.dll
0x00007ffe847e0000 - 0x00007ffe84852000 	C:\WINDOWS\System32\MMDevApi.dll
0x00007ffe8b450000 - 0x00007ffe8b47a000 	C:\WINDOWS\System32\DEVOBJ.dll
0x00007ffe835e0000 - 0x00007ffe83679000 	C:\WINDOWS\SYSTEM32\dsound.dll
0x00007ffe849d0000 - 0x00007ffe84b2d000 	C:\WINDOWS\SYSTEM32\AUDIOSES.DLL
0x00007ffe89a60000 - 0x00007ffe89a74000 	C:\WINDOWS\SYSTEM32\resourcepolicyclient.dll
0x00007ffe79b30000 - 0x00007ffe79b4a000 	C:\Users\\Desktop\lxr\mc\\.minecraft\versions\1.12.2\1.12.2-natives\SAPIWrapper_x64.dll
0x00007ffe51b60000 - 0x00007ffe51d49000 	C:\WINDOWS\system32\sogoutsf.ime
0x00007ffe7b610000 - 0x00007ffe7b617000 	C:\WINDOWS\system32\MSIMG32.dll
0x00007ffe512e0000 - 0x00007ffe51b57000 	C:\WINDOWS\system32\SogouPy.ime
0x00007ffe84070000 - 0x00007ffe84160000 	C:\WINDOWS\SYSTEM32\WINHTTP.dll
0x00007ffe7b0d0000 - 0x00007ffe7b135000 	C:\WINDOWS\SYSTEM32\OLEACC.dll
0x00000000ed580000 - 0x00000000ed6bc000 	C:\Program Files (x86)\SogouInput\9.3.0.3129\Resource.dll
0x00007ffe4e8a0000 - 0x00007ffe4eb09000 	C:\Program Files (x86)\SogouInput\Components\PicFace\1.1.0.1859\PicFace64.dll
0x00007ffe8ddd0000 - 0x00007ffe8dea0000 	C:\WINDOWS\System32\COMDLG32.dll
0x00007ffe894e0000 - 0x00007ffe894f8000 	C:\Program Files (x86)\SogouInput\Components\VoiceInput\1.0.0.162\VoiceInput64.dll
0x00007ffe7b460000 - 0x00007ffe7b603000 	C:\WINDOWS\WinSxS\amd64_microsoft.windows.gdiplus_6595b64144ccf1df_1.1.18362.959_none_17b2aea46d9edc89\gdiplus.dll
0x00007ffe864c0000 - 0x00007ffe8666f000 	C:\WINDOWS\SYSTEM32\WindowsCodecs.dll
0x00007ffe8c750000 - 0x00007ffe8c7ac000 	C:\WINDOWS\System32\Wintrust.dll
0x00007ffe8dff0000 - 0x00007ffe8e00d000 	C:\WINDOWS\System32\imagehlp.dll
0x00007ffe87d60000 - 0x00007ffe87e50000 	C:\WINDOWS\SYSTEM32\PROPSYS.dll
0x00007ffe5bd00000 - 0x00007ffe5bd23000 	C:\WINDOWS\SYSTEM32\edputil.dll
0x00007ffe7a1b0000 - 0x00007ffe7a2e5000 	C:\Windows\System32\Windows.StateRepositoryPS.dll
0x00007ffe7c850000 - 0x00007ffe7ca26000 	C:\WINDOWS\SYSTEM32\urlmon.dll
0x00007ffe8b520000 - 0x00007ffe8b54f000 	C:\WINDOWS\SYSTEM32\SspiCli.dll
0x00007ffe8a250000 - 0x00007ffe8a272000 	C:\WINDOWS\SYSTEM32\gpapi.dll
0x00007ffe5ab20000 - 0x00007ffe5ab40000 	C:\WINDOWS\SYSTEM32\CLDAPI.dll
0x00007ffe79b70000 - 0x00007ffe79b7a000 	C:\WINDOWS\SYSTEM32\FLTLIB.DLL
0x00007ffe82fa0000 - 0x00007ffe82fcf000 	C:\Windows\System32\cryptnet.dll
0x00007ffe5f540000 - 0x00007ffe5f5d3000 	C:\Windows\System32\appresolver.dll
0x00007ffe7fb20000 - 0x00007ffe7fb7d000 	C:\Windows\System32\Bcp47Langs.dll
0x00007ffe8a540000 - 0x00007ffe8a567000 	C:\Windows\System32\SLC.dll
0x00007ffe8a510000 - 0x00007ffe8a536000 	C:\Windows\System32\sppc.dll
0x00007ffe612b0000 - 0x00007ffe61329000 	C:\Windows\System32\OneCoreCommonProxyStub.dll

VM Arguments:
jvm_args: -Dminecraft.client.jar=.minecraft\versions\1.12.2\1.12.2.jar -XX:+UnlockExperimentalVMOptions -XX:+UseG1GC -XX:G1NewSizePercent=20 -XX:G1ReservePercent=20 -XX:MaxGCPauseMillis=50 -XX:G1HeapRegionSize=16M -XX:-UseAdaptiveSizePolicy -XX:-OmitStackTraceInFastThrow -Xmn128m -Xmx5000m -Dfml.ignoreInvalidMinecraftCertificates=true -Dfml.ignorePatchDiscrepancies=true -XX:HeapDumpPath=MojangTricksIntelDriversForPerformance_javaw.exe_minecraft.exe.heapdump -Djava.library.path=C:\Users\\Desktop\lxr\mc\\.minecraft\versions\1.12.2\1.12.2-natives -Dminecraft.launcher.brand=HMCL -Dminecraft.launcher.version=3.2.130 
java_command: net.minecraft.launchwrapper.Launch --width 854 --height 480 --username dd3xp --version HMCL 3.2.130 --gameDir C:\Users\\Desktop\lxr\mc\\.minecraft --assetsDir C:\Users\\Desktop\lxr\mc\\.minecraft\assets --assetIndex 1.12 --uuid e88efc507ade4c5a9b9a43d65691c9fd --accessToken eyJhbGciOiJIUzI1NiJ9.eyJzdWIiOiI1MWMyNWI1N2I3ODc0MzMxYTgxYmJkMDU3NjMxMTA3MCIsInlnZ3QiOiIxZGFiMDFmOGM3OGI0ZjgzYjY2NmE0OTA3ZmQ0MTNhMSIsInNwciI6ImU4OGVmYzUwN2FkZTRjNWE5YjlhNDNkNjU2OTFjOWZkIiwiaXNzIjoiWWdnZHJhc2lsLUF1dGgiLCJleHAiOjE1OTY3MTQyMzEsImlhdCI6MTU5NjU0MTQzMX0.YXcQa_klUY6nsQuj8JxS0j1XWRzSFtSzEvKBw6loXyc --userType mojang --tweakClass net.minecraftforge.fml.common.launcher.FMLTweaker --versionType Forge --tweakClass optifine.OptiFineForgeTweaker
java_class_path (initial): C:\Users\\Desktop\lxr\mc\\.minecraft\libraries\com\google\code\gson\gson\2.8.0\gson-2.8.0.jar;C:\Users\\Desktop\lxr\mc\\.minecraft\libraries\com\google\guava\guava\21.0\guava-21.0.jar;C:\Users\\Desktop\lxr\mc\\.minecraft\libraries\com\ibm\icu\icu4j-core-mojang\51.2\icu4j-core-mojang-51.2.jar;C:\Users\\Desktop\lxr\mc\\.minecraft\libraries\com\mojang\authlib\1.5.25\authlib-1.5.25.jar;C:\Users\\Desktop\lxr\mc\\.minecraft\libraries\com\mojang\patchy\1.1\patchy-1.1.jar;C:\Users\\Desktop\lxr\mc\\.minecraft\libraries\com\mojang\realms\1.10.22\realms-1.10.22.jar;C:\Users\\Desktop\lxr\mc\\.minecraft\libraries\com\mojang\text2speech\1.10.3\text2speech-1.10.3.jar;C:\Users\\Desktop\lxr\mc\\.minecraft\libraries\com\paulscode\codecjorbis\20101023\codecjorbis-20101023.jar;C:\Users\\Desktop\lxr\mc\\.minecraft\libraries\com\paulscode\codecwav\20101023\codecwav-20101023.jar;C:\Users\\Desktop\lxr\mc\\.minecraft\libraries\com\paulscode\libraryjavasound\20101123\libraryjavasound-20101123.jar;C:\Users\\Desktop\lxr\mc\\.minecraft\libraries\com\paulscode\librarylwjglopenal\20100824\librarylwjglopenal-20100824.jar;C:\Users\\Desktop\lxr\mc\\.minecraft\libraries\com\paulscode\soundsystem\20120107\soundsystem-20120107.jar;C:\Users\\Desktop\lxr\mc\\.minecraft\libraries\com\typesafe\akka\akka-actor_2.11\2.3.3\akka-actor_2.11-2.3.3.jar;C:\Users\\Desktop\lxr\mc\\.minecraft\libraries\com\typesafe\config\1.2.1\config-1.2.1.jar;C:\Users\\Desktop\lxr\mc\\.minecraft\libraries\commons-codec\commons-codec\1.10\commons-codec-1.10.jar;C:\Users\\Desktop\lxr\mc\\.minecraft\libraries\commons-io\commons-io\2.5\commons-io-2.5.jar;C:\Users\\Desktop\lxr\mc\
Launcher Type: SUN_STANDARD

Environment Variables:
JAVA_HOME=C:\Program Files\Java\jdk1.8.0_251
PATH=C:\Program Files (x86)\Common Files\Oracle\Java\javapath;C:\ProgramData\Oracle\Java\javapath;C:\Program Files (x86)\Intel\iCLS Client\;C:\Program Files\Intel\iCLS Client\;C:\Windows\system32;C:\Windows;C:\Windows\System32\Wbem;C:\Windows\System32\WindowsPowerShell\v1.0\;C:\Program Files (x86)\Intel\Intel(R) Management Engine Components\DAL;C:\Program Files\Intel\Intel(R) Management Engine Components\DAL;C:\Program Files (x86)\Intel\Intel(R) Management Engine Components\IPT;C:\Program Files\Intel\Intel(R) Management Engine Components\IPT;C:\WINDOWS\system32;C:\WINDOWS;C:\WINDOWS\System32\Wbem;C:\WINDOWS\System32\WindowsPowerShell\v1.0\;C:\WINDOWS\System32\OpenSSH\;C:\Program Files\Intel\WiFi\bin\;C:\Program Files\Common Files\Intel\WirelessCommon\;C:\Program Files\NVIDIA Corporation\NVIDIA NvDLISR;C:\Program Files (x86)\NVIDIA Corporation\PhysX\Common;C:\Program Files\Java\jdk1.8.0_251\bin;C:\Users\\AppData\Local\Microsoft\WindowsApps;
USERNAME=
OS=Windows_NT
PROCESSOR_IDENTIFIER=Intel64 Family 6 Model 142 Stepping 10, GenuineIntel



---------------  S Y S T E M  ---------------

OS: Windows 10.0 , 64 bit Build 18362 (10.0.18362.959)

CPU:total 8 (initial active 8) (4 cores per cpu, 2 threads per core) family 6 model 142 stepping 10, cmov, cx8, fxsr, mmx, sse, sse2, sse3, ssse3, sse4.1, sse4.2, popcnt, avx, avx2, aes, clmul, erms, 3dnowpref, lzcnt, ht, tsc, tscinvbit, bmi1, bmi2, adx

Memory: 4k page, physical 8269924k(1039132k free), swap 14669792k(0k free)

vm_info: Java HotSpot(TM) 64-Bit Server VM (25.251-b08) for windows-amd64 JRE (1.8.0_251-b08), built on Mar 12 2020 06:31:49 by "" with MS VC++ 10.0 (VS2010)

time: Tue Aug 04 23:51:43 2020
timezone: 
elapsed time: 2597 seconds (0d 0h 43m 17s)

