#
# There is insufficient memory for the Java Runtime Environment to continue.
# Native memory allocation (malloc) failed to allocate 1050416 bytes for Chunk::new
# Possible reasons:
#   The system is out of physical RAM or swap space
#   The process is running with CompressedOops enabled, and the Java Heap may be blocking the growth of the native heap
# Possible solutions:
#   Reduce memory load on the system
#   Increase physical memory or swap space
#   Check if swap backing store is full
#   Decrease Java heap size (-Xmx/-Xms)
#   Decrease number of Java threads
#   Decrease Java thread stack sizes (-Xss)
#   Set larger code cache with -XX:ReservedCodeCacheSize=
#   JVM is running with Zero Based Compressed Oops mode in which the Java heap is
#     placed in the first 32GB address space. The Java Heap base address is the
#     maximum limit for the native heap growth. Please use -XX:HeapBaseMinAddress
#     to set the Java Heap base and to place the Java Heap above 32GB virtual address.
# This output file may be truncated or incomplete.
#
#  Out of Memory Error (allocation.cpp:389), pid=15000, tid=0x000000000000382c
#
# JRE version: Java(TM) SE Runtime Environment (8.0_251-b08) (build 1.8.0_251-b08)
# Java VM: Java HotSpot(TM) 64-Bit Server VM (25.251-b08 mixed mode windows-amd64 compressed oops)
# Failed to write core dump. Minidumps are not enabled by default on client versions of Windows
#

---------------  T H R E A D  ---------------

Current thread (0x0000000024886000):  JavaThread "C2 CompilerThread0" daemon [_thread_in_native, id=14380, stack(0x0000000024eb0000,0x0000000024fb0000)]

Stack: [0x0000000024eb0000,0x0000000024fb0000]
[error occurred during error reporting (printing stack bounds), id 0xc0000005]

Native frames: (J=compiled Java code, j=interpreted, Vv=VM code, C=native code)


Current CompileTask:
C2:2368481 44375       4       net.minecraft.item.ItemStack::func_82840_a (1941 bytes)


---------------  P R O C E S S  ---------------

Java Threads: ( => current thread )
  0x00000000300f8800 JavaThread "Chunk Batcher 17" daemon [_thread_blocked, id=4212, stack(0x0000000065d50000,0x0000000065e50000)]
  0x00000000300ef800 JavaThread "Chunk Batcher 16" daemon [_thread_blocked, id=7416, stack(0x0000000064580000,0x0000000064680000)]
  0x00000000300f5800 JavaThread "Chunk Batcher 15" daemon [_thread_blocked, id=1628, stack(0x0000000064480000,0x0000000064580000)]
  0x00000000300f3800 JavaThread "Chunk Batcher 14" daemon [_thread_blocked, id=13812, stack(0x000000005d800000,0x000000005d900000)]
  0x0000000026fa6800 JavaThread "Chunk Batcher 13" daemon [_thread_blocked, id=3384, stack(0x0000000055940000,0x0000000055a40000)]
  0x0000000026fa5800 JavaThread "Chunk Batcher 12" daemon [_thread_blocked, id=10348, stack(0x0000000000110000,0x0000000000210000)]
  0x0000000026fa2000 JavaThread "Netty Client IO #5" daemon [_thread_in_native, id=14464, stack(0x000000005ad80000,0x000000005ae80000)]
  0x0000000026fa5000 JavaThread "Netty Client IO #4" daemon [_thread_in_native, id=11156, stack(0x0000000000c10000,0x0000000000d10000)]
  0x0000000026fa4000 JavaThread "Server Pinger #2" daemon [_thread_blocked, id=15052, stack(0x0000000000a10000,0x0000000000b10000)]
  0x00000000300f7000 JavaThread "Netty Client IO #3" daemon [_thread_in_native, id=13264, stack(0x0000000000b10000,0x0000000000c10000)]
  0x00000000300f4000 JavaThread "Netty Client IO #2" daemon [_thread_in_native, id=10780, stack(0x0000000000810000,0x0000000000910000)]
  0x00000000300f2800 JavaThread "Server Pinger #1" daemon [_thread_blocked, id=8532, stack(0x0000000000710000,0x0000000000810000)]
  0x00000000300f0800 JavaThread "Narrator" daemon [_thread_blocked, id=10328, stack(0x0000000000010000,0x0000000000110000)]
  0x000000002c02d800 JavaThread "ModelCleanupTimer" daemon [_thread_blocked, id=2916, stack(0x0000000050170000,0x0000000050270000)]
  0x000000002c030000 JavaThread "Netty Client IO #1" daemon [_thread_in_native, id=1800, stack(0x000000005ac80000,0x000000005ad80000)]
  0x000000002dd29000 JavaThread "threadDeathWatcher-2-1" daemon [_thread_blocked, id=3896, stack(0x000000005ab80000,0x000000005ac80000)]
  0x000000002dd26000 JavaThread "Netty Client IO #0" daemon [_thread_in_native, id=10824, stack(0x0000000058540000,0x0000000058640000)]
  0x000000002c02f000 JavaThread "Server Pinger #0" daemon [_thread_blocked, id=11988, stack(0x0000000054000000,0x0000000054100000)]
  0x00000000782f6800 JavaThread "Narrator" daemon [_thread_blocked, id=10520, stack(0x000000004cb30000,0x000000004cc30000)]
  0x00000000782f5000 JavaThread "ResearchIOThread" daemon [_thread_blocked, id=10784, stack(0x00000000451c0000,0x00000000452c0000)]
  0x00000000782f0800 JavaThread "Ender IO Scheduler" [_thread_blocked, id=7720, stack(0x000000004c730000,0x000000004c830000)]
  0x000000002c032800 JavaThread "Thread-25" [_thread_blocked, id=8460, stack(0x000000004c630000,0x000000004c730000)]
  0x000000002dd20000 JavaThread "Thread-12" [_thread_blocked, id=14472, stack(0x000000003fcf0000,0x000000003fdf0000)]
  0x000000002dd22800 JavaThread "Thread-11" [_thread_blocked, id=5012, stack(0x000000003ef50000,0x000000003f050000)]
  0x000000002dd21000 JavaThread "Keep-Alive-SocketCleaner" daemon [_thread_blocked, id=12232, stack(0x000000005fe90000,0x000000005ff90000)]
  0x000000002dd1f800 JavaThread "File IO Thread" [_thread_blocked, id=13992, stack(0x000000003eb50000,0x000000003ec50000)]
  0x000000002c030800 JavaThread "I18n-download-info-Thread" [_thread_blocked, id=11948, stack(0x000000002cbf0000,0x000000002ccf0000)]
  0x000000002c02c000 JavaThread "LWJGL Timer" daemon [_thread_blocked, id=1624, stack(0x000000003c670000,0x000000003c770000)]
  0x0000000026284800 JavaThread "Java2D Disposer" daemon [_thread_blocked, id=10068, stack(0x0000000031e90000,0x0000000031f90000)]
  0x0000000025fa3000 JavaThread "Timer hack thread" daemon [_thread_blocked, id=8468, stack(0x00000000309f0000,0x0000000030af0000)]
  0x000000002a54d000 JavaThread "Snooper Timer" daemon [_thread_blocked, id=10676, stack(0x000000002a0d0000,0x000000002a1d0000)]
  0x0000000025316800 JavaThread "Service Thread" daemon [_thread_blocked, id=2212, stack(0x00000000256b0000,0x00000000257b0000)]
  0x000000002488d000 JavaThread "C1 CompilerThread3" daemon [_thread_blocked, id=14608, stack(0x00000000251b0000,0x00000000252b0000)]
  0x000000002488c000 JavaThread "C2 CompilerThread2" daemon [_thread_blocked, id=14248, stack(0x00000000250b0000,0x00000000251b0000)]
  0x0000000024887800 JavaThread "C2 CompilerThread1" daemon [_thread_blocked, id=7100, stack(0x0000000024fb0000,0x00000000250b0000)]
=>0x0000000024886000 JavaThread "C2 CompilerThread0" daemon [_thread_in_native, id=14380, stack(0x0000000024eb0000,0x0000000024fb0000)]
  0x000000002486e000 JavaThread "Attach Listener" daemon [_thread_blocked, id=8036, stack(0x0000000024db0000,0x0000000024eb0000)]
  0x000000002486b000 JavaThread "Signal Dispatcher" daemon [_thread_blocked, id=4580, stack(0x0000000024cb0000,0x0000000024db0000)]
  0x0000000024881000 JavaThread "Surrogate Locker Thread (Concurrent GC)" daemon [_thread_blocked, id=11492, stack(0x0000000024bb0000,0x0000000024cb0000)]
  0x0000000024804800 JavaThread "Finalizer" daemon [_thread_blocked, id=14036, stack(0x0000000024ab0000,0x0000000024bb0000)]
  0x00000000247fb800 JavaThread "Reference Handler" daemon [_thread_blocked, id=9608, stack(0x00000000249b0000,0x0000000024ab0000)]
  0x0000000003575000 JavaThread "Client thread" [_thread_in_native, id=7812, stack(0x0000000003470000,0x0000000003570000)]

Other Threads:
  0x00000000247f5800 VMThread [stack: 0x00000000248b0000,0x00000000249b0000] [id=8292]
  0x0000000025334800 WatcherThread [stack: 0x00000000257b0000,0x00000000258b0000] [id=14444]

VM state:not at safepoint (normal execution)

VM Mutex/Monitor currently owned by a thread: None

heap address: 0x0000000687000000, size: 5008 MB, Compressed Oops mode: Zero based, Oop shift amount: 3
Narrow klass base: 0x0000000000000000, Narrow klass shift: 3
Compressed class space size: 1073741824 Address: 0x00000007c0000000

Heap:
 garbage-first heap   total 5128192K, used 2848276K [0x0000000687000000, 0x00000006880009c8, 0x00000007c0000000)
  region size 16384K, 8 young (131072K), 1 survivors (16384K)
 Metaspace       used 209309K, capacity 217189K, committed 217600K, reserved 1234944K
  class space    used 32093K, capacity 33992K, committed 34048K, reserved 1048576K

Heap Regions: (Y=young(eden), SU=young(survivor), HS=humongous(starts), HC=humongous(continues), CS=collection set, F=free, TS=gc time stamp, PTAMS=previous top-at-mark-start, NTAMS=next top-at-mark-start)
AC   0  O    TS     0 PTAMS 0x0000000687ffffe8 NTAMS 0x0000000687ffffe8 space 16384K,  99% used [0x0000000687000000, 0x0000000688000000)
AC   0  O    TS     0 PTAMS 0x0000000688ffffc8 NTAMS 0x0000000688ffffc8 space 16384K,  99% used [0x0000000688000000, 0x0000000689000000)
AC   0  O    TS     0 PTAMS 0x0000000689ff9af8 NTAMS 0x0000000689ff9af8 space 16384K,  99% used [0x0000000689000000, 0x000000068a000000)
AC   0  O    TS     0 PTAMS 0x000000068afff568 NTAMS 0x000000068afff568 space 16384K,  99% used [0x000000068a000000, 0x000000068b000000)
AC   0  O    TS     0 PTAMS 0x000000068bffffe0 NTAMS 0x000000068bffffe0 space 16384K,  99% used [0x000000068b000000, 0x000000068c000000)
AC   0  O    TS     0 PTAMS 0x000000068cfff3f8 NTAMS 0x000000068cfff3f8 space 16384K,  99% used [0x000000068c000000, 0x000000068d000000)
AC   0  O    TS     0 PTAMS 0x000000068dfffff0 NTAMS 0x000000068dfffff0 space 16384K,  99% used [0x000000068d000000, 0x000000068e000000)
AC   0  O    TS     0 PTAMS 0x000000068effffa8 NTAMS 0x000000068effffa8 space 16384K,  99% used [0x000000068e000000, 0x000000068f000000)
AC   0  O    TS     0 PTAMS 0x000000068fffffe8 NTAMS 0x000000068fffffe8 space 16384K,  99% used [0x000000068f000000, 0x0000000690000000)
AC   0  O    TS     0 PTAMS 0x0000000690ffffe8 NTAMS 0x0000000690ffffe8 space 16384K,  99% used [0x0000000690000000, 0x0000000691000000)
AC   0  O    TS     0 PTAMS 0x0000000691fffff0 NTAMS 0x0000000691fffff0 space 16384K,  99% used [0x0000000691000000, 0x0000000692000000)
AC   0  O    TS     0 PTAMS 0x0000000692ffffe8 NTAMS 0x0000000692ffffe8 space 16384K,  99% used [0x0000000692000000, 0x0000000693000000)
AC   0 HS    TS     0 PTAMS 0x0000000694000010 NTAMS 0x0000000694000010 space 32768K,  50% used [0x0000000693000000, 0x0000000695000000)
AC   0 HC    TS     0 PTAMS 0x0000000694000000 NTAMS 0x0000000694000000 space 16384K,   0% used [0x0000000694000000, 0x0000000695000000)
AC   0  O    TS     0 PTAMS 0x0000000695ffe8a0 NTAMS 0x0000000695ffe8a0 space 16384K,  99% used [0x0000000695000000, 0x0000000696000000)
AC   0  O    TS     0 PTAMS 0x0000000696ffffb8 NTAMS 0x0000000696ffffb8 space 16384K,  99% used [0x0000000696000000, 0x0000000697000000)
AC   0  O    TS     0 PTAMS 0x0000000697ffffe0 NTAMS 0x0000000697ffffe0 space 16384K,  99% used [0x0000000697000000, 0x0000000698000000)
AC   0  O    TS     0 PTAMS 0x0000000698ffffe8 NTAMS 0x0000000698ffffe8 space 16384K,  99% used [0x0000000698000000, 0x0000000699000000)
AC   0  O    TS     0 PTAMS 0x000000069a000000 NTAMS 0x000000069a000000 space 16384K, 100% used [0x0000000699000000, 0x000000069a000000)
AC   0  O    TS     0 PTAMS 0x000000069aff9f00 NTAMS 0x000000069aff9f00 space 16384K,  99% used [0x000000069a000000, 0x000000069b000000)
AC   0  O    TS     0 PTAMS 0x000000069bffff60 NTAMS 0x000000069bffff60 space 16384K,  99% used [0x000000069b000000, 0x000000069c000000)
AC   0  O    TS     0 PTAMS 0x000000069cfffff8 NTAMS 0x000000069cfffff8 space 16384K,  99% used [0x000000069c000000, 0x000000069d000000)
AC   0  O    TS     0 PTAMS 0x000000069e000000 NTAMS 0x000000069e000000 space 16384K, 100% used [0x000000069d000000, 0x000000069e000000)
AC   0  O    TS     0 PTAMS 0x000000069efffff8 NTAMS 0x000000069efffff8 space 16384K,  99% used [0x000000069e000000, 0x000000069f000000)
AC   0  O    TS     0 PTAMS 0x000000069fffffe0 NTAMS 0x000000069fffffe0 space 16384K,  99% used [0x000000069f000000, 0x00000006a0000000)
AC   0  O    TS     0 PTAMS 0x00000006a0ffff78 NTAMS 0x00000006a0ffff78 space 16384K,  99% used [0x00000006a0000000, 0x00000006a1000000)
AC   0  O    TS     0 PTAMS 0x00000006a1fffff0 NTAMS 0x00000006a1fffff0 space 16384K,  99% used [0x00000006a1000000, 0x00000006a2000000)
AC   0  O    TS     0 PTAMS 0x00000006a3000000 NTAMS 0x00000006a3000000 space 16384K, 100% used [0x00000006a2000000, 0x00000006a3000000)
AC   0  O    TS     0 PTAMS 0x00000006a3fffff0 NTAMS 0x00000006a3fffff0 space 16384K,  99% used [0x00000006a3000000, 0x00000006a4000000)
AC   0  O    TS     0 PTAMS 0x00000006a5000000 NTAMS 0x00000006a5000000 space 16384K, 100% used [0x00000006a4000000, 0x00000006a5000000)
AC   0  O    TS     0 PTAMS 0x00000006a5ffedb8 NTAMS 0x00000006a5ffedb8 space 16384K,  99% used [0x00000006a5000000, 0x00000006a6000000)
AC   0  O    TS     0 PTAMS 0x00000006a6fff378 NTAMS 0x00000006a6fff378 space 16384K,  99% used [0x00000006a6000000, 0x00000006a7000000)
AC   0  O    TS     0 PTAMS 0x00000006a7fffff8 NTAMS 0x00000006a7fffff8 space 16384K,  99% used [0x00000006a7000000, 0x00000006a8000000)
AC   0  O    TS     0 PTAMS 0x00000006a8fffff8 NTAMS 0x00000006a8fffff8 space 16384K,  99% used [0x00000006a8000000, 0x00000006a9000000)
AC   0  O    TS     0 PTAMS 0x00000006aa000000 NTAMS 0x00000006aa000000 space 16384K, 100% used [0x00000006a9000000, 0x00000006aa000000)
AC   0  O    TS     0 PTAMS 0x00000006ab000000 NTAMS 0x00000006ab000000 space 16384K, 100% used [0x00000006aa000000, 0x00000006ab000000)
AC   0  O    TS     0 PTAMS 0x00000006ac000000 NTAMS 0x00000006ac000000 space 16384K, 100% used [0x00000006ab000000, 0x00000006ac000000)
AC   0  O    TS     0 PTAMS 0x00000006ad000000 NTAMS 0x00000006ad000000 space 16384K, 100% used [0x00000006ac000000, 0x00000006ad000000)
AC   0  O    TS     0 PTAMS 0x00000006adffc888 NTAMS 0x00000006adffc888 space 16384K,  99% used [0x00000006ad000000, 0x00000006ae000000)
AC   0  O    TS     0 PTAMS 0x00000006aeffe410 NTAMS 0x00000006aeffe410 space 16384K,  99% used [0x00000006ae000000, 0x00000006af000000)
AC   0  O    TS     0 PTAMS 0x00000006affff408 NTAMS 0x00000006affff408 space 16384K,  99% used [0x00000006af000000, 0x00000006b0000000)
AC   0  O    TS     0 PTAMS 0x00000006b0fffff0 NTAMS 0x00000006b0fffff0 space 16384K,  99% used [0x00000006b0000000, 0x00000006b1000000)
AC   0  O    TS     0 PTAMS 0x00000006b2000000 NTAMS 0x00000006b2000000 space 16384K, 100% used [0x00000006b1000000, 0x00000006b2000000)
AC   0  O    TS     0 PTAMS 0x00000006b2ffffd8 NTAMS 0x00000006b2ffffd8 space 16384K,  99% used [0x00000006b2000000, 0x00000006b3000000)
AC   0  O    TS     0 PTAMS 0x00000006b3fffff8 NTAMS 0x00000006b3fffff8 space 16384K,  99% used [0x00000006b3000000, 0x00000006b4000000)
AC   0  O    TS     0 PTAMS 0x00000006b4fdbdf8 NTAMS 0x00000006b4fdbdf8 space 16384K,  99% used [0x00000006b4000000, 0x00000006b5000000)
AC   0  O    TS     0 PTAMS 0x00000006b5fff068 NTAMS 0x00000006b5fff068 space 16384K,  99% used [0x00000006b5000000, 0x00000006b6000000)
AC   0  O    TS     0 PTAMS 0x00000006b6fffaa0 NTAMS 0x00000006b6fffaa0 space 16384K,  99% used [0x00000006b6000000, 0x00000006b7000000)
AC   0  O    TS     0 PTAMS 0x00000006b7ffe058 NTAMS 0x00000006b7ffe058 space 16384K,  99% used [0x00000006b7000000, 0x00000006b8000000)
AC   0  O    TS     0 PTAMS 0x00000006b8fffff8 NTAMS 0x00000006b8fffff8 space 16384K,  99% used [0x00000006b8000000, 0x00000006b9000000)
AC   0  O    TS     0 PTAMS 0x00000006b9fffff0 NTAMS 0x00000006b9fffff0 space 16384K,  99% used [0x00000006b9000000, 0x00000006ba000000)
AC   0  O    TS     0 PTAMS 0x00000006bafffff0 NTAMS 0x00000006bafffff0 space 16384K,  99% used [0x00000006ba000000, 0x00000006bb000000)
AC   0  O    TS     0 PTAMS 0x00000006bbfffff8 NTAMS 0x00000006bbfffff8 space 16384K,  99% used [0x00000006bb000000, 0x00000006bc000000)
AC   0  O    TS     0 PTAMS 0x00000006bcfffff0 NTAMS 0x00000006bcfffff0 space 16384K,  99% used [0x00000006bc000000, 0x00000006bd000000)
AC   0  O    TS     0 PTAMS 0x00000006bdfffff0 NTAMS 0x00000006bdfffff0 space 16384K,  99% used [0x00000006bd000000, 0x00000006be000000)
AC   0  O    TS     0 PTAMS 0x00000006befffff0 NTAMS 0x00000006befffff0 space 16384K,  99% used [0x00000006be000000, 0x00000006bf000000)
AC   0  O    TS     0 PTAMS 0x00000006bfffffe8 NTAMS 0x00000006bfffffe8 space 16384K,  99% used [0x00000006bf000000, 0x00000006c0000000)
AC   0  O    TS     0 PTAMS 0x00000006c0fffff0 NTAMS 0x00000006c0fffff0 space 16384K,  99% used [0x00000006c0000000, 0x00000006c1000000)
AC   0  O    TS     0 PTAMS 0x00000006c1fffff0 NTAMS 0x00000006c1fffff0 space 16384K,  99% used [0x00000006c1000000, 0x00000006c2000000)
AC   0  O    TS     0 PTAMS 0x00000006c2ffffe8 NTAMS 0x00000006c2ffffe8 space 16384K,  99% used [0x00000006c2000000, 0x00000006c3000000)
AC   0  O    TS     0 PTAMS 0x00000006c3ffdcd8 NTAMS 0x00000006c3ffdcd8 space 16384K,  99% used [0x00000006c3000000, 0x00000006c4000000)
AC   0  O    TS     0 PTAMS 0x00000006c4fffff0 NTAMS 0x00000006c4fffff0 space 16384K,  99% used [0x00000006c4000000, 0x00000006c5000000)
AC   0  O    TS     0 PTAMS 0x00000006c5ffffe0 NTAMS 0x00000006c5ffffe0 space 16384K,  99% used [0x00000006c5000000, 0x00000006c6000000)
AC   0  O    TS     0 PTAMS 0x00000006c6ffffe8 NTAMS 0x00000006c6ffffe8 space 16384K,  99% used [0x00000006c6000000, 0x00000006c7000000)
AC   0  O    TS     0 PTAMS 0x00000006c7ffffe8 NTAMS 0x00000006c7ffffe8 space 16384K,  99% used [0x00000006c7000000, 0x00000006c8000000)
AC   0  O    TS     0 PTAMS 0x00000006c9000000 NTAMS 0x00000006c9000000 space 16384K, 100% used [0x00000006c8000000, 0x00000006c9000000)
AC   0  O    TS     0 PTAMS 0x00000006c9ffffd8 NTAMS 0x00000006c9ffffd8 space 16384K,  99% used [0x00000006c9000000, 0x00000006ca000000)
AC   0  O    TS     0 PTAMS 0x00000006caffffd0 NTAMS 0x00000006caffffd0 space 16384K,  99% used [0x00000006ca000000, 0x00000006cb000000)
AC   0  O    TS     0 PTAMS 0x00000006cbffe7b0 NTAMS 0x00000006cbffe7b0 space 16384K,  99% used [0x00000006cb000000, 0x00000006cc000000)
AC   0  O    TS     0 PTAMS 0x00000006ccff94d0 NTAMS 0x00000006ccff94d0 space 16384K,  99% used [0x00000006cc000000, 0x00000006cd000000)
AC   0  O    TS     0 PTAMS 0x00000006cdffffe8 NTAMS 0x00000006cdffffe8 space 16384K,  99% used [0x00000006cd000000, 0x00000006ce000000)
AC   0  O    TS     0 PTAMS 0x00000006cefffff0 NTAMS 0x00000006cefffff0 space 16384K,  99% used [0x00000006ce000000, 0x00000006cf000000)
AC   0  O    TS     0 PTAMS 0x00000006cffffff8 NTAMS 0x00000006cffffff8 space 16384K,  99% used [0x00000006cf000000, 0x00000006d0000000)
AC   0  O    TS     0 PTAMS 0x00000006d0fffff0 NTAMS 0x00000006d0fffff0 space 16384K,  99% used [0x00000006d0000000, 0x00000006d1000000)
AC   0  O    TS     0 PTAMS 0x00000006d1fffff0 NTAMS 0x00000006d1fffff0 space 16384K,  99% used [0x00000006d1000000, 0x00000006d2000000)
AC   0  O    TS     0 PTAMS 0x00000006d2ffffe8 NTAMS 0x00000006d2ffffe8 space 16384K,  99% used [0x00000006d2000000, 0x00000006d3000000)
AC   0  O    TS     0 PTAMS 0x00000006d4000000 NTAMS 0x00000006d4000000 space 16384K, 100% used [0x00000006d3000000, 0x00000006d4000000)
AC   0  O    TS     0 PTAMS 0x00000006d4ffffe0 NTAMS 0x00000006d4ffffe0 space 16384K,  99% used [0x00000006d4000000, 0x00000006d5000000)
AC   0  O    TS     0 PTAMS 0x00000006d5fffff0 NTAMS 0x00000006d5fffff0 space 16384K,  99% used [0x00000006d5000000, 0x00000006d6000000)
AC   0  O    TS     0 PTAMS 0x00000006d7000000 NTAMS 0x00000006d7000000 space 16384K, 100% used [0x00000006d6000000, 0x00000006d7000000)
AC   0  O    TS     0 PTAMS 0x00000006d7fffff0 NTAMS 0x00000006d7fffff0 space 16384K,  99% used [0x00000006d7000000, 0x00000006d8000000)
AC   0  O    TS     0 PTAMS 0x00000006d8fffff0 NTAMS 0x00000006d8fffff0 space 16384K,  99% used [0x00000006d8000000, 0x00000006d9000000)
AC   0  O    TS     0 PTAMS 0x00000006d9fffff8 NTAMS 0x00000006d9fffff8 space 16384K,  99% used [0x00000006d9000000, 0x00000006da000000)
AC   0  O    TS     0 PTAMS 0x00000006dafffd90 NTAMS 0x00000006dafffd90 space 16384K,  99% used [0x00000006da000000, 0x00000006db000000)
AC   0  O    TS     0 PTAMS 0x00000006dc000000 NTAMS 0x00000006dc000000 space 16384K, 100% used [0x00000006db000000, 0x00000006dc000000)
AC   0  O    TS     0 PTAMS 0x00000006dd000000 NTAMS 0x00000006dd000000 space 16384K, 100% used [0x00000006dc000000, 0x00000006dd000000)
AC   0  O    TS     0 PTAMS 0x00000006ddffffe8 NTAMS 0x00000006ddffffe8 space 16384K,  99% used [0x00000006dd000000, 0x00000006de000000)
AC   0  O    TS     0 PTAMS 0x00000006defff2d8 NTAMS 0x00000006defff2d8 space 16384K,  99% used [0x00000006de000000, 0x00000006df000000)
AC   0  O    TS     0 PTAMS 0x00000006dffff408 NTAMS 0x00000006dffff408 space 16384K,  99% used [0x00000006df000000, 0x00000006e0000000)
AC   0  O    TS     0 PTAMS 0x00000006e0fff9c8 NTAMS 0x00000006e0fff9c8 space 16384K,  99% used [0x00000006e0000000, 0x00000006e1000000)
AC   0  O    TS     0 PTAMS 0x00000006e1fff280 NTAMS 0x00000006e1fff280 space 16384K,  99% used [0x00000006e1000000, 0x00000006e2000000)
AC   0  O    TS     0 PTAMS 0x00000006e2ffffe8 NTAMS 0x00000006e2ffffe8 space 16384K,  99% used [0x00000006e2000000, 0x00000006e3000000)
AC   0  O    TS     0 PTAMS 0x00000006e3fffff0 NTAMS 0x00000006e3fffff0 space 16384K,  99% used [0x00000006e3000000, 0x00000006e4000000)
AC   0  O    TS     0 PTAMS 0x00000006e4fffff8 NTAMS 0x00000006e4fffff8 space 16384K,  99% used [0x00000006e4000000, 0x00000006e5000000)
AC   0  O    TS     0 PTAMS 0x00000006e5fffc48 NTAMS 0x00000006e5fffc48 space 16384K,  99% used [0x00000006e5000000, 0x00000006e6000000)
AC   0  O    TS     0 PTAMS 0x00000006e6fc46c8 NTAMS 0x00000006e6fc46c8 space 16384K,  98% used [0x00000006e6000000, 0x00000006e7000000)
AC   0  O    TS     0 PTAMS 0x00000006e7fffff0 NTAMS 0x00000006e7fffff0 space 16384K,  99% used [0x00000006e7000000, 0x00000006e8000000)
AC   0  O    TS     0 PTAMS 0x00000006e8fffff8 NTAMS 0x00000006e8fffff8 space 16384K,  99% used [0x00000006e8000000, 0x00000006e9000000)
AC   0  O    TS     0 PTAMS 0x00000006e9ffffe8 NTAMS 0x00000006e9ffffe8 space 16384K,  99% used [0x00000006e9000000, 0x00000006ea000000)
AC   0  O    TS     0 PTAMS 0x00000006eafffff0 NTAMS 0x00000006eafffff0 space 16384K,  99% used [0x00000006ea000000, 0x00000006eb000000)
AC   0  O    TS     0 PTAMS 0x00000006ebfffff8 NTAMS 0x00000006ebfffff8 space 16384K,  99% used [0x00000006eb000000, 0x00000006ec000000)
AC   0  O    TS     0 PTAMS 0x00000006ecffffe8 NTAMS 0x00000006ecffffe8 space 16384K,  99% used [0x00000006ec000000, 0x00000006ed000000)
AC   0  O    TS     0 PTAMS 0x00000006edfffff8 NTAMS 0x00000006edfffff8 space 16384K,  99% used [0x00000006ed000000, 0x00000006ee000000)
AC   0  O    TS     0 PTAMS 0x00000006eefffed8 NTAMS 0x00000006eefffed8 space 16384K,  99% used [0x00000006ee000000, 0x00000006ef000000)
AC   0  O    TS     0 PTAMS 0x00000006effffff8 NTAMS 0x00000006effffff8 space 16384K,  99% used [0x00000006ef000000, 0x00000006f0000000)
AC   0  O    TS     0 PTAMS 0x00000006f0fffff8 NTAMS 0x00000006f0fffff8 space 16384K,  99% used [0x00000006f0000000, 0x00000006f1000000)
AC   0  O    TS     0 PTAMS 0x00000006f1ff0fd0 NTAMS 0x00000006f1ff0fd0 space 16384K,  99% used [0x00000006f1000000, 0x00000006f2000000)
AC   0  O    TS     0 PTAMS 0x00000006f2ffffc8 NTAMS 0x00000006f2ffffc8 space 16384K,  99% used [0x00000006f2000000, 0x00000006f3000000)
AC   0  O    TS     0 PTAMS 0x00000006f3ffffe8 NTAMS 0x00000006f3ffffe8 space 16384K,  99% used [0x00000006f3000000, 0x00000006f4000000)
AC   0  O    TS     0 PTAMS 0x00000006f4ffffe8 NTAMS 0x00000006f4ffffe8 space 16384K,  99% used [0x00000006f4000000, 0x00000006f5000000)
AC   0  O    TS     0 PTAMS 0x00000006f5ffffc8 NTAMS 0x00000006f5ffffc8 space 16384K,  99% used [0x00000006f5000000, 0x00000006f6000000)
AC   0  O    TS     0 PTAMS 0x00000006f6ffffb8 NTAMS 0x00000006f6ffffb8 space 16384K,  99% used [0x00000006f6000000, 0x00000006f7000000)
AC   0  O    TS     0 PTAMS 0x00000006f7fffff0 NTAMS 0x00000006f7fffff0 space 16384K,  99% used [0x00000006f7000000, 0x00000006f8000000)
AC   0  O    TS     0 PTAMS 0x00000006f9000000 NTAMS 0x00000006f9000000 space 16384K, 100% used [0x00000006f8000000, 0x00000006f9000000)
AC   0  O    TS     0 PTAMS 0x00000006fa000000 NTAMS 0x00000006fa000000 space 16384K, 100% used [0x00000006f9000000, 0x00000006fa000000)
AC   0  O    TS     0 PTAMS 0x00000006faffffe8 NTAMS 0x00000006faffffe8 space 16384K,  99% used [0x00000006fa000000, 0x00000006fb000000)
AC   0  O    TS     0 PTAMS 0x00000006fbfffff0 NTAMS 0x00000006fbfffff0 space 16384K,  99% used [0x00000006fb000000, 0x00000006fc000000)
AC   0  O    TS     0 PTAMS 0x00000006fcffffe8 NTAMS 0x00000006fcffffe8 space 16384K,  99% used [0x00000006fc000000, 0x00000006fd000000)
AC   0  O    TS     0 PTAMS 0x00000006fdffffe0 NTAMS 0x00000006fdffffe0 space 16384K,  99% used [0x00000006fd000000, 0x00000006fe000000)
AC   0  O    TS     0 PTAMS 0x00000006fefffff0 NTAMS 0x00000006fefffff0 space 16384K,  99% used [0x00000006fe000000, 0x00000006ff000000)
AC   0  O    TS     0 PTAMS 0x00000006fffffff8 NTAMS 0x00000006fffffff8 space 16384K,  99% used [0x00000006ff000000, 0x0000000700000000)
AC   0  O    TS     0 PTAMS 0x0000000700fffff0 NTAMS 0x0000000700fffff0 space 16384K,  99% used [0x0000000700000000, 0x0000000701000000)
AC   0  O    TS     0 PTAMS 0x0000000701fffff0 NTAMS 0x0000000701fffff0 space 16384K,  99% used [0x0000000701000000, 0x0000000702000000)
AC   0  O    TS     0 PTAMS 0x0000000702ffffe8 NTAMS 0x0000000702ffffe8 space 16384K,  99% used [0x0000000702000000, 0x0000000703000000)
AC   0  O    TS     0 PTAMS 0x0000000703fffff8 NTAMS 0x0000000703fffff8 space 16384K,  99% used [0x0000000703000000, 0x0000000704000000)
AC   0  O    TS     0 PTAMS 0x0000000704ffffe8 NTAMS 0x0000000704ffffe8 space 16384K,  99% used [0x0000000704000000, 0x0000000705000000)
AC   0  O    TS     0 PTAMS 0x0000000706000000 NTAMS 0x0000000706000000 space 16384K, 100% used [0x0000000705000000, 0x0000000706000000)
AC   0  O    TS     0 PTAMS 0x0000000706fffff0 NTAMS 0x0000000706fffff0 space 16384K,  99% used [0x0000000706000000, 0x0000000707000000)
AC   0  O    TS     0 PTAMS 0x0000000707ffffe8 NTAMS 0x0000000707ffffe8 space 16384K,  99% used [0x0000000707000000, 0x0000000708000000)
AC   0  O    TS     0 PTAMS 0x0000000708ffff88 NTAMS 0x0000000708ffff88 space 16384K,  99% used [0x0000000708000000, 0x0000000709000000)
AC   0  O    TS     0 PTAMS 0x0000000709fffff8 NTAMS 0x0000000709fffff8 space 16384K,  99% used [0x0000000709000000, 0x000000070a000000)
AC   0  O    TS     0 PTAMS 0x000000070affffe8 NTAMS 0x000000070affffe8 space 16384K,  99% used [0x000000070a000000, 0x000000070b000000)
AC   0  O    TS     0 PTAMS 0x000000070c000000 NTAMS 0x000000070c000000 space 16384K, 100% used [0x000000070b000000, 0x000000070c000000)
AC   0  O    TS     0 PTAMS 0x000000070cffff90 NTAMS 0x000000070cffff90 space 16384K,  99% used [0x000000070c000000, 0x000000070d000000)
AC   0  O    TS     0 PTAMS 0x000000070dfffff8 NTAMS 0x000000070dfffff8 space 16384K,  99% used [0x000000070d000000, 0x000000070e000000)
AC   0  O    TS     0 PTAMS 0x000000070efffff8 NTAMS 0x000000070efffff8 space 16384K,  99% used [0x000000070e000000, 0x000000070f000000)
AC   0  O    TS     0 PTAMS 0x0000000710000000 NTAMS 0x0000000710000000 space 16384K, 100% used [0x000000070f000000, 0x0000000710000000)
AC   0  O    TS     0 PTAMS 0x0000000710fffff8 NTAMS 0x0000000710fffff8 space 16384K,  99% used [0x0000000710000000, 0x0000000711000000)
AC   0  O    TS     0 PTAMS 0x0000000711fffff8 NTAMS 0x0000000711fffff8 space 16384K,  99% used [0x0000000711000000, 0x0000000712000000)
AC   0  O    TS     0 PTAMS 0x0000000713000000 NTAMS 0x0000000713000000 space 16384K, 100% used [0x0000000712000000, 0x0000000713000000)
AC   0  O    TS     0 PTAMS 0x0000000713fffff8 NTAMS 0x0000000713fffff8 space 16384K,  99% used [0x0000000713000000, 0x0000000714000000)
AC   0  O    TS     0 PTAMS 0x0000000714fffff8 NTAMS 0x0000000714fffff8 space 16384K,  99% used [0x0000000714000000, 0x0000000715000000)
AC   0  O    TS     0 PTAMS 0x0000000715fffff8 NTAMS 0x0000000715fffff8 space 16384K,  99% used [0x0000000715000000, 0x0000000716000000)
AC   0  O    TS     0 PTAMS 0x0000000716fffff8 NTAMS 0x0000000716fffff8 space 16384K,  99% used [0x0000000716000000, 0x0000000717000000)
AC   0  O    TS     0 PTAMS 0x0000000717fffff8 NTAMS 0x0000000717fffff8 space 16384K,  99% used [0x0000000717000000, 0x0000000718000000)
AC   0  O    TS     0 PTAMS 0x0000000718fff140 NTAMS 0x0000000718fff140 space 16384K,  99% used [0x0000000718000000, 0x0000000719000000)
AC   0  O    TS     0 PTAMS 0x0000000719ffffe0 NTAMS 0x0000000719ffffe0 space 16384K,  99% used [0x0000000719000000, 0x000000071a000000)
AC   0  O    TS     0 PTAMS 0x000000071afffff0 NTAMS 0x000000071afffff0 space 16384K,  99% used [0x000000071a000000, 0x000000071b000000)
AC   0  O    TS     0 PTAMS 0x000000071bfffff0 NTAMS 0x000000071bfffff0 space 16384K,  99% used [0x000000071b000000, 0x000000071c000000)
AC   0  O    TS     0 PTAMS 0x000000071cffffc8 NTAMS 0x000000071cffffc8 space 16384K,  99% used [0x000000071c000000, 0x000000071d000000)
AC   0  O    TS     0 PTAMS 0x000000071dffffe8 NTAMS 0x000000071dffffe8 space 16384K,  99% used [0x000000071d000000, 0x000000071e000000)
AC   0  O    TS     0 PTAMS 0x000000071effffe0 NTAMS 0x000000071effffe0 space 16384K,  99% used [0x000000071e000000, 0x000000071f000000)
AC   0  O    TS     0 PTAMS 0x000000071fffda50 NTAMS 0x000000071fffda50 space 16384K,  99% used [0x000000071f000000, 0x0000000720000000)
AC   0  O    TS     0 PTAMS 0x0000000720ffcf70 NTAMS 0x0000000720ffcf70 space 16384K,  99% used [0x0000000720000000, 0x0000000721000000)
AC   0  O    TS     0 PTAMS 0x0000000721fff0c0 NTAMS 0x0000000721fff0c0 space 16384K,  99% used [0x0000000721000000, 0x0000000722000000)
AC   0  O    TS     0 PTAMS 0x0000000722fffff8 NTAMS 0x0000000722fffff8 space 16384K,  99% used [0x0000000722000000, 0x0000000723000000)
AC   0  O    TS     0 PTAMS 0x0000000723fffff8 NTAMS 0x0000000723fffff8 space 16384K,  99% used [0x0000000723000000, 0x0000000724000000)
AC   0  O    TS     0 PTAMS 0x0000000724ffffb0 NTAMS 0x0000000724ffffb0 space 16384K,  99% used [0x0000000724000000, 0x0000000725000000)
AC   0  O    TS     0 PTAMS 0x0000000725ffffc0 NTAMS 0x0000000725ffffc0 space 16384K,  99% used [0x0000000725000000, 0x0000000726000000)
AC   0  O    TS     0 PTAMS 0x0000000726fffff8 NTAMS 0x0000000726fffff8 space 16384K,  99% used [0x0000000726000000, 0x0000000727000000)
AC   0  O    TS     0 PTAMS 0x0000000727ffffa8 NTAMS 0x0000000727ffffa8 space 16384K,  99% used [0x0000000727000000, 0x0000000728000000)
AC   0  O    TS     0 PTAMS 0x0000000728fffff0 NTAMS 0x0000000728fffff0 space 16384K,  99% used [0x0000000728000000, 0x0000000729000000)
AC   0  O    TS     0 PTAMS 0x0000000729fffff8 NTAMS 0x0000000729fffff8 space 16384K,  99% used [0x0000000729000000, 0x000000072a000000)
AC   0  O    TS     0 PTAMS 0x000000072afffff8 NTAMS 0x000000072afffff8 space 16384K,  99% used [0x000000072a000000, 0x000000072b000000)
AC   0  O    TS     0 PTAMS 0x000000072bffffe8 NTAMS 0x000000072bffffe8 space 16384K,  99% used [0x000000072b000000, 0x000000072c000000)
AC   0  O    TS     0 PTAMS 0x000000072c5ad750 NTAMS 0x000000072c5ad750 space 16384K,  35% used [0x000000072c000000, 0x000000072d000000)
AC   0  O    TS     0 PTAMS 0x000000072e000000 NTAMS 0x000000072e000000 space 16384K, 100% used [0x000000072d000000, 0x000000072e000000)
AC   0  O    TS     0 PTAMS 0x000000072f000000 NTAMS 0x000000072f000000 space 16384K, 100% used [0x000000072e000000, 0x000000072f000000)
AC   0  O    TS     0 PTAMS 0x0000000730000000 NTAMS 0x0000000730000000 space 16384K, 100% used [0x000000072f000000, 0x0000000730000000)
AC   0  O    TS     0 PTAMS 0x000000073044e000 NTAMS 0x000000073044e000 space 16384K,  26% used [0x0000000730000000, 0x0000000731000000)
AC   0  F    TS     0 PTAMS 0x0000000731000000 NTAMS 0x0000000731000000 space 16384K,   0% used [0x0000000731000000, 0x0000000732000000)
AC   0  F    TS     0 PTAMS 0x0000000732000000 NTAMS 0x0000000732000000 space 16384K,   0% used [0x0000000732000000, 0x0000000733000000)
AC   0  F    TS     0 PTAMS 0x0000000733000000 NTAMS 0x0000000733000000 space 16384K,   0% used [0x0000000733000000, 0x0000000734000000)
AC   0  F    TS     0 PTAMS 0x0000000734000000 NTAMS 0x0000000734000000 space 16384K,   0% used [0x0000000734000000, 0x0000000735000000)
AC   0  F    TS     0 PTAMS 0x0000000735000000 NTAMS 0x0000000735000000 space 16384K,   0% used [0x0000000735000000, 0x0000000736000000)
AC   0  F    TS     0 PTAMS 0x0000000736000000 NTAMS 0x0000000736000000 space 16384K,   0% used [0x0000000736000000, 0x0000000737000000)
AC   0  F    TS     0 PTAMS 0x0000000737000000 NTAMS 0x0000000737000000 space 16384K,   0% used [0x0000000737000000, 0x0000000738000000)
AC   0  F    TS     0 PTAMS 0x0000000738000000 NTAMS 0x0000000738000000 space 16384K,   0% used [0x0000000738000000, 0x0000000739000000)
AC   0  F    TS     0 PTAMS 0x0000000739000000 NTAMS 0x0000000739000000 space 16384K,   0% used [0x0000000739000000, 0x000000073a000000)
AC   0  F    TS     0 PTAMS 0x000000073a000000 NTAMS 0x000000073a000000 space 16384K,   0% used [0x000000073a000000, 0x000000073b000000)
AC   0  F    TS     0 PTAMS 0x000000073b000000 NTAMS 0x000000073b000000 space 16384K,   0% used [0x000000073b000000, 0x000000073c000000)
AC   0  F    TS     0 PTAMS 0x000000073c000000 NTAMS 0x000000073c000000 space 16384K,   0% used [0x000000073c000000, 0x000000073d000000)
AC   0  F    TS     0 PTAMS 0x000000073d000000 NTAMS 0x000000073d000000 space 16384K,   0% used [0x000000073d000000, 0x000000073e000000)
AC   0  F    TS     0 PTAMS 0x000000073e000000 NTAMS 0x000000073e000000 space 16384K,   0% used [0x000000073e000000, 0x000000073f000000)
AC   0  F    TS     0 PTAMS 0x000000073f000000 NTAMS 0x000000073f000000 space 16384K,   0% used [0x000000073f000000, 0x0000000740000000)
AC   0  F    TS     0 PTAMS 0x0000000740000000 NTAMS 0x0000000740000000 space 16384K,   0% used [0x0000000740000000, 0x0000000741000000)
AC   0  F    TS     0 PTAMS 0x0000000741000000 NTAMS 0x0000000741000000 space 16384K,   0% used [0x0000000741000000, 0x0000000742000000)
AC   0  F    TS     0 PTAMS 0x0000000742000000 NTAMS 0x0000000742000000 space 16384K,   0% used [0x0000000742000000, 0x0000000743000000)
AC   0  F    TS     0 PTAMS 0x0000000743000000 NTAMS 0x0000000743000000 space 16384K,   0% used [0x0000000743000000, 0x0000000744000000)
AC   0  F    TS     0 PTAMS 0x0000000744000000 NTAMS 0x0000000744000000 space 16384K,   0% used [0x0000000744000000, 0x0000000745000000)
AC   0  F    TS     0 PTAMS 0x0000000745000000 NTAMS 0x0000000745000000 space 16384K,   0% used [0x0000000745000000, 0x0000000746000000)
AC   0  F    TS     0 PTAMS 0x0000000746000000 NTAMS 0x0000000746000000 space 16384K,   0% used [0x0000000746000000, 0x0000000747000000)
AC   0  F    TS     0 PTAMS 0x0000000747000000 NTAMS 0x0000000747000000 space 16384K,   0% used [0x0000000747000000, 0x0000000748000000)
AC   0  F    TS     0 PTAMS 0x0000000748000000 NTAMS 0x0000000748000000 space 16384K,   0% used [0x0000000748000000, 0x0000000749000000)
AC   0  F    TS     0 PTAMS 0x0000000749000000 NTAMS 0x0000000749000000 space 16384K,   0% used [0x0000000749000000, 0x000000074a000000)
AC   0  F    TS     0 PTAMS 0x000000074a000000 NTAMS 0x000000074a000000 space 16384K,   0% used [0x000000074a000000, 0x000000074b000000)
AC   0  F    TS     0 PTAMS 0x000000074b000000 NTAMS 0x000000074b000000 space 16384K,   0% used [0x000000074b000000, 0x000000074c000000)
AC   0  F    TS     0 PTAMS 0x000000074c000000 NTAMS 0x000000074c000000 space 16384K,   0% used [0x000000074c000000, 0x000000074d000000)
AC   0  F    TS     0 PTAMS 0x000000074d000000 NTAMS 0x000000074d000000 space 16384K,   0% used [0x000000074d000000, 0x000000074e000000)
AC   0  F    TS     0 PTAMS 0x000000074e000000 NTAMS 0x000000074e000000 space 16384K,   0% used [0x000000074e000000, 0x000000074f000000)
AC   0  F    TS     0 PTAMS 0x000000074f000000 NTAMS 0x000000074f000000 space 16384K,   0% used [0x000000074f000000, 0x0000000750000000)
AC   0  F    TS     0 PTAMS 0x0000000750000000 NTAMS 0x0000000750000000 space 16384K,   0% used [0x0000000750000000, 0x0000000751000000)
AC   0  F    TS     0 PTAMS 0x0000000751000000 NTAMS 0x0000000751000000 space 16384K,   0% used [0x0000000751000000, 0x0000000752000000)
AC   0  F    TS     0 PTAMS 0x0000000752000000 NTAMS 0x0000000752000000 space 16384K,   0% used [0x0000000752000000, 0x0000000753000000)
AC   0  F    TS     0 PTAMS 0x0000000753000000 NTAMS 0x0000000753000000 space 16384K,   0% used [0x0000000753000000, 0x0000000754000000)
AC   0  F    TS     0 PTAMS 0x0000000754000000 NTAMS 0x0000000754000000 space 16384K,   0% used [0x0000000754000000, 0x0000000755000000)
AC   0  F    TS     0 PTAMS 0x0000000755000000 NTAMS 0x0000000755000000 space 16384K,   0% used [0x0000000755000000, 0x0000000756000000)
AC   0  F    TS     0 PTAMS 0x0000000756000000 NTAMS 0x0000000756000000 space 16384K,   0% used [0x0000000756000000, 0x0000000757000000)
AC   0  F    TS     0 PTAMS 0x0000000757000000 NTAMS 0x0000000757000000 space 16384K,   0% used [0x0000000757000000, 0x0000000758000000)
AC   0  F    TS     0 PTAMS 0x0000000758000000 NTAMS 0x0000000758000000 space 16384K,   0% used [0x0000000758000000, 0x0000000759000000)
AC   0  F    TS     0 PTAMS 0x0000000759000000 NTAMS 0x0000000759000000 space 16384K,   0% used [0x0000000759000000, 0x000000075a000000)
AC   0  F    TS     0 PTAMS 0x000000075a000000 NTAMS 0x000000075a000000 space 16384K,   0% used [0x000000075a000000, 0x000000075b000000)
AC   0  F    TS     0 PTAMS 0x000000075b000000 NTAMS 0x000000075b000000 space 16384K,   0% used [0x000000075b000000, 0x000000075c000000)
AC   0  F    TS     0 PTAMS 0x000000075c000000 NTAMS 0x000000075c000000 space 16384K,   0% used [0x000000075c000000, 0x000000075d000000)
AC   0  F    TS     0 PTAMS 0x000000075d000000 NTAMS 0x000000075d000000 space 16384K,   0% used [0x000000075d000000, 0x000000075e000000)
AC   0  F    TS     0 PTAMS 0x000000075e000000 NTAMS 0x000000075e000000 space 16384K,   0% used [0x000000075e000000, 0x000000075f000000)
AC   0  F    TS     0 PTAMS 0x000000075f000000 NTAMS 0x000000075f000000 space 16384K,   0% used [0x000000075f000000, 0x0000000760000000)
AC   0  F    TS     0 PTAMS 0x0000000760000000 NTAMS 0x0000000760000000 space 16384K,   0% used [0x0000000760000000, 0x0000000761000000)
AC   0  F    TS     0 PTAMS 0x0000000761000000 NTAMS 0x0000000761000000 space 16384K,   0% used [0x0000000761000000, 0x0000000762000000)
AC   0  F    TS     0 PTAMS 0x0000000762000000 NTAMS 0x0000000762000000 space 16384K,   0% used [0x0000000762000000, 0x0000000763000000)
AC   0  F    TS     0 PTAMS 0x0000000763000000 NTAMS 0x0000000763000000 space 16384K,   0% used [0x0000000763000000, 0x0000000764000000)
AC   0  F    TS     0 PTAMS 0x0000000764000000 NTAMS 0x0000000764000000 space 16384K,   0% used [0x0000000764000000, 0x0000000765000000)
AC   0  F    TS     0 PTAMS 0x0000000765000000 NTAMS 0x0000000765000000 space 16384K,   0% used [0x0000000765000000, 0x0000000766000000)
AC   0  F    TS     0 PTAMS 0x0000000766000000 NTAMS 0x0000000766000000 space 16384K,   0% used [0x0000000766000000, 0x0000000767000000)
AC   0  F    TS     0 PTAMS 0x0000000767000000 NTAMS 0x0000000767000000 space 16384K,   0% used [0x0000000767000000, 0x0000000768000000)
AC   0  F    TS     0 PTAMS 0x0000000768000000 NTAMS 0x0000000768000000 space 16384K,   0% used [0x0000000768000000, 0x0000000769000000)
AC   0  F    TS     0 PTAMS 0x0000000769000000 NTAMS 0x0000000769000000 space 16384K,   0% used [0x0000000769000000, 0x000000076a000000)
AC   0  F    TS     0 PTAMS 0x000000076a000000 NTAMS 0x000000076a000000 space 16384K,   0% used [0x000000076a000000, 0x000000076b000000)
AC   0  F    TS     0 PTAMS 0x000000076b000000 NTAMS 0x000000076b000000 space 16384K,   0% used [0x000000076b000000, 0x000000076c000000)
AC   0  F    TS     0 PTAMS 0x000000076c000000 NTAMS 0x000000076c000000 space 16384K,   0% used [0x000000076c000000, 0x000000076d000000)
AC   0  F    TS     0 PTAMS 0x000000076d000000 NTAMS 0x000000076d000000 space 16384K,   0% used [0x000000076d000000, 0x000000076e000000)
AC   0  F    TS     0 PTAMS 0x000000076e000000 NTAMS 0x000000076e000000 space 16384K,   0% used [0x000000076e000000, 0x000000076f000000)
AC   0  F    TS     0 PTAMS 0x000000076f000000 NTAMS 0x000000076f000000 space 16384K,   0% used [0x000000076f000000, 0x0000000770000000)
AC   0  F    TS     0 PTAMS 0x0000000770000000 NTAMS 0x0000000770000000 space 16384K,   0% used [0x0000000770000000, 0x0000000771000000)
AC   0  F    TS     0 PTAMS 0x0000000771000000 NTAMS 0x0000000771000000 space 16384K,   0% used [0x0000000771000000, 0x0000000772000000)
AC   0  F    TS     0 PTAMS 0x0000000772000000 NTAMS 0x0000000772000000 space 16384K,   0% used [0x0000000772000000, 0x0000000773000000)
AC   0  F    TS     0 PTAMS 0x0000000773000000 NTAMS 0x0000000773000000 space 16384K,   0% used [0x0000000773000000, 0x0000000774000000)
AC   0  F    TS     0 PTAMS 0x0000000774000000 NTAMS 0x0000000774000000 space 16384K,   0% used [0x0000000774000000, 0x0000000775000000)
AC   0  F    TS     0 PTAMS 0x0000000775000000 NTAMS 0x0000000775000000 space 16384K,   0% used [0x0000000775000000, 0x0000000776000000)
AC   0  F    TS     0 PTAMS 0x0000000776000000 NTAMS 0x0000000776000000 space 16384K,   0% used [0x0000000776000000, 0x0000000777000000)
AC   0  F    TS     0 PTAMS 0x0000000777000000 NTAMS 0x0000000777000000 space 16384K,   0% used [0x0000000777000000, 0x0000000778000000)
AC   0  F    TS     0 PTAMS 0x0000000778000000 NTAMS 0x0000000778000000 space 16384K,   0% used [0x0000000778000000, 0x0000000779000000)
AC   0  F    TS     0 PTAMS 0x0000000779000000 NTAMS 0x0000000779000000 space 16384K,   0% used [0x0000000779000000, 0x000000077a000000)
AC   0  F    TS     0 PTAMS 0x000000077a000000 NTAMS 0x000000077a000000 space 16384K,   0% used [0x000000077a000000, 0x000000077b000000)
AC   0  F    TS     0 PTAMS 0x000000077b000000 NTAMS 0x000000077b000000 space 16384K,   0% used [0x000000077b000000, 0x000000077c000000)
AC   0  F    TS     0 PTAMS 0x000000077c000000 NTAMS 0x000000077c000000 space 16384K,   0% used [0x000000077c000000, 0x000000077d000000)
AC   0  F    TS     0 PTAMS 0x000000077d000000 NTAMS 0x000000077d000000 space 16384K,   0% used [0x000000077d000000, 0x000000077e000000)
AC   0  F    TS     0 PTAMS 0x000000077e000000 NTAMS 0x000000077e000000 space 16384K,   0% used [0x000000077e000000, 0x000000077f000000)
AC   0  F    TS     0 PTAMS 0x000000077f000000 NTAMS 0x000000077f000000 space 16384K,   0% used [0x000000077f000000, 0x0000000780000000)
AC   0  F    TS     0 PTAMS 0x0000000780000000 NTAMS 0x0000000780000000 space 16384K,   0% used [0x0000000780000000, 0x0000000781000000)
AC   0  F    TS     0 PTAMS 0x0000000781000000 NTAMS 0x0000000781000000 space 16384K,   0% used [0x0000000781000000, 0x0000000782000000)
AC   0  F    TS     0 PTAMS 0x0000000782000000 NTAMS 0x0000000782000000 space 16384K,   0% used [0x0000000782000000, 0x0000000783000000)
AC   0  F    TS     0 PTAMS 0x0000000783000000 NTAMS 0x0000000783000000 space 16384K,   0% used [0x0000000783000000, 0x0000000784000000)
AC   0  F    TS     0 PTAMS 0x0000000784000000 NTAMS 0x0000000784000000 space 16384K,   0% used [0x0000000784000000, 0x0000000785000000)
AC   0  F    TS     0 PTAMS 0x0000000785000000 NTAMS 0x0000000785000000 space 16384K,   0% used [0x0000000785000000, 0x0000000786000000)
AC   0  F    TS     0 PTAMS 0x0000000786000000 NTAMS 0x0000000786000000 space 16384K,   0% used [0x0000000786000000, 0x0000000787000000)
AC   0  F    TS     0 PTAMS 0x0000000787000000 NTAMS 0x0000000787000000 space 16384K,   0% used [0x0000000787000000, 0x0000000788000000)
AC   0  F    TS     0 PTAMS 0x0000000788000000 NTAMS 0x0000000788000000 space 16384K,   0% used [0x0000000788000000, 0x0000000789000000)
AC   0  F    TS     0 PTAMS 0x0000000789000000 NTAMS 0x0000000789000000 space 16384K,   0% used [0x0000000789000000, 0x000000078a000000)
AC   0  F    TS     0 PTAMS 0x000000078a000000 NTAMS 0x000000078a000000 space 16384K,   0% used [0x000000078a000000, 0x000000078b000000)
AC   0  F    TS     0 PTAMS 0x000000078b000000 NTAMS 0x000000078b000000 space 16384K,   0% used [0x000000078b000000, 0x000000078c000000)
AC   0  F    TS     0 PTAMS 0x000000078c000000 NTAMS 0x000000078c000000 space 16384K,   0% used [0x000000078c000000, 0x000000078d000000)
AC   0  F    TS     0 PTAMS 0x000000078d000000 NTAMS 0x000000078d000000 space 16384K,   0% used [0x000000078d000000, 0x000000078e000000)
AC   0  F    TS     0 PTAMS 0x000000078e000000 NTAMS 0x000000078e000000 space 16384K,   0% used [0x000000078e000000, 0x000000078f000000)
AC   0  F    TS     0 PTAMS 0x000000078f000000 NTAMS 0x000000078f000000 space 16384K,   0% used [0x000000078f000000, 0x0000000790000000)
AC   0  F    TS     0 PTAMS 0x0000000790000000 NTAMS 0x0000000790000000 space 16384K,   0% used [0x0000000790000000, 0x0000000791000000)
AC   0  F    TS     0 PTAMS 0x0000000791000000 NTAMS 0x0000000791000000 space 16384K,   0% used [0x0000000791000000, 0x0000000792000000)
AC   0  F    TS     0 PTAMS 0x0000000792000000 NTAMS 0x0000000792000000 space 16384K,   0% used [0x0000000792000000, 0x0000000793000000)
AC   0  F    TS     0 PTAMS 0x0000000793000000 NTAMS 0x0000000793000000 space 16384K,   0% used [0x0000000793000000, 0x0000000794000000)
AC   0  F    TS     0 PTAMS 0x0000000794000000 NTAMS 0x0000000794000000 space 16384K,   0% used [0x0000000794000000, 0x0000000795000000)
AC   0  F    TS     0 PTAMS 0x0000000795000000 NTAMS 0x0000000795000000 space 16384K,   0% used [0x0000000795000000, 0x0000000796000000)
AC   0  F    TS     0 PTAMS 0x0000000796000000 NTAMS 0x0000000796000000 space 16384K,   0% used [0x0000000796000000, 0x0000000797000000)
AC   0  F    TS     0 PTAMS 0x0000000797000000 NTAMS 0x0000000797000000 space 16384K,   0% used [0x0000000797000000, 0x0000000798000000)
AC   0  F    TS     0 PTAMS 0x0000000798000000 NTAMS 0x0000000798000000 space 16384K,   0% used [0x0000000798000000, 0x0000000799000000)
AC   0  F    TS     0 PTAMS 0x0000000799000000 NTAMS 0x0000000799000000 space 16384K,   0% used [0x0000000799000000, 0x000000079a000000)
AC   0  F    TS     0 PTAMS 0x000000079a000000 NTAMS 0x000000079a000000 space 16384K,   0% used [0x000000079a000000, 0x000000079b000000)
AC   0  F    TS     0 PTAMS 0x000000079b000000 NTAMS 0x000000079b000000 space 16384K,   0% used [0x000000079b000000, 0x000000079c000000)
AC   0  F    TS     0 PTAMS 0x000000079c000000 NTAMS 0x000000079c000000 space 16384K,   0% used [0x000000079c000000, 0x000000079d000000)
AC   0  F    TS     0 PTAMS 0x000000079d000000 NTAMS 0x000000079d000000 space 16384K,   0% used [0x000000079d000000, 0x000000079e000000)
AC   0  F    TS     0 PTAMS 0x000000079e000000 NTAMS 0x000000079e000000 space 16384K,   0% used [0x000000079e000000, 0x000000079f000000)
AC   0  F    TS     0 PTAMS 0x000000079f000000 NTAMS 0x000000079f000000 space 16384K,   0% used [0x000000079f000000, 0x00000007a0000000)
AC   0  F    TS     0 PTAMS 0x00000007a0000000 NTAMS 0x00000007a0000000 space 16384K,   0% used [0x00000007a0000000, 0x00000007a1000000)
AC   0  F    TS     0 PTAMS 0x00000007a1000000 NTAMS 0x00000007a1000000 space 16384K,   0% used [0x00000007a1000000, 0x00000007a2000000)
AC   0  F    TS     0 PTAMS 0x00000007a2000000 NTAMS 0x00000007a2000000 space 16384K,   0% used [0x00000007a2000000, 0x00000007a3000000)
AC   0  F    TS     0 PTAMS 0x00000007a3000000 NTAMS 0x00000007a3000000 space 16384K,   0% used [0x00000007a3000000, 0x00000007a4000000)
AC   0  F    TS     0 PTAMS 0x00000007a4000000 NTAMS 0x00000007a4000000 space 16384K,   0% used [0x00000007a4000000, 0x00000007a5000000)
AC   0  F    TS     0 PTAMS 0x00000007a5000000 NTAMS 0x00000007a5000000 space 16384K,   0% used [0x00000007a5000000, 0x00000007a6000000)
AC   0  F    TS     0 PTAMS 0x00000007a6000000 NTAMS 0x00000007a6000000 space 16384K,   0% used [0x00000007a6000000, 0x00000007a7000000)
AC   0  F    TS     0 PTAMS 0x00000007a7000000 NTAMS 0x00000007a7000000 space 16384K,   0% used [0x00000007a7000000, 0x00000007a8000000)
AC   0  F    TS     0 PTAMS 0x00000007a8000000 NTAMS 0x00000007a8000000 space 16384K,   0% used [0x00000007a8000000, 0x00000007a9000000)
AC   0  F    TS     0 PTAMS 0x00000007a9000000 NTAMS 0x00000007a9000000 space 16384K,   0% used [0x00000007a9000000, 0x00000007aa000000)
AC   0  F    TS     0 PTAMS 0x00000007aa000000 NTAMS 0x00000007aa000000 space 16384K,   0% used [0x00000007aa000000, 0x00000007ab000000)
AC   0  F    TS     0 PTAMS 0x00000007ab000000 NTAMS 0x00000007ab000000 space 16384K,   0% used [0x00000007ab000000, 0x00000007ac000000)
AC   0  F    TS     0 PTAMS 0x00000007ac000000 NTAMS 0x00000007ac000000 space 16384K,   0% used [0x00000007ac000000, 0x00000007ad000000)
AC   0  F    TS     0 PTAMS 0x00000007ad000000 NTAMS 0x00000007ad000000 space 16384K,   0% used [0x00000007ad000000, 0x00000007ae000000)
AC   0  F    TS     0 PTAMS 0x00000007ae000000 NTAMS 0x00000007ae000000 space 16384K,   0% used [0x00000007ae000000, 0x00000007af000000)
AC   0  F    TS     0 PTAMS 0x00000007af000000 NTAMS 0x00000007af000000 space 16384K,   0% used [0x00000007af000000, 0x00000007b0000000)
AC   0  F    TS     0 PTAMS 0x00000007b0000000 NTAMS 0x00000007b0000000 space 16384K,   0% used [0x00000007b0000000, 0x00000007b1000000)
AC   0  F    TS     0 PTAMS 0x00000007b1000000 NTAMS 0x00000007b1000000 space 16384K,   0% used [0x00000007b1000000, 0x00000007b2000000)
AC   0  F    TS     0 PTAMS 0x00000007b2000000 NTAMS 0x00000007b2000000 space 16384K,   0% used [0x00000007b2000000, 0x00000007b3000000)
AC   0  F    TS     0 PTAMS 0x00000007b3000000 NTAMS 0x00000007b3000000 space 16384K,   0% used [0x00000007b3000000, 0x00000007b4000000)
AC   0  F    TS     0 PTAMS 0x00000007b4000000 NTAMS 0x00000007b4000000 space 16384K,   0% used [0x00000007b4000000, 0x00000007b5000000)
AC   0  F    TS     0 PTAMS 0x00000007b5000000 NTAMS 0x00000007b5000000 space 16384K,   0% used [0x00000007b5000000, 0x00000007b6000000)
AC   0  F    TS     0 PTAMS 0x00000007b6000000 NTAMS 0x00000007b6000000 space 16384K,   0% used [0x00000007b6000000, 0x00000007b7000000)
AC   0  F    TS     0 PTAMS 0x00000007b7000000 NTAMS 0x00000007b7000000 space 16384K,   0% used [0x00000007b7000000, 0x00000007b8000000)
AC   0  S CS TS     0 PTAMS 0x00000007b8000000 NTAMS 0x00000007b8000000 space 16384K,  25% used [0x00000007b8000000, 0x00000007b9000000)
AC   0  E    TS     0 PTAMS 0x00000007b9000000 NTAMS 0x00000007b9000000 space 16384K,  93% used [0x00000007b9000000, 0x00000007ba000000)
AC   0  E CS TS     0 PTAMS 0x00000007ba000000 NTAMS 0x00000007ba000000 space 16384K, 100% used [0x00000007ba000000, 0x00000007bb000000)
AC   0  E CS TS     0 PTAMS 0x00000007bb000000 NTAMS 0x00000007bb000000 space 16384K, 100% used [0x00000007bb000000, 0x00000007bc000000)
AC   0  E CS TS     0 PTAMS 0x00000007bc000000 NTAMS 0x00000007bc000000 space 16384K, 100% used [0x00000007bc000000, 0x00000007bd000000)
AC   0  E CS TS     0 PTAMS 0x00000007bd000000 NTAMS 0x00000007bd000000 space 16384K, 100% used [0x00000007bd000000, 0x00000007be000000)
AC   0  E CS TS     0 PTAMS 0x00000007be000000 NTAMS 0x00000007be000000 space 16384K, 100% used [0x00000007be000000, 0x00000007bf000000)
AC   0  E CS TS     0 PTAMS 0x00000007bf000000 NTAMS 0x00000007bf000000 space 16384K, 100% used [0x00000007bf000000, 0x00000007c0000000)

Card table byte_map: [0x0000000015760000,0x0000000016130000] byte_map_base: 0x0000000012328000

Marking Bits (Prev, Next): (CMBitMap*) 0x00000000035eb278, (CMBitMap*) 0x00000000035eb2d0
 Prev Bits: [0x0000000016b00000, 0x000000001b940000)
 Next Bits: [0x000000001b940000, 0x0000000020780000)

Polling page: 0x0000000001730000

CodeCache: size=245760Kb used=120293Kb max_used=120787Kb free=125466Kb
 bounds [0x0000000003670000, 0x000000000ad40000, 0x0000000012670000]
 total_blobs=29941 nmethods=28275 adapters=1573
 compilation: enabled

Compilation events (10 events):
Event: 2364.665 Thread 0x000000002488d000 nmethod 44370 0x0000000009d89790 code [0x0000000009d89900, 0x0000000009d89bb0]
Event: 2367.165 Thread 0x000000002488c000 44371       4       net.minecraft.inventory.Container::func_184996_a (2071 bytes)
Event: 2367.166 Thread 0x0000000024886000 44372       4       net.minecraft.network.play.client.CPacketClickWindow::func_148840_b (54 bytes)
Event: 2367.166 Thread 0x0000000024887800 44373       4       net.minecraftforge.common.util.PacketUtil::writeItemStackFromClientToServer (80 bytes)
Event: 2367.223 Thread 0x0000000024887800 nmethod 44373 0x00000000098d2e10 code [0x00000000098d31a0, 0x00000000098d4bb0]
Event: 2367.235 Thread 0x0000000024886000 nmethod 44372 0x00000000098cce10 code [0x00000000098cd2e0, 0x00000000098cf6d0]
Event: 2367.295 Thread 0x000000002488c000 nmethod 44371 0x000000000a968310 code [0x000000000a968b20, 0x000000000a96d500]
Event: 2367.479 Thread 0x0000000024887800 44374       4       net.minecraft.network.play.server.SPacketConfirmTransaction::func_148837_a (25 bytes)
Event: 2367.481 Thread 0x0000000024887800 nmethod 44374 0x00000000089c5450 code [0x00000000089c55a0, 0x00000000089c5738]
Event: 2368.347 Thread 0x0000000024886000 44375       4       net.minecraft.item.ItemStack::func_82840_a (1941 bytes)

GC Heap History (10 events):
Event: 2340.857 GC heap before
{Heap before GC invocations=1593 (full 8):
 garbage-first heap   total 5128192K, used 2863529K [0x0000000687000000, 0x00000006880009c8, 0x00000007c0000000)
  region size 16384K, 8 young (131072K), 1 survivors (16384K)
 Metaspace       used 209323K, capacity 217249K, committed 217344K, reserved 1232896K
  class space    used 32096K, capacity 34014K, committed 34048K, reserved 1048576K
Event: 2340.863 GC heap after
Heap after GC invocations=1594 (full 8):
 garbage-first heap   total 5128192K, used 2749144K [0x0000000687000000, 0x00000006880009c8, 0x00000007c0000000)
  region size 16384K, 1 young (16384K), 1 survivors (16384K)
 Metaspace       used 209323K, capacity 217249K, committed 217344K, reserved 1232896K
  class space    used 32096K, capacity 34014K, committed 34048K, reserved 1048576K
}
Event: 2346.111 GC heap before
{Heap before GC invocations=1594 (full 8):
 garbage-first heap   total 5128192K, used 2863832K [0x0000000687000000, 0x00000006880009c8, 0x00000007c0000000)
  region size 16384K, 8 young (131072K), 1 survivors (16384K)
 Metaspace       used 209380K, capacity 217319K, committed 217600K, reserved 1234944K
  class space    used 32105K, capacity 34015K, committed 34048K, reserved 1048576K
Event: 2346.121 GC heap after
Heap after GC invocations=1595 (full 8):
 garbage-first heap   total 5128192K, used 2749724K [0x0000000687000000, 0x00000006880009c8, 0x00000007c0000000)
  region size 16384K, 1 young (16384K), 1 survivors (16384K)
 Metaspace       used 209380K, capacity 217319K, committed 217600K, reserved 1234944K
  class space    used 32105K, capacity 34015K, committed 34048K, reserved 1048576K
}
Event: 2349.296 GC heap before
{Heap before GC invocations=1596 (full 8):
 garbage-first heap   total 5128192K, used 2864412K [0x0000000687000000, 0x00000006880009c8, 0x00000007c0000000)
  region size 16384K, 8 young (131072K), 1 survivors (16384K)
 Metaspace       used 209375K, capacity 217301K, committed 217600K, reserved 1234944K
  class space    used 32103K, capacity 34012K, committed 34048K, reserved 1048576K
Event: 2349.303 GC heap after
Heap after GC invocations=1597 (full 8):
 garbage-first heap   total 5128192K, used 2750086K [0x0000000687000000, 0x00000006880009c8, 0x00000007c0000000)
  region size 16384K, 1 young (16384K), 1 survivors (16384K)
 Metaspace       used 209375K, capacity 217301K, committed 217600K, reserved 1234944K
  class space    used 32103K, capacity 34012K, committed 34048K, reserved 1048576K
}
Event: 2354.814 GC heap before
{Heap before GC invocations=1597 (full 8):
 garbage-first heap   total 5128192K, used 2864774K [0x0000000687000000, 0x00000006880009c8, 0x00000007c0000000)
  region size 16384K, 8 young (131072K), 1 survivors (16384K)
 Metaspace       used 209379K, capacity 217301K, committed 217600K, reserved 1234944K
  class space    used 32104K, capacity 34012K, committed 34048K, reserved 1048576K
Event: 2354.822 GC heap after
Heap after GC invocations=1598 (full 8):
 garbage-first heap   total 5128192K, used 2749261K [0x0000000687000000, 0x00000006880009c8, 0x00000007c0000000)
  region size 16384K, 1 young (16384K), 1 survivors (16384K)
 Metaspace       used 209379K, capacity 217301K, committed 217600K, reserved 1234944K
  class space    used 32104K, capacity 34012K, committed 34048K, reserved 1048576K
}
Event: 2362.525 GC heap before
{Heap before GC invocations=1598 (full 8):
 garbage-first heap   total 5128192K, used 2863949K [0x0000000687000000, 0x00000006880009c8, 0x00000007c0000000)
  region size 16384K, 8 young (131072K), 1 survivors (16384K)
 Metaspace       used 209380K, capacity 217301K, committed 217600K, reserved 1234944K
  class space    used 32104K, capacity 34012K, committed 34048K, reserved 1048576K
Event: 2362.540 GC heap after
Heap after GC invocations=1599 (full 8):
 garbage-first heap   total 5128192K, used 2749972K [0x0000000687000000, 0x00000006880009c8, 0x00000007c0000000)
  region size 16384K, 1 young (16384K), 1 survivors (16384K)
 Metaspace       used 209380K, capacity 217301K, committed 217600K, reserved 1234944K
  class space    used 32104K, capacity 34012K, committed 34048K, reserved 1048576K
}

Deoptimization events (10 events):
Event: 2349.802 Thread 0x0000000003575000 Uncommon trap: reason=unstable_if action=reinterpret pc=0x0000000009509410 method=pokefenn.totemic.handler.GameOverlay.onFOVUpdate(Lnet/minecraftforge/client/event/FOVUpdateEvent;)V @ 11
Event: 2349.802 Thread 0x0000000003575000 Uncommon trap: reason=unstable_if action=reinterpret pc=0x00000000078455f0 method=slimeknights.tconstruct.tools.common.client.RenderEvents.onFovEvent(Lnet/minecraftforge/client/event/FOVUpdateEvent;)V @ 12
Event: 2350.089 Thread 0x0000000003575000 Uncommon trap: reason=unstable_if action=reinterpret pc=0x00000000071eb8e0 method=net.minecraft.entity.EntityLivingBase.func_184206_a(Lnet/minecraft/network/datasync/DataParameter;)V @ 82
Event: 2350.156 Thread 0x0000000003575000 Uncommon trap: reason=speculate_class_check action=maybe_recompile pc=0x000000000a7a408c method=net.minecraft.entity.EntityLivingBase.func_184608_ct()V @ 116
Event: 2350.356 Thread 0x0000000003575000 Uncommon trap: reason=speculate_class_check action=maybe_recompile pc=0x000000000a7a408c method=net.minecraft.entity.EntityLivingBase.func_184608_ct()V @ 116
Event: 2350.556 Thread 0x0000000003575000 Uncommon trap: reason=speculate_class_check action=maybe_recompile pc=0x000000000a7a408c method=net.minecraft.entity.EntityLivingBase.func_184608_ct()V @ 116
Event: 2350.756 Thread 0x0000000003575000 Uncommon trap: reason=speculate_class_check action=maybe_recompile pc=0x000000000a7a408c method=net.minecraft.entity.EntityLivingBase.func_184608_ct()V @ 116
Event: 2350.956 Thread 0x0000000003575000 Uncommon trap: reason=speculate_class_check action=maybe_recompile pc=0x000000000a7b1ab0 method=net.minecraft.entity.EntityLivingBase.func_184608_ct()V @ 116
Event: 2351.657 Thread 0x000000002dd22800 Uncommon trap: reason=null_check action=none pc=0x00000000040d2b6c method=sun.misc.URLClassPath.check(Ljava/net/URL;)V @ 14
Event: 2351.657 Thread 0x000000002dd22800 Uncommon trap: reason=null_check action=none pc=0x00000000040d2b6c method=sun.misc.URLClassPath.check(Ljava/net/URL;)V @ 14

Classes redefined (0 events):
No events

Internal exceptions (10 events):
Event: 2368.297 Thread 0x000000002dd22800 Exception <a 'java/lang/InterruptedException': sleep interrupted> (0x00000007b96833e0) thrown at [C:\jenkins\workspace\8-2-build-windows-amd64-cygwin\jdk8u251\737\hotspot\src\share\vm\prims\jvm.cpp, line 3336]
Event: 2368.312 Thread 0x000000002dd22800 Exception <a 'java/lang/InterruptedException': sleep interrupted> (0x00000007b9b55028) thrown at [C:\jenkins\workspace\8-2-build-windows-amd64-cygwin\jdk8u251\737\hotspot\src\share\vm\prims\jvm.cpp, line 3336]
Event: 2368.331 Thread 0x000000002dd22800 Exception <a 'java/lang/InterruptedException': sleep interrupted> (0x00000007b9b55280) thrown at [C:\jenkins\workspace\8-2-build-windows-amd64-cygwin\jdk8u251\737\hotspot\src\share\vm\prims\jvm.cpp, line 3336]
Event: 2368.350 Thread 0x000000002dd22800 Exception <a 'java/lang/InterruptedException': sleep interrupted> (0x00000007b9b554d8) thrown at [C:\jenkins\workspace\8-2-build-windows-amd64-cygwin\jdk8u251\737\hotspot\src\share\vm\prims\jvm.cpp, line 3336]
Event: 2368.368 Thread 0x000000002dd22800 Exception <a 'java/lang/InterruptedException': sleep interrupted> (0x00000007b9b55730) thrown at [C:\jenkins\workspace\8-2-build-windows-amd64-cygwin\jdk8u251\737\hotspot\src\share\vm\prims\jvm.cpp, line 3336]
Event: 2368.387 Thread 0x000000002dd22800 Exception <a 'java/lang/InterruptedException': sleep interrupted> (0x00000007b9b55988) thrown at [C:\jenkins\workspace\8-2-build-windows-amd64-cygwin\jdk8u251\737\hotspot\src\share\vm\prims\jvm.cpp, line 3336]
Event: 2368.413 Thread 0x000000002dd22800 Exception <a 'java/lang/InterruptedException': sleep interrupted> (0x00000007b9b55be0) thrown at [C:\jenkins\workspace\8-2-build-windows-amd64-cygwin\jdk8u251\737\hotspot\src\share\vm\prims\jvm.cpp, line 3336]
Event: 2368.428 Thread 0x000000002dd22800 Exception <a 'java/lang/InterruptedException': sleep interrupted> (0x00000007b9b55e38) thrown at [C:\jenkins\workspace\8-2-build-windows-amd64-cygwin\jdk8u251\737\hotspot\src\share\vm\prims\jvm.cpp, line 3336]
Event: 2368.448 Thread 0x000000002dd22800 Exception <a 'java/lang/InterruptedException': sleep interrupted> (0x00000007b9b56090) thrown at [C:\jenkins\workspace\8-2-build-windows-amd64-cygwin\jdk8u251\737\hotspot\src\share\vm\prims\jvm.cpp, line 3336]
Event: 2368.461 Thread 0x000000002dd22800 Exception <a 'java/lang/InterruptedException': sleep interrupted> (0x00000007b9b562e8) thrown at [C:\jenkins\workspace\8-2-build-windows-amd64-cygwin\jdk8u251\737\hotspot\src\share\vm\prims\jvm.cpp, line 3336]

Events (10 events):
Event: 2365.118 Executing VM operation: CGC_Operation
Event: 2365.126 Executing VM operation: CGC_Operation done
Event: 2365.131 Executing VM operation: ForceSafepoint
Event: 2365.131 Executing VM operation: ForceSafepoint done
Event: 2365.140 Executing VM operation: ForceSafepoint
Event: 2365.141 Executing VM operation: ForceSafepoint done
Event: 2367.236 Thread 0x0000000024886000 flushing nmethod 0x00000000084a1f50
Event: 2367.237 Thread 0x0000000024886000 flushing nmethod 0x00000000084b2ad0
Event: 2367.295 Thread 0x000000002488c000 flushing nmethod 0x00000000089c5450
Event: 2367.484 Thread 0x0000000024887800 flushing nmethod 0x00000000098e9710


Dynamic libraries:
0x00007ff6aedb0000 - 0x00007ff6aede7000 	C:\Program Files\Java\jdk1.8.0_251\jre\bin\java.exe
0x00007ffe8e780000 - 0x00007ffe8e970000 	C:\WINDOWS\SYSTEM32\ntdll.dll
0x00007ffe8e4a0000 - 0x00007ffe8e552000 	C:\WINDOWS\System32\KERNEL32.DLL
0x00007ffe8b750000 - 0x00007ffe8b9f4000 	C:\WINDOWS\System32\KERNELBASE.dll
0x00007ffe8cd50000 - 0x00007ffe8cdf3000 	C:\WINDOWS\System32\ADVAPI32.dll
0x00007ffe8ca40000 - 0x00007ffe8cade000 	C:\WINDOWS\System32\msvcrt.dll
0x00007ffe8df50000 - 0x00007ffe8dfe7000 	C:\WINDOWS\System32\sechost.dll
0x00007ffe8e370000 - 0x00007ffe8e490000 	C:\WINDOWS\System32\RPCRT4.dll
0x00007ffe8e5a0000 - 0x00007ffe8e734000 	C:\WINDOWS\System32\USER32.dll
0x00007ffe8c5d0000 - 0x00007ffe8c5f1000 	C:\WINDOWS\System32\win32u.dll
0x00007ffe8e560000 - 0x00007ffe8e586000 	C:\WINDOWS\System32\GDI32.dll
0x00007ffe8c1e0000 - 0x00007ffe8c376000 	C:\WINDOWS\System32\gdi32full.dll
0x00007ffe8c600000 - 0x00007ffe8c69e000 	C:\WINDOWS\System32\msvcp_win.dll
0x00007ffe8c380000 - 0x00007ffe8c47a000 	C:\WINDOWS\System32\ucrtbase.dll
0x00007ffe7b1d0000 - 0x00007ffe7b454000 	C:\WINDOWS\WinSxS\amd64_microsoft.windows.common-controls_6595b64144ccf1df_6.0.18362.959_none_e6c7bbbf130c62bb\COMCTL32.dll
0x00007ffe8ce80000 - 0x00007ffe8d1b5000 	C:\WINDOWS\System32\combase.dll
0x00007ffe8c7b0000 - 0x00007ffe8c830000 	C:\WINDOWS\System32\bcryptPrimitives.dll
0x00007ffe8d630000 - 0x00007ffe8d65e000 	C:\WINDOWS\System32\IMM32.DLL
0x0000000074bd0000 - 0x0000000074ca2000 	C:\Program Files\Java\jdk1.8.0_251\jre\bin\msvcr100.dll
0x0000000073c20000 - 0x00000000744cb000 	C:\Program Files\Java\jdk1.8.0_251\jre\bin\server\jvm.dll
0x00007ffe8e590000 - 0x00007ffe8e598000 	C:\WINDOWS\System32\PSAPI.DLL
0x00007ffe89350000 - 0x00007ffe89374000 	C:\WINDOWS\SYSTEM32\WINMM.dll
0x00007ffe82fd0000 - 0x00007ffe82fda000 	C:\WINDOWS\SYSTEM32\VERSION.dll
0x00007ffe6f970000 - 0x00007ffe6f979000 	C:\WINDOWS\SYSTEM32\WSOCK32.dll
0x00007ffe8e010000 - 0x00007ffe8e07f000 	C:\WINDOWS\System32\WS2_32.dll
0x00007ffe88ed0000 - 0x00007ffe88efd000 	C:\WINDOWS\SYSTEM32\winmmbase.dll
0x00007ffe8c190000 - 0x00007ffe8c1da000 	C:\WINDOWS\System32\cfgmgr32.dll
0x00007ffe89540000 - 0x00007ffe8954f000 	C:\Program Files\Java\jdk1.8.0_251\jre\bin\verify.dll
0x00007ffe842a0000 - 0x00007ffe842c9000 	C:\Program Files\Java\jdk1.8.0_251\jre\bin\java.dll
0x00007ffe86010000 - 0x00007ffe86026000 	C:\Program Files\Java\jdk1.8.0_251\jre\bin\zip.dll
0x00007ffe8d660000 - 0x00007ffe8dd46000 	C:\WINDOWS\System32\SHELL32.dll
0x00007ffe8cca0000 - 0x00007ffe8cd49000 	C:\WINDOWS\System32\shcore.dll
0x00007ffe8ba00000 - 0x00007ffe8c182000 	C:\WINDOWS\System32\windows.storage.dll
0x00007ffe8b660000 - 0x00007ffe8b683000 	C:\WINDOWS\System32\profapi.dll
0x00007ffe8b690000 - 0x00007ffe8b6da000 	C:\WINDOWS\System32\powrprof.dll
0x00007ffe8b630000 - 0x00007ffe8b640000 	C:\WINDOWS\System32\UMPDC.dll
0x00007ffe8cc40000 - 0x00007ffe8cc92000 	C:\WINDOWS\System32\shlwapi.dll
0x00007ffe8b640000 - 0x00007ffe8b651000 	C:\WINDOWS\System32\kernel.appcore.dll
0x00007ffe8b700000 - 0x00007ffe8b717000 	C:\WINDOWS\System32\cryptsp.dll
0x00007ffe84290000 - 0x00007ffe8429d000 	C:\Program Files\Java\jdk1.8.0_251\jre\bin\management.dll
0x00007ffe7fa30000 - 0x00007ffe7fa4a000 	C:\Program Files\Java\jdk1.8.0_251\jre\bin\net.dll
0x00007ffe8aea0000 - 0x00007ffe8af07000 	C:\WINDOWS\system32\mswsock.dll
0x00007ffe7fc20000 - 0x00007ffe7fc36000 	C:\WINDOWS\system32\napinsp.dll
0x00007ffe7fa50000 - 0x00007ffe7fa6a000 	C:\WINDOWS\system32\pnrpnsp.dll
0x00007ffe8abf0000 - 0x00007ffe8acbb000 	C:\WINDOWS\SYSTEM32\DNSAPI.dll
0x00007ffe8e490000 - 0x00007ffe8e498000 	C:\WINDOWS\System32\NSI.dll
0x00007ffe8abb0000 - 0x00007ffe8abea000 	C:\WINDOWS\SYSTEM32\IPHLPAPI.DLL
0x00007ffe7fc10000 - 0x00007ffe7fc1e000 	C:\WINDOWS\System32\winrnr.dll
0x00007ffe87a40000 - 0x00007ffe87a5c000 	C:\WINDOWS\system32\NLAapi.dll
0x00007ffe86ff0000 - 0x00007ffe87005000 	C:\WINDOWS\system32\wshbth.dll
0x00007ffe84640000 - 0x00007ffe8464a000 	C:\Windows\System32\rasadhlp.dll
0x00007ffe7f5e0000 - 0x00007ffe7f657000 	C:\WINDOWS\System32\fwpuclnt.dll
0x00007ffe8b720000 - 0x00007ffe8b746000 	C:\WINDOWS\System32\bcrypt.dll
0x00007ffe79f80000 - 0x00007ffe79f92000 	C:\Program Files\Java\jdk1.8.0_251\jre\bin\nio.dll
0x00007ffe78710000 - 0x00007ffe78734000 	C:\Program Files\Java\jdk1.8.0_251\jre\bin\sunec.dll
0x00007ffe69aa0000 - 0x00007ffe69ab7000 	C:\Program Files\Java\jdk1.8.0_251\jre\bin\unpack.dll
0x00007ffe7fb80000 - 0x00007ffe7fb96000 	C:\WINDOWS\SYSTEM32\dhcpcsvc6.DLL
0x00007ffe817d0000 - 0x00007ffe817ec000 	C:\WINDOWS\SYSTEM32\dhcpcsvc.DLL
0x00007ffe8aa10000 - 0x00007ffe8aa43000 	C:\WINDOWS\system32\rsaenh.dll
0x00007ffe8b550000 - 0x00007ffe8b575000 	C:\WINDOWS\SYSTEM32\USERENV.dll
0x00007ffe8b070000 - 0x00007ffe8b07c000 	C:\WINDOWS\SYSTEM32\CRYPTBASE.dll
0x00007ffe79b30000 - 0x00007ffe79b3c000 	C:\Program Files\Java\jdk1.8.0_251\jre\bin\sunmscapi.dll
0x00007ffe8c480000 - 0x00007ffe8c5c9000 	C:\WINDOWS\System32\CRYPT32.dll
0x00007ffe8b6e0000 - 0x00007ffe8b6f2000 	C:\WINDOWS\System32\MSASN1.dll
0x00007ffe8b170000 - 0x00007ffe8b196000 	C:\WINDOWS\SYSTEM32\ncrypt.dll
0x00007ffe8b130000 - 0x00007ffe8b16b000 	C:\WINDOWS\SYSTEM32\NTASN1.dll
0x0000000180000000 - 0x0000000180053000 	C:\Users\\Desktop\lxr\mc\\.minecraft\versions\1.12.2\1.12.2-natives\lwjgl64.dll
0x00007ffe59500000 - 0x00007ffe59656000 	C:\WINDOWS\SYSTEM32\OPENGL32.dll
0x00007ffe59490000 - 0x00007ffe594bc000 	C:\WINDOWS\SYSTEM32\GLU32.dll
0x00007ffe8a2a0000 - 0x00007ffe8a2c0000 	C:\WINDOWS\SYSTEM32\dxcore.dll
0x00007ffe684c0000 - 0x00007ffe6865a000 	C:\Program Files\Java\jdk1.8.0_251\jre\bin\awt.dll
0x00007ffe8e1c0000 - 0x00007ffe8e285000 	C:\WINDOWS\System32\OLEAUT32.dll
0x00007ffe89620000 - 0x00007ffe896af000 	C:\WINDOWS\SYSTEM32\apphelp.dll
0x00007ffe86280000 - 0x00007ffe8632e000 	C:\WINDOWS\SYSTEM32\mscms.dll
0x00007ffe860e0000 - 0x00007ffe860f7000 	C:\WINDOWS\SYSTEM32\ColorAdapterClient.dll
0x00007ffe8dea0000 - 0x00007ffe8df42000 	C:\WINDOWS\System32\clbcatq.dll
0x00007ffe83fb0000 - 0x00007ffe83fca000 	C:\Windows\System32\Windows.Internal.Graphics.Display.DisplayColorManagement.dll
0x00007ffe89720000 - 0x00007ffe897b9000 	C:\WINDOWS\system32\uxtheme.dll
0x00007ffe8e080000 - 0x00007ffe8e1b5000 	C:\WINDOWS\System32\MSCTF.dll
0x00007ffe7f540000 - 0x00007ffe7f5de000 	C:\WINDOWS\System32\TextInputFramework.dll
0x00007ffe868a0000 - 0x00007ffe86bca000 	C:\WINDOWS\System32\CoreUIComponents.dll
0x00007ffe89270000 - 0x00007ffe89344000 	C:\WINDOWS\System32\CoreMessaging.dll
0x00007ffe8a690000 - 0x00007ffe8a6c1000 	C:\WINDOWS\SYSTEM32\ntmarta.dll
0x00007ffe870a0000 - 0x00007ffe871f3000 	C:\WINDOWS\SYSTEM32\wintypes.dll
0x00007ffe7da80000 - 0x00007ffe7dd26000 	C:\WINDOWS\System32\iertutil.dll
0x00007ffe4b590000 - 0x00007ffe4c469000 	C:\WINDOWS\System32\DriverStore\FileRepository\igdlh64.inf_amd64_34608ea80420afa7\ig9icd64.dll
0x00007ffe87eb0000 - 0x00007ffe87ec3000 	C:\WINDOWS\SYSTEM32\WTSAPI32.dll
0x00007ffe8a330000 - 0x00007ffe8a41b000 	C:\WINDOWS\SYSTEM32\dxgi.dll
0x00007ffe89b50000 - 0x00007ffe89b7d000 	C:\WINDOWS\SYSTEM32\dwmapi.dll
0x00007ffe65d40000 - 0x00007ffe65d83000 	C:\WINDOWS\SYSTEM32\icm32.dll
0x00007ffe7ffc0000 - 0x00007ffe815c2000 	C:\WINDOWS\System32\DriverStore\FileRepository\igdlh64.inf_amd64_34608ea80420afa7\igc64.dll
0x00007ffe658d0000 - 0x00007ffe65912000 	C:\Users\\AppData\Local\Temp\jna-24253310\jna4988718425868644289.dll
0x00007ffe663b0000 - 0x00007ffe663e1000 	C:\Program Files\Java\jdk1.8.0_251\jre\bin\jpeg.dll
0x0000000032090000 - 0x00000000320f4000 	C:\Users\\Desktop\lxr\mc\\.minecraft\versions\1.12.2\1.12.2-natives\OpenAL64.dll
0x00007ffe8cae0000 - 0x00007ffe8cc37000 	C:\WINDOWS\System32\ole32.dll
0x00007ffe847e0000 - 0x00007ffe84852000 	C:\WINDOWS\System32\MMDevApi.dll
0x00007ffe8b450000 - 0x00007ffe8b47a000 	C:\WINDOWS\System32\DEVOBJ.dll
0x00007ffe835e0000 - 0x00007ffe83679000 	C:\WINDOWS\SYSTEM32\dsound.dll
0x00007ffe849d0000 - 0x00007ffe84b2d000 	C:\WINDOWS\SYSTEM32\AUDIOSES.DLL
0x00007ffe89a60000 - 0x00007ffe89a74000 	C:\WINDOWS\SYSTEM32\resourcepolicyclient.dll
0x00007ffe67ed0000 - 0x00007ffe67eea000 	C:\Users\\Desktop\lxr\mc\\.minecraft\versions\1.12.2\1.12.2-natives\SAPIWrapper_x64.dll
0x00007ffe51b60000 - 0x00007ffe51d49000 	C:\WINDOWS\system32\sogoutsf.ime
0x00007ffe7b610000 - 0x00007ffe7b617000 	C:\WINDOWS\system32\MSIMG32.dll
0x00007ffe512e0000 - 0x00007ffe51b57000 	C:\WINDOWS\system32\SogouPy.ime
0x00007ffe84070000 - 0x00007ffe84160000 	C:\WINDOWS\SYSTEM32\WINHTTP.dll
0x00007ffe7b0d0000 - 0x00007ffe7b135000 	C:\WINDOWS\SYSTEM32\OLEACC.dll
0x00000000c21f0000 - 0x00000000c232c000 	C:\Program Files (x86)\SogouInput\9.3.0.3129\Resource.dll
0x00007ffe4e8a0000 - 0x00007ffe4eb09000 	C:\Program Files (x86)\SogouInput\Components\PicFace\1.1.0.1859\PicFace64.dll
0x00007ffe8ddd0000 - 0x00007ffe8dea0000 	C:\WINDOWS\System32\COMDLG32.dll
0x00007ffe87d60000 - 0x00007ffe87e50000 	C:\WINDOWS\SYSTEM32\PROPSYS.dll
0x00007ffe5bd00000 - 0x00007ffe5bd23000 	C:\WINDOWS\SYSTEM32\edputil.dll
0x00007ffe7a1b0000 - 0x00007ffe7a2e5000 	C:\Windows\System32\Windows.StateRepositoryPS.dll
0x00007ffe7c850000 - 0x00007ffe7ca26000 	C:\WINDOWS\SYSTEM32\urlmon.dll
0x00007ffe8b520000 - 0x00007ffe8b54f000 	C:\WINDOWS\SYSTEM32\SspiCli.dll
0x00007ffe5ab20000 - 0x00007ffe5ab40000 	C:\WINDOWS\SYSTEM32\CLDAPI.dll
0x00007ffe79b70000 - 0x00007ffe79b7a000 	C:\WINDOWS\SYSTEM32\FLTLIB.DLL
0x00007ffe894e0000 - 0x00007ffe894f8000 	C:\Program Files (x86)\SogouInput\Components\VoiceInput\1.0.0.162\VoiceInput64.dll
0x00007ffe5f540000 - 0x00007ffe5f5d3000 	C:\Windows\System32\appresolver.dll
0x00007ffe7fb20000 - 0x00007ffe7fb7d000 	C:\Windows\System32\Bcp47Langs.dll
0x00007ffe8a540000 - 0x00007ffe8a567000 	C:\Windows\System32\SLC.dll
0x00007ffe8a510000 - 0x00007ffe8a536000 	C:\Windows\System32\sppc.dll
0x00007ffe612b0000 - 0x00007ffe61329000 	C:\Windows\System32\OneCoreCommonProxyStub.dll
0x00007ffe85180000 - 0x00007ffe858ee000 	C:\Windows\System32\OneCoreUAPCommonProxyStub.dll
0x00007ffe7b460000 - 0x00007ffe7b603000 	C:\WINDOWS\WinSxS\amd64_microsoft.windows.gdiplus_6595b64144ccf1df_1.1.18362.959_none_17b2aea46d9edc89\gdiplus.dll
0x00007ffe864c0000 - 0x00007ffe8666f000 	C:\WINDOWS\SYSTEM32\WindowsCodecs.dll
0x00007ffe8c750000 - 0x00007ffe8c7ac000 	C:\WINDOWS\System32\Wintrust.dll
0x00007ffe8dff0000 - 0x00007ffe8e00d000 	C:\WINDOWS\System32\imagehlp.dll
0x00007ffe8a250000 - 0x00007ffe8a272000 	C:\WINDOWS\SYSTEM32\gpapi.dll

VM Arguments:
jvm_args: -Dminecraft.client.jar=.minecraft\versions\1.12.2\1.12.2.jar -XX:+UnlockExperimentalVMOptions -XX:+UseG1GC -XX:G1NewSizePercent=20 -XX:G1ReservePercent=20 -XX:MaxGCPauseMillis=50 -XX:G1HeapRegionSize=16M -XX:-UseAdaptiveSizePolicy -XX:-OmitStackTraceInFastThrow -Xmn128m -Xmx5000m -Dfml.ignoreInvalidMinecraftCertificates=true -Dfml.ignorePatchDiscrepancies=true -XX:HeapDumpPath=MojangTricksIntelDriversForPerformance_javaw.exe_minecraft.exe.heapdump -Djava.library.path=C:\Users\\Desktop\lxr\mc\\.minecraft\versions\1.12.2\1.12.2-natives -Dminecraft.launcher.brand=HMCL -Dminecraft.launcher.version=3.2.130 
java_command: net.minecraft.launchwrapper.Launch --width 854 --height 480 --username dd3xp --version HMCL 3.2.130 --gameDir C:\Users\\Desktop\lxr\mc\\.minecraft --assetsDir C:\Users\\Desktop\lxr\mc\\.minecraft\assets --assetIndex 1.12 --uuid e88efc507ade4c5a9b9a43d65691c9fd --accessToken eyJhbGciOiJIUzI1NiJ9.eyJzdWIiOiI1MWMyNWI1N2I3ODc0MzMxYTgxYmJkMDU3NjMxMTA3MCIsInlnZ3QiOiIxZGFiMDFmOGM3OGI0ZjgzYjY2NmE0OTA3ZmQ0MTNhMSIsInNwciI6ImU4OGVmYzUwN2FkZTRjNWE5YjlhNDNkNjU2OTFjOWZkIiwiaXNzIjoiWWdnZHJhc2lsLUF1dGgiLCJleHAiOjE1OTY3MTQyMzEsImlhdCI6MTU5NjU0MTQzMX0.YXcQa_klUY6nsQuj8JxS0j1XWRzSFtSzEvKBw6loXyc --userType mojang --tweakClass net.minecraftforge.fml.common.launcher.FMLTweaker --versionType Forge --tweakClass optifine.OptiFineForgeTweaker
java_class_path (initial): C:\Users\\Desktop\lxr\mc\\.minecraft\libraries\com\google\code\gson\gson\2.8.0\gson-2.8.0.jar;C:\Users\\Desktop\lxr\mc\\.minecraft\libraries\com\google\guava\guava\21.0\guava-21.0.jar;C:\Users\\Desktop\lxr\mc\\.minecraft\libraries\com\ibm\icu\icu4j-core-mojang\51.2\icu4j-core-mojang-51.2.jar;C:\Users\\Desktop\lxr\mc\\.minecraft\libraries\com\mojang\authlib\1.5.25\authlib-1.5.25.jar;C:\Users\\Desktop\lxr\mc\\.minecraft\libraries\com\mojang\patchy\1.1\patchy-1.1.jar;C:\Users\\Desktop\lxr\mc\\.minecraft\libraries\com\mojang\realms\1.10.22\realms-1.10.22.jar;C:\Users\\Desktop\lxr\mc\\.minecraft\libraries\com\mojang\text2speech\1.10.3\text2speech-1.10.3.jar;C:\Users\\Desktop\lxr\mc\\.minecraft\libraries\com\paulscode\codecjorbis\20101023\codecjorbis-20101023.jar;C:\Users\\Desktop\lxr\mc\\.minecraft\libraries\com\paulscode\codecwav\20101023\codecwav-20101023.jar;C:\Users\\Desktop\lxr\mc\\.minecraft\libraries\com\paulscode\libraryjavasound\20101123\libraryjavasound-20101123.jar;C:\Users\\Desktop\lxr\mc\\.minecraft\libraries\com\paulscode\librarylwjglopenal\20100824\librarylwjglopenal-20100824.jar;C:\Users\\Desktop\lxr\mc\\.minecraft\libraries\com\paulscode\soundsystem\20120107\soundsystem-20120107.jar;C:\Users\\Desktop\lxr\mc\\.minecraft\libraries\com\typesafe\akka\akka-actor_2.11\2.3.3\akka-actor_2.11-2.3.3.jar;C:\Users\\Desktop\lxr\mc\\.minecraft\libraries\com\typesafe\config\1.2.1\config-1.2.1.jar;C:\Users\\Desktop\lxr\mc\\.minecraft\libraries\commons-codec\commons-codec\1.10\commons-codec-1.10.jar;C:\Users\\Desktop\lxr\mc\\.minecraft\libraries\commons-io\commons-io\2.5\commons-io-2.5.jar;C:\Users\\Desktop\lxr\mc\
Launcher Type: SUN_STANDARD

Environment Variables:
JAVA_HOME=C:\Program Files\Java\jdk1.8.0_251
PATH=C:\Program Files (x86)\Common Files\Oracle\Java\javapath;C:\ProgramData\Oracle\Java\javapath;C:\Program Files (x86)\Intel\iCLS Client\;C:\Program Files\Intel\iCLS Client\;C:\Windows\system32;C:\Windows;C:\Windows\System32\Wbem;C:\Windows\System32\WindowsPowerShell\v1.0\;C:\Program Files (x86)\Intel\Intel(R) Management Engine Components\DAL;C:\Program Files\Intel\Intel(R) Management Engine Components\DAL;C:\Program Files (x86)\Intel\Intel(R) Management Engine Components\IPT;C:\Program Files\Intel\Intel(R) Management Engine Components\IPT;C:\WINDOWS\system32;C:\WINDOWS;C:\WINDOWS\System32\Wbem;C:\WINDOWS\System32\WindowsPowerShell\v1.0\;C:\WINDOWS\System32\OpenSSH\;C:\Program Files\Intel\WiFi\bin\;C:\Program Files\Common Files\Intel\WirelessCommon\;C:\Program Files\NVIDIA Corporation\NVIDIA NvDLISR;C:\Program Files (x86)\NVIDIA Corporation\PhysX\Common;C:\Program Files\Java\jdk1.8.0_251\bin;C:\Users\\AppData\Local\Microsoft\WindowsApps;
USERNAME=
OS=Windows_NT
PROCESSOR_IDENTIFIER=Intel64 Family 6 Model 142 Stepping 10, GenuineIntel



---------------  S Y S T E M  ---------------

OS: Windows 10.0 , 64 bit Build 18362 (10.0.18362.959)

CPU:total 8 (initial active 8) (4 cores per cpu, 2 threads per core) family 6 model 142 stepping 10, cmov, cx8, fxsr, mmx, sse, sse2, sse3, ssse3, sse4.1, sse4.2, popcnt, avx, avx2, aes, clmul, erms, 3dnowpref, lzcnt, ht, tsc, tscinvbit, bmi1, bmi2, adx

Memory: 4k page, physical 8269924k(760156k free), swap 14669792k(84k free)

vm_info: Java HotSpot(TM) 64-Bit Server VM (25.251-b08) for windows-amd64 JRE (1.8.0_251-b08), built on Mar 12 2020 06:31:49 by "" with MS VC++ 10.0 (VS2010)

time: Wed Aug 05 00:37:42 2020
timezone: 
elapsed time: 2368 seconds (0d 0h 39m 28s)

