#
# There is insufficient memory for the Java Runtime Environment to continue.
# Native memory allocation (malloc) failed to allocate 32744 bytes for ChunkPool::allocate
# Possible reasons:
#   The system is out of physical RAM or swap space
#   The process is running with CompressedOops enabled, and the Java Heap may be blocking the growth of the native heap
# Possible solutions:
#   Reduce memory load on the system
#   Increase physical memory or swap space
#   Check if swap backing store is full
#   Decrease Java heap size (-Xmx/-Xms)
#   Decrease number of Java threads
#   Decrease Java thread stack sizes (-Xss)
#   Set larger code cache with -XX:ReservedCodeCacheSize=
#   JVM is running with Zero Based Compressed Oops mode in which the Java heap is
#     placed in the first 32GB address space. The Java Heap base address is the
#     maximum limit for the native heap growth. Please use -XX:HeapBaseMinAddress
#     to set the Java Heap base and to place the Java Heap above 32GB virtual address.
# This output file may be truncated or incomplete.
#
#  Out of Memory Error (allocation.cpp:272), pid=5776, tid=0x0000000000004274
#
# JRE version: Java(TM) SE Runtime Environment (8.0_251-b08) (build 1.8.0_251-b08)
# Java VM: Java HotSpot(TM) 64-Bit Server VM (25.251-b08 mixed mode windows-amd64 compressed oops)
# Failed to write core dump. Minidumps are not enabled by default on client versions of Windows
#

---------------  T H R E A D  ---------------

Current thread (0x0000000023f50800):  JavaThread "C2 CompilerThread0" daemon [_thread_in_native, id=17012, stack(0x00000000245e0000,0x00000000246e0000)]

Stack: [0x00000000245e0000,0x00000000246e0000]
[error occurred during error reporting (printing stack bounds), id 0xc0000005]

Native frames: (J=compiled Java code, j=interpreted, Vv=VM code, C=native code)


Current CompileTask:
C2: 339770 31508   !   4       net.minecraft.client.renderer.BlockFluidRenderer::func_178270_a (2483 bytes)


---------------  P R O C E S S  ---------------

Java Threads: ( => current thread )
  0x000000009596e800 JavaThread "Keep-Alive-Timer" daemon [_thread_blocked, id=4328, stack(0x0000000000210000,0x0000000000310000)]
  0x000000009596f800 JavaThread "pool-4-thread-1" [_thread_blocked, id=4624, stack(0x0000000000110000,0x0000000000210000)]
  0x000000009596e000 JavaThread "Narrator" daemon [_thread_blocked, id=11116, stack(0x0000000000010000,0x0000000000110000)]
  0x0000000095970000 JavaThread "Chunk Batcher 5" daemon [_thread_blocked, id=6028, stack(0x0000000069590000,0x0000000069690000)]
  0x000000009596c800 JavaThread "Chunk Batcher 4" daemon [_thread_blocked, id=15668, stack(0x0000000069490000,0x0000000069590000)]
  0x0000000029e1a000 JavaThread "Chunk Batcher 3" daemon [_thread_blocked, id=11176, stack(0x0000000069390000,0x0000000069490000)]
  0x0000000091417000 JavaThread "Chunk Batcher 2" daemon [_thread_blocked, id=6072, stack(0x0000000069290000,0x0000000069390000)]
  0x000000009140f000 JavaThread "Chunk Batcher 1" daemon [_thread_blocked, id=13720, stack(0x0000000069190000,0x0000000069290000)]
  0x00000000721bd000 JavaThread "Chunk Batcher 0" daemon [_thread_in_Java, id=1944, stack(0x0000000064d60000,0x0000000064e60000)]
  0x00000000721b5800 JavaThread "ModelCleanupTimer" daemon [_thread_blocked, id=12264, stack(0x000000004deb0000,0x000000004dfb0000)]
  0x00000000721c1800 JavaThread "Netty Client IO #3" daemon [_thread_in_native, id=16428, stack(0x0000000067ad0000,0x0000000067bd0000)]
  0x00000000721b8000 JavaThread "Netty Client IO #2" daemon [_thread_in_native, id=3664, stack(0x0000000053680000,0x0000000053780000)]
  0x00000000721b7000 JavaThread "Server Pinger #1" daemon [_thread_blocked, id=11188, stack(0x0000000051d50000,0x0000000051e50000)]
  0x00000000721bc800 JavaThread "Netty Client IO #1" daemon [_thread_in_native, id=14588, stack(0x0000000069090000,0x0000000069190000)]
  0x0000000091418000 JavaThread "threadDeathWatcher-2-1" daemon [_thread_blocked, id=10768, stack(0x0000000068040000,0x0000000068140000)]
  0x000000009140a800 JavaThread "Netty Client IO #0" daemon [_thread_in_native, id=8768, stack(0x0000000067f30000,0x0000000068030000)]
  0x0000000091419800 JavaThread "Server Pinger #0" daemon [_thread_blocked, id=16312, stack(0x0000000067bd0000,0x0000000067cd0000)]
  0x0000000091415800 JavaThread "Narrator" daemon [_thread_blocked, id=11036, stack(0x0000000061900000,0x0000000061a00000)]
  0x0000000091411000 JavaThread "ResearchIOThread" daemon [_thread_blocked, id=2644, stack(0x0000000043800000,0x0000000043900000)]
  0x0000000029e1e800 JavaThread "Ender IO Scheduler" [_thread_blocked, id=3380, stack(0x000000004a870000,0x000000004a970000)]
  0x00000000721be800 JavaThread "Thread-25" [_thread_blocked, id=12204, stack(0x0000000043700000,0x0000000043800000)]
  0x0000000029e19000 JavaThread "Thread-12" [_thread_blocked, id=12348, stack(0x0000000074fd0000,0x00000000750d0000)]
  0x0000000029e1b800 JavaThread "Thread-11" [_thread_blocked, id=13168, stack(0x000000003fac0000,0x000000003fbc0000)]
  0x0000000029e1d800 JavaThread "File IO Thread" [_thread_blocked, id=2104, stack(0x0000000000cb0000,0x0000000000db0000)]
  0x0000000029e1d000 JavaThread "I18n-download-info-Thread" [_thread_blocked, id=8352, stack(0x000000003cf00000,0x000000003d000000)]
  0x0000000026622800 JavaThread "LWJGL Timer" daemon [_thread_blocked, id=15920, stack(0x0000000038ce0000,0x0000000038de0000)]
  0x000000002c02e000 JavaThread "Java2D Disposer" daemon [_thread_blocked, id=17040, stack(0x00000000303e0000,0x00000000304e0000)]
  0x0000000029f2c000 JavaThread "Timer hack thread" daemon [_thread_blocked, id=12256, stack(0x000000002c1a0000,0x000000002c2a0000)]
  0x0000000029bd3000 JavaThread "Snooper Timer" daemon [_thread_blocked, id=9100, stack(0x000000002ad70000,0x000000002ae70000)]
  0x0000000024a3e800 JavaThread "Service Thread" daemon [_thread_blocked, id=10764, stack(0x0000000024de0000,0x0000000024ee0000)]
  0x0000000023f56000 JavaThread "C1 CompilerThread3" daemon [_thread_in_native, id=16120, stack(0x00000000248e0000,0x00000000249e0000)]
  0x0000000023f51000 JavaThread "C2 CompilerThread2" daemon [_thread_in_native, id=9176, stack(0x00000000247e0000,0x00000000248e0000)]
  0x0000000023f38800 JavaThread "C2 CompilerThread1" daemon [_thread_in_native, id=3980, stack(0x00000000246e0000,0x00000000247e0000)]
=>0x0000000023f50800 JavaThread "C2 CompilerThread0" daemon [_thread_in_native, id=17012, stack(0x00000000245e0000,0x00000000246e0000)]
  0x0000000023f4f800 JavaThread "Attach Listener" daemon [_thread_blocked, id=10208, stack(0x00000000244e0000,0x00000000245e0000)]
  0x0000000023f4b000 JavaThread "Signal Dispatcher" daemon [_thread_blocked, id=1344, stack(0x00000000243e0000,0x00000000244e0000)]
  0x0000000023f4a000 JavaThread "Surrogate Locker Thread (Concurrent GC)" daemon [_thread_blocked, id=13384, stack(0x00000000242e0000,0x00000000243e0000)]
  0x0000000023ecd000 JavaThread "Finalizer" daemon [_thread_blocked, id=8672, stack(0x0000000024180000,0x0000000024280000)]
  0x0000000023ec3000 JavaThread "Reference Handler" daemon [_thread_blocked, id=7264, stack(0x0000000024080000,0x0000000024180000)]
  0x0000000002c35800 JavaThread "Client thread" [_thread_in_vm, id=3040, stack(0x0000000002b30000,0x0000000002c30000)]

Other Threads:
  0x0000000002d2b800 VMThread [stack: 0x0000000023f80000,0x0000000024080000] [id=14540]
  0x0000000024a5e800 WatcherThread [stack: 0x0000000024ee0000,0x0000000024fe0000] [id=304]

VM state:not at safepoint (normal execution)

VM Mutex/Monitor currently owned by a thread:  ([mutex/lock_event])
[0x0000000002c33c60] AdapterHandlerLibrary_lock - owner thread: 0x0000000002c35800

heap address: 0x0000000687000000, size: 5008 MB, Compressed Oops mode: Zero based, Oop shift amount: 3
Narrow klass base: 0x0000000000000000, Narrow klass shift: 3
Compressed class space size: 1073741824 Address: 0x00000007c0000000

Heap:
 garbage-first heap   total 5128192K, used 2778131K [0x0000000687000000, 0x00000006880009c8, 0x00000007c0000000)
  region size 16384K, 5 young (81920K), 1 survivors (16384K)
 Metaspace       used 202504K, capacity 209597K, committed 209788K, reserved 1224704K
  class space    used 31766K, capacity 33648K, committed 33664K, reserved 1048576K

Heap Regions: (Y=young(eden), SU=young(survivor), HS=humongous(starts), HC=humongous(continues), CS=collection set, F=free, TS=gc time stamp, PTAMS=previous top-at-mark-start, NTAMS=next top-at-mark-start)
AC   0  O    TS     0 PTAMS 0x0000000687ffffa0 NTAMS 0x0000000687ffffa0 space 16384K,  99% used [0x0000000687000000, 0x0000000688000000)
AC   0  O    TS     0 PTAMS 0x0000000688fff378 NTAMS 0x0000000688fff378 space 16384K,  99% used [0x0000000688000000, 0x0000000689000000)
AC   0  O    TS     0 PTAMS 0x0000000689fffff8 NTAMS 0x0000000689fffff8 space 16384K,  99% used [0x0000000689000000, 0x000000068a000000)
AC   0  O    TS     0 PTAMS 0x000000068afff5a0 NTAMS 0x000000068afff5a0 space 16384K,  99% used [0x000000068a000000, 0x000000068b000000)
AC   0  O    TS     0 PTAMS 0x000000068bfffff0 NTAMS 0x000000068bfffff0 space 16384K,  99% used [0x000000068b000000, 0x000000068c000000)
AC   0  O    TS     0 PTAMS 0x000000068cfffb98 NTAMS 0x000000068cfffb98 space 16384K,  99% used [0x000000068c000000, 0x000000068d000000)
AC   0  O    TS     0 PTAMS 0x000000068dfffff0 NTAMS 0x000000068dfffff0 space 16384K,  99% used [0x000000068d000000, 0x000000068e000000)
AC   0  O    TS     0 PTAMS 0x000000068f000000 NTAMS 0x000000068f000000 space 16384K, 100% used [0x000000068e000000, 0x000000068f000000)
AC   0  O    TS     0 PTAMS 0x0000000690000000 NTAMS 0x0000000690000000 space 16384K, 100% used [0x000000068f000000, 0x0000000690000000)
AC   0  O    TS     0 PTAMS 0x0000000690ff9ef0 NTAMS 0x0000000690ff9ef0 space 16384K,  99% used [0x0000000690000000, 0x0000000691000000)
AC   0  O    TS     0 PTAMS 0x0000000691ffffc0 NTAMS 0x0000000691ffffc0 space 16384K,  99% used [0x0000000691000000, 0x0000000692000000)
AC   0  O    TS     0 PTAMS 0x0000000693000000 NTAMS 0x0000000693000000 space 16384K, 100% used [0x0000000692000000, 0x0000000693000000)
AC   0 HS    TS     0 PTAMS 0x0000000694000010 NTAMS 0x0000000694000010 space 32768K,  50% used [0x0000000693000000, 0x0000000695000000)
AC   0 HC    TS     0 PTAMS 0x0000000694000000 NTAMS 0x0000000694000000 space 16384K,   0% used [0x0000000694000000, 0x0000000695000000)
AC   0  O    TS     0 PTAMS 0x0000000695fffff8 NTAMS 0x0000000695fffff8 space 16384K,  99% used [0x0000000695000000, 0x0000000696000000)
AC   0  O    TS     0 PTAMS 0x0000000696fffff0 NTAMS 0x0000000696fffff0 space 16384K,  99% used [0x0000000696000000, 0x0000000697000000)
AC   0  O    TS     0 PTAMS 0x0000000697fffff0 NTAMS 0x0000000697fffff0 space 16384K,  99% used [0x0000000697000000, 0x0000000698000000)
AC   0  O    TS     0 PTAMS 0x0000000698fffff0 NTAMS 0x0000000698fffff0 space 16384K,  99% used [0x0000000698000000, 0x0000000699000000)
AC   0  O    TS     0 PTAMS 0x0000000699ffe608 NTAMS 0x0000000699ffe608 space 16384K,  99% used [0x0000000699000000, 0x000000069a000000)
AC   0  O    TS     0 PTAMS 0x000000069affeb88 NTAMS 0x000000069affeb88 space 16384K,  99% used [0x000000069a000000, 0x000000069b000000)
AC   0  O    TS     0 PTAMS 0x000000069c000000 NTAMS 0x000000069c000000 space 16384K, 100% used [0x000000069b000000, 0x000000069c000000)
AC   0  O    TS     0 PTAMS 0x000000069cfffff8 NTAMS 0x000000069cfffff8 space 16384K,  99% used [0x000000069c000000, 0x000000069d000000)
AC   0  O    TS     0 PTAMS 0x000000069dfffff8 NTAMS 0x000000069dfffff8 space 16384K,  99% used [0x000000069d000000, 0x000000069e000000)
AC   0  O    TS     0 PTAMS 0x000000069f000000 NTAMS 0x000000069f000000 space 16384K, 100% used [0x000000069e000000, 0x000000069f000000)
AC   0  O    TS     0 PTAMS 0x000000069fffc578 NTAMS 0x000000069fffc578 space 16384K,  99% used [0x000000069f000000, 0x00000006a0000000)
AC   0  O    TS     0 PTAMS 0x00000006a0ffffb8 NTAMS 0x00000006a0ffffb8 space 16384K,  99% used [0x00000006a0000000, 0x00000006a1000000)
AC   0  O    TS     0 PTAMS 0x00000006a1fffc50 NTAMS 0x00000006a1fffc50 space 16384K,  99% used [0x00000006a1000000, 0x00000006a2000000)
AC   0  O    TS     0 PTAMS 0x00000006a2fff9f8 NTAMS 0x00000006a2fff9f8 space 16384K,  99% used [0x00000006a2000000, 0x00000006a3000000)
AC   0  O    TS     0 PTAMS 0x00000006a3fffff8 NTAMS 0x00000006a3fffff8 space 16384K,  99% used [0x00000006a3000000, 0x00000006a4000000)
AC   0  O    TS     0 PTAMS 0x00000006a4ffffe0 NTAMS 0x00000006a4ffffe0 space 16384K,  99% used [0x00000006a4000000, 0x00000006a5000000)
AC   0  O    TS     0 PTAMS 0x00000006a5ffcc90 NTAMS 0x00000006a5ffcc90 space 16384K,  99% used [0x00000006a5000000, 0x00000006a6000000)
AC   0  O    TS     0 PTAMS 0x00000006a6fffff8 NTAMS 0x00000006a6fffff8 space 16384K,  99% used [0x00000006a6000000, 0x00000006a7000000)
AC   0  O    TS     0 PTAMS 0x00000006a7ffffb8 NTAMS 0x00000006a7ffffb8 space 16384K,  99% used [0x00000006a7000000, 0x00000006a8000000)
AC   0  O    TS     0 PTAMS 0x00000006a8ffffe8 NTAMS 0x00000006a8ffffe8 space 16384K,  99% used [0x00000006a8000000, 0x00000006a9000000)
AC   0  O    TS     0 PTAMS 0x00000006a9ffffe8 NTAMS 0x00000006a9ffffe8 space 16384K,  99% used [0x00000006a9000000, 0x00000006aa000000)
AC   0  O    TS     0 PTAMS 0x00000006ab000000 NTAMS 0x00000006ab000000 space 16384K, 100% used [0x00000006aa000000, 0x00000006ab000000)
AC   0  O    TS     0 PTAMS 0x00000006abfff940 NTAMS 0x00000006abfff940 space 16384K,  99% used [0x00000006ab000000, 0x00000006ac000000)
AC   0  O    TS     0 PTAMS 0x00000006acffffe8 NTAMS 0x00000006acffffe8 space 16384K,  99% used [0x00000006ac000000, 0x00000006ad000000)
AC   0  O    TS     0 PTAMS 0x00000006adffd710 NTAMS 0x00000006adffd710 space 16384K,  99% used [0x00000006ad000000, 0x00000006ae000000)
AC   0  O    TS     0 PTAMS 0x00000006aefff310 NTAMS 0x00000006aefff310 space 16384K,  99% used [0x00000006ae000000, 0x00000006af000000)
AC   0  O    TS     0 PTAMS 0x00000006b0000000 NTAMS 0x00000006b0000000 space 16384K, 100% used [0x00000006af000000, 0x00000006b0000000)
AC   0  O    TS     0 PTAMS 0x00000006b0ffffe8 NTAMS 0x00000006b0ffffe8 space 16384K,  99% used [0x00000006b0000000, 0x00000006b1000000)
AC   0  O    TS     0 PTAMS 0x00000006b1ffffe8 NTAMS 0x00000006b1ffffe8 space 16384K,  99% used [0x00000006b1000000, 0x00000006b2000000)
AC   0  O    TS     0 PTAMS 0x00000006b3000000 NTAMS 0x00000006b3000000 space 16384K, 100% used [0x00000006b2000000, 0x00000006b3000000)
AC   0  O    TS     0 PTAMS 0x00000006b3fff0f0 NTAMS 0x00000006b3fff0f0 space 16384K,  99% used [0x00000006b3000000, 0x00000006b4000000)
AC   0  O    TS     0 PTAMS 0x00000006b4fffba8 NTAMS 0x00000006b4fffba8 space 16384K,  99% used [0x00000006b4000000, 0x00000006b5000000)
AC   0  O    TS     0 PTAMS 0x00000006b5fffff8 NTAMS 0x00000006b5fffff8 space 16384K,  99% used [0x00000006b5000000, 0x00000006b6000000)
AC   0  O    TS     0 PTAMS 0x00000006b6ffffb8 NTAMS 0x00000006b6ffffb8 space 16384K,  99% used [0x00000006b6000000, 0x00000006b7000000)
AC   0  O    TS     0 PTAMS 0x00000006b7fffff8 NTAMS 0x00000006b7fffff8 space 16384K,  99% used [0x00000006b7000000, 0x00000006b8000000)
AC   0  O    TS     0 PTAMS 0x00000006b9000000 NTAMS 0x00000006b9000000 space 16384K, 100% used [0x00000006b8000000, 0x00000006b9000000)
AC   0  O    TS     0 PTAMS 0x00000006b9fffff0 NTAMS 0x00000006b9fffff0 space 16384K,  99% used [0x00000006b9000000, 0x00000006ba000000)
AC   0  O    TS     0 PTAMS 0x00000006bb000000 NTAMS 0x00000006bb000000 space 16384K, 100% used [0x00000006ba000000, 0x00000006bb000000)
AC   0  O    TS     0 PTAMS 0x00000006bbfffff8 NTAMS 0x00000006bbfffff8 space 16384K,  99% used [0x00000006bb000000, 0x00000006bc000000)
AC   0  O    TS     0 PTAMS 0x00000006bcffffd8 NTAMS 0x00000006bcffffd8 space 16384K,  99% used [0x00000006bc000000, 0x00000006bd000000)
AC   0  O    TS     0 PTAMS 0x00000006bdffffa0 NTAMS 0x00000006bdffffa0 space 16384K,  99% used [0x00000006bd000000, 0x00000006be000000)
AC   0  O    TS     0 PTAMS 0x00000006beffff18 NTAMS 0x00000006beffff18 space 16384K,  99% used [0x00000006be000000, 0x00000006bf000000)
AC   0  O    TS     0 PTAMS 0x00000006bfffffe8 NTAMS 0x00000006bfffffe8 space 16384K,  99% used [0x00000006bf000000, 0x00000006c0000000)
AC   0  O    TS     0 PTAMS 0x00000006c0ffffd0 NTAMS 0x00000006c0ffffd0 space 16384K,  99% used [0x00000006c0000000, 0x00000006c1000000)
AC   0  O    TS     0 PTAMS 0x00000006c1ffffe0 NTAMS 0x00000006c1ffffe0 space 16384K,  99% used [0x00000006c1000000, 0x00000006c2000000)
AC   0  O    TS     0 PTAMS 0x00000006c2ffffe0 NTAMS 0x00000006c2ffffe0 space 16384K,  99% used [0x00000006c2000000, 0x00000006c3000000)
AC   0  O    TS     0 PTAMS 0x00000006c3fffff0 NTAMS 0x00000006c3fffff0 space 16384K,  99% used [0x00000006c3000000, 0x00000006c4000000)
AC   0  O    TS     0 PTAMS 0x00000006c4fffff0 NTAMS 0x00000006c4fffff0 space 16384K,  99% used [0x00000006c4000000, 0x00000006c5000000)
AC   0  O    TS     0 PTAMS 0x00000006c5fffff8 NTAMS 0x00000006c5fffff8 space 16384K,  99% used [0x00000006c5000000, 0x00000006c6000000)
AC   0  O    TS     0 PTAMS 0x00000006c6ffffd0 NTAMS 0x00000006c6ffffd0 space 16384K,  99% used [0x00000006c6000000, 0x00000006c7000000)
AC   0  O    TS     0 PTAMS 0x00000006c7ffffe8 NTAMS 0x00000006c7ffffe8 space 16384K,  99% used [0x00000006c7000000, 0x00000006c8000000)
AC   0  O    TS     0 PTAMS 0x00000006c8fff900 NTAMS 0x00000006c8fff900 space 16384K,  99% used [0x00000006c8000000, 0x00000006c9000000)
AC   0  O    TS     0 PTAMS 0x00000006c9ffffe8 NTAMS 0x00000006c9ffffe8 space 16384K,  99% used [0x00000006c9000000, 0x00000006ca000000)
AC   0  O    TS     0 PTAMS 0x00000006cb000000 NTAMS 0x00000006cb000000 space 16384K, 100% used [0x00000006ca000000, 0x00000006cb000000)
AC   0  O    TS     0 PTAMS 0x00000006cbfffff8 NTAMS 0x00000006cbfffff8 space 16384K,  99% used [0x00000006cb000000, 0x00000006cc000000)
AC   0  O    TS     0 PTAMS 0x00000006ccfffff8 NTAMS 0x00000006ccfffff8 space 16384K,  99% used [0x00000006cc000000, 0x00000006cd000000)
AC   0  O    TS     0 PTAMS 0x00000006cdffffe8 NTAMS 0x00000006cdffffe8 space 16384K,  99% used [0x00000006cd000000, 0x00000006ce000000)
AC   0  O    TS     0 PTAMS 0x00000006cefffff8 NTAMS 0x00000006cefffff8 space 16384K,  99% used [0x00000006ce000000, 0x00000006cf000000)
AC   0  O    TS     0 PTAMS 0x00000006cfffffe8 NTAMS 0x00000006cfffffe8 space 16384K,  99% used [0x00000006cf000000, 0x00000006d0000000)
AC   0  O    TS     0 PTAMS 0x00000006d1000000 NTAMS 0x00000006d1000000 space 16384K, 100% used [0x00000006d0000000, 0x00000006d1000000)
AC   0  O    TS     0 PTAMS 0x00000006d1ffffe8 NTAMS 0x00000006d1ffffe8 space 16384K,  99% used [0x00000006d1000000, 0x00000006d2000000)
AC   0  O    TS     0 PTAMS 0x00000006d2fffff0 NTAMS 0x00000006d2fffff0 space 16384K,  99% used [0x00000006d2000000, 0x00000006d3000000)
AC   0  O    TS     0 PTAMS 0x00000006d3fffff0 NTAMS 0x00000006d3fffff0 space 16384K,  99% used [0x00000006d3000000, 0x00000006d4000000)
AC   0  O    TS     0 PTAMS 0x00000006d4fffff8 NTAMS 0x00000006d4fffff8 space 16384K,  99% used [0x00000006d4000000, 0x00000006d5000000)
AC   0  O    TS     0 PTAMS 0x00000006d5ffffe8 NTAMS 0x00000006d5ffffe8 space 16384K,  99% used [0x00000006d5000000, 0x00000006d6000000)
AC   0  O    TS     0 PTAMS 0x00000006d6fffff0 NTAMS 0x00000006d6fffff0 space 16384K,  99% used [0x00000006d6000000, 0x00000006d7000000)
AC   0  O    TS     0 PTAMS 0x00000006d7fffff8 NTAMS 0x00000006d7fffff8 space 16384K,  99% used [0x00000006d7000000, 0x00000006d8000000)
AC   0  O    TS     0 PTAMS 0x00000006d8fffff0 NTAMS 0x00000006d8fffff0 space 16384K,  99% used [0x00000006d8000000, 0x00000006d9000000)
AC   0  O    TS     0 PTAMS 0x00000006d9ffffe0 NTAMS 0x00000006d9ffffe0 space 16384K,  99% used [0x00000006d9000000, 0x00000006da000000)
AC   0  O    TS     0 PTAMS 0x00000006dafffff0 NTAMS 0x00000006dafffff0 space 16384K,  99% used [0x00000006da000000, 0x00000006db000000)
AC   0  O    TS     0 PTAMS 0x00000006dbfffff0 NTAMS 0x00000006dbfffff0 space 16384K,  99% used [0x00000006db000000, 0x00000006dc000000)
AC   0  O    TS     0 PTAMS 0x00000006dcffffe8 NTAMS 0x00000006dcffffe8 space 16384K,  99% used [0x00000006dc000000, 0x00000006dd000000)
AC   0  O    TS     0 PTAMS 0x00000006ddffffd8 NTAMS 0x00000006ddffffd8 space 16384K,  99% used [0x00000006dd000000, 0x00000006de000000)
AC   0  O    TS     0 PTAMS 0x00000006defffff8 NTAMS 0x00000006defffff8 space 16384K,  99% used [0x00000006de000000, 0x00000006df000000)
AC   0  O    TS     0 PTAMS 0x00000006dfff1320 NTAMS 0x00000006dfff1320 space 16384K,  99% used [0x00000006df000000, 0x00000006e0000000)
AC   0  O    TS     0 PTAMS 0x00000006e0ff9048 NTAMS 0x00000006e0ff9048 space 16384K,  99% used [0x00000006e0000000, 0x00000006e1000000)
AC   0  O    TS     0 PTAMS 0x00000006e1ffc3a8 NTAMS 0x00000006e1ffc3a8 space 16384K,  99% used [0x00000006e1000000, 0x00000006e2000000)
AC   0  O    TS     0 PTAMS 0x00000006e3000000 NTAMS 0x00000006e3000000 space 16384K, 100% used [0x00000006e2000000, 0x00000006e3000000)
AC   0  O    TS     0 PTAMS 0x00000006e3ffe710 NTAMS 0x00000006e3ffe710 space 16384K,  99% used [0x00000006e3000000, 0x00000006e4000000)
AC   0  O    TS     0 PTAMS 0x00000006e4ffffe8 NTAMS 0x00000006e4ffffe8 space 16384K,  99% used [0x00000006e4000000, 0x00000006e5000000)
AC   0  O    TS     0 PTAMS 0x00000006e5ffffe8 NTAMS 0x00000006e5ffffe8 space 16384K,  99% used [0x00000006e5000000, 0x00000006e6000000)
AC   0  O    TS     0 PTAMS 0x00000006e7000000 NTAMS 0x00000006e7000000 space 16384K, 100% used [0x00000006e6000000, 0x00000006e7000000)
AC   0  O    TS     0 PTAMS 0x00000006e8000000 NTAMS 0x00000006e8000000 space 16384K, 100% used [0x00000006e7000000, 0x00000006e8000000)
AC   0  O    TS     0 PTAMS 0x00000006e8fffff0 NTAMS 0x00000006e8fffff0 space 16384K,  99% used [0x00000006e8000000, 0x00000006e9000000)
AC   0  O    TS     0 PTAMS 0x00000006ea000000 NTAMS 0x00000006ea000000 space 16384K, 100% used [0x00000006e9000000, 0x00000006ea000000)
AC   0  O    TS     0 PTAMS 0x00000006eafffff0 NTAMS 0x00000006eafffff0 space 16384K,  99% used [0x00000006ea000000, 0x00000006eb000000)
AC   0  O    TS     0 PTAMS 0x00000006ebfffff8 NTAMS 0x00000006ebfffff8 space 16384K,  99% used [0x00000006eb000000, 0x00000006ec000000)
AC   0  O    TS     0 PTAMS 0x00000006ecffffe8 NTAMS 0x00000006ecffffe8 space 16384K,  99% used [0x00000006ec000000, 0x00000006ed000000)
AC   0  O    TS     0 PTAMS 0x00000006edffffd0 NTAMS 0x00000006edffffd0 space 16384K,  99% used [0x00000006ed000000, 0x00000006ee000000)
AC   0  O    TS     0 PTAMS 0x00000006eeffffc8 NTAMS 0x00000006eeffffc8 space 16384K,  99% used [0x00000006ee000000, 0x00000006ef000000)
AC   0  O    TS     0 PTAMS 0x00000006effff268 NTAMS 0x00000006effff268 space 16384K,  99% used [0x00000006ef000000, 0x00000006f0000000)
AC   0  O    TS     0 PTAMS 0x00000006f0fffc78 NTAMS 0x00000006f0fffc78 space 16384K,  99% used [0x00000006f0000000, 0x00000006f1000000)
AC   0  O    TS     0 PTAMS 0x00000006f2000000 NTAMS 0x00000006f2000000 space 16384K, 100% used [0x00000006f1000000, 0x00000006f2000000)
AC   0  O    TS     0 PTAMS 0x00000006f2fffff8 NTAMS 0x00000006f2fffff8 space 16384K,  99% used [0x00000006f2000000, 0x00000006f3000000)
AC   0  O    TS     0 PTAMS 0x00000006f4000000 NTAMS 0x00000006f4000000 space 16384K, 100% used [0x00000006f3000000, 0x00000006f4000000)
AC   0  O    TS     0 PTAMS 0x00000006f4ffffc8 NTAMS 0x00000006f4ffffc8 space 16384K,  99% used [0x00000006f4000000, 0x00000006f5000000)
AC   0  O    TS     0 PTAMS 0x00000006f5ffffe8 NTAMS 0x00000006f5ffffe8 space 16384K,  99% used [0x00000006f5000000, 0x00000006f6000000)
AC   0  O    TS     0 PTAMS 0x00000006f6ffffe0 NTAMS 0x00000006f6ffffe0 space 16384K,  99% used [0x00000006f6000000, 0x00000006f7000000)
AC   0  O    TS     0 PTAMS 0x00000006f7fffff8 NTAMS 0x00000006f7fffff8 space 16384K,  99% used [0x00000006f7000000, 0x00000006f8000000)
AC   0  O    TS     0 PTAMS 0x00000006f8fffff8 NTAMS 0x00000006f8fffff8 space 16384K,  99% used [0x00000006f8000000, 0x00000006f9000000)
AC   0  O    TS     0 PTAMS 0x00000006f9fffe80 NTAMS 0x00000006f9fffe80 space 16384K,  99% used [0x00000006f9000000, 0x00000006fa000000)
AC   0  O    TS     0 PTAMS 0x00000006faffffc8 NTAMS 0x00000006faffffc8 space 16384K,  99% used [0x00000006fa000000, 0x00000006fb000000)
AC   0  O    TS     0 PTAMS 0x00000006fbffffd8 NTAMS 0x00000006fbffffd8 space 16384K,  99% used [0x00000006fb000000, 0x00000006fc000000)
AC   0  O    TS     0 PTAMS 0x00000006fcffffe8 NTAMS 0x00000006fcffffe8 space 16384K,  99% used [0x00000006fc000000, 0x00000006fd000000)
AC   0  O    TS     0 PTAMS 0x00000006fdfffff8 NTAMS 0x00000006fdfffff8 space 16384K,  99% used [0x00000006fd000000, 0x00000006fe000000)
AC   0  O    TS     0 PTAMS 0x00000006feffff90 NTAMS 0x00000006feffff90 space 16384K,  99% used [0x00000006fe000000, 0x00000006ff000000)
AC   0  O    TS     0 PTAMS 0x00000006ffffffc8 NTAMS 0x00000006ffffffc8 space 16384K,  99% used [0x00000006ff000000, 0x0000000700000000)
AC   0  O    TS     0 PTAMS 0x0000000700fffff8 NTAMS 0x0000000700fffff8 space 16384K,  99% used [0x0000000700000000, 0x0000000701000000)
AC   0  O    TS     0 PTAMS 0x0000000701ffffb8 NTAMS 0x0000000701ffffb8 space 16384K,  99% used [0x0000000701000000, 0x0000000702000000)
AC   0  O    TS     0 PTAMS 0x0000000702ffffb8 NTAMS 0x0000000702ffffb8 space 16384K,  99% used [0x0000000702000000, 0x0000000703000000)
AC   0  O    TS     0 PTAMS 0x0000000703ffffe8 NTAMS 0x0000000703ffffe8 space 16384K,  99% used [0x0000000703000000, 0x0000000704000000)
AC   0  O    TS     0 PTAMS 0x0000000704fffff8 NTAMS 0x0000000704fffff8 space 16384K,  99% used [0x0000000704000000, 0x0000000705000000)
AC   0  O    TS     0 PTAMS 0x0000000705ffffe0 NTAMS 0x0000000705ffffe0 space 16384K,  99% used [0x0000000705000000, 0x0000000706000000)
AC   0  O    TS     0 PTAMS 0x0000000706fffff8 NTAMS 0x0000000706fffff8 space 16384K,  99% used [0x0000000706000000, 0x0000000707000000)
AC   0  O    TS     0 PTAMS 0x0000000707ffffd0 NTAMS 0x0000000707ffffd0 space 16384K,  99% used [0x0000000707000000, 0x0000000708000000)
AC   0  O    TS     0 PTAMS 0x0000000709000000 NTAMS 0x0000000709000000 space 16384K, 100% used [0x0000000708000000, 0x0000000709000000)
AC   0  O    TS     0 PTAMS 0x000000070a000000 NTAMS 0x000000070a000000 space 16384K, 100% used [0x0000000709000000, 0x000000070a000000)
AC   0  O    TS     0 PTAMS 0x000000070afffff0 NTAMS 0x000000070afffff0 space 16384K,  99% used [0x000000070a000000, 0x000000070b000000)
AC   0  O    TS     0 PTAMS 0x000000070bfffff8 NTAMS 0x000000070bfffff8 space 16384K,  99% used [0x000000070b000000, 0x000000070c000000)
AC   0  O    TS     0 PTAMS 0x000000070cfffff0 NTAMS 0x000000070cfffff0 space 16384K,  99% used [0x000000070c000000, 0x000000070d000000)
AC   0  O    TS     0 PTAMS 0x000000070dfffff8 NTAMS 0x000000070dfffff8 space 16384K,  99% used [0x000000070d000000, 0x000000070e000000)
AC   0  O    TS     0 PTAMS 0x000000070efffff8 NTAMS 0x000000070efffff8 space 16384K,  99% used [0x000000070e000000, 0x000000070f000000)
AC   0  O    TS     0 PTAMS 0x000000070ffffff0 NTAMS 0x000000070ffffff0 space 16384K,  99% used [0x000000070f000000, 0x0000000710000000)
AC   0  O    TS     0 PTAMS 0x0000000711000000 NTAMS 0x0000000711000000 space 16384K, 100% used [0x0000000710000000, 0x0000000711000000)
AC   0  O    TS     0 PTAMS 0x0000000711ffffe8 NTAMS 0x0000000711ffffe8 space 16384K,  99% used [0x0000000711000000, 0x0000000712000000)
AC   0  O    TS     0 PTAMS 0x0000000712fffe60 NTAMS 0x0000000712fffe60 space 16384K,  99% used [0x0000000712000000, 0x0000000713000000)
AC   0  O    TS     0 PTAMS 0x0000000713fffff8 NTAMS 0x0000000713fffff8 space 16384K,  99% used [0x0000000713000000, 0x0000000714000000)
AC   0  O    TS     0 PTAMS 0x0000000714ffffe8 NTAMS 0x0000000714ffffe8 space 16384K,  99% used [0x0000000714000000, 0x0000000715000000)
AC   0  O    TS     0 PTAMS 0x0000000715fffff0 NTAMS 0x0000000715fffff0 space 16384K,  99% used [0x0000000715000000, 0x0000000716000000)
AC   0  O    TS     0 PTAMS 0x0000000716fffff0 NTAMS 0x0000000716fffff0 space 16384K,  99% used [0x0000000716000000, 0x0000000717000000)
AC   0  O    TS     0 PTAMS 0x0000000718000000 NTAMS 0x0000000718000000 space 16384K, 100% used [0x0000000717000000, 0x0000000718000000)
AC   0  O    TS     0 PTAMS 0x0000000718ffffe0 NTAMS 0x0000000718ffffe0 space 16384K,  99% used [0x0000000718000000, 0x0000000719000000)
AC   0  O    TS     0 PTAMS 0x0000000719fffff0 NTAMS 0x0000000719fffff0 space 16384K,  99% used [0x0000000719000000, 0x000000071a000000)
AC   0  O    TS     0 PTAMS 0x000000071affffb8 NTAMS 0x000000071affffb8 space 16384K,  99% used [0x000000071a000000, 0x000000071b000000)
AC   0  O    TS     0 PTAMS 0x000000071c000000 NTAMS 0x000000071c000000 space 16384K, 100% used [0x000000071b000000, 0x000000071c000000)
AC   0  O    TS     0 PTAMS 0x000000071cffffe8 NTAMS 0x000000071cffffe8 space 16384K,  99% used [0x000000071c000000, 0x000000071d000000)
AC   0  O    TS     0 PTAMS 0x000000071e000000 NTAMS 0x000000071e000000 space 16384K, 100% used [0x000000071d000000, 0x000000071e000000)
AC   0  O    TS     0 PTAMS 0x000000071effffe0 NTAMS 0x000000071effffe0 space 16384K,  99% used [0x000000071e000000, 0x000000071f000000)
AC   0  O    TS     0 PTAMS 0x000000071fffffe0 NTAMS 0x000000071fffffe0 space 16384K,  99% used [0x000000071f000000, 0x0000000720000000)
AC   0  O    TS     0 PTAMS 0x0000000721000000 NTAMS 0x0000000721000000 space 16384K, 100% used [0x0000000720000000, 0x0000000721000000)
AC   0  O    TS     0 PTAMS 0x0000000722000000 NTAMS 0x0000000722000000 space 16384K, 100% used [0x0000000721000000, 0x0000000722000000)
AC   0  O    TS     0 PTAMS 0x0000000722fffff8 NTAMS 0x0000000722fffff8 space 16384K,  99% used [0x0000000722000000, 0x0000000723000000)
AC   0  O    TS     0 PTAMS 0x0000000724000000 NTAMS 0x0000000724000000 space 16384K, 100% used [0x0000000723000000, 0x0000000724000000)
AC   0  O    TS     0 PTAMS 0x0000000724fffff8 NTAMS 0x0000000724fffff8 space 16384K,  99% used [0x0000000724000000, 0x0000000725000000)
AC   0  O    TS     0 PTAMS 0x0000000725fff940 NTAMS 0x0000000725fff940 space 16384K,  99% used [0x0000000725000000, 0x0000000726000000)
AC   0  O    TS     0 PTAMS 0x0000000726fffff8 NTAMS 0x0000000726fffff8 space 16384K,  99% used [0x0000000726000000, 0x0000000727000000)
AC   0  O    TS     0 PTAMS 0x0000000727fff5d0 NTAMS 0x0000000727fff5d0 space 16384K,  99% used [0x0000000727000000, 0x0000000728000000)
AC   0  O    TS     0 PTAMS 0x0000000728b016c8 NTAMS 0x0000000728b016c8 space 16384K,  68% used [0x0000000728000000, 0x0000000729000000)
AC   0  O    TS     0 PTAMS 0x0000000729ca2000 NTAMS 0x0000000729ca2000 space 16384K, 100% used [0x0000000729000000, 0x000000072a000000)
AC   0  O    TS     0 PTAMS 0x000000072a000000 NTAMS 0x000000072a000000 space 16384K, 100% used [0x000000072a000000, 0x000000072b000000)
AC   0  O    TS     0 PTAMS 0x000000072b000000 NTAMS 0x000000072b000000 space 16384K, 100% used [0x000000072b000000, 0x000000072c000000)
AC   0  O    TS     1 PTAMS 0x000000072c000000 NTAMS 0x000000072c000000 space 16384K, 100% used [0x000000072c000000, 0x000000072d000000)
AC   0  O    TS     3 PTAMS 0x000000072d000000 NTAMS 0x000000072d000000 space 16384K, 100% used [0x000000072d000000, 0x000000072e000000)
AC   0  O    TS     3 PTAMS 0x000000072e000000 NTAMS 0x000000072e000000 space 16384K,   4% used [0x000000072e000000, 0x000000072f000000)
AC   0  F    TS     0 PTAMS 0x000000072f000000 NTAMS 0x000000072f000000 space 16384K,   0% used [0x000000072f000000, 0x0000000730000000)
AC   0  F    TS     0 PTAMS 0x0000000730000000 NTAMS 0x0000000730000000 space 16384K,   0% used [0x0000000730000000, 0x0000000731000000)
AC   0  F    TS     0 PTAMS 0x0000000731000000 NTAMS 0x0000000731000000 space 16384K,   0% used [0x0000000731000000, 0x0000000732000000)
AC   0  F    TS     0 PTAMS 0x0000000732000000 NTAMS 0x0000000732000000 space 16384K,   0% used [0x0000000732000000, 0x0000000733000000)
AC   0  F    TS     0 PTAMS 0x0000000733000000 NTAMS 0x0000000733000000 space 16384K,   0% used [0x0000000733000000, 0x0000000734000000)
AC   0  F    TS     0 PTAMS 0x0000000734000000 NTAMS 0x0000000734000000 space 16384K,   0% used [0x0000000734000000, 0x0000000735000000)
AC   0  F    TS     0 PTAMS 0x0000000735000000 NTAMS 0x0000000735000000 space 16384K,   0% used [0x0000000735000000, 0x0000000736000000)
AC   0  F    TS     0 PTAMS 0x0000000736000000 NTAMS 0x0000000736000000 space 16384K,   0% used [0x0000000736000000, 0x0000000737000000)
AC   0  F    TS     0 PTAMS 0x0000000737000000 NTAMS 0x0000000737000000 space 16384K,   0% used [0x0000000737000000, 0x0000000738000000)
AC   0  F    TS     0 PTAMS 0x0000000738000000 NTAMS 0x0000000738000000 space 16384K,   0% used [0x0000000738000000, 0x0000000739000000)
AC   0  F    TS     0 PTAMS 0x0000000739000000 NTAMS 0x0000000739000000 space 16384K,   0% used [0x0000000739000000, 0x000000073a000000)
AC   0  F    TS     0 PTAMS 0x000000073a000000 NTAMS 0x000000073a000000 space 16384K,   0% used [0x000000073a000000, 0x000000073b000000)
AC   0  F    TS     0 PTAMS 0x000000073b000000 NTAMS 0x000000073b000000 space 16384K,   0% used [0x000000073b000000, 0x000000073c000000)
AC   0  F    TS     0 PTAMS 0x000000073c000000 NTAMS 0x000000073c000000 space 16384K,   0% used [0x000000073c000000, 0x000000073d000000)
AC   0  F    TS     0 PTAMS 0x000000073d000000 NTAMS 0x000000073d000000 space 16384K,   0% used [0x000000073d000000, 0x000000073e000000)
AC   0  F    TS     0 PTAMS 0x000000073e000000 NTAMS 0x000000073e000000 space 16384K,   0% used [0x000000073e000000, 0x000000073f000000)
AC   0  F    TS     0 PTAMS 0x000000073f000000 NTAMS 0x000000073f000000 space 16384K,   0% used [0x000000073f000000, 0x0000000740000000)
AC   0  F    TS     0 PTAMS 0x0000000740000000 NTAMS 0x0000000740000000 space 16384K,   0% used [0x0000000740000000, 0x0000000741000000)
AC   0  F    TS     0 PTAMS 0x0000000741000000 NTAMS 0x0000000741000000 space 16384K,   0% used [0x0000000741000000, 0x0000000742000000)
AC   0  F    TS     0 PTAMS 0x0000000742000000 NTAMS 0x0000000742000000 space 16384K,   0% used [0x0000000742000000, 0x0000000743000000)
AC   0  F    TS     0 PTAMS 0x0000000743000000 NTAMS 0x0000000743000000 space 16384K,   0% used [0x0000000743000000, 0x0000000744000000)
AC   0  F    TS     0 PTAMS 0x0000000744000000 NTAMS 0x0000000744000000 space 16384K,   0% used [0x0000000744000000, 0x0000000745000000)
AC   0  F    TS     0 PTAMS 0x0000000745000000 NTAMS 0x0000000745000000 space 16384K,   0% used [0x0000000745000000, 0x0000000746000000)
AC   0  F    TS     0 PTAMS 0x0000000746000000 NTAMS 0x0000000746000000 space 16384K,   0% used [0x0000000746000000, 0x0000000747000000)
AC   0  F    TS     0 PTAMS 0x0000000747000000 NTAMS 0x0000000747000000 space 16384K,   0% used [0x0000000747000000, 0x0000000748000000)
AC   0  F    TS     0 PTAMS 0x0000000748000000 NTAMS 0x0000000748000000 space 16384K,   0% used [0x0000000748000000, 0x0000000749000000)
AC   0  F    TS     0 PTAMS 0x0000000749000000 NTAMS 0x0000000749000000 space 16384K,   0% used [0x0000000749000000, 0x000000074a000000)
AC   0  F    TS     0 PTAMS 0x000000074a000000 NTAMS 0x000000074a000000 space 16384K,   0% used [0x000000074a000000, 0x000000074b000000)
AC   0  F    TS     0 PTAMS 0x000000074b000000 NTAMS 0x000000074b000000 space 16384K,   0% used [0x000000074b000000, 0x000000074c000000)
AC   0  F    TS     0 PTAMS 0x000000074c000000 NTAMS 0x000000074c000000 space 16384K,   0% used [0x000000074c000000, 0x000000074d000000)
AC   0  F    TS     0 PTAMS 0x000000074d000000 NTAMS 0x000000074d000000 space 16384K,   0% used [0x000000074d000000, 0x000000074e000000)
AC   0  F    TS     0 PTAMS 0x000000074e000000 NTAMS 0x000000074e000000 space 16384K,   0% used [0x000000074e000000, 0x000000074f000000)
AC   0  F    TS     0 PTAMS 0x000000074f000000 NTAMS 0x000000074f000000 space 16384K,   0% used [0x000000074f000000, 0x0000000750000000)
AC   0  F    TS     0 PTAMS 0x0000000750000000 NTAMS 0x0000000750000000 space 16384K,   0% used [0x0000000750000000, 0x0000000751000000)
AC   0  F    TS     0 PTAMS 0x0000000751000000 NTAMS 0x0000000751000000 space 16384K,   0% used [0x0000000751000000, 0x0000000752000000)
AC   0  F    TS     0 PTAMS 0x0000000752000000 NTAMS 0x0000000752000000 space 16384K,   0% used [0x0000000752000000, 0x0000000753000000)
AC   0  F    TS     0 PTAMS 0x0000000753000000 NTAMS 0x0000000753000000 space 16384K,   0% used [0x0000000753000000, 0x0000000754000000)
AC   0  F    TS     0 PTAMS 0x0000000754000000 NTAMS 0x0000000754000000 space 16384K,   0% used [0x0000000754000000, 0x0000000755000000)
AC   0  F    TS     0 PTAMS 0x0000000755000000 NTAMS 0x0000000755000000 space 16384K,   0% used [0x0000000755000000, 0x0000000756000000)
AC   0  F    TS     0 PTAMS 0x0000000756000000 NTAMS 0x0000000756000000 space 16384K,   0% used [0x0000000756000000, 0x0000000757000000)
AC   0  F    TS     0 PTAMS 0x0000000757000000 NTAMS 0x0000000757000000 space 16384K,   0% used [0x0000000757000000, 0x0000000758000000)
AC   0  F    TS     0 PTAMS 0x0000000758000000 NTAMS 0x0000000758000000 space 16384K,   0% used [0x0000000758000000, 0x0000000759000000)
AC   0  F    TS     0 PTAMS 0x0000000759000000 NTAMS 0x0000000759000000 space 16384K,   0% used [0x0000000759000000, 0x000000075a000000)
AC   0  F    TS     0 PTAMS 0x000000075a000000 NTAMS 0x000000075a000000 space 16384K,   0% used [0x000000075a000000, 0x000000075b000000)
AC   0  F    TS     0 PTAMS 0x000000075b000000 NTAMS 0x000000075b000000 space 16384K,   0% used [0x000000075b000000, 0x000000075c000000)
AC   0  F    TS     0 PTAMS 0x000000075c000000 NTAMS 0x000000075c000000 space 16384K,   0% used [0x000000075c000000, 0x000000075d000000)
AC   0  F    TS     0 PTAMS 0x000000075d000000 NTAMS 0x000000075d000000 space 16384K,   0% used [0x000000075d000000, 0x000000075e000000)
AC   0  F    TS     0 PTAMS 0x000000075e000000 NTAMS 0x000000075e000000 space 16384K,   0% used [0x000000075e000000, 0x000000075f000000)
AC   0  F    TS     0 PTAMS 0x000000075f000000 NTAMS 0x000000075f000000 space 16384K,   0% used [0x000000075f000000, 0x0000000760000000)
AC   0  F    TS     0 PTAMS 0x0000000760000000 NTAMS 0x0000000760000000 space 16384K,   0% used [0x0000000760000000, 0x0000000761000000)
AC   0  F    TS     0 PTAMS 0x0000000761000000 NTAMS 0x0000000761000000 space 16384K,   0% used [0x0000000761000000, 0x0000000762000000)
AC   0  F    TS     0 PTAMS 0x0000000762000000 NTAMS 0x0000000762000000 space 16384K,   0% used [0x0000000762000000, 0x0000000763000000)
AC   0  F    TS     0 PTAMS 0x0000000763000000 NTAMS 0x0000000763000000 space 16384K,   0% used [0x0000000763000000, 0x0000000764000000)
AC   0  F    TS     0 PTAMS 0x0000000764000000 NTAMS 0x0000000764000000 space 16384K,   0% used [0x0000000764000000, 0x0000000765000000)
AC   0  F    TS     0 PTAMS 0x0000000765000000 NTAMS 0x0000000765000000 space 16384K,   0% used [0x0000000765000000, 0x0000000766000000)
AC   0  F    TS     0 PTAMS 0x0000000766000000 NTAMS 0x0000000766000000 space 16384K,   0% used [0x0000000766000000, 0x0000000767000000)
AC   0  F    TS     0 PTAMS 0x0000000767000000 NTAMS 0x0000000767000000 space 16384K,   0% used [0x0000000767000000, 0x0000000768000000)
AC   0  F    TS     0 PTAMS 0x0000000768000000 NTAMS 0x0000000768000000 space 16384K,   0% used [0x0000000768000000, 0x0000000769000000)
AC   0  F    TS     0 PTAMS 0x0000000769000000 NTAMS 0x0000000769000000 space 16384K,   0% used [0x0000000769000000, 0x000000076a000000)
AC   0  F    TS     0 PTAMS 0x000000076a000000 NTAMS 0x000000076a000000 space 16384K,   0% used [0x000000076a000000, 0x000000076b000000)
AC   0  F    TS     0 PTAMS 0x000000076b000000 NTAMS 0x000000076b000000 space 16384K,   0% used [0x000000076b000000, 0x000000076c000000)
AC   0  F    TS     0 PTAMS 0x000000076c000000 NTAMS 0x000000076c000000 space 16384K,   0% used [0x000000076c000000, 0x000000076d000000)
AC   0  F    TS     0 PTAMS 0x000000076d000000 NTAMS 0x000000076d000000 space 16384K,   0% used [0x000000076d000000, 0x000000076e000000)
AC   0  F    TS     0 PTAMS 0x000000076e000000 NTAMS 0x000000076e000000 space 16384K,   0% used [0x000000076e000000, 0x000000076f000000)
AC   0  F    TS     0 PTAMS 0x000000076f000000 NTAMS 0x000000076f000000 space 16384K,   0% used [0x000000076f000000, 0x0000000770000000)
AC   0  F    TS     0 PTAMS 0x0000000770000000 NTAMS 0x0000000770000000 space 16384K,   0% used [0x0000000770000000, 0x0000000771000000)
AC   0  F    TS     0 PTAMS 0x0000000771000000 NTAMS 0x0000000771000000 space 16384K,   0% used [0x0000000771000000, 0x0000000772000000)
AC   0  F    TS     0 PTAMS 0x0000000772000000 NTAMS 0x0000000772000000 space 16384K,   0% used [0x0000000772000000, 0x0000000773000000)
AC   0  F    TS     0 PTAMS 0x0000000773000000 NTAMS 0x0000000773000000 space 16384K,   0% used [0x0000000773000000, 0x0000000774000000)
AC   0  F    TS     0 PTAMS 0x0000000774000000 NTAMS 0x0000000774000000 space 16384K,   0% used [0x0000000774000000, 0x0000000775000000)
AC   0  F    TS     0 PTAMS 0x0000000775000000 NTAMS 0x0000000775000000 space 16384K,   0% used [0x0000000775000000, 0x0000000776000000)
AC   0  F    TS     0 PTAMS 0x0000000776000000 NTAMS 0x0000000776000000 space 16384K,   0% used [0x0000000776000000, 0x0000000777000000)
AC   0  F    TS     0 PTAMS 0x0000000777000000 NTAMS 0x0000000777000000 space 16384K,   0% used [0x0000000777000000, 0x0000000778000000)
AC   0  F    TS     0 PTAMS 0x0000000778000000 NTAMS 0x0000000778000000 space 16384K,   0% used [0x0000000778000000, 0x0000000779000000)
AC   0  F    TS     0 PTAMS 0x0000000779000000 NTAMS 0x0000000779000000 space 16384K,   0% used [0x0000000779000000, 0x000000077a000000)
AC   0  F    TS     0 PTAMS 0x000000077a000000 NTAMS 0x000000077a000000 space 16384K,   0% used [0x000000077a000000, 0x000000077b000000)
AC   0  F    TS     0 PTAMS 0x000000077b000000 NTAMS 0x000000077b000000 space 16384K,   0% used [0x000000077b000000, 0x000000077c000000)
AC   0  F    TS     0 PTAMS 0x000000077c000000 NTAMS 0x000000077c000000 space 16384K,   0% used [0x000000077c000000, 0x000000077d000000)
AC   0  F    TS     0 PTAMS 0x000000077d000000 NTAMS 0x000000077d000000 space 16384K,   0% used [0x000000077d000000, 0x000000077e000000)
AC   0  F    TS     0 PTAMS 0x000000077e000000 NTAMS 0x000000077e000000 space 16384K,   0% used [0x000000077e000000, 0x000000077f000000)
AC   0  F    TS     0 PTAMS 0x000000077f000000 NTAMS 0x000000077f000000 space 16384K,   0% used [0x000000077f000000, 0x0000000780000000)
AC   0  F    TS     0 PTAMS 0x0000000780000000 NTAMS 0x0000000780000000 space 16384K,   0% used [0x0000000780000000, 0x0000000781000000)
AC   0  F    TS     0 PTAMS 0x0000000781000000 NTAMS 0x0000000781000000 space 16384K,   0% used [0x0000000781000000, 0x0000000782000000)
AC   0  F    TS     0 PTAMS 0x0000000782000000 NTAMS 0x0000000782000000 space 16384K,   0% used [0x0000000782000000, 0x0000000783000000)
AC   0  F    TS     0 PTAMS 0x0000000783000000 NTAMS 0x0000000783000000 space 16384K,   0% used [0x0000000783000000, 0x0000000784000000)
AC   0  F    TS     0 PTAMS 0x0000000784000000 NTAMS 0x0000000784000000 space 16384K,   0% used [0x0000000784000000, 0x0000000785000000)
AC   0  F    TS     0 PTAMS 0x0000000785000000 NTAMS 0x0000000785000000 space 16384K,   0% used [0x0000000785000000, 0x0000000786000000)
AC   0  F    TS     0 PTAMS 0x0000000786000000 NTAMS 0x0000000786000000 space 16384K,   0% used [0x0000000786000000, 0x0000000787000000)
AC   0  F    TS     0 PTAMS 0x0000000787000000 NTAMS 0x0000000787000000 space 16384K,   0% used [0x0000000787000000, 0x0000000788000000)
AC   0  F    TS     0 PTAMS 0x0000000788000000 NTAMS 0x0000000788000000 space 16384K,   0% used [0x0000000788000000, 0x0000000789000000)
AC   0  F    TS     0 PTAMS 0x0000000789000000 NTAMS 0x0000000789000000 space 16384K,   0% used [0x0000000789000000, 0x000000078a000000)
AC   0  F    TS     0 PTAMS 0x000000078a000000 NTAMS 0x000000078a000000 space 16384K,   0% used [0x000000078a000000, 0x000000078b000000)
AC   0  F    TS     0 PTAMS 0x000000078b000000 NTAMS 0x000000078b000000 space 16384K,   0% used [0x000000078b000000, 0x000000078c000000)
AC   0  F    TS     0 PTAMS 0x000000078c000000 NTAMS 0x000000078c000000 space 16384K,   0% used [0x000000078c000000, 0x000000078d000000)
AC   0  F    TS     0 PTAMS 0x000000078d000000 NTAMS 0x000000078d000000 space 16384K,   0% used [0x000000078d000000, 0x000000078e000000)
AC   0  F    TS     0 PTAMS 0x000000078e000000 NTAMS 0x000000078e000000 space 16384K,   0% used [0x000000078e000000, 0x000000078f000000)
AC   0  F    TS     0 PTAMS 0x000000078f000000 NTAMS 0x000000078f000000 space 16384K,   0% used [0x000000078f000000, 0x0000000790000000)
AC   0  F    TS     0 PTAMS 0x0000000790000000 NTAMS 0x0000000790000000 space 16384K,   0% used [0x0000000790000000, 0x0000000791000000)
AC   0  F    TS     0 PTAMS 0x0000000791000000 NTAMS 0x0000000791000000 space 16384K,   0% used [0x0000000791000000, 0x0000000792000000)
AC   0  F    TS     0 PTAMS 0x0000000792000000 NTAMS 0x0000000792000000 space 16384K,   0% used [0x0000000792000000, 0x0000000793000000)
AC   0  F    TS     0 PTAMS 0x0000000793000000 NTAMS 0x0000000793000000 space 16384K,   0% used [0x0000000793000000, 0x0000000794000000)
AC   0  F    TS     0 PTAMS 0x0000000794000000 NTAMS 0x0000000794000000 space 16384K,   0% used [0x0000000794000000, 0x0000000795000000)
AC   0  F    TS     0 PTAMS 0x0000000795000000 NTAMS 0x0000000795000000 space 16384K,   0% used [0x0000000795000000, 0x0000000796000000)
AC   0  F    TS     0 PTAMS 0x0000000796000000 NTAMS 0x0000000796000000 space 16384K,   0% used [0x0000000796000000, 0x0000000797000000)
AC   0  F    TS     0 PTAMS 0x0000000797000000 NTAMS 0x0000000797000000 space 16384K,   0% used [0x0000000797000000, 0x0000000798000000)
AC   0  F    TS     0 PTAMS 0x0000000798000000 NTAMS 0x0000000798000000 space 16384K,   0% used [0x0000000798000000, 0x0000000799000000)
AC   0  F    TS     0 PTAMS 0x0000000799000000 NTAMS 0x0000000799000000 space 16384K,   0% used [0x0000000799000000, 0x000000079a000000)
AC   0  F    TS     0 PTAMS 0x000000079a000000 NTAMS 0x000000079a000000 space 16384K,   0% used [0x000000079a000000, 0x000000079b000000)
AC   0  F    TS     0 PTAMS 0x000000079b000000 NTAMS 0x000000079b000000 space 16384K,   0% used [0x000000079b000000, 0x000000079c000000)
AC   0  F    TS     0 PTAMS 0x000000079c000000 NTAMS 0x000000079c000000 space 16384K,   0% used [0x000000079c000000, 0x000000079d000000)
AC   0  F    TS     0 PTAMS 0x000000079d000000 NTAMS 0x000000079d000000 space 16384K,   0% used [0x000000079d000000, 0x000000079e000000)
AC   0  F    TS     0 PTAMS 0x000000079e000000 NTAMS 0x000000079e000000 space 16384K,   0% used [0x000000079e000000, 0x000000079f000000)
AC   0  F    TS     0 PTAMS 0x000000079f000000 NTAMS 0x000000079f000000 space 16384K,   0% used [0x000000079f000000, 0x00000007a0000000)
AC   0  F    TS     0 PTAMS 0x00000007a0000000 NTAMS 0x00000007a0000000 space 16384K,   0% used [0x00000007a0000000, 0x00000007a1000000)
AC   0  F    TS     0 PTAMS 0x00000007a1000000 NTAMS 0x00000007a1000000 space 16384K,   0% used [0x00000007a1000000, 0x00000007a2000000)
AC   0  F    TS     0 PTAMS 0x00000007a2000000 NTAMS 0x00000007a2000000 space 16384K,   0% used [0x00000007a2000000, 0x00000007a3000000)
AC   0  F    TS     0 PTAMS 0x00000007a3000000 NTAMS 0x00000007a3000000 space 16384K,   0% used [0x00000007a3000000, 0x00000007a4000000)
AC   0  F    TS     0 PTAMS 0x00000007a4000000 NTAMS 0x00000007a4000000 space 16384K,   0% used [0x00000007a4000000, 0x00000007a5000000)
AC   0  F    TS     0 PTAMS 0x00000007a5000000 NTAMS 0x00000007a5000000 space 16384K,   0% used [0x00000007a5000000, 0x00000007a6000000)
AC   0  F    TS     0 PTAMS 0x00000007a6000000 NTAMS 0x00000007a6000000 space 16384K,   0% used [0x00000007a6000000, 0x00000007a7000000)
AC   0  F    TS     0 PTAMS 0x00000007a7000000 NTAMS 0x00000007a7000000 space 16384K,   0% used [0x00000007a7000000, 0x00000007a8000000)
AC   0  F    TS     0 PTAMS 0x00000007a8000000 NTAMS 0x00000007a8000000 space 16384K,   0% used [0x00000007a8000000, 0x00000007a9000000)
AC   0  F    TS     0 PTAMS 0x00000007a9000000 NTAMS 0x00000007a9000000 space 16384K,   0% used [0x00000007a9000000, 0x00000007aa000000)
AC   0  F    TS     0 PTAMS 0x00000007aa000000 NTAMS 0x00000007aa000000 space 16384K,   0% used [0x00000007aa000000, 0x00000007ab000000)
AC   0  F    TS     0 PTAMS 0x00000007ab000000 NTAMS 0x00000007ab000000 space 16384K,   0% used [0x00000007ab000000, 0x00000007ac000000)
AC   0  F    TS     0 PTAMS 0x00000007ac000000 NTAMS 0x00000007ac000000 space 16384K,   0% used [0x00000007ac000000, 0x00000007ad000000)
AC   0  F    TS     0 PTAMS 0x00000007ad000000 NTAMS 0x00000007ad000000 space 16384K,   0% used [0x00000007ad000000, 0x00000007ae000000)
AC   0  F    TS     0 PTAMS 0x00000007ae000000 NTAMS 0x00000007ae000000 space 16384K,   0% used [0x00000007ae000000, 0x00000007af000000)
AC   0  F    TS     0 PTAMS 0x00000007af000000 NTAMS 0x00000007af000000 space 16384K,   0% used [0x00000007af000000, 0x00000007b0000000)
AC   0  F    TS     0 PTAMS 0x00000007b0000000 NTAMS 0x00000007b0000000 space 16384K,   0% used [0x00000007b0000000, 0x00000007b1000000)
AC   0  F    TS     0 PTAMS 0x00000007b1000000 NTAMS 0x00000007b1000000 space 16384K,   0% used [0x00000007b1000000, 0x00000007b2000000)
AC   0  F    TS     0 PTAMS 0x00000007b2000000 NTAMS 0x00000007b2000000 space 16384K,   0% used [0x00000007b2000000, 0x00000007b3000000)
AC   0  F    TS     0 PTAMS 0x00000007b3000000 NTAMS 0x00000007b3000000 space 16384K,   0% used [0x00000007b3000000, 0x00000007b4000000)
AC   0  F    TS     0 PTAMS 0x00000007b4000000 NTAMS 0x00000007b4000000 space 16384K,   0% used [0x00000007b4000000, 0x00000007b5000000)
AC   0  F    TS     0 PTAMS 0x00000007b5000000 NTAMS 0x00000007b5000000 space 16384K,   0% used [0x00000007b5000000, 0x00000007b6000000)
AC   0  F    TS     0 PTAMS 0x00000007b6000000 NTAMS 0x00000007b6000000 space 16384K,   0% used [0x00000007b6000000, 0x00000007b7000000)
AC   0  S CS TS     3 PTAMS 0x00000007b7000000 NTAMS 0x00000007b7000000 space 16384K,  84% used [0x00000007b7000000, 0x00000007b8000000)
AC   0  F    TS     1 PTAMS 0x00000007b8000000 NTAMS 0x00000007b8000000 space 16384K,   0% used [0x00000007b8000000, 0x00000007b9000000)
AC   0  F    TS     0 PTAMS 0x00000007b9000000 NTAMS 0x00000007b9000000 space 16384K,   0% used [0x00000007b9000000, 0x00000007ba000000)
AC   0  F    TS     0 PTAMS 0x00000007ba000000 NTAMS 0x00000007ba000000 space 16384K,   0% used [0x00000007ba000000, 0x00000007bb000000)
AC   0  F    TS     0 PTAMS 0x00000007bb000000 NTAMS 0x00000007bb000000 space 16384K,   0% used [0x00000007bb000000, 0x00000007bc000000)
AC   0  E    TS     0 PTAMS 0x00000007bc000000 NTAMS 0x00000007bc000000 space 16384K,  62% used [0x00000007bc000000, 0x00000007bd000000)
AC   0  E CS TS     0 PTAMS 0x00000007bd000000 NTAMS 0x00000007bd000000 space 16384K, 100% used [0x00000007bd000000, 0x00000007be000000)
AC   0  E CS TS     0 PTAMS 0x00000007be000000 NTAMS 0x00000007be000000 space 16384K, 100% used [0x00000007be000000, 0x00000007bf000000)
AC   0  E CS TS     0 PTAMS 0x00000007bf000000 NTAMS 0x00000007bf000000 space 16384K, 100% used [0x00000007bf000000, 0x00000007c0000000)

Card table byte_map: [0x0000000014e40000,0x0000000015810000] byte_map_base: 0x0000000011a08000

Marking Bits (Prev, Next): (CMBitMap*) 0x0000000002ca2b68, (CMBitMap*) 0x0000000002ca2bc0
 Prev Bits: [0x00000000161e0000, 0x000000001b020000)
 Next Bits: [0x000000001b020000, 0x000000001fe60000)

Polling page: 0x0000000000a10000

CodeCache: size=245760Kb used=86399Kb max_used=86399Kb free=159360Kb
 bounds [0x0000000002d30000, 0x0000000008210000, 0x0000000011d30000]
 total_blobs=23394 nmethods=21764 adapters=1539
 compilation: enabled

Compilation events (10 events):
Event: 339.750 Thread 0x0000000023f56000 nmethod 32160 0x00000000082059d0 code [0x0000000008205b40, 0x0000000008205c50]
Event: 339.750 Thread 0x0000000023f56000 32161       1       openblocks.client.renderer.SkyBlockRenderer::access$100 (5 bytes)
Event: 339.751 Thread 0x0000000023f56000 nmethod 32161 0x0000000008205cd0 code [0x0000000008205e20, 0x0000000008205f10]
Event: 339.751 Thread 0x0000000023f56000 32162       1       openblocks.client.renderer.SkyBlockRenderer::access$000 (5 bytes)
Event: 339.751 Thread 0x0000000023f56000 nmethod 32162 0x0000000008205f90 code [0x00000000082060e0, 0x00000000082061d0]
Event: 339.751 Thread 0x0000000023f56000 32163       1       it.unimi.dsi.fastutil.longs.Long2ObjectOpenHashMap::size (5 bytes)
Event: 339.751 Thread 0x0000000023f56000 nmethod 32163 0x0000000008206250 code [0x00000000082063a0, 0x00000000082064b0]
Event: 339.755 Thread 0x0000000023f56000 32164       2       net.minecraft.client.renderer.entity.RenderManager::func_78714_a (43 bytes)
Event: 339.755 Thread 0x0000000023f56000 nmethod 32164 0x0000000008206510 code [0x0000000008206660, 0x00000000082067f0]
Event: 339.755 Thread 0x0000000023f56000 32165   !   2       net.minecraft.client.renderer.entity.RenderLivingBase::func_76986_a (931 bytes)

GC Heap History (10 events):
Event: 336.631 GC heap before
{Heap before GC invocations=690 (full 2):
 garbage-first heap   total 5128192K, used 2812596K [0x0000000687000000, 0x00000006880009c8, 0x00000007c0000000)
  region size 16384K, 8 young (131072K), 1 survivors (16384K)
 Metaspace       used 201605K, capacity 208515K, committed 208764K, reserved 1224704K
  class space    used 31723K, capacity 33579K, committed 33664K, reserved 1048576K
Event: 336.639 GC heap after
Heap after GC invocations=691 (full 2):
 garbage-first heap   total 5128192K, used 2704955K [0x0000000687000000, 0x00000006880009c8, 0x00000007c0000000)
  region size 16384K, 1 young (16384K), 1 survivors (16384K)
 Metaspace       used 201605K, capacity 208515K, committed 208764K, reserved 1224704K
  class space    used 31723K, capacity 33579K, committed 33664K, reserved 1048576K
}
Event: 337.371 GC heap before
{Heap before GC invocations=691 (full 2):
 garbage-first heap   total 5128192K, used 2819643K [0x0000000687000000, 0x00000006880009c8, 0x00000007c0000000)
  region size 16384K, 8 young (131072K), 1 survivors (16384K)
 Metaspace       used 201967K, capacity 208863K, committed 209020K, reserved 1224704K
  class space    used 31751K, capacity 33629K, committed 33664K, reserved 1048576K
Event: 337.381 GC heap after
Heap after GC invocations=692 (full 2):
 garbage-first heap   total 5128192K, used 2704759K [0x0000000687000000, 0x00000006880009c8, 0x00000007c0000000)
  region size 16384K, 1 young (16384K), 1 survivors (16384K)
 Metaspace       used 201967K, capacity 208863K, committed 209020K, reserved 1224704K
  class space    used 31751K, capacity 33629K, committed 33664K, reserved 1048576K
}
Event: 338.138 GC heap before
{Heap before GC invocations=692 (full 2):
 garbage-first heap   total 5128192K, used 2819447K [0x0000000687000000, 0x00000006880009c8, 0x00000007c0000000)
  region size 16384K, 8 young (131072K), 1 survivors (16384K)
 Metaspace       used 202097K, capacity 209125K, committed 209276K, reserved 1224704K
  class space    used 31752K, capacity 33630K, committed 33664K, reserved 1048576K
Event: 338.149 GC heap after
Heap after GC invocations=693 (full 2):
 garbage-first heap   total 5128192K, used 2713721K [0x0000000687000000, 0x00000006880009c8, 0x00000007c0000000)
  region size 16384K, 1 young (16384K), 1 survivors (16384K)
 Metaspace       used 202097K, capacity 209125K, committed 209276K, reserved 1224704K
  class space    used 31752K, capacity 33630K, committed 33664K, reserved 1048576K
}
Event: 338.846 GC heap before
{Heap before GC invocations=694 (full 2):
 garbage-first heap   total 5128192K, used 2828409K [0x0000000687000000, 0x00000006880009c8, 0x00000007c0000000)
  region size 16384K, 8 young (131072K), 1 survivors (16384K)
 Metaspace       used 202210K, capacity 209323K, committed 209532K, reserved 1224704K
  class space    used 31754K, capacity 33631K, committed 33664K, reserved 1048576K
Event: 338.856 GC heap after
Heap after GC invocations=695 (full 2):
 garbage-first heap   total 5128192K, used 2721936K [0x0000000687000000, 0x00000006880009c8, 0x00000007c0000000)
  region size 16384K, 1 young (16384K), 1 survivors (16384K)
 Metaspace       used 202210K, capacity 209323K, committed 209532K, reserved 1224704K
  class space    used 31754K, capacity 33631K, committed 33664K, reserved 1048576K
}
Event: 339.466 GC heap before
{Heap before GC invocations=695 (full 2):
 garbage-first heap   total 5128192K, used 2836624K [0x0000000687000000, 0x00000006880009c8, 0x00000007c0000000)
  region size 16384K, 8 young (131072K), 1 survivors (16384K)
 Metaspace       used 202420K, capacity 209527K, committed 209788K, reserved 1224704K
  class space    used 31766K, capacity 33647K, committed 33664K, reserved 1048576K
Event: 339.476 GC heap after
Heap after GC invocations=696 (full 2):
 garbage-first heap   total 5128192K, used 2728979K [0x0000000687000000, 0x00000006880009c8, 0x00000007c0000000)
  region size 16384K, 1 young (16384K), 1 survivors (16384K)
 Metaspace       used 202420K, capacity 209527K, committed 209788K, reserved 1224704K
  class space    used 31766K, capacity 33647K, committed 33664K, reserved 1048576K
}

Deoptimization events (10 events):
Event: 339.132 Thread 0x0000000002c35800 Uncommon trap: reason=class_check action=maybe_recompile pc=0x00000000058cd190 method=java.util.Collections$UnmodifiableMap$UnmodifiableEntrySet$1.hasNext()Z @ 4
Event: 339.132 Thread 0x0000000002c35800 Uncommon trap: reason=class_check action=maybe_recompile pc=0x0000000005909940 method=java.util.Collections$UnmodifiableMap$UnmodifiableEntrySet$1.next()Ljava/util/Map$Entry; @ 8
Event: 339.132 Thread 0x0000000002c35800 Uncommon trap: reason=class_check action=maybe_recompile pc=0x000000000579b6c8 method=java.util.Collections$UnmodifiableMap$UnmodifiableEntrySet$UnmodifiableEntry.getKey()Ljava/lang/Object; @ 4
Event: 339.181 Thread 0x0000000002c35800 Uncommon trap: reason=class_check action=maybe_recompile pc=0x00000000056356e8 method=java.util.Collections$UnmodifiableMap.entrySet()Ljava/util/Set; @ 16
Event: 339.181 Thread 0x0000000002c35800 Uncommon trap: reason=class_check action=maybe_recompile pc=0x0000000005237a64 method=java.util.Collections$UnmodifiableMap$UnmodifiableEntrySet$1.<init>(Ljava/util/Collections$UnmodifiableMap$UnmodifiableEntrySet;)V @ 17
Event: 339.219 Thread 0x0000000002c35800 Uncommon trap: reason=class_check action=maybe_recompile pc=0x00000000056356e8 method=java.util.Collections$UnmodifiableMap.entrySet()Ljava/util/Set; @ 16
Event: 339.219 Thread 0x0000000002c35800 Uncommon trap: reason=class_check action=maybe_recompile pc=0x0000000005237a64 method=java.util.Collections$UnmodifiableMap$UnmodifiableEntrySet$1.<init>(Ljava/util/Collections$UnmodifiableMap$UnmodifiableEntrySet;)V @ 17
Event: 339.239 Thread 0x0000000002c35800 Uncommon trap: reason=class_check action=maybe_recompile pc=0x00000000056356e8 method=java.util.Collections$UnmodifiableMap.entrySet()Ljava/util/Set; @ 16
Event: 339.239 Thread 0x0000000002c35800 Uncommon trap: reason=class_check action=maybe_recompile pc=0x0000000005237a64 method=java.util.Collections$UnmodifiableMap$UnmodifiableEntrySet$1.<init>(Ljava/util/Collections$UnmodifiableMap$UnmodifiableEntrySet;)V @ 17
Event: 339.509 Thread 0x0000000091417000 Uncommon trap: reason=unstable_if action=reinterpret pc=0x00000000073857a8 method=net.minecraft.client.renderer.BlockModelRenderer.func_187494_a(Lnet/minecraft/block/state/IBlockState;[ILnet/minecraft/util/EnumFacing;[FLjava/util/BitSet;)V @ 586

Classes redefined (0 events):
No events

Internal exceptions (10 events):
Event: 339.541 Thread 0x0000000029e1b800 Exception <a 'java/lang/InterruptedException': sleep interrupted> (0x00000007bfc8fb68) thrown at [C:\jenkins\workspace\8-2-build-windows-amd64-cygwin\jdk8u251\737\hotspot\src\share\vm\prims\jvm.cpp, line 3288]
Event: 339.542 Thread 0x0000000029e1b800 Exception <a 'java/lang/InterruptedException': sleep interrupted> (0x00000007bfc8fdc0) thrown at [C:\jenkins\workspace\8-2-build-windows-amd64-cygwin\jdk8u251\737\hotspot\src\share\vm\prims\jvm.cpp, line 3336]
Event: 339.570 Thread 0x0000000029e1b800 Exception <a 'java/lang/InterruptedException': sleep interrupted> (0x00000007bfc90068) thrown at [C:\jenkins\workspace\8-2-build-windows-amd64-cygwin\jdk8u251\737\hotspot\src\share\vm\prims\jvm.cpp, line 3336]
Event: 339.592 Thread 0x0000000029e1b800 Exception <a 'java/lang/InterruptedException': sleep interrupted> (0x00000007bfc90310) thrown at [C:\jenkins\workspace\8-2-build-windows-amd64-cygwin\jdk8u251\737\hotspot\src\share\vm\prims\jvm.cpp, line 3336]
Event: 339.623 Thread 0x0000000029e1b800 Exception <a 'java/lang/InterruptedException': sleep interrupted> (0x00000007bfc905b8) thrown at [C:\jenkins\workspace\8-2-build-windows-amd64-cygwin\jdk8u251\737\hotspot\src\share\vm\prims\jvm.cpp, line 3336]
Event: 339.645 Thread 0x0000000029e1b800 Exception <a 'java/lang/InterruptedException': sleep interrupted> (0x00000007bfc90860) thrown at [C:\jenkins\workspace\8-2-build-windows-amd64-cygwin\jdk8u251\737\hotspot\src\share\vm\prims\jvm.cpp, line 3336]
Event: 339.645 Thread 0x0000000029e1b800 Exception <a 'java/lang/InterruptedException': sleep interrupted> (0x00000007bfc90ae0) thrown at [C:\jenkins\workspace\8-2-build-windows-amd64-cygwin\jdk8u251\737\hotspot\src\share\vm\prims\jvm.cpp, line 3336]
Event: 339.672 Thread 0x0000000029e1b800 Exception <a 'java/lang/InterruptedException': sleep interrupted> (0x00000007bfc90d60) thrown at [C:\jenkins\workspace\8-2-build-windows-amd64-cygwin\jdk8u251\737\hotspot\src\share\vm\prims\jvm.cpp, line 3336]
Event: 339.694 Thread 0x0000000029e1b800 Exception <a 'java/lang/InterruptedException': sleep interrupted> (0x00000007bfc91008) thrown at [C:\jenkins\workspace\8-2-build-windows-amd64-cygwin\jdk8u251\737\hotspot\src\share\vm\prims\jvm.cpp, line 3336]
Event: 339.727 Thread 0x0000000029e1b800 Exception <a 'java/lang/InterruptedException': sleep interrupted> (0x00000007bfc912b0) thrown at [C:\jenkins\workspace\8-2-build-windows-amd64-cygwin\jdk8u251\737\hotspot\src\share\vm\prims\jvm.cpp, line 3336]

Events (10 events):
Event: 339.239 Thread 0x0000000002c35800 Uncommon trap: trap_request=0xffffffde fr.pc=0x0000000005237a64
Event: 339.239 Thread 0x0000000002c35800 DEOPT PACKING pc=0x0000000005237a64 sp=0x0000000002c2dfb0
Event: 339.239 Thread 0x0000000002c35800 DEOPT UNPACKING pc=0x0000000002d7583b sp=0x0000000002c2df08 mode 2
Event: 339.466 Executing VM operation: G1IncCollectionPause
Event: 339.477 Executing VM operation: G1IncCollectionPause done
Event: 339.509 Thread 0x0000000091417000 Uncommon trap: trap_request=0xffffff65 fr.pc=0x00000000073857a8
Event: 339.509 Thread 0x0000000091417000 DEOPT PACKING pc=0x00000000073857a8 sp=0x000000006938e4a0
Event: 339.509 Thread 0x0000000091417000 DEOPT UNPACKING pc=0x0000000002d7583b sp=0x000000006938e400 mode 2
Event: 339.541 Executing VM operation: RevokeBias
Event: 339.541 Executing VM operation: RevokeBias done


Dynamic libraries:
0x00007ff6e1e50000 - 0x00007ff6e1e87000 	C:\Program Files\Java\jdk1.8.0_251\jre\bin\java.exe
0x00007ffce31e0000 - 0x00007ffce33d0000 	C:\WINDOWS\SYSTEM32\ntdll.dll
0x00007ffce2c40000 - 0x00007ffce2cf2000 	C:\WINDOWS\System32\KERNEL32.DLL
0x00007ffce0fe0000 - 0x00007ffce1284000 	C:\WINDOWS\System32\KERNELBASE.dll
0x00007ffce2610000 - 0x00007ffce26b3000 	C:\WINDOWS\System32\ADVAPI32.dll
0x00007ffce2d00000 - 0x00007ffce2d9e000 	C:\WINDOWS\System32\msvcrt.dll
0x00007ffce1de0000 - 0x00007ffce1e77000 	C:\WINDOWS\System32\sechost.dll
0x00007ffce2fd0000 - 0x00007ffce30f0000 	C:\WINDOWS\System32\RPCRT4.dll
0x00007ffce1aa0000 - 0x00007ffce1c34000 	C:\WINDOWS\System32\USER32.dll
0x00007ffce0a50000 - 0x00007ffce0a71000 	C:\WINDOWS\System32\win32u.dll
0x00007ffce1e80000 - 0x00007ffce1ea6000 	C:\WINDOWS\System32\GDI32.dll
0x00007ffce0d20000 - 0x00007ffce0eb6000 	C:\WINDOWS\System32\gdi32full.dll
0x00007ffce0ef0000 - 0x00007ffce0f8e000 	C:\WINDOWS\System32\msvcp_win.dll
0x00007ffce0950000 - 0x00007ffce0a4a000 	C:\WINDOWS\System32\ucrtbase.dll
0x00007ffcd2420000 - 0x00007ffcd26a4000 	C:\WINDOWS\WinSxS\amd64_microsoft.windows.common-controls_6595b64144ccf1df_6.0.18362.959_none_e6c7bbbf130c62bb\COMCTL32.dll
0x00007ffce27e0000 - 0x00007ffce2b15000 	C:\WINDOWS\System32\combase.dll
0x00007ffce0a80000 - 0x00007ffce0b00000 	C:\WINDOWS\System32\bcryptPrimitives.dll
0x00007ffce27b0000 - 0x00007ffce27de000 	C:\WINDOWS\System32\IMM32.DLL
0x0000000061c70000 - 0x0000000061d42000 	C:\Program Files\Java\jdk1.8.0_251\jre\bin\msvcr100.dll
0x0000000060a40000 - 0x00000000612eb000 	C:\Program Files\Java\jdk1.8.0_251\jre\bin\server\jvm.dll
0x00007ffce1360000 - 0x00007ffce1368000 	C:\WINDOWS\System32\PSAPI.DLL
0x00007ffcc2950000 - 0x00007ffcc2959000 	C:\WINDOWS\SYSTEM32\WSOCK32.dll
0x00007ffcdddb0000 - 0x00007ffcdddd4000 	C:\WINDOWS\SYSTEM32\WINMM.dll
0x00007ffcd7d90000 - 0x00007ffcd7d9a000 	C:\WINDOWS\SYSTEM32\VERSION.dll
0x00007ffce25a0000 - 0x00007ffce260f000 	C:\WINDOWS\System32\WS2_32.dll
0x00007ffcdd930000 - 0x00007ffcdd95d000 	C:\WINDOWS\SYSTEM32\WINMMBASE.dll
0x00007ffce0f90000 - 0x00007ffce0fda000 	C:\WINDOWS\System32\cfgmgr32.dll
0x00007ffcddf60000 - 0x00007ffcddf6f000 	C:\Program Files\Java\jdk1.8.0_251\jre\bin\verify.dll
0x00007ffcc0510000 - 0x00007ffcc0539000 	C:\Program Files\Java\jdk1.8.0_251\jre\bin\java.dll
0x00007ffcdaae0000 - 0x00007ffcdaaf6000 	C:\Program Files\Java\jdk1.8.0_251\jre\bin\zip.dll
0x00007ffce1eb0000 - 0x00007ffce2596000 	C:\WINDOWS\System32\SHELL32.dll
0x00007ffce19f0000 - 0x00007ffce1a99000 	C:\WINDOWS\System32\shcore.dll
0x00007ffce0160000 - 0x00007ffce08e2000 	C:\WINDOWS\System32\windows.storage.dll
0x00007ffce0130000 - 0x00007ffce0153000 	C:\WINDOWS\System32\profapi.dll
0x00007ffce00c0000 - 0x00007ffce010a000 	C:\WINDOWS\System32\powrprof.dll
0x00007ffce0090000 - 0x00007ffce00a0000 	C:\WINDOWS\System32\UMPDC.dll
0x00007ffce1d80000 - 0x00007ffce1dd2000 	C:\WINDOWS\System32\shlwapi.dll
0x00007ffce00a0000 - 0x00007ffce00b1000 	C:\WINDOWS\System32\kernel.appcore.dll
0x00007ffce0d00000 - 0x00007ffce0d17000 	C:\WINDOWS\System32\cryptsp.dll
0x00007ffcda990000 - 0x00007ffcda99d000 	C:\Program Files\Java\jdk1.8.0_251\jre\bin\management.dll
0x00007ffcd1a50000 - 0x00007ffcd1a6a000 	C:\Program Files\Java\jdk1.8.0_251\jre\bin\net.dll
0x00007ffcdf900000 - 0x00007ffcdf967000 	C:\WINDOWS\system32\mswsock.dll
0x00007ffcb7450000 - 0x00007ffcb7466000 	C:\WINDOWS\system32\napinsp.dll
0x00007ffcb6420000 - 0x00007ffcb643a000 	C:\WINDOWS\system32\pnrpnsp.dll
0x00007ffcdf650000 - 0x00007ffcdf71b000 	C:\WINDOWS\SYSTEM32\DNSAPI.dll
0x00007ffce2ba0000 - 0x00007ffce2ba8000 	C:\WINDOWS\System32\NSI.dll
0x00007ffcdf610000 - 0x00007ffcdf64a000 	C:\WINDOWS\SYSTEM32\IPHLPAPI.DLL
0x00007ffcca8a0000 - 0x00007ffcca8ae000 	C:\WINDOWS\System32\winrnr.dll
0x00007ffcdbd80000 - 0x00007ffcdbd9c000 	C:\WINDOWS\system32\NLAapi.dll
0x00007ffcdc1e0000 - 0x00007ffcdc1f5000 	C:\WINDOWS\system32\wshbth.dll
0x00007ffcd8d90000 - 0x00007ffcd8d9a000 	C:\Windows\System32\rasadhlp.dll
0x00007ffcd4360000 - 0x00007ffcd43d7000 	C:\WINDOWS\System32\fwpuclnt.dll
0x00007ffce0ec0000 - 0x00007ffce0ee6000 	C:\WINDOWS\System32\bcrypt.dll
0x00007ffcd1370000 - 0x00007ffcd1382000 	C:\Program Files\Java\jdk1.8.0_251\jre\bin\nio.dll
0x00007ffcbc560000 - 0x00007ffcbc584000 	C:\Program Files\Java\jdk1.8.0_251\jre\bin\sunec.dll
0x00007ffcc04f0000 - 0x00007ffcc0507000 	C:\Program Files\Java\jdk1.8.0_251\jre\bin\unpack.dll
0x00007ffcd48e0000 - 0x00007ffcd48f6000 	C:\WINDOWS\SYSTEM32\dhcpcsvc6.DLL
0x00007ffcd4ad0000 - 0x00007ffcd4aec000 	C:\WINDOWS\SYSTEM32\dhcpcsvc.DLL
0x00007ffcdf470000 - 0x00007ffcdf4a3000 	C:\WINDOWS\system32\rsaenh.dll
0x00007ffcdff80000 - 0x00007ffcdffa5000 	C:\WINDOWS\SYSTEM32\USERENV.dll
0x00007ffcdfad0000 - 0x00007ffcdfadc000 	C:\WINDOWS\SYSTEM32\CRYPTBASE.dll
0x00007ffcda760000 - 0x00007ffcda76c000 	C:\Program Files\Java\jdk1.8.0_251\jre\bin\sunmscapi.dll
0x00007ffce0bb0000 - 0x00007ffce0cf9000 	C:\WINDOWS\System32\CRYPT32.dll
0x00007ffce0110000 - 0x00007ffce0122000 	C:\WINDOWS\System32\MSASN1.dll
0x00007ffcdfbd0000 - 0x00007ffcdfbf6000 	C:\WINDOWS\SYSTEM32\ncrypt.dll
0x00007ffcdfb90000 - 0x00007ffcdfbcb000 	C:\WINDOWS\SYSTEM32\NTASN1.dll
0x0000000180000000 - 0x0000000180053000 	C:\Users\\Desktop\lxr\mc\\.minecraft\versions\1.12.2\1.12.2-natives\lwjgl64.dll
0x00007ffcb6b60000 - 0x00007ffcb6cb6000 	C:\WINDOWS\SYSTEM32\OPENGL32.dll
0x00007ffcd8390000 - 0x00007ffcd83bc000 	C:\WINDOWS\SYSTEM32\GLU32.dll
0x00007ffcded00000 - 0x00007ffcded20000 	C:\WINDOWS\SYSTEM32\dxcore.dll
0x00007ffc9a830000 - 0x00007ffc9a9ca000 	C:\Program Files\Java\jdk1.8.0_251\jre\bin\awt.dll
0x00007ffce2da0000 - 0x00007ffce2e65000 	C:\WINDOWS\System32\OLEAUT32.dll
0x00007ffcde080000 - 0x00007ffcde10f000 	C:\WINDOWS\SYSTEM32\apphelp.dll
0x00007ffcdb020000 - 0x00007ffcdb0ce000 	C:\WINDOWS\SYSTEM32\mscms.dll
0x00007ffcdafa0000 - 0x00007ffcdafb7000 	C:\WINDOWS\SYSTEM32\ColorAdapterClient.dll
0x00007ffce30f0000 - 0x00007ffce3192000 	C:\WINDOWS\System32\clbcatq.dll
0x00007ffcd8d70000 - 0x00007ffcd8d8a000 	C:\Windows\System32\Windows.Internal.Graphics.Display.DisplayColorManagement.dll
0x00007ffcde180000 - 0x00007ffcde219000 	C:\WINDOWS\system32\uxtheme.dll
0x00007ffce1c40000 - 0x00007ffce1d75000 	C:\WINDOWS\System32\MSCTF.dll
0x00007ffc7b9c0000 - 0x00007ffc7c899000 	C:\WINDOWS\System32\DriverStore\FileRepository\igdlh64.inf_amd64_34608ea80420afa7\ig9icd64.dll
0x00007ffcded90000 - 0x00007ffcdee7b000 	C:\WINDOWS\SYSTEM32\dxgi.dll
0x00007ffcde5b0000 - 0x00007ffcde5dd000 	C:\WINDOWS\SYSTEM32\dwmapi.dll
0x00007ffcdc910000 - 0x00007ffcdc923000 	C:\WINDOWS\SYSTEM32\WTSAPI32.dll
0x00007ffcb0ad0000 - 0x00007ffcb0b13000 	C:\WINDOWS\SYSTEM32\icm32.dll
0x00007ffcd4b80000 - 0x00007ffcd6182000 	C:\WINDOWS\System32\DriverStore\FileRepository\igdlh64.inf_amd64_34608ea80420afa7\igc64.dll
0x00007ffcb0390000 - 0x00007ffcb03d2000 	C:\Users\\AppData\Local\Temp\jna-24253310\jna8642545225520748459.dll
0x00007ffcb48b0000 - 0x00007ffcb48e1000 	C:\Program Files\Java\jdk1.8.0_251\jre\bin\jpeg.dll
0x0000000030210000 - 0x0000000030274000 	C:\Users\\Desktop\lxr\mc\\.minecraft\versions\1.12.2\1.12.2-natives\OpenAL64.dll
0x00007ffce2e70000 - 0x00007ffce2fc7000 	C:\WINDOWS\System32\ole32.dll
0x00007ffcd9150000 - 0x00007ffcd91c2000 	C:\WINDOWS\System32\MMDevApi.dll
0x00007ffcdfe90000 - 0x00007ffcdfeba000 	C:\WINDOWS\System32\DEVOBJ.dll
0x00007ffcbeab0000 - 0x00007ffcbeb49000 	C:\WINDOWS\SYSTEM32\dsound.dll
0x00007ffcd92e0000 - 0x00007ffcd943d000 	C:\WINDOWS\SYSTEM32\AUDIOSES.DLL
0x00007ffcdc200000 - 0x00007ffcdc353000 	C:\WINDOWS\SYSTEM32\wintypes.dll
0x00007ffcde4c0000 - 0x00007ffcde4d4000 	C:\WINDOWS\SYSTEM32\resourcepolicyclient.dll
0x00007ffcbb690000 - 0x00007ffcbb72e000 	C:\WINDOWS\System32\TextInputFramework.dll
0x00007ffcdb910000 - 0x00007ffcdbc3a000 	C:\WINDOWS\System32\CoreUIComponents.dll
0x00007ffcdf0f0000 - 0x00007ffcdf121000 	C:\WINDOWS\SYSTEM32\ntmarta.dll
0x00007ffcddcd0000 - 0x00007ffcddda4000 	C:\WINDOWS\System32\CoreMessaging.dll
0x00007ffccf280000 - 0x00007ffccf526000 	C:\WINDOWS\System32\iertutil.dll
0x00007ffca0240000 - 0x00007ffca0429000 	C:\WINDOWS\system32\sogoutsf.ime
0x00007ffcd2860000 - 0x00007ffcd2867000 	C:\WINDOWS\system32\MSIMG32.dll
0x00007ffc9eb10000 - 0x00007ffc9f387000 	C:\WINDOWS\system32\SogouPy.ime
0x00007ffcd30e0000 - 0x00007ffcd31d0000 	C:\WINDOWS\SYSTEM32\WINHTTP.dll
0x00007ffcd2320000 - 0x00007ffcd2385000 	C:\WINDOWS\SYSTEM32\OLEACC.dll
0x0000000064840000 - 0x000000006497c000 	C:\Program Files (x86)\SogouInput\9.3.0.3129\Resource.dll
0x00007ffc9fc90000 - 0x00007ffc9fef9000 	C:\Program Files (x86)\SogouInput\Components\PicFace\1.1.0.1859\PicFace64.dll
0x00007ffce1290000 - 0x00007ffce1360000 	C:\WINDOWS\System32\COMDLG32.dll
0x00007ffcd7160000 - 0x00007ffcd7178000 	C:\Program Files (x86)\SogouInput\Components\VoiceInput\1.0.0.162\VoiceInput64.dll
0x00007ffcbef90000 - 0x00007ffcbefaa000 	C:\Users\\Desktop\lxr\mc\\.minecraft\versions\1.12.2\1.12.2-natives\SAPIWrapper_x64.dll

VM Arguments:
jvm_args: -Dminecraft.client.jar=.minecraft\versions\1.12.2\1.12.2.jar -XX:+UnlockExperimentalVMOptions -XX:+UseG1GC -XX:G1NewSizePercent=20 -XX:G1ReservePercent=20 -XX:MaxGCPauseMillis=50 -XX:G1HeapRegionSize=16M -XX:-UseAdaptiveSizePolicy -XX:-OmitStackTraceInFastThrow -Xmn128m -Xmx5000m -Dfml.ignoreInvalidMinecraftCertificates=true -Dfml.ignorePatchDiscrepancies=true -XX:HeapDumpPath=MojangTricksIntelDriversForPerformance_javaw.exe_minecraft.exe.heapdump -Djava.library.path=C:\Users\\Desktop\lxr\mc\\.minecraft\versions\1.12.2\1.12.2-natives -Dminecraft.launcher.brand=HMCL -Dminecraft.launcher.version=3.2.130 
java_command: net.minecraft.launchwrapper.Launch --width 854 --height 480 --username dd3xp --version HMCL 3.2.130 --gameDir C:\Users\\Desktop\lxr\mc\\.minecraft --assetsDir C:\Users\\Desktop\lxr\mc\\.minecraft\assets --assetIndex 1.12 --uuid e88efc507ade4c5a9b9a43d65691c9fd --accessToken eyJhbGciOiJIUzI1NiJ9.eyJzdWIiOiI1MWMyNWI1N2I3ODc0MzMxYTgxYmJkMDU3NjMxMTA3MCIsInlnZ3QiOiIxZGFiMDFmOGM3OGI0ZjgzYjY2NmE0OTA3ZmQ0MTNhMSIsInNwciI6ImU4OGVmYzUwN2FkZTRjNWE5YjlhNDNkNjU2OTFjOWZkIiwiaXNzIjoiWWdnZHJhc2lsLUF1dGgiLCJleHAiOjE1OTY3MTQyMzEsImlhdCI6MTU5NjU0MTQzMX0.YXcQa_klUY6nsQuj8JxS0j1XWRzSFtSzEvKBw6loXyc --userType mojang --tweakClass net.minecraftforge.fml.common.launcher.FMLTweaker --versionType Forge --tweakClass optifine.OptiFineForgeTweaker
java_class_path (initial): C:\Users\\Desktop\lxr\mc\\.minecraft\libraries\com\google\code\gson\gson\2.8.0\gson-2.8.0.jar;C:\Users\\Desktop\lxr\mc\\.minecraft\libraries\com\google\guava\guava\21.0\guava-21.0.jar;C:\Users\\Desktop\lxr\mc\\.minecraft\libraries\com\ibm\icu\icu4j-core-mojang\51.2\icu4j-core-mojang-51.2.jar;C:\Users\\Desktop\lxr\mc\\.minecraft\libraries\com\mojang\authlib\1.5.25\authlib-1.5.25.jar;C:\Users\\Desktop\lxr\mc\\.minecraft\libraries\com\mojang\patchy\1.1\patchy-1.1.jar;C:\Users\\Desktop\lxr\mc\\.minecraft\libraries\com\mojang\realms\1.10.22\realms-1.10.22.jar;C:\Users\\Desktop\lxr\mc\\.minecraft\libraries\com\mojang\text2speech\1.10.3\text2speech-1.10.3.jar;C:\Users\\Desktop\lxr\mc\\.minecraft\libraries\com\paulscode\codecjorbis\20101023\codecjorbis-20101023.jar;C:\Users\\Desktop\lxr\mc\\.minecraft\libraries\com\paulscode\codecwav\20101023\codecwav-20101023.jar;C:\Users\\Desktop\lxr\mc\\.minecraft\libraries\com\paulscode\libraryjavasound\20101123\libraryjavasound-20101123.jar;C:\Users\\Desktop\lxr\mc\\.minecraft\libraries\com\paulscode\librarylwjglopenal\20100824\librarylwjglopenal-20100824.jar;C:\Users\\Desktop\lxr\mc\\.minecraft\libraries\com\paulscode\soundsystem\20120107\soundsystem-20120107.jar;C:\Users\\Desktop\lxr\mc\\.minecraft\libraries\com\typesafe\akka\akka-actor_2.11\2.3.3\akka-actor_2.11-2.3.3.jar;C:\Users\\Desktop\lxr\mc\\.minecraft\libraries\com\typesafe\config\1.2.1\config-1.2.1.jar;C:\Users\\Desktop\lxr\mc\\.minecraft\libraries\commons-codec\commons-codec\1.10\commons-codec-1.10.jar;C:\Users\\Desktop\lxr\mc\\.minecraft\libraries\commons-io\commons-io\2.5\commons-io-2.5.jar;C:\Users\\Desktop\lxr\mc\
Launcher Type: SUN_STANDARD

Environment Variables:
JAVA_HOME=C:\Program Files\Java\jdk1.8.0_251
PATH=C:\Program Files (x86)\Common Files\Oracle\Java\javapath;C:\ProgramData\Oracle\Java\javapath;C:\Program Files (x86)\Intel\iCLS Client\;C:\Program Files\Intel\iCLS Client\;C:\Windows\system32;C:\Windows;C:\Windows\System32\Wbem;C:\Windows\System32\WindowsPowerShell\v1.0\;C:\Program Files (x86)\Intel\Intel(R) Management Engine Components\DAL;C:\Program Files\Intel\Intel(R) Management Engine Components\DAL;C:\Program Files (x86)\Intel\Intel(R) Management Engine Components\IPT;C:\Program Files\Intel\Intel(R) Management Engine Components\IPT;C:\WINDOWS\system32;C:\WINDOWS;C:\WINDOWS\System32\Wbem;C:\WINDOWS\System32\WindowsPowerShell\v1.0\;C:\WINDOWS\System32\OpenSSH\;C:\Program Files\Intel\WiFi\bin\;C:\Program Files\Common Files\Intel\WirelessCommon\;C:\Program Files\NVIDIA Corporation\NVIDIA NvDLISR;C:\Program Files (x86)\NVIDIA Corporation\PhysX\Common;C:\Program Files\Java\jdk1.8.0_251\bin;C:\Users\\AppData\Local\Microsoft\WindowsApps;
USERNAME=
OS=Windows_NT
PROCESSOR_IDENTIFIER=Intel64 Family 6 Model 142 Stepping 10, GenuineIntel



---------------  S Y S T E M  ---------------

OS: Windows 10.0 , 64 bit Build 18362 (10.0.18362.959)

CPU:total 8 (initial active 8) (4 cores per cpu, 2 threads per core) family 6 model 142 stepping 10, cmov, cx8, fxsr, mmx, sse, sse2, sse3, ssse3, sse4.1, sse4.2, popcnt, avx, avx2, aes, clmul, erms, 3dnowpref, lzcnt, ht, tsc, tscinvbit, bmi1, bmi2, adx

Memory: 4k page, physical 8269924k(1121964k free), swap 14102300k(3500k free)

vm_info: Java HotSpot(TM) 64-Bit Server VM (25.251-b08) for windows-amd64 JRE (1.8.0_251-b08), built on Mar 12 2020 06:31:49 by "" with MS VC++ 10.0 (VS2010)

time: Tue Aug 04 08:06:16 2020
timezone: 
elapsed time: 339 seconds (0d 0h 5m 39s)

