[09:14:32] [INFO] More Chickens PreInit...
[09:16:16] [INFO] More Chickens Init...
[09:16:16] [INFO] Looking for More Chickens addon...
[09:16:16] [INFO] Loading More Chickens addon...
[09:16:16] [INFO] Looking for Base Metals addon...
[09:16:16] [INFO] Loading Base Metals addon...
[09:16:16] [ERROR] Error Registering (basemetals) Chicken: 'zincchicken' It's LayItem was null
[09:16:16] [ERROR] Error Registering (basemetals) Chicken: 'brasschicken' It's LayItem was null
[09:16:16] [ERROR] Error Registering (basemetals) Chicken: 'cupronickelchicken' It's LayItem was null
[09:16:16] [ERROR] Error Registering (basemetals) Chicken: 'amberchicken' It's LayItem was null
[09:16:16] [ERROR] Error Registering (basemetals) Chicken: 'amethystchicken' It's LayItem was null
[09:16:16] [ERROR] Error Registering (basemetals) Chicken: 'malachitechicken' It's LayItem was null
[09:16:16] [ERROR] Error Registering (basemetals) Chicken: 'peridotchicken' It's LayItem was null
[09:16:16] [ERROR] Error Registering (basemetals) Chicken: 'rubychicken' It's LayItem was null
[09:16:16] [ERROR] Error Registering (basemetals) Chicken: 'sapphirechicken' It's LayItem was null
[09:16:16] [ERROR] Error Registering (basemetals) Chicken: 'tanzanitechicken' It's LayItem was null
[09:16:16] [ERROR] Error Registering (basemetals) Chicken: 'topazchicken' It's LayItem was null
[09:16:16] [ERROR] Error Registering (basemetals) Chicken: 'garnetchicken' It's LayItem was null
[09:16:16] [INFO] Looking for Botania addon...
[09:16:16] [INFO] Looking for Draconic Evolution addon...
[09:16:16] [INFO] Looking for EnderIO addon...
[09:16:16] [INFO] Loading EnderIO addon...
[09:16:16] [INFO] Looking for Extreme Reactors addon...
[09:16:16] [INFO] Loading Extreme Reactors addon...
[09:16:16] [INFO] Looking for Immersive Engineering addon...
[09:16:16] [INFO] Loading Immersive Engineering addon...
[09:16:16] [INFO] Looking for Mekanism addon...
[09:16:16] [INFO] Loading Mekanism addon...
[09:16:16] [INFO] Looking for Thermal Foundation addon...
[09:16:16] [INFO] Loading Thermal Foundation addon...
[09:16:16] [INFO] Looking for Tinkers Construct addon...
[09:16:16] [INFO] Loading Tinkers Construct addon...
[09:16:16] [INFO] Looking for Ars Magica 2 addon...
[09:16:16] [INFO] Looking for EvilCraft addon...
[09:16:16] [INFO] Looking for MineFactory Reloaded addon...
[09:16:16] [INFO] Looking for Actually Additions addon...
[09:16:16] [INFO] Loading Actually Additions addon...
[09:16:16] [INFO] Looking for Extra Utilities 2 addon...
[09:16:16] [INFO] Loading Extra Utilities 2 addon...
[09:16:16] [INFO] Looking for Refined Storage addon...
[09:16:16] [INFO] Looking for Tech Reborn addon...
[09:16:16] [INFO] Loading Tech Reborn addon...
[09:16:16] [ERROR] Error Registering (techreborn) Chicken: 'yellowgarnetchicken' It's LayItem was null
[09:16:16] [ERROR] Error Registering (techreborn) Chicken: 'chromechicken' It's LayItem was null
[09:16:16] [ERROR] Error Registering (techreborn) Chicken: 'titaniumchicken' It's LayItem was null
[09:16:16] [ERROR] Error Registering (techreborn) Chicken: 'tungstenchicken' It's LayItem was null
[09:16:16] [ERROR] Error Registering (techreborn) Chicken: 'tungstensteelchicken' It's LayItem was null
[09:16:16] [ERROR] Error Registering (techreborn) Chicken: 'refinedironchicken' It's LayItem was null
[09:16:16] [INFO] More Chickens Loading Config...
