[14:48:53] [main/INFO]: Using primary tweak class name net.minecraftforge.fml.common.launcher.FMLTweaker
[14:48:53] [main/INFO]: Loading tweak class name optifine.OptiFineForgeTweaker
[14:48:53] [main/INFO]: Calling tweak class net.minecraftforge.fml.common.launcher.FMLTweaker
[14:48:53] [main/INFO]: Forge Mod Loader version 14.23.5.2847 for Minecraft 1.12.2 loading
[14:48:53] [main/INFO]: Java is Java HotSpot(TM) 64-Bit Server VM, version 1.8.0_251, running on Windows 10:amd64:10.0, installed at C:\Program Files\Java\jdk1.8.0_251\jre
[14:48:53] [main/WARN]: The coremod FMLCorePlugin (net.minecraftforge.fml.relauncher.FMLCorePlugin) is not signed!
[14:48:53] [main/WARN]: The coremod FMLForgePlugin (net.minecraftforge.classloading.FMLForgePlugin) is not signed!
[14:48:53] [main/INFO]: Searching C:\Users\张景铭\Desktop\lxr\mc\自然灵气整合包\.minecraft\mods for mods
[14:48:53] [main/WARN]: Found FMLCorePluginContainsFMLMod marker in astralsorcery-1.12.2-1.10.23.jar. This is not recommended, @Mods should be in a separate jar from the coremod.
[14:48:53] [main/WARN]: The coremod hellfirepvp.astralsorcery.core.AstralCore does not have a MCVersion annotation, it may cause issues with this version of Minecraft
[14:48:53] [main/INFO]: [AstralCore] Initialized.
[14:48:53] [main/WARN]: Found FMLCorePluginContainsFMLMod marker in CTM-MC1.12.2-1.0.2.31.jar. This is not recommended, @Mods should be in a separate jar from the coremod.
[14:48:53] [main/WARN]: The coremod team.chisel.ctm.client.asm.CTMCorePlugin does not have a MCVersion annotation, it may cause issues with this version of Minecraft
[14:48:53] [main/WARN]: The coremod CTMCorePlugin (team.chisel.ctm.client.asm.CTMCorePlugin) is not signed!
[14:48:53] [main/WARN]: Found FMLCorePluginContainsFMLMod marker in CustomSkinLoader_Forge-14.9.jar. This is not recommended, @Mods should be in a separate jar from the coremod.
[14:48:53] [main/WARN]: The coremod customskinloader.forge.ForgePlugin does not have a MCVersion annotation, it may cause issues with this version of Minecraft
[14:48:53] [main/WARN]: The coremod ForgePlugin (customskinloader.forge.ForgePlugin) is not signed!
[14:48:53] [main/WARN]: Found FMLCorePluginContainsFMLMod marker in Forgelin-1.8.4.jar. This is not recommended, @Mods should be in a separate jar from the coremod.
[14:48:53] [main/WARN]: The coremod net.shadowfacts.forgelin.preloader.ForgelinPlugin does not have a MCVersion annotation, it may cause issues with this version of Minecraft
[14:48:53] [main/WARN]: The coremod ForgelinPlugin (net.shadowfacts.forgelin.preloader.ForgelinPlugin) is not signed!
[14:48:53] [main/WARN]: Found FMLCorePluginContainsFMLMod marker in InventoryTweaks-1.63.jar. This is not recommended, @Mods should be in a separate jar from the coremod.
[14:48:54] [main/WARN]: The coremod invtweaks.forge.asm.FMLPlugin does not have a MCVersion annotation, it may cause issues with this version of Minecraft
[14:48:54] [main/WARN]: The coremod me.towdium.jecharacters.core.JechCore does not have a MCVersion annotation, it may cause issues with this version of Minecraft
[14:48:54] [main/WARN]: The coremod JechCore (me.towdium.jecharacters.core.JechCore) is not signed!
[14:48:54] [main/WARN]: Found FMLCorePluginContainsFMLMod marker in Mekanism-1.12.2-9.8.3.390.jar. This is not recommended, @Mods should be in a separate jar from the coremod.
[14:48:54] [main/WARN]: The coremod mekanism.coremod.MekanismCoremod does not have a MCVersion annotation, it may cause issues with this version of Minecraft
[14:48:54] [main/WARN]: The coremod MekanismCoremod (mekanism.coremod.MekanismCoremod) is not signed!
[14:48:54] [main/WARN]: Found FMLCorePluginContainsFMLMod marker in OpenModsLib-1.12.2-0.12.2.jar. This is not recommended, @Mods should be in a separate jar from the coremod.
[14:48:54] [main/WARN]: The coremod openmods.core.OpenModsCorePlugin does not have a MCVersion annotation, it may cause issues with this version of Minecraft
[14:48:54] [main/WARN]: Found FMLCorePluginContainsFMLMod marker in RandomThings-MC1.12.2-4.2.7.3.jar. This is not recommended, @Mods should be in a separate jar from the coremod.
[14:48:54] [main/WARN]: The coremod lumien.randomthings.asm.LoadingPlugin does not have a MCVersion annotation, it may cause issues with this version of Minecraft
[14:48:54] [main/WARN]: The coremod blusunrize.immersiveengineering.common.asm.IELoadingPlugin does not have a MCVersion annotation, it may cause issues with this version of Minecraft
[14:48:54] [main/INFO]: Calling tweak class optifine.OptiFineForgeTweaker
[14:48:54] [main/INFO]: [optifine.OptiFineForgeTweaker:dbg:56]: OptiFineForgeTweaker: acceptOptions
[14:48:54] [main/INFO]: [optifine.OptiFineForgeTweaker:dbg:56]: OptiFineForgeTweaker: injectIntoClassLoader
[14:48:54] [main/INFO]: [optifine.OptiFineClassTransformer:dbg:242]: OptiFine ClassTransformer
[14:48:54] [main/INFO]: [optifine.OptiFineClassTransformer:dbg:242]: OptiFine ZIP file: C:\Users\张景铭\Desktop\lxr\mc\自然灵气整合包\.minecraft\libraries\optifine\OptiFine\1.12.2_HD_U_F5\OptiFine-1.12.2_HD_U_F5.jar
[14:48:54] [main/INFO]: Loading tweak class name net.minecraftforge.fml.common.launcher.FMLInjectionAndSortingTweaker
[14:48:54] [main/INFO]: Loading tweak class name net.minecraftforge.fml.common.launcher.FMLDeobfTweaker
[14:48:54] [main/INFO]: Calling tweak class net.minecraftforge.fml.common.launcher.FMLInjectionAndSortingTweaker
[14:48:54] [main/INFO]: Calling tweak class net.minecraftforge.fml.common.launcher.FMLInjectionAndSortingTweaker
[14:48:54] [main/INFO]: Calling tweak class net.minecraftforge.fml.relauncher.CoreModManager$FMLPluginWrapper
[14:48:56] [main/INFO]: Found valid fingerprint for Minecraft. Certificate fingerprint cd99959656f753dc28d863b46769f7f8fbaefcfc
[14:48:56] [main/ERROR]: FML appears to be missing any signature data. This is not a good thing
[14:48:56] [main/INFO]: Calling tweak class net.minecraftforge.fml.relauncher.CoreModManager$FMLPluginWrapper
[14:48:56] [main/INFO]: Calling tweak class net.minecraftforge.fml.relauncher.CoreModManager$FMLPluginWrapper
[14:48:56] [main/INFO]: [customskinloader.Logger:log:68]: [main INFO] [CSL DEBUG] REGISTERING TRANSFORMER customskinloader.forge.transformer.SkinManagerTransformer$InitTransformer
[14:48:56] [main/INFO]: [customskinloader.Logger:log:68]: [main INFO] [CSL DEBUG] REGISTERING METHOD net.minecraft.client.resources.SkinManager(<init>(Lnet/minecraft/client/renderer/texture/TextureManager;Ljava/io/File;Lcom/mojang/authlib/minecraft/MinecraftSessionService;)V)
[14:48:56] [main/INFO]: [customskinloader.Logger:log:68]: [main INFO] [CSL DEBUG] REGISTERING TRANSFORMER customskinloader.forge.transformer.SkinManagerTransformer$LoadSkinTransformer
[14:48:56] [main/INFO]: [customskinloader.Logger:log:68]: [main INFO] [CSL DEBUG] REGISTERING METHOD net.minecraft.client.resources.SkinManager(func_152789_a(Lcom/mojang/authlib/minecraft/MinecraftProfileTexture;Lcom/mojang/authlib/minecraft/MinecraftProfileTexture$Type;Lnet/minecraft/client/resources/SkinManager$SkinAvailableCallback;)Lnet/minecraft/util/ResourceLocation;)
[14:48:56] [main/INFO]: [customskinloader.Logger:log:68]: [main INFO] [CSL DEBUG] REGISTERING METHOD net.minecraft.client.resources.SkinManager(loadSkin(Lcom/mojang/authlib/minecraft/MinecraftProfileTexture;Lcom/mojang/authlib/minecraft/MinecraftProfileTexture$Type;Lnet/minecraft/client/resources/SkinManager$SkinAvailableCallback;)Lnet/minecraft/util/ResourceLocation;)
[14:48:56] [main/INFO]: [customskinloader.Logger:log:68]: [main INFO] [CSL DEBUG] REGISTERING TRANSFORMER customskinloader.forge.transformer.SkinManagerTransformer$LoadProfileTexturesTransformer
[14:48:56] [main/INFO]: [customskinloader.Logger:log:68]: [main INFO] [CSL DEBUG] REGISTERING METHOD net.minecraft.client.resources.SkinManager(func_152790_a(Lcom/mojang/authlib/GameProfile;Lnet/minecraft/client/resources/SkinManager$SkinAvailableCallback;Z)V)
[14:48:56] [main/INFO]: [customskinloader.Logger:log:68]: [main INFO] [CSL DEBUG] REGISTERING METHOD net.minecraft.client.resources.SkinManager(loadProfileTextures(Lcom/mojang/authlib/GameProfile;Lnet/minecraft/client/resources/SkinManager$SkinAvailableCallback;Z)V)
[14:48:56] [main/INFO]: [customskinloader.Logger:log:68]: [main INFO] [CSL DEBUG] REGISTERING TRANSFORMER customskinloader.forge.transformer.SkinManagerTransformer$LoadSkinFromCacheTransformer
[14:48:56] [main/INFO]: [customskinloader.Logger:log:68]: [main INFO] [CSL DEBUG] REGISTERING METHOD net.minecraft.client.resources.SkinManager(func_152788_a(Lcom/mojang/authlib/GameProfile;)Ljava/util/Map;)
[14:48:56] [main/INFO]: [customskinloader.Logger:log:68]: [main INFO] [CSL DEBUG] REGISTERING METHOD net.minecraft.client.resources.SkinManager(loadSkinFromCache(Lcom/mojang/authlib/GameProfile;)Ljava/util/Map;)
[14:48:56] [main/INFO]: [customskinloader.Logger:log:68]: [main INFO] [CSL DEBUG] REGISTERING TRANSFORMER customskinloader.forge.transformer.PlayerTabTransformer$ScoreObjectiveTransformer
[14:48:56] [main/INFO]: [customskinloader.Logger:log:68]: [main INFO] [CSL DEBUG] REGISTERING METHOD net.minecraft.client.gui.GuiPlayerTabOverlay(func_175249_a(ILnet/minecraft/scoreboard/Scoreboard;Lnet/minecraft/scoreboard/ScoreObjective;)V)
[14:48:56] [main/INFO]: [customskinloader.Logger:log:68]: [main INFO] [CSL DEBUG] REGISTERING METHOD net.minecraft.client.gui.GuiPlayerTabOverlay(renderPlayerlist(ILnet/minecraft/scoreboard/Scoreboard;Lnet/minecraft/scoreboard/ScoreObjective;)V)
[14:48:56] [main/INFO]: [customskinloader.Logger:log:68]: [main INFO] [CSL DEBUG] REGISTERING TRANSFORMER customskinloader.forge.transformer.SpectatorMenuTransformer$PlayerMenuObjectTransformer
[14:48:56] [main/INFO]: [customskinloader.Logger:log:68]: [main INFO] [CSL DEBUG] REGISTERING METHOD net.minecraft.client.gui.spectator.PlayerMenuObject(<init>(Lcom/mojang/authlib/GameProfile;)V)
[14:48:56] [main/INFO]: Calling tweak class net.minecraftforge.fml.relauncher.CoreModManager$FMLPluginWrapper
[14:48:56] [main/INFO]: Calling tweak class net.minecraftforge.fml.relauncher.CoreModManager$FMLPluginWrapper
[14:48:56] [main/INFO]: Starting loading pinyin data
[14:48:56] [main/INFO]: Finished loading pinyin data
[14:48:56] [main/INFO]: Calling tweak class net.minecraftforge.fml.relauncher.CoreModManager$FMLPluginWrapper
[14:48:57] [main/INFO]: Calling tweak class net.minecraftforge.fml.common.launcher.FMLDeobfTweaker
[14:48:57] [main/INFO]: [AstralTransformer] Loading patches...
[14:48:57] [main/INFO]: [AstralTransformer] Initialized! Loaded 14 class patches!
[14:48:57] [main/INFO]: Calling tweak class net.minecraftforge.fml.relauncher.CoreModManager$FMLPluginWrapper
[14:48:57] [main/INFO]: Calling tweak class net.minecraftforge.fml.relauncher.CoreModManager$FMLPluginWrapper
[14:48:57] [main/INFO]: Calling tweak class net.minecraftforge.fml.relauncher.CoreModManager$FMLPluginWrapper
[14:48:57] [main/INFO]: Calling tweak class net.minecraftforge.fml.relauncher.CoreModManager$FMLPluginWrapper
[14:48:57] [main/INFO]: Calling tweak class net.minecraftforge.fml.relauncher.CoreModManager$FMLPluginWrapper
[14:48:57] [main/INFO]: Calling tweak class net.minecraftforge.fml.relauncher.CoreModManager$FMLPluginWrapper
[14:48:57] [main/INFO]: Calling tweak class net.minecraftforge.fml.relauncher.CoreModManager$FMLPluginWrapper
[14:48:57] [main/INFO]: Loading tweak class name net.minecraftforge.fml.common.launcher.TerminalTweaker
[14:48:57] [main/INFO]: Calling tweak class net.minecraftforge.fml.common.launcher.TerminalTweaker
[14:48:57] [main/INFO]: [optifine.OptiFineForgeTweaker:dbg:56]: OptiFineForgeTweaker: getLaunchArguments
[14:48:57] [main/INFO]: Launching wrapped minecraft {net.minecraft.client.main.Main}
[14:48:58] [main/INFO]: Transforming net.minecraft.entity.player.EntityPlayer finished, added func_184613_cA() overriding EntityLivingBase
[14:48:58] [main/INFO]: [AstralTransformer] Transforming vp : net.minecraft.entity.EntityLivingBase with 4 patches!
[14:48:58] [main/INFO]: [AstralTransformer] Applied patch PATCHAPPLYPOTIONEFFECTEVENT
[14:48:58] [main/INFO]: [AstralTransformer] Applied patch PATCHENTITYLIVINGBASEWATERSLOWDOWN
[14:48:58] [main/INFO]: [AstralTransformer] Applied patch PATCHSETPLAYERATTRIBUTE
[14:48:58] [main/INFO]: [AstralTransformer] Applied patch PATCHUPDATEELYTRA
[14:48:58] [main/INFO]: [AstralTransformer] Transforming amu : net.minecraft.world.World with 2 patches!
[14:48:58] [main/INFO]: [AstralTransformer] Applied patch PATCHSUNBRIGHTNESSWORLDCLIENT
[14:48:58] [main/INFO]: [AstralTransformer] Applied patch PATCHSUNBRIGHTNESSWORLDCOMMON
[14:48:58] [main/INFO]: [team.chisel.ctm.client.asm.CTMTransformer:preTransform:230]: Transforming Class [net.minecraftforge.client.ForgeHooksClient], Method [getDamageModel]
[14:48:58] [main/INFO]: [team.chisel.ctm.client.asm.CTMTransformer:finishTransform:242]: Transforming net.minecraftforge.client.ForgeHooksClient Finished.
[14:48:58] [Client thread/INFO]: Setting user: dd3xp
[14:48:59] [Client thread/INFO]: [team.chisel.ctm.client.asm.CTMTransformer:preTransform:230]: Transforming Class [net.minecraft.block.Block], Method [getExtendedState]
[14:48:59] [Client thread/INFO]: [team.chisel.ctm.client.asm.CTMTransformer:finishTransform:242]: Transforming net.minecraft.block.Block Finished.
[14:48:59] [Client thread/INFO]: [AstralTransformer] Transforming aip : net.minecraft.item.ItemStack with 2 patches!
[14:48:59] [Client thread/INFO]: [AstralTransformer] Applied patch PATCHMODIFYENCHANTMENTLEVELSTOOLTIP
[14:48:59] [Client thread/INFO]: [AstralTransformer] Applied patch PATCHMODIFYENCHANTMENTLEVELSTOOLTIPEVENT
