[00:00:34] [Server thread/INFO]: Saved 6 stages for dd3xp.
[00:01:19] [Server thread/INFO]: Saved 6 stages for dd3xp.
[00:02:04] [Server thread/INFO]: Saved 6 stages for dd3xp.
[00:02:49] [Server thread/INFO]: Saved 6 stages for dd3xp.
[00:03:34] [Server thread/INFO]: Saved 6 stages for dd3xp.
[00:04:19] [Server thread/INFO]: Saved 6 stages for dd3xp.
[00:05:04] [Server thread/INFO]: Saved 6 stages for dd3xp.
[00:05:49] [Server thread/INFO]: Saved 6 stages for dd3xp.
[00:06:34] [Server thread/INFO]: Saved 6 stages for dd3xp.
[00:07:19] [Server thread/INFO]: Saved 6 stages for dd3xp.
[00:08:04] [Server thread/INFO]: Saved 6 stages for dd3xp.
[00:08:49] [Server thread/INFO]: Saved 6 stages for dd3xp.
[00:09:34] [Server thread/INFO]: Saved 6 stages for dd3xp.
[00:10:19] [Server thread/INFO]: Saved 6 stages for dd3xp.
[00:11:04] [Server thread/INFO]: Saved 6 stages for dd3xp.
[00:11:49] [Server thread/INFO]: Saved 6 stages for dd3xp.
[00:12:34] [Server thread/INFO]: Saved 6 stages for dd3xp.
[00:13:19] [Server thread/INFO]: Saved 6 stages for dd3xp.
[00:14:04] [Server thread/INFO]: Saved 6 stages for dd3xp.
[00:14:49] [Server thread/INFO]: Saved 6 stages for dd3xp.
[00:15:34] [Server thread/INFO]: Saved 6 stages for dd3xp.
[00:16:19] [Server thread/INFO]: Saved 6 stages for dd3xp.
[00:17:04] [Server thread/INFO]: Saved 6 stages for dd3xp.
[00:17:49] [Server thread/INFO]: Saved 6 stages for dd3xp.
[00:18:34] [Server thread/INFO]: Saved 6 stages for dd3xp.
[00:18:54] [Server thread/INFO]: Saving and pausing game...
[00:18:54] [Server thread/INFO]: Saved 6 stages for dd3xp.
[00:18:54] [Server thread/INFO]: Saving chunks for level 'DEFAULT'/overworld
[00:18:54] [Server thread/INFO]: Saving chunks for level 'DEFAULT'/ExtraUtils2_Quarry_Dim
[00:18:54] [Server thread/INFO]: Saving chunks for level 'DEFAULT'/Spectre
[00:18:54] [Server thread/INFO]: Saving chunks for level 'DEFAULT'/Storage Cell
[00:18:55] [Client thread/INFO]: [JaideepSinghHeer.Minecraft.mod.SPLANtransformerPort:getPort:108]: Setting Port : 23333
[00:18:55] [Client thread/INFO]: Using default channel type
[00:18:55] [Client thread/INFO]: Started on 23333
[00:18:55] [Client thread/INFO]: [CHAT] 本地游戏已在端口23333上开启
