[2024-09-17 19:32:54] [pool-4-thread-1 INFO] CustomSkinLoader 14.9
[2024-09-17 19:32:54] [pool-4-thread-1 INFO] DataDir: D:\Minecraft\AuraForAdmin\.minecraft\CustomSkinLoader
[2024-09-17 19:32:54] [pool-4-thread-1 INFO] Minecraft: 1.12.2(1.12.2)
[2024-09-17 19:32:54] [pool-4-thread-1 INFO] Config File: D:\Minecraft\AuraForAdmin\.minecraft\CustomSkinLoader\CustomSkinLoader.json
[2024-09-17 19:32:54] [pool-4-thread-1 INFO] Try to load config.
[2024-09-17 19:32:54] [pool-4-thread-1 INFO] Successfully load config.
[2024-09-17 19:32:54] [pool-4-thread-1 INFO] EnableDynamicSkull:true, EnableTranSkin:true, IgnoreHttpsCertificate:false, CacheExpiry:30, EnableUpdateSkull:false, EnableLocalProfileCache:false, EnableCacheAutoClean:false, LoadList:7
[2024-09-17 19:32:54] [aoh71 INFO] Loading aoh71's profile.
[2024-09-17 19:32:54] [aoh71 INFO] 1/7 Try to load profile from 'Mojang'.
[2024-09-17 19:32:54] [aoh71 DEBUG] Try to request 'https://api.mojang.com/users/profiles/minecraft/aoh71'.
[2024-09-17 19:32:54] [aoh71 DEBUG] Cache file found (Length: 67 , Path: 'D:\Minecraft\AuraForAdmin\.minecraft\CustomSkinLoader\caches\c013a7755f9bc09f7f50453df56c1cc075669e03' , Expire: 0')
[2024-09-17 19:32:54] [aoh71 INFO] Try to load from cache 'D:\Minecraft\AuraForAdmin\.minecraft\CustomSkinLoader\caches\c013a7755f9bc09f7f50453df56c1cc075669e03'.
[2024-09-17 19:32:54] [aoh71 DEBUG] Successfully load from cache
[2024-09-17 19:32:54] [aoh71 DEBUG] Content: {
  "id" : "82a3873a55f846c690435d89c8e7b9f9",
  "name" : "aoh71"
}
[2024-09-17 19:32:54] [aoh71 DEBUG] Try to request 'https://sessionserver.mojang.com/session/minecraft/profile/82a3873a55f846c690435d89c8e7b9f9'.
[2024-09-17 19:32:54] [aoh71 DEBUG] Cache file found (Length: 531 , Path: 'D:\Minecraft\AuraForAdmin\.minecraft\CustomSkinLoader\caches\98e013dca21f0234330a2acf6981df9025310511' , Expire: 1726572802')
[2024-09-17 19:32:54] [aoh71 INFO] Try to load from cache 'D:\Minecraft\AuraForAdmin\.minecraft\CustomSkinLoader\caches\98e013dca21f0234330a2acf6981df9025310511'.
[2024-09-17 19:32:54] [aoh71 DEBUG] Successfully load from cache
[2024-09-17 19:32:54] [aoh71 DEBUG] Content: {
  "id" : "82a3873a55f846c690435d89c8e7b9f9",
  "name" : "aoh71",
  "properties" : [ {
    "name" : "textures",
    "value" : "ewogICJ0aW1lc3RhbXAiIDogMTcyNjU3Mjc3MjgyOCwKICAicHJvZmlsZUlkIiA6ICI4MmEzODczYTU1Zjg0NmM2OTA0MzVkODljOGU3YjlmOSIsCiAgInByb2ZpbGVOYW1lIiA6ICJhb2g3MSIsCiAgInRleHR1cmVzIiA6IHsKICAgICJTS0lOIiA6IHsKICAgICAgInVybCIgOiAiaHR0cDovL3RleHR1cmVzLm1pbmVjcmFmdC5uZXQvdGV4dHVyZS8zYjBmMGZmMjUyNjkwMTQ1YWJhODhkODhlZGQ4NjdhNGE4OWZhZTIzOTRiODhjYjI3MzEwYWFiM2FjOGE0NWY2IgogICAgfQogIH0KfQ=="
  } ],
  "profileActions" : [ ]
}
[2024-09-17 19:32:54] [aoh71 INFO] aoh71's profile loaded.
[2024-09-17 19:32:54] [aoh71 INFO] (SkinUrl: http://textures.minecraft.net/texture/3b0f0ff252690145aba88d88edd867a4a89fae2394b88cb27310aab3ac8a45f6 , Model: default , CapeUrl: null  , Expiry: 1726572804)
[2024-09-17 19:40:45] [dd3xp INFO] Loading dd3xp's profile.
[2024-09-17 19:40:45] [dd3xp INFO] 1/7 Try to load profile from 'Mojang'.
[2024-09-17 19:40:45] [dd3xp INFO] Default profile will be used.
[2024-09-17 19:40:45] [dd3xp INFO] dd3xp's profile loaded.
[2024-09-17 19:40:45] [dd3xp INFO] (SkinUrl: http://textures.minecraft.net/texture/a3c371114c5a5fcfb9f89a6944778946360d415d6fa017d15f2bac8e5fa37732 , Model: default , CapeUrl: null  , Expiry: 1726573275)
